<?xml version="1.0" encoding="UTF-8"?>
<coverage generated="1783144803115" clover="3.2.0">
  <project timestamp="1783144803115" name="All files">
    <metrics statements="2091" coveredstatements="1215" conditionals="1668" coveredconditionals="664" methods="334" coveredmethods="200" elements="4093" coveredelements="2079" complexity="0" loc="2091" ncloc="2091" packages="8" files="26" classes="26"/>
    <package name="src">
      <metrics statements="62" coveredstatements="56" conditionals="8" coveredconditionals="4" methods="13" coveredmethods="9"/>
      <file name="index.ts" path="/Users/liron_dabach/Documents/לימודים/שנה ג׳/פרויקט גמר/Mingo/backend/src/index.ts">
        <metrics statements="47" coveredstatements="43" conditionals="6" coveredconditionals="2" methods="10" coveredmethods="7"/>
        <line num="1" count="7" type="stmt"/>
        <line num="2" count="7" type="stmt"/>
        <line num="3" count="7" type="stmt"/>
        <line num="4" count="7" type="stmt"/>
        <line num="5" count="7" type="stmt"/>
        <line num="6" count="7" type="stmt"/>
        <line num="7" count="7" type="stmt"/>
        <line num="8" count="7" type="stmt"/>
        <line num="10" count="7" type="stmt"/>
        <line num="11" count="7" type="stmt"/>
        <line num="13" count="7" type="stmt"/>
        <line num="14" count="7" type="stmt"/>
        <line num="15" count="7" type="stmt"/>
        <line num="17" count="7" type="stmt"/>
        <line num="18" count="108" type="stmt"/>
        <line num="19" count="108" type="stmt"/>
        <line num="20" count="108" type="stmt"/>
        <line num="21" count="108" type="stmt"/>
        <line num="24" count="7" type="stmt"/>
        <line num="25" count="7" type="stmt"/>
        <line num="26" count="7" type="stmt"/>
        <line num="27" count="7" type="stmt"/>
        <line num="28" count="7" type="stmt"/>
        <line num="29" count="7" type="stmt"/>
        <line num="30" count="7" type="stmt"/>
        <line num="32" count="7" type="stmt"/>
        <line num="34" count="7" type="stmt"/>
        <line num="36" count="7" type="stmt"/>
        <line num="37" count="0" type="stmt"/>
        <line num="40" count="7" type="stmt"/>
        <line num="41" count="7" type="stmt"/>
        <line num="42" count="7" type="stmt"/>
        <line num="43" count="7" type="cond" truecount="1" falsecount="1"/>
        <line num="44" count="0" type="stmt"/>
        <line num="45" count="0" type="stmt"/>
        <line num="47" count="7" type="stmt"/>
        <line num="50" count="7" type="stmt"/>
        <line num="56" count="7" type="stmt"/>
        <line num="59" count="0" type="stmt"/>
        <line num="68" count="7" type="stmt"/>
        <line num="69" count="7" type="stmt"/>
        <line num="70" count="7" type="stmt"/>
        <line num="71" count="7" type="stmt"/>
        <line num="73" count="7" type="stmt"/>
        <line num="77" count="7" type="stmt"/>
        <line num="82" count="7" type="stmt"/>
        <line num="85" count="7" type="stmt"/>
      </file>
      <file name="swagger.ts" path="/Users/liron_dabach/Documents/לימודים/שנה ג׳/פרויקט גמר/Mingo/backend/src/swagger.ts">
        <metrics statements="15" coveredstatements="13" conditionals="2" coveredconditionals="2" methods="3" coveredmethods="2"/>
        <line num="2" count="8" type="stmt"/>
        <line num="3" count="8" type="stmt"/>
        <line num="4" count="8" type="stmt"/>
        <line num="6" count="8" type="stmt"/>
        <line num="7" count="8" type="cond" truecount="2" falsecount="0"/>
        <line num="8" count="8" type="stmt"/>
        <line num="13" count="8" type="stmt"/>
        <line num="387" count="8" type="stmt"/>
        <line num="458" count="8" type="stmt"/>
        <line num="469" count="8" type="stmt"/>
        <line num="470" count="7" type="stmt"/>
        <line num="472" count="7" type="stmt"/>
        <line num="473" count="0" type="stmt"/>
        <line num="474" count="0" type="stmt"/>
        <line num="477" count="7" type="stmt"/>
      </file>
    </package>
    <package name="src.controllers">
      <metrics statements="1145" coveredstatements="597" conditionals="920" coveredconditionals="328" methods="171" coveredmethods="85"/>
      <file name="authController.ts" path="/Users/liron_dabach/Documents/לימודים/שנה ג׳/פרויקט גמר/Mingo/backend/src/controllers/authController.ts">
        <metrics statements="342" coveredstatements="195" conditionals="268" coveredconditionals="85" methods="39" coveredmethods="20"/>
        <line num="2" count="7" type="stmt"/>
        <line num="3" count="7" type="stmt"/>
        <line num="4" count="7" type="stmt"/>
        <line num="5" count="7" type="stmt"/>
        <line num="6" count="7" type="stmt"/>
        <line num="8" count="7" type="stmt"/>
        <line num="9" count="17" type="stmt"/>
        <line num="24" count="7" type="stmt"/>
        <line num="25" count="1" type="cond" truecount="1" falsecount="2"/>
        <line num="27" count="1" type="stmt"/>
        <line num="29" count="0" type="stmt"/>
        <line num="31" count="0" type="stmt"/>
        <line num="64" count="7" type="stmt"/>
        <line num="65" count="7" type="stmt"/>
        <line num="67" count="7" type="stmt"/>
        <line num="77" count="7" type="stmt"/>
        <line num="78" count="5" type="stmt"/>
        <line num="79" count="5" type="cond" truecount="4" falsecount="0"/>
        <line num="80" count="1" type="stmt"/>
        <line num="83" count="4" type="stmt"/>
        <line num="84" count="4" type="cond" truecount="1" falsecount="1"/>
        <line num="85" count="0" type="stmt"/>
        <line num="88" count="4" type="stmt"/>
        <line num="89" count="4" type="cond" truecount="1" falsecount="1"/>
        <line num="90" count="4" type="stmt"/>
        <line num="91" count="4" type="stmt"/>
        <line num="93" count="0" type="stmt"/>
        <line num="97" count="7" type="stmt"/>
        <line num="98" count="4" type="stmt"/>
        <line num="100" count="7" type="stmt"/>
        <line num="101" count="4" type="cond" truecount="1" falsecount="1"/>
        <line num="102" count="4" type="stmt"/>
        <line num="103" count="4" type="stmt"/>
        <line num="105" count="4" type="stmt"/>
        <line num="106" count="2" type="stmt"/>
        <line num="107" count="2" type="stmt"/>
        <line num="110" count="4" type="stmt"/>
        <line num="113" count="7" type="cond" truecount="1" falsecount="0"/>
        <line num="114" count="2" type="cond" truecount="1" falsecount="1"/>
        <line num="115" count="0" type="stmt"/>
        <line num="117" count="2" type="stmt"/>
        <line num="120" count="2" type="cond" truecount="2" falsecount="0"/>
        <line num="121" count="1" type="stmt"/>
        <line num="123" count="2" type="cond" truecount="2" falsecount="2"/>
        <line num="124" count="0" type="stmt"/>
        <line num="128" count="7" type="stmt"/>
        <line num="129" count="0" type="cond" truecount="0" falsecount="2"/>
        <line num="130" count="0" type="stmt"/>
        <line num="133" count="0" type="stmt"/>
        <line num="134" count="0" type="cond" truecount="0" falsecount="2"/>
        <line num="135" count="0" type="cond" truecount="0" falsecount="2"/>
        <line num="138" count="7" type="stmt"/>
        <line num="143" count="2" type="stmt"/>
        <line num="145" count="2" type="cond" truecount="1" falsecount="1"/>
        <line num="149" count="2" type="stmt"/>
        <line num="151" count="2" type="cond" truecount="2" falsecount="0"/>
        <line num="152" count="1" type="stmt"/>
        <line num="154" count="1" type="cond" truecount="1" falsecount="1"/>
        <line num="155" count="0" type="stmt"/>
        <line num="158" count="1" type="cond" truecount="2" falsecount="2"/>
        <line num="159" count="0" type="stmt"/>
        <line num="169" count="1" type="stmt"/>
        <line num="170" count="1" type="cond" truecount="1" falsecount="1"/>
        <line num="171" count="0" type="stmt"/>
        <line num="173" count="1" type="stmt"/>
        <line num="174" count="1" type="stmt"/>
        <line num="177" count="1" type="cond" truecount="1" falsecount="1"/>
        <line num="178" count="0" type="stmt"/>
        <line num="179" count="0" type="cond" truecount="0" falsecount="2"/>
        <line num="180" count="0" type="stmt"/>
        <line num="182" count="0" type="stmt"/>
        <line num="183" count="0" type="stmt"/>
        <line num="186" count="1" type="stmt"/>
        <line num="187" count="1" type="cond" truecount="1" falsecount="1"/>
        <line num="188" count="1" type="stmt"/>
        <line num="189" count="1" type="cond" truecount="1" falsecount="1"/>
        <line num="190" count="0" type="stmt"/>
        <line num="192" count="1" type="stmt"/>
        <line num="193" count="1" type="stmt"/>
        <line num="196" count="0" type="cond" truecount="0" falsecount="2"/>
        <line num="197" count="0" type="stmt"/>
        <line num="205" count="0" type="cond" truecount="0" falsecount="4"/>
        <line num="206" count="0" type="stmt"/>
        <line num="207" count="0" type="cond" truecount="0" falsecount="2"/>
        <line num="208" count="0" type="cond" truecount="0" falsecount="2"/>
        <line num="211" count="0" type="stmt"/>
        <line num="213" count="0" type="stmt"/>
        <line num="216" count="7" type="stmt"/>
        <line num="217" count="7" type="cond" truecount="1" falsecount="1"/>
        <line num="218" count="7" type="cond" truecount="1" falsecount="1"/>
        <line num="219" count="0" type="stmt"/>
        <line num="220" count="0" type="stmt"/>
        <line num="223" count="7" type="cond" truecount="1" falsecount="1"/>
        <line num="224" count="7" type="stmt"/>
        <line num="226" count="7" type="stmt"/>
        <line num="229" count="7" type="stmt"/>
        <line num="230" count="7" type="stmt"/>
        <line num="233" count="7" type="stmt"/>
        <line num="236" count="7" type="stmt"/>
        <line num="240" count="0" type="stmt"/>
        <line num="242" count="0" type="stmt"/>
        <line num="243" count="0" type="stmt"/>
        <line num="252" count="0" type="cond" truecount="0" falsecount="2"/>
        <line num="253" count="0" type="stmt"/>
        <line num="256" count="0" type="stmt"/>
        <line num="258" count="0" type="cond" truecount="0" falsecount="2"/>
        <line num="259" count="0" type="stmt"/>
        <line num="263" count="0" type="stmt"/>
        <line num="266" count="7" type="stmt"/>
        <line num="268" count="0" type="cond" truecount="0" falsecount="4"/>
        <line num="273" count="0" type="stmt"/>
        <line num="276" count="7" type="stmt"/>
        <line num="278" count="0" type="cond" truecount="0" falsecount="2"/>
        <line num="279" count="0" type="stmt"/>
        <line num="281" count="0" type="stmt"/>
        <line num="286" count="7" type="stmt"/>
        <line num="287" count="5" type="stmt"/>
        <line num="288" count="5" type="stmt"/>
        <line num="289" count="5" type="cond" truecount="2" falsecount="0"/>
        <line num="291" count="5" type="cond" truecount="4" falsecount="0"/>
        <line num="292" count="1" type="stmt"/>
        <line num="295" count="4" type="stmt"/>
        <line num="296" count="4" type="cond" truecount="1" falsecount="1"/>
        <line num="297" count="4" type="stmt"/>
        <line num="298" count="4" type="stmt"/>
        <line num="299" count="4" type="stmt"/>
        <line num="305" count="3" type="stmt"/>
        <line num="306" count="3" type="stmt"/>
        <line num="307" count="3" type="stmt"/>
        <line num="308" count="3" type="stmt"/>
        <line num="310" count="1" type="cond" truecount="1" falsecount="1"/>
        <line num="311" count="1" type="cond" truecount="1" falsecount="1"/>
        <line num="312" count="1" type="stmt"/>
        <line num="314" count="0" type="stmt"/>
        <line num="318" count="7" type="stmt"/>
        <line num="319" count="5" type="stmt"/>
        <line num="320" count="5" type="stmt"/>
        <line num="322" count="5" type="cond" truecount="4" falsecount="0"/>
        <line num="323" count="1" type="stmt"/>
        <line num="326" count="4" type="stmt"/>
        <line num="327" count="4" type="stmt"/>
        <line num="328" count="4" type="cond" truecount="2" falsecount="0"/>
        <line num="329" count="1" type="stmt"/>
        <line num="333" count="3" type="cond" truecount="2" falsecount="0"/>
        <line num="334" count="1" type="stmt"/>
        <line num="337" count="2" type="stmt"/>
        <line num="338" count="2" type="cond" truecount="2" falsecount="0"/>
        <line num="339" count="1" type="stmt"/>
        <line num="342" count="1" type="stmt"/>
        <line num="343" count="1" type="stmt"/>
        <line num="344" count="1" type="stmt"/>
        <line num="345" count="1" type="stmt"/>
        <line num="347" count="0" type="stmt"/>
        <line num="351" count="7" type="stmt"/>
        <line num="352" count="4" type="stmt"/>
        <line num="354" count="4" type="cond" truecount="2" falsecount="0"/>
        <line num="355" count="1" type="stmt"/>
        <line num="358" count="3" type="stmt"/>
        <line num="359" count="3" type="stmt"/>
        <line num="360" count="3" type="stmt"/>
        <line num="361" count="2" type="cond" truecount="2" falsecount="0"/>
        <line num="362" count="1" type="stmt"/>
        <line num="364" count="1" type="stmt"/>
        <line num="365" count="2" type="stmt"/>
        <line num="367" count="1" type="stmt"/>
        <line num="368" count="1" type="stmt"/>
        <line num="370" count="1" type="stmt"/>
        <line num="374" count="7" type="stmt"/>
        <line num="375" count="5" type="stmt"/>
        <line num="377" count="5" type="cond" truecount="2" falsecount="0"/>
        <line num="378" count="1" type="stmt"/>
        <line num="381" count="4" type="cond" truecount="1" falsecount="1"/>
        <line num="383" count="4" type="stmt"/>
        <line num="384" count="4" type="stmt"/>
        <line num="385" count="3" type="stmt"/>
        <line num="386" count="3" type="cond" truecount="2" falsecount="0"/>
        <line num="387" count="1" type="stmt"/>
        <line num="389" count="2" type="cond" truecount="2" falsecount="0"/>
        <line num="390" count="1" type="stmt"/>
        <line num="391" count="1" type="stmt"/>
        <line num="392" count="1" type="stmt"/>
        <line num="393" count="1" type="stmt"/>
        <line num="395" count="1" type="stmt"/>
        <line num="397" count="1" type="stmt"/>
        <line num="398" count="2" type="stmt"/>
        <line num="400" count="1" type="stmt"/>
        <line num="401" count="1" type="stmt"/>
        <line num="402" count="1" type="stmt"/>
        <line num="404" count="1" type="stmt"/>
        <line num="408" count="7" type="stmt"/>
        <line num="409" count="2" type="stmt"/>
        <line num="411" count="2" type="cond" truecount="2" falsecount="0"/>
        <line num="412" count="1" type="stmt"/>
        <line num="415" count="1" type="stmt"/>
        <line num="416" count="1" type="stmt"/>
        <line num="417" count="1" type="stmt"/>
        <line num="419" count="1" type="cond" truecount="2" falsecount="3"/>
        <line num="420" count="1" type="stmt"/>
        <line num="423" count="0" type="stmt"/>
        <line num="424" count="0" type="stmt"/>
        <line num="431" count="0" type="stmt"/>
        <line num="443" count="0" type="stmt"/>
        <line num="450" count="0" type="cond" truecount="0" falsecount="4"/>
        <line num="451" count="0" type="stmt"/>
        <line num="458" count="0" type="stmt"/>
        <line num="460" count="0" type="cond" truecount="0" falsecount="2"/>
        <line num="464" count="0" type="cond" truecount="0" falsecount="2"/>
        <line num="467" count="0" type="stmt"/>
        <line num="469" count="0" type="stmt"/>
        <line num="474" count="0" type="cond" truecount="0" falsecount="2"/>
        <line num="475" count="0" type="stmt"/>
        <line num="476" count="0" type="stmt"/>
        <line num="483" count="0" type="stmt"/>
        <line num="491" count="0" type="cond" truecount="0" falsecount="4"/>
        <line num="492" count="0" type="stmt"/>
        <line num="495" count="0" type="stmt"/>
        <line num="497" count="0" type="cond" truecount="0" falsecount="2"/>
        <line num="498" count="0" type="stmt"/>
        <line num="503" count="0" type="cond" truecount="0" falsecount="2"/>
        <line num="504" count="0" type="stmt"/>
        <line num="509" count="0" type="stmt"/>
        <line num="510" count="0" type="cond" truecount="0" falsecount="6"/>
        <line num="511" count="0" type="stmt"/>
        <line num="517" count="0" type="cond" truecount="0" falsecount="2"/>
        <line num="518" count="0" type="stmt"/>
        <line num="521" count="0" type="stmt"/>
        <line num="539" count="0" type="cond" truecount="0" falsecount="2"/>
        <line num="540" count="0" type="stmt"/>
        <line num="543" count="0" type="stmt"/>
        <line num="545" count="0" type="stmt"/>
        <line num="546" count="0" type="stmt"/>
        <line num="547" count="0" type="stmt"/>
        <line num="549" count="0" type="stmt"/>
        <line num="551" count="0" type="stmt"/>
        <line num="555" count="7" type="stmt"/>
        <line num="557" count="7" type="stmt"/>
        <line num="559" count="7" type="stmt"/>
        <line num="561" count="7" type="stmt"/>
        <line num="566" count="3" type="stmt"/>
        <line num="567" count="3" type="cond" truecount="1" falsecount="1"/>
        <line num="568" count="0" type="stmt"/>
        <line num="575" count="3" type="stmt"/>
        <line num="576" count="3" type="cond" truecount="2" falsecount="0"/>
        <line num="577" count="3" type="stmt"/>
        <line num="579" count="3" type="cond" truecount="1" falsecount="1"/>
        <line num="580" count="0" type="stmt"/>
        <line num="583" count="3" type="cond" truecount="2" falsecount="0"/>
        <line num="584" count="1" type="stmt"/>
        <line num="591" count="2" type="stmt"/>
        <line num="611" count="2" type="stmt"/>
        <line num="615" count="0" type="stmt"/>
        <line num="619" count="7" type="stmt"/>
        <line num="620" count="3" type="stmt"/>
        <line num="621" count="3" type="stmt"/>
        <line num="623" count="3" type="cond" truecount="4" falsecount="0"/>
        <line num="624" count="1" type="stmt"/>
        <line num="627" count="2" type="stmt"/>
        <line num="628" count="2" type="cond" truecount="1" falsecount="1"/>
        <line num="629" count="0" type="stmt"/>
        <line num="632" count="2" type="stmt"/>
        <line num="641" count="2" type="stmt"/>
        <line num="643" count="2" type="cond" truecount="1" falsecount="1"/>
        <line num="644" count="2" type="stmt"/>
        <line num="649" count="2" type="stmt"/>
        <line num="650" count="0" type="cond" truecount="0" falsecount="2"/>
        <line num="651" count="0" type="stmt"/>
        <line num="660" count="0" type="cond" truecount="0" falsecount="2"/>
        <line num="661" count="0" type="stmt"/>
        <line num="664" count="0" type="stmt"/>
        <line num="671" count="0" type="stmt"/>
        <line num="675" count="0" type="cond" truecount="0" falsecount="2"/>
        <line num="676" count="0" type="stmt"/>
        <line num="679" count="0" type="stmt"/>
        <line num="684" count="2" type="cond" truecount="3" falsecount="1"/>
        <line num="685" count="0" type="stmt"/>
        <line num="688" count="2" type="stmt"/>
        <line num="698" count="2" type="cond" truecount="1" falsecount="1"/>
        <line num="699" count="0" type="stmt"/>
        <line num="702" count="2" type="stmt"/>
        <line num="703" count="2" type="cond" truecount="1" falsecount="1"/>
        <line num="704" count="0" type="stmt"/>
        <line num="705" count="0" type="stmt"/>
        <line num="709" count="2" type="stmt"/>
        <line num="710" count="2" type="stmt"/>
        <line num="711" count="2" type="stmt"/>
        <line num="713" count="2" type="stmt"/>
        <line num="715" count="0" type="stmt"/>
        <line num="719" count="7" type="stmt"/>
        <line num="720" count="2" type="stmt"/>
        <line num="723" count="7" type="stmt"/>
        <line num="724" count="1" type="stmt"/>
        <line num="727" count="7" type="stmt"/>
        <line num="728" count="0" type="stmt"/>
        <line num="735" count="7" type="stmt"/>
        <line num="736" count="0" type="stmt"/>
        <line num="738" count="0" type="cond" truecount="0" falsecount="2"/>
        <line num="739" count="0" type="stmt"/>
        <line num="746" count="0" type="stmt"/>
        <line num="747" count="0" type="stmt"/>
        <line num="749" count="0" type="cond" truecount="0" falsecount="2"/>
        <line num="750" count="0" type="stmt"/>
        <line num="757" count="0" type="stmt"/>
        <line num="766" count="0" type="cond" truecount="0" falsecount="2"/>
        <line num="767" count="0" type="stmt"/>
        <line num="768" count="0" type="stmt"/>
        <line num="775" count="0" type="stmt"/>
        <line num="783" count="0" type="stmt"/>
        <line num="784" count="0" type="stmt"/>
        <line num="793" count="0" type="stmt"/>
        <line num="797" count="7" type="stmt"/>
        <line num="798" count="0" type="stmt"/>
        <line num="800" count="0" type="cond" truecount="0" falsecount="2"/>
        <line num="801" count="0" type="stmt"/>
        <line num="808" count="0" type="stmt"/>
        <line num="809" count="0" type="stmt"/>
        <line num="811" count="0" type="cond" truecount="0" falsecount="2"/>
        <line num="812" count="0" type="stmt"/>
        <line num="819" count="0" type="stmt"/>
        <line num="820" count="0" type="stmt"/>
        <line num="821" count="0" type="cond" truecount="0" falsecount="4"/>
        <line num="822" count="0" type="stmt"/>
        <line num="825" count="0" type="stmt"/>
        <line num="826" count="0" type="cond" truecount="0" falsecount="2"/>
        <line num="848" count="0" type="stmt"/>
        <line num="881" count="0" type="stmt"/>
        <line num="897" count="0" type="cond" truecount="0" falsecount="4"/>
        <line num="899" count="0" type="cond" truecount="0" falsecount="3"/>
        <line num="902" count="0" type="stmt"/>
        <line num="903" count="0" type="stmt"/>
        <line num="916" count="0" type="cond" truecount="0" falsecount="2"/>
        <line num="917" count="0" type="cond" truecount="0" falsecount="2"/>
        <line num="922" count="0" type="cond" truecount="0" falsecount="2"/>
        <line num="923" count="0" type="cond" truecount="0" falsecount="2"/>
        <line num="929" count="0" type="stmt"/>
        <line num="932" count="0" type="cond" truecount="0" falsecount="3"/>
        <line num="933" count="0" type="cond" truecount="0" falsecount="2"/>
        <line num="934" count="0" type="stmt"/>
        <line num="938" count="0" type="stmt"/>
        <line num="951" count="0" type="stmt"/>
        <line num="956" count="0" type="stmt"/>
        <line num="958" count="0" type="stmt"/>
        <line num="962" count="7" type="stmt"/>
      </file>
      <file name="baseController.ts" path="/Users/liron_dabach/Documents/לימודים/שנה ג׳/פרויקט גמר/Mingo/backend/src/controllers/baseController.ts">
        <metrics statements="63" coveredstatements="54" conditionals="24" coveredconditionals="16" methods="8" coveredmethods="8"/>
        <line num="3" count="7" type="stmt"/>
        <line num="4" count="6" type="cond" truecount="2" falsecount="0"/>
        <line num="10" count="29" type="stmt"/>
        <line num="14" count="5" type="stmt"/>
        <line num="15" count="5" type="cond" truecount="1" falsecount="1"/>
        <line num="16" count="5" type="stmt"/>
        <line num="17" count="4" type="stmt"/>
        <line num="19" count="0" type="stmt"/>
        <line num="20" count="0" type="stmt"/>
        <line num="23" count="1" type="cond" truecount="1" falsecount="1"/>
        <line num="24" count="0" type="stmt"/>
        <line num="26" count="1" type="stmt"/>
        <line num="31" count="3" type="stmt"/>
        <line num="32" count="3" type="stmt"/>
        <line num="33" count="3" type="stmt"/>
        <line num="34" count="3" type="stmt"/>
        <line num="35" count="2" type="cond" truecount="2" falsecount="0"/>
        <line num="36" count="1" type="stmt"/>
        <line num="38" count="1" type="stmt"/>
        <line num="41" count="1" type="cond" truecount="1" falsecount="1"/>
        <line num="42" count="0" type="stmt"/>
        <line num="44" count="1" type="stmt"/>
        <line num="49" count="2" type="stmt"/>
        <line num="50" count="2" type="stmt"/>
        <line num="51" count="2" type="stmt"/>
        <line num="52" count="2" type="stmt"/>
        <line num="53" count="1" type="cond" truecount="1" falsecount="1"/>
        <line num="54" count="0" type="stmt"/>
        <line num="56" count="1" type="stmt"/>
        <line num="59" count="1" type="cond" truecount="1" falsecount="1"/>
        <line num="60" count="0" type="stmt"/>
        <line num="62" count="1" type="stmt"/>
        <line num="68" count="3" type="stmt"/>
        <line num="69" count="3" type="cond" truecount="2" falsecount="0"/>
        <line num="70" count="1" type="stmt"/>
        <line num="72" count="3" type="stmt"/>
        <line num="73" count="3" type="stmt"/>
        <line num="74" count="3" type="stmt"/>
        <line num="75" count="3" type="stmt"/>
        <line num="76" count="2" type="stmt"/>
        <line num="78" count="1" type="cond" truecount="1" falsecount="1"/>
        <line num="79" count="0" type="stmt"/>
        <line num="81" count="1" type="stmt"/>
        <line num="86" count="4" type="stmt"/>
        <line num="87" count="4" type="stmt"/>
        <line num="88" count="4" type="stmt"/>
        <line num="89" count="3" type="cond" truecount="2" falsecount="0"/>
        <line num="90" count="1" type="stmt"/>
        <line num="91" count="1" type="stmt"/>
        <line num="93" count="2" type="stmt"/>
        <line num="94" count="2" type="stmt"/>
        <line num="96" count="1" type="cond" truecount="1" falsecount="1"/>
        <line num="97" count="0" type="stmt"/>
        <line num="99" count="1" type="stmt"/>
        <line num="104" count="3" type="stmt"/>
        <line num="105" count="3" type="stmt"/>
        <line num="106" count="3" type="stmt"/>
        <line num="107" count="3" type="stmt"/>
        <line num="110" count="2" type="stmt"/>
        <line num="112" count="1" type="cond" truecount="1" falsecount="1"/>
        <line num="113" count="0" type="stmt"/>
        <line num="115" count="1" type="stmt"/>
        <line num="120" count="7" type="stmt"/>
      </file>
      <file name="meetingsController.ts" path="/Users/liron_dabach/Documents/לימודים/שנה ג׳/פרויקט גמר/Mingo/backend/src/controllers/meetingsController.ts">
        <metrics statements="211" coveredstatements="68" conditionals="185" coveredconditionals="41" methods="43" coveredmethods="12"/>
        <line num="2" count="7" type="stmt"/>
        <line num="3" count="7" type="stmt"/>
        <line num="4" count="7" type="stmt"/>
        <line num="6" count="7" type="stmt"/>
        <line num="10" count="7" type="stmt"/>
        <line num="14" count="5" type="stmt"/>
        <line num="18" count="9" type="cond" truecount="1" falsecount="1"/>
        <line num="22" count="9" type="stmt"/>
        <line num="31" count="0" type="cond" truecount="0" falsecount="2"/>
        <line num="35" count="0" type="stmt"/>
        <line num="41" count="0" type="cond" truecount="0" falsecount="2"/>
        <line num="45" count="0" type="stmt"/>
        <line num="51" count="0" type="stmt"/>
        <line num="59" count="0" type="stmt"/>
        <line num="61" count="0" type="stmt"/>
        <line num="67" count="0" type="stmt"/>
        <line num="68" count="0" type="stmt"/>
        <line num="75" count="0" type="cond" truecount="0" falsecount="3"/>
        <line num="76" count="0" type="cond" truecount="0" falsecount="3"/>
        <line num="77" count="0" type="stmt"/>
        <line num="79" count="0" type="cond" truecount="0" falsecount="4"/>
        <line num="80" count="0" type="stmt"/>
        <line num="83" count="0" type="cond" truecount="0" falsecount="4"/>
        <line num="84" count="0" type="stmt"/>
        <line num="87" count="0" type="cond" truecount="0" falsecount="2"/>
        <line num="89" count="0" type="stmt"/>
        <line num="100" count="0" type="stmt"/>
        <line num="102" count="0" type="cond" truecount="0" falsecount="2"/>
        <line num="103" count="0" type="stmt"/>
        <line num="108" count="0" type="cond" truecount="0" falsecount="2"/>
        <line num="109" count="0" type="stmt"/>
        <line num="114" count="0" type="stmt"/>
        <line num="115" count="0" type="stmt"/>
        <line num="134" count="0" type="stmt"/>
        <line num="139" count="0" type="cond" truecount="0" falsecount="2"/>
        <line num="140" count="0" type="stmt"/>
        <line num="141" count="0" type="cond" truecount="0" falsecount="4"/>
        <line num="142" count="0" type="stmt"/>
        <line num="144" count="0" type="cond" truecount="0" falsecount="2"/>
        <line num="147" count="0" type="stmt"/>
        <line num="148" count="0" type="stmt"/>
        <line num="174" count="0" type="stmt"/>
        <line num="176" count="0" type="cond" truecount="0" falsecount="2"/>
        <line num="177" count="0" type="stmt"/>
        <line num="180" count="0" type="cond" truecount="0" falsecount="2"/>
        <line num="181" count="0" type="stmt"/>
        <line num="186" count="0" type="stmt"/>
        <line num="187" count="0" type="cond" truecount="0" falsecount="2"/>
        <line num="188" count="0" type="stmt"/>
        <line num="191" count="0" type="stmt"/>
        <line num="192" count="0" type="stmt"/>
        <line num="193" count="0" type="cond" truecount="0" falsecount="2"/>
        <line num="194" count="0" type="stmt"/>
        <line num="196" count="0" type="cond" truecount="0" falsecount="4"/>
        <line num="203" count="0" type="cond" truecount="0" falsecount="5"/>
        <line num="206" count="0" type="stmt"/>
        <line num="230" count="0" type="stmt"/>
        <line num="231" count="0" type="stmt"/>
        <line num="239" count="0" type="stmt"/>
        <line num="250" count="0" type="cond" truecount="0" falsecount="2"/>
        <line num="251" count="0" type="stmt"/>
        <line num="252" count="0" type="cond" truecount="0" falsecount="4"/>
        <line num="253" count="0" type="stmt"/>
        <line num="257" count="0" type="cond" truecount="0" falsecount="2"/>
        <line num="262" count="4" type="stmt"/>
        <line num="264" count="4" type="cond" truecount="1" falsecount="1"/>
        <line num="265" count="0" type="stmt"/>
        <line num="268" count="4" type="stmt"/>
        <line num="269" count="4" type="stmt"/>
        <line num="272" count="4" type="cond" truecount="2" falsecount="0"/>
        <line num="273" count="1" type="stmt"/>
        <line num="276" count="3" type="stmt"/>
        <line num="281" count="3" type="cond" truecount="2" falsecount="0"/>
        <line num="282" count="1" type="stmt"/>
        <line num="285" count="2" type="stmt"/>
        <line num="287" count="0" type="stmt"/>
        <line num="288" count="0" type="stmt"/>
        <line num="293" count="0" type="stmt"/>
        <line num="295" count="0" type="cond" truecount="0" falsecount="2"/>
        <line num="296" count="0" type="stmt"/>
        <line num="299" count="0" type="stmt"/>
        <line num="300" count="0" type="stmt"/>
        <line num="306" count="0" type="stmt"/>
        <line num="308" count="0" type="stmt"/>
        <line num="309" count="0" type="stmt"/>
        <line num="314" count="2" type="stmt"/>
        <line num="316" count="2" type="cond" truecount="1" falsecount="1"/>
        <line num="317" count="0" type="stmt"/>
        <line num="320" count="2" type="stmt"/>
        <line num="321" count="2" type="stmt"/>
        <line num="329" count="2" type="stmt"/>
        <line num="331" count="0" type="stmt"/>
        <line num="332" count="0" type="stmt"/>
        <line num="337" count="1" type="stmt"/>
        <line num="339" count="1" type="cond" truecount="1" falsecount="1"/>
        <line num="340" count="0" type="stmt"/>
        <line num="343" count="1" type="stmt"/>
        <line num="344" count="1" type="stmt"/>
        <line num="353" count="1" type="stmt"/>
        <line num="355" count="0" type="stmt"/>
        <line num="356" count="0" type="stmt"/>
        <line num="361" count="1" type="stmt"/>
        <line num="363" count="1" type="cond" truecount="1" falsecount="1"/>
        <line num="364" count="0" type="stmt"/>
        <line num="367" count="1" type="stmt"/>
        <line num="368" count="1" type="stmt"/>
        <line num="369" count="1" type="stmt"/>
        <line num="371" count="1" type="stmt"/>
        <line num="372" count="1" type="stmt"/>
        <line num="383" count="1" type="stmt"/>
        <line num="385" count="0" type="stmt"/>
        <line num="386" count="0" type="stmt"/>
        <line num="391" count="0" type="stmt"/>
        <line num="393" count="0" type="cond" truecount="0" falsecount="2"/>
        <line num="394" count="0" type="stmt"/>
        <line num="397" count="0" type="stmt"/>
        <line num="398" count="0" type="stmt"/>
        <line num="399" count="0" type="stmt"/>
        <line num="401" count="0" type="stmt"/>
        <line num="402" count="0" type="stmt"/>
        <line num="413" count="0" type="stmt"/>
        <line num="415" count="0" type="stmt"/>
        <line num="416" count="0" type="stmt"/>
        <line num="421" count="2" type="stmt"/>
        <line num="423" count="2" type="cond" truecount="1" falsecount="1"/>
        <line num="424" count="0" type="stmt"/>
        <line num="427" count="2" type="stmt"/>
        <line num="428" count="2" type="stmt"/>
        <line num="445" count="2" type="cond" truecount="2" falsecount="0"/>
        <line num="447" count="2" type="stmt"/>
        <line num="449" count="0" type="stmt"/>
        <line num="450" count="0" type="stmt"/>
        <line num="455" count="0" type="stmt"/>
        <line num="456" count="0" type="stmt"/>
        <line num="458" count="0" type="cond" truecount="0" falsecount="2"/>
        <line num="459" count="0" type="stmt"/>
        <line num="462" count="0" type="cond" truecount="0" falsecount="2"/>
        <line num="463" count="0" type="stmt"/>
        <line num="466" count="0" type="stmt"/>
        <line num="467" count="0" type="stmt"/>
        <line num="471" count="0" type="cond" truecount="0" falsecount="2"/>
        <line num="472" count="0" type="stmt"/>
        <line num="476" count="0" type="cond" truecount="0" falsecount="4"/>
        <line num="479" count="0" type="cond" truecount="0" falsecount="2"/>
        <line num="480" count="0" type="cond" truecount="0" falsecount="2"/>
        <line num="482" count="0" type="cond" truecount="0" falsecount="2"/>
        <line num="483" count="0" type="cond" truecount="0" falsecount="2"/>
        <line num="486" count="0" type="cond" truecount="0" falsecount="2"/>
        <line num="487" count="0" type="stmt"/>
        <line num="490" count="0" type="stmt"/>
        <line num="491" count="0" type="cond" truecount="0" falsecount="2"/>
        <line num="493" count="0" type="stmt"/>
        <line num="494" count="0" type="stmt"/>
        <line num="496" count="0" type="cond" truecount="0" falsecount="2"/>
        <line num="499" count="0" type="cond" truecount="0" falsecount="3"/>
        <line num="501" count="0" type="cond" truecount="0" falsecount="2"/>
        <line num="503" count="0" type="cond" truecount="0" falsecount="2"/>
        <line num="504" count="0" type="stmt"/>
        <line num="506" count="0" type="stmt"/>
        <line num="507" count="0" type="stmt"/>
        <line num="510" count="0" type="stmt"/>
        <line num="521" count="0" type="stmt"/>
        <line num="526" count="0" type="cond" truecount="0" falsecount="2"/>
        <line num="527" count="0" type="stmt"/>
        <line num="528" count="0" type="stmt"/>
        <line num="531" count="0" type="stmt"/>
        <line num="533" count="0" type="stmt"/>
        <line num="535" count="0" type="cond" truecount="0" falsecount="2"/>
        <line num="536" count="0" type="cond" truecount="0" falsecount="2"/>
        <line num="541" count="1" type="cond" truecount="1" falsecount="1"/>
        <line num="542" count="1" type="cond" truecount="1" falsecount="1"/>
        <line num="544" count="0" type="stmt"/>
        <line num="545" count="0" type="stmt"/>
        <line num="548" count="1" type="cond" truecount="1" falsecount="1"/>
        <line num="550" count="2" type="stmt"/>
        <line num="551" count="2" type="stmt"/>
        <line num="555" count="1" type="cond" truecount="1" falsecount="1"/>
        <line num="556" count="0" type="stmt"/>
        <line num="557" count="0" type="stmt"/>
        <line num="560" count="1" type="cond" truecount="1" falsecount="1"/>
        <line num="564" count="0" type="stmt"/>
        <line num="565" count="0" type="stmt"/>
        <line num="568" count="1" type="stmt"/>
        <line num="569" count="1" type="cond" truecount="1" falsecount="1"/>
        <line num="578" count="1" type="stmt"/>
        <line num="580" count="0" type="stmt"/>
        <line num="581" count="0" type="stmt"/>
        <line num="583" count="1" type="stmt"/>
        <line num="584" count="0" type="stmt"/>
        <line num="587" count="1" type="stmt"/>
        <line num="590" count="0" type="stmt"/>
        <line num="591" count="3" type="stmt"/>
        <line num="594" count="1" type="cond" truecount="3" falsecount="1"/>
        <line num="598" count="1" type="cond" truecount="1" falsecount="1"/>
        <line num="599" count="1" type="cond" truecount="1" falsecount="1"/>
        <line num="600" count="0" type="stmt"/>
        <line num="601" count="0" type="stmt"/>
        <line num="605" count="1" type="cond" truecount="3" falsecount="2"/>
        <line num="611" count="1" type="cond" truecount="2" falsecount="1"/>
        <line num="613" count="1" type="cond" truecount="1" falsecount="1"/>
        <line num="616" count="1" type="cond" truecount="1" falsecount="1"/>
        <line num="626" count="1" type="stmt"/>
        <line num="650" count="1" type="stmt"/>
        <line num="651" count="1" type="stmt"/>
        <line num="654" count="1" type="stmt"/>
        <line num="655" count="1" type="stmt"/>
        <line num="657" count="0" type="stmt"/>
        <line num="659" count="0" type="cond" truecount="0" falsecount="2"/>
        <line num="660" count="0" type="stmt"/>
        <line num="663" count="0" type="stmt"/>
        <line num="668" count="7" type="stmt"/>
      </file>
      <file name="mingoAgentController.ts" path="/Users/liron_dabach/Documents/לימודים/שנה ג׳/פרויקט גמר/Mingo/backend/src/controllers/mingoAgentController.ts">
        <metrics statements="32" coveredstatements="23" conditionals="14" coveredconditionals="9" methods="4" coveredmethods="4"/>
        <line num="2" count="7" type="stmt"/>
        <line num="4" count="7" type="stmt"/>
        <line num="5" count="7" type="stmt"/>
        <line num="9" count="7" type="stmt"/>
        <line num="13" count="1" type="stmt"/>
        <line num="14" count="1" type="cond" truecount="1" falsecount="1"/>
        <line num="15" count="0" type="stmt"/>
        <line num="18" count="1" type="stmt"/>
        <line num="19" count="1" type="stmt"/>
        <line num="20" count="1" type="stmt"/>
        <line num="22" count="0" type="stmt"/>
        <line num="23" count="0" type="stmt"/>
        <line num="28" count="2" type="stmt"/>
        <line num="29" count="2" type="stmt"/>
        <line num="31" count="2" type="cond" truecount="1" falsecount="1"/>
        <line num="32" count="0" type="stmt"/>
        <line num="35" count="2" type="cond" truecount="4" falsecount="0"/>
        <line num="36" count="1" type="stmt"/>
        <line num="42" count="1" type="stmt"/>
        <line num="43" count="1" type="stmt"/>
        <line num="49" count="1" type="stmt"/>
        <line num="55" count="0" type="stmt"/>
        <line num="56" count="0" type="stmt"/>
        <line num="62" count="1" type="stmt"/>
        <line num="64" count="1" type="cond" truecount="1" falsecount="1"/>
        <line num="65" count="0" type="stmt"/>
        <line num="68" count="1" type="stmt"/>
        <line num="69" count="1" type="stmt"/>
        <line num="70" count="1" type="stmt"/>
        <line num="72" count="0" type="stmt"/>
        <line num="73" count="0" type="stmt"/>
        <line num="78" count="7" type="stmt"/>
      </file>
      <file name="tasksController.ts" path="/Users/liron_dabach/Documents/לימודים/שנה ג׳/פרויקט גמר/Mingo/backend/src/controllers/tasksController.ts">
        <metrics statements="347" coveredstatements="154" conditionals="337" coveredconditionals="127" methods="61" coveredmethods="26"/>
        <line num="2" count="7" type="stmt"/>
        <line num="3" count="7" type="stmt"/>
        <line num="4" count="7" type="stmt"/>
        <line num="5" count="7" type="stmt"/>
        <line num="6" count="7" type="stmt"/>
        <line num="8" count="7" type="stmt"/>
        <line num="9" count="7" type="stmt"/>
        <line num="16" count="7" type="stmt"/>
        <line num="17" count="7" type="stmt"/>
        <line num="21" count="7" type="stmt"/>
        <line num="25" count="4" type="cond" truecount="2" falsecount="0"/>
        <line num="26" count="2" type="stmt"/>
        <line num="30" count="2" type="cond" truecount="3" falsecount="1"/>
        <line num="35" count="2" type="stmt"/>
        <line num="39" count="3" type="stmt"/>
        <line num="48" count="3" type="cond" truecount="1" falsecount="1"/>
        <line num="49" count="0" type="stmt"/>
        <line num="52" count="3" type="stmt"/>
        <line num="60" count="0" type="stmt"/>
        <line num="71" count="0" type="cond" truecount="0" falsecount="2"/>
        <line num="72" count="0" type="stmt"/>
        <line num="75" count="0" type="stmt"/>
        <line num="80" count="0" type="cond" truecount="0" falsecount="2"/>
        <line num="81" count="0" type="stmt"/>
        <line num="84" count="0" type="cond" truecount="0" falsecount="2"/>
        <line num="88" count="6" type="cond" truecount="1" falsecount="1"/>
        <line num="92" count="3" type="cond" truecount="1" falsecount="1"/>
        <line num="93" count="0" type="stmt"/>
        <line num="96" count="3" type="cond" truecount="1" falsecount="1"/>
        <line num="97" count="3" type="stmt"/>
        <line num="100" count="0" type="stmt"/>
        <line num="102" count="0" type="stmt"/>
        <line num="107" count="2" type="cond" truecount="1" falsecount="1"/>
        <line num="108" count="0" type="stmt"/>
        <line num="111" count="2" type="cond" truecount="2" falsecount="0"/>
        <line num="112" count="2" type="cond" truecount="0" falsecount="2"/>
        <line num="114" count="2" type="cond" truecount="1" falsecount="3"/>
        <line num="115" count="0" type="stmt"/>
        <line num="118" count="2" type="stmt"/>
        <line num="122" count="0" type="cond" truecount="0" falsecount="2"/>
        <line num="124" count="0" type="cond" truecount="0" falsecount="4"/>
        <line num="125" count="0" type="stmt"/>
        <line num="128" count="0" type="cond" truecount="0" falsecount="2"/>
        <line num="133" count="0" type="stmt"/>
        <line num="136" count="0" type="stmt"/>
        <line num="148" count="0" type="stmt"/>
        <line num="149" count="0" type="stmt"/>
        <line num="150" count="0" type="cond" truecount="0" falsecount="2"/>
        <line num="155" count="3" type="cond" truecount="3" falsecount="1"/>
        <line num="156" count="3" type="stmt"/>
        <line num="159" count="0" type="stmt"/>
        <line num="163" count="0" type="cond" truecount="0" falsecount="4"/>
        <line num="164" count="0" type="stmt"/>
        <line num="167" count="0" type="stmt"/>
        <line num="204" count="0" type="cond" truecount="0" falsecount="2"/>
        <line num="205" count="0" type="stmt"/>
        <line num="206" count="0" type="stmt"/>
        <line num="212" count="0" type="stmt"/>
        <line num="217" count="0" type="cond" truecount="0" falsecount="2"/>
        <line num="218" count="0" type="cond" truecount="0" falsecount="2"/>
        <line num="219" count="0" type="cond" truecount="0" falsecount="2"/>
        <line num="221" count="0" type="cond" truecount="0" falsecount="4"/>
        <line num="225" count="0" type="cond" truecount="0" falsecount="2"/>
        <line num="227" count="0" type="stmt"/>
        <line num="259" count="0" type="cond" truecount="0" falsecount="2"/>
        <line num="260" count="0" type="cond" truecount="0" falsecount="2"/>
        <line num="261" count="0" type="stmt"/>
        <line num="379" count="0" type="cond" truecount="0" falsecount="2"/>
        <line num="383" count="0" type="cond" truecount="0" falsecount="2"/>
        <line num="384" count="0" type="stmt"/>
        <line num="387" count="0" type="cond" truecount="0" falsecount="2"/>
        <line num="388" count="0" type="stmt"/>
        <line num="390" count="0" type="stmt"/>
        <line num="406" count="0" type="stmt"/>
        <line num="408" count="0" type="cond" truecount="0" falsecount="4"/>
        <line num="409" count="0" type="stmt"/>
        <line num="412" count="0" type="stmt"/>
        <line num="501" count="0" type="cond" truecount="0" falsecount="2"/>
        <line num="503" count="0" type="stmt"/>
        <line num="504" count="0" type="cond" truecount="0" falsecount="2"/>
        <line num="505" count="0" type="stmt"/>
        <line num="507" count="0" type="stmt"/>
        <line num="519" count="1" type="stmt"/>
        <line num="520" count="1" type="stmt"/>
        <line num="522" count="1" type="cond" truecount="1" falsecount="1"/>
        <line num="523" count="0" type="stmt"/>
        <line num="526" count="1" type="stmt"/>
        <line num="535" count="1" type="cond" truecount="1" falsecount="1"/>
        <line num="536" count="0" type="stmt"/>
        <line num="539" count="1" type="stmt"/>
        <line num="540" count="1" type="stmt"/>
        <line num="541" count="2" type="stmt"/>
        <line num="542" count="2" type="stmt"/>
        <line num="546" count="1" type="cond" truecount="1" falsecount="1"/>
        <line num="548" count="0" type="stmt"/>
        <line num="550" count="0" type="stmt"/>
        <line num="551" count="0" type="stmt"/>
        <line num="554" count="1" type="stmt"/>
        <line num="556" count="2" type="stmt"/>
        <line num="575" count="2" type="stmt"/>
        <line num="577" count="2" type="cond" truecount="1" falsecount="1"/>
        <line num="582" count="1" type="stmt"/>
        <line num="583" count="2" type="stmt"/>
        <line num="584" count="2" type="stmt"/>
        <line num="603" count="1" type="stmt"/>
        <line num="607" count="1" type="cond" truecount="4" falsecount="1"/>
        <line num="618" count="0" type="stmt"/>
        <line num="619" count="0" type="stmt"/>
        <line num="634" count="0" type="cond" truecount="0" falsecount="2"/>
        <line num="635" count="0" type="stmt"/>
        <line num="638" count="0" type="stmt"/>
        <line num="639" count="0" type="cond" truecount="0" falsecount="2"/>
        <line num="641" count="0" type="stmt"/>
        <line num="646" count="0" type="stmt"/>
        <line num="647" count="0" type="cond" truecount="0" falsecount="2"/>
        <line num="648" count="0" type="stmt"/>
        <line num="659" count="0" type="stmt"/>
        <line num="676" count="0" type="cond" truecount="0" falsecount="2"/>
        <line num="677" count="0" type="stmt"/>
        <line num="680" count="0" type="stmt"/>
        <line num="692" count="0" type="cond" truecount="0" falsecount="2"/>
        <line num="693" count="0" type="stmt"/>
        <line num="696" count="0" type="stmt"/>
        <line num="701" count="0" type="stmt"/>
        <line num="702" count="0" type="stmt"/>
        <line num="705" count="0" type="cond" truecount="0" falsecount="2"/>
        <line num="709" count="0" type="stmt"/>
        <line num="711" count="0" type="cond" truecount="0" falsecount="2"/>
        <line num="712" count="0" type="stmt"/>
        <line num="713" count="0" type="stmt"/>
        <line num="716" count="0" type="stmt"/>
        <line num="717" count="0" type="stmt"/>
        <line num="719" count="0" type="cond" truecount="0" falsecount="2"/>
        <line num="720" count="0" type="stmt"/>
        <line num="723" count="0" type="stmt"/>
        <line num="726" count="0" type="stmt"/>
        <line num="728" count="0" type="stmt"/>
        <line num="729" count="0" type="stmt"/>
        <line num="738" count="3" type="stmt"/>
        <line num="781" count="3" type="cond" truecount="1" falsecount="1"/>
        <line num="782" count="3" type="stmt"/>
        <line num="783" count="3" type="stmt"/>
        <line num="786" count="3" type="cond" truecount="2" falsecount="2"/>
        <line num="787" count="0" type="stmt"/>
        <line num="790" count="3" type="stmt"/>
        <line num="791" count="27" type="cond" truecount="2" falsecount="0"/>
        <line num="792" count="21" type="stmt"/>
        <line num="796" count="3" type="stmt"/>
        <line num="800" count="2" type="stmt"/>
        <line num="802" count="2" type="cond" truecount="1" falsecount="1"/>
        <line num="803" count="0" type="stmt"/>
        <line num="806" count="2" type="stmt"/>
        <line num="807" count="2" type="stmt"/>
        <line num="812" count="2" type="cond" truecount="2" falsecount="0"/>
        <line num="813" count="1" type="stmt"/>
        <line num="816" count="1" type="cond" truecount="1" falsecount="1"/>
        <line num="817" count="1" type="stmt"/>
        <line num="818" count="1" type="stmt"/>
        <line num="819" count="2" type="cond" truecount="1" falsecount="1"/>
        <line num="820" count="2" type="stmt"/>
        <line num="821" count="2" type="stmt"/>
        <line num="823" count="2" type="stmt"/>
        <line num="840" count="1" type="cond" truecount="1" falsecount="1"/>
        <line num="842" count="1" type="cond" truecount="2" falsecount="2"/>
        <line num="843" count="1" type="stmt"/>
        <line num="846" count="0" type="stmt"/>
        <line num="847" count="0" type="stmt"/>
        <line num="849" count="0" type="cond" truecount="0" falsecount="2"/>
        <line num="850" count="0" type="stmt"/>
        <line num="853" count="0" type="stmt"/>
        <line num="855" count="0" type="stmt"/>
        <line num="866" count="0" type="cond" truecount="0" falsecount="4"/>
        <line num="867" count="0" type="stmt"/>
        <line num="869" count="0" type="stmt"/>
        <line num="870" count="0" type="stmt"/>
        <line num="871" count="0" type="cond" truecount="0" falsecount="2"/>
        <line num="872" count="0" type="stmt"/>
        <line num="875" count="0" type="stmt"/>
        <line num="876" count="0" type="stmt"/>
        <line num="877" count="0" type="stmt"/>
        <line num="889" count="0" type="stmt"/>
        <line num="891" count="0" type="stmt"/>
        <line num="892" count="0" type="stmt"/>
        <line num="897" count="3" type="stmt"/>
        <line num="899" count="3" type="cond" truecount="3" falsecount="1"/>
        <line num="900" count="0" type="stmt"/>
        <line num="903" count="3" type="stmt"/>
        <line num="904" count="3" type="stmt"/>
        <line num="909" count="3" type="cond" truecount="2" falsecount="0"/>
        <line num="910" count="1" type="stmt"/>
        <line num="913" count="2" type="stmt"/>
        <line num="917" count="2" type="cond" truecount="2" falsecount="0"/>
        <line num="918" count="1" type="stmt"/>
        <line num="921" count="1" type="stmt"/>
        <line num="923" count="0" type="stmt"/>
        <line num="924" count="0" type="stmt"/>
        <line num="929" count="3" type="stmt"/>
        <line num="931" count="3" type="cond" truecount="1" falsecount="1"/>
        <line num="932" count="0" type="stmt"/>
        <line num="935" count="3" type="stmt"/>
        <line num="936" count="3" type="stmt"/>
        <line num="938" count="3" type="cond" truecount="1" falsecount="1"/>
        <line num="939" count="3" type="stmt"/>
        <line num="940" count="3" type="stmt"/>
        <line num="942" count="3" type="cond" truecount="5" falsecount="0"/>
        <line num="943" count="2" type="stmt"/>
        <line num="944" count="2" type="stmt"/>
        <line num="947" count="1" type="stmt"/>
        <line num="949" count="0" type="stmt"/>
        <line num="954" count="1" type="stmt"/>
        <line num="955" count="1" type="stmt"/>
        <line num="957" count="1" type="cond" truecount="2" falsecount="2"/>
        <line num="958" count="0" type="stmt"/>
        <line num="960" count="1" type="cond" truecount="1" falsecount="1"/>
        <line num="972" count="1" type="stmt"/>
        <line num="978" count="1" type="stmt"/>
        <line num="979" count="1" type="stmt"/>
        <line num="982" count="2" type="cond" truecount="1" falsecount="1"/>
        <line num="986" count="2" type="cond" truecount="1" falsecount="1"/>
        <line num="987" count="0" type="stmt"/>
        <line num="990" count="2" type="stmt"/>
        <line num="991" count="2" type="stmt"/>
        <line num="995" count="1" type="stmt"/>
        <line num="997" count="1" type="cond" truecount="3" falsecount="0"/>
        <line num="998" count="1" type="cond" truecount="3" falsecount="0"/>
        <line num="999" count="1" type="stmt"/>
        <line num="1003" count="0" type="stmt"/>
        <line num="1004" count="0" type="stmt"/>
        <line num="1009" count="0" type="stmt"/>
        <line num="1013" count="2" type="stmt"/>
        <line num="1015" count="2" type="cond" truecount="1" falsecount="1"/>
        <line num="1016" count="0" type="stmt"/>
        <line num="1017" count="0" type="stmt"/>
        <line num="1020" count="2" type="stmt"/>
        <line num="1021" count="2" type="stmt"/>
        <line num="1023" count="2" type="cond" truecount="2" falsecount="0"/>
        <line num="1024" count="1" type="stmt"/>
        <line num="1025" count="1" type="stmt"/>
        <line num="1028" count="1" type="stmt"/>
        <line num="1030" count="1" type="cond" truecount="3" falsecount="1"/>
        <line num="1031" count="0" type="stmt"/>
        <line num="1032" count="0" type="stmt"/>
        <line num="1036" count="1" type="cond" truecount="2" falsecount="2"/>
        <line num="1041" count="1" type="cond" truecount="2" falsecount="3"/>
        <line num="1042" count="0" type="stmt"/>
        <line num="1043" count="0" type="stmt"/>
        <line num="1045" count="0" type="cond" truecount="0" falsecount="2"/>
        <line num="1046" count="0" type="stmt"/>
        <line num="1047" count="0" type="stmt"/>
        <line num="1050" count="0" type="stmt"/>
        <line num="1052" count="0" type="stmt"/>
        <line num="1059" count="0" type="cond" truecount="0" falsecount="2"/>
        <line num="1060" count="0" type="stmt"/>
        <line num="1061" count="0" type="stmt"/>
        <line num="1064" count="0" type="stmt"/>
        <line num="1066" count="0" type="stmt"/>
        <line num="1074" count="0" type="stmt"/>
        <line num="1075" count="0" type="stmt"/>
        <line num="1077" count="0" type="stmt"/>
        <line num="1089" count="0" type="stmt"/>
        <line num="1092" count="1" type="stmt"/>
        <line num="1096" count="1" type="stmt"/>
        <line num="1097" count="1" type="stmt"/>
        <line num="1099" count="1" type="stmt"/>
        <line num="1105" count="0" type="stmt"/>
        <line num="1106" count="0" type="stmt"/>
        <line num="1111" count="3" type="stmt"/>
        <line num="1113" count="3" type="cond" truecount="3" falsecount="1"/>
        <line num="1114" count="0" type="stmt"/>
        <line num="1115" count="0" type="stmt"/>
        <line num="1118" count="3" type="stmt"/>
        <line num="1119" count="3" type="stmt"/>
        <line num="1124" count="3" type="cond" truecount="2" falsecount="0"/>
        <line num="1125" count="1" type="stmt"/>
        <line num="1126" count="1" type="stmt"/>
        <line num="1129" count="2" type="stmt"/>
        <line num="1130" count="2" type="stmt"/>
        <line num="1131" count="2" type="cond" truecount="2" falsecount="2"/>
        <line num="1132" count="0" type="stmt"/>
        <line num="1134" count="2" type="stmt"/>
        <line num="1140" count="2" type="cond" truecount="2" falsecount="0"/>
        <line num="1141" count="1" type="stmt"/>
        <line num="1142" count="1" type="stmt"/>
        <line num="1145" count="1" type="stmt"/>
        <line num="1147" count="0" type="stmt"/>
        <line num="1148" count="0" type="stmt"/>
        <line num="1153" count="0" type="stmt"/>
        <line num="1154" count="0" type="stmt"/>
        <line num="1155" count="0" type="stmt"/>
        <line num="1157" count="0" type="cond" truecount="0" falsecount="4"/>
        <line num="1161" count="0" type="cond" truecount="0" falsecount="5"/>
        <line num="1167" count="0" type="cond" truecount="0" falsecount="5"/>
        <line num="1168" count="0" type="stmt"/>
        <line num="1169" count="0" type="stmt"/>
        <line num="1172" count="0" type="cond" truecount="0" falsecount="4"/>
        <line num="1173" count="0" type="stmt"/>
        <line num="1174" count="0" type="stmt"/>
        <line num="1177" count="0" type="stmt"/>
        <line num="1178" count="0" type="stmt"/>
        <line num="1179" count="0" type="stmt"/>
        <line num="1181" count="0" type="cond" truecount="0" falsecount="2"/>
        <line num="1182" count="0" type="stmt"/>
        <line num="1183" count="0" type="stmt"/>
        <line num="1186" count="0" type="stmt"/>
        <line num="1190" count="0" type="stmt"/>
        <line num="1197" count="0" type="cond" truecount="0" falsecount="2"/>
        <line num="1198" count="0" type="stmt"/>
        <line num="1199" count="0" type="stmt"/>
        <line num="1202" count="0" type="cond" truecount="0" falsecount="2"/>
        <line num="1203" count="0" type="stmt"/>
        <line num="1214" count="0" type="cond" truecount="0" falsecount="2"/>
        <line num="1215" count="0" type="stmt"/>
        <line num="1218" count="0" type="stmt"/>
        <line num="1229" count="0" type="cond" truecount="0" falsecount="4"/>
        <line num="1230" count="0" type="stmt"/>
        <line num="1240" count="0" type="stmt"/>
        <line num="1241" count="0" type="stmt"/>
        <line num="1245" count="0" type="cond" truecount="0" falsecount="4"/>
        <line num="1246" count="0" type="stmt"/>
        <line num="1247" count="0" type="cond" truecount="0" falsecount="2"/>
        <line num="1248" count="0" type="stmt"/>
        <line num="1257" count="0" type="stmt"/>
        <line num="1258" count="0" type="stmt"/>
        <line num="1262" count="0" type="stmt"/>
        <line num="1264" count="0" type="stmt"/>
        <line num="1272" count="0" type="stmt"/>
        <line num="1273" count="0" type="stmt"/>
        <line num="1278" count="3" type="stmt"/>
        <line num="1280" count="3" type="cond" truecount="3" falsecount="1"/>
        <line num="1281" count="0" type="stmt"/>
        <line num="1282" count="0" type="stmt"/>
        <line num="1285" count="3" type="stmt"/>
        <line num="1286" count="3" type="stmt"/>
        <line num="1291" count="3" type="cond" truecount="2" falsecount="0"/>
        <line num="1292" count="1" type="stmt"/>
        <line num="1293" count="1" type="stmt"/>
        <line num="1296" count="2" type="stmt"/>
        <line num="1298" count="2" type="cond" truecount="2" falsecount="0"/>
        <line num="1299" count="1" type="stmt"/>
        <line num="1300" count="1" type="stmt"/>
        <line num="1303" count="1" type="stmt"/>
        <line num="1304" count="2" type="stmt"/>
        <line num="1306" count="1" type="stmt"/>
        <line num="1308" count="1" type="stmt"/>
        <line num="1310" count="0" type="stmt"/>
        <line num="1311" count="0" type="stmt"/>
        <line num="1316" count="7" type="stmt"/>
      </file>
      <file name="transcriptController.ts" path="/Users/liron_dabach/Documents/לימודים/שנה ג׳/פרויקט גמר/Mingo/backend/src/controllers/transcriptController.ts">
        <metrics statements="49" coveredstatements="20" conditionals="33" coveredconditionals="5" methods="5" coveredmethods="4"/>
        <line num="2" count="7" type="stmt"/>
        <line num="4" count="7" type="stmt"/>
        <line num="5" count="7" type="stmt"/>
        <line num="8" count="7" type="stmt"/>
        <line num="12" count="7" type="stmt"/>
        <line num="16" count="2" type="stmt"/>
        <line num="17" count="2" type="cond" truecount="1" falsecount="1"/>
        <line num="18" count="0" type="stmt"/>
        <line num="21" count="2" type="stmt"/>
        <line num="22" count="2" type="stmt"/>
        <line num="23" count="2" type="stmt"/>
        <line num="25" count="0" type="stmt"/>
        <line num="26" count="0" type="stmt"/>
        <line num="31" count="1" type="cond" truecount="1" falsecount="1"/>
        <line num="32" count="0" type="stmt"/>
        <line num="35" count="1" type="cond" truecount="1" falsecount="1"/>
        <line num="36" count="1" type="stmt"/>
        <line num="39" count="0" type="stmt"/>
        <line num="40" count="0" type="stmt"/>
        <line num="42" count="0" type="cond" truecount="0" falsecount="5"/>
        <line num="46" count="0" type="stmt"/>
        <line num="60" count="0" type="stmt"/>
        <line num="62" count="0" type="cond" truecount="0" falsecount="2"/>
        <line num="63" count="0" type="stmt"/>
        <line num="66" count="0" type="stmt"/>
        <line num="67" count="0" type="stmt"/>
        <line num="72" count="0" type="stmt"/>
        <line num="73" count="0" type="stmt"/>
        <line num="75" count="0" type="cond" truecount="0" falsecount="2"/>
        <line num="76" count="0" type="stmt"/>
        <line num="78" count="0" type="cond" truecount="0" falsecount="4"/>
        <line num="79" count="0" type="stmt"/>
        <line num="82" count="0" type="stmt"/>
        <line num="83" count="0" type="stmt"/>
        <line num="88" count="0" type="cond" truecount="0" falsecount="2"/>
        <line num="89" count="0" type="stmt"/>
        <line num="91" count="0" type="stmt"/>
        <line num="93" count="0" type="stmt"/>
        <line num="94" count="0" type="stmt"/>
        <line num="99" count="4" type="cond" truecount="1" falsecount="1"/>
        <line num="100" count="0" type="stmt"/>
        <line num="103" count="4" type="stmt"/>
        <line num="104" count="4" type="stmt"/>
        <line num="111" count="2" type="stmt"/>
        <line num="113" count="2" type="cond" truecount="1" falsecount="1"/>
        <line num="114" count="2" type="stmt"/>
        <line num="117" count="0" type="stmt"/>
        <line num="118" count="0" type="stmt"/>
        <line num="123" count="7" type="stmt"/>
      </file>
      <file name="usersController.ts" path="/Users/liron_dabach/Documents/לימודים/שנה ג׳/פרויקט גמר/Mingo/backend/src/controllers/usersController.ts">
        <metrics statements="101" coveredstatements="83" conditionals="59" coveredconditionals="45" methods="11" coveredmethods="11"/>
        <line num="2" count="7" type="stmt"/>
        <line num="3" count="7" type="stmt"/>
        <line num="7" count="7" type="stmt"/>
        <line num="8" count="7" type="stmt"/>
        <line num="9" count="4" type="cond" truecount="1" falsecount="1"/>
        <line num="10" count="4" type="stmt"/>
        <line num="11" count="4" type="stmt"/>
        <line num="12" count="4" type="stmt"/>
        <line num="13" count="4" type="stmt"/>
        <line num="14" count="4" type="stmt"/>
        <line num="15" count="4" type="stmt"/>
        <line num="16" count="4" type="stmt"/>
        <line num="17" count="4" type="stmt"/>
        <line num="20" count="7" type="stmt"/>
        <line num="29" count="7" type="stmt"/>
        <line num="30" count="33" type="cond" truecount="1" falsecount="1"/>
        <line num="32" count="7" type="stmt"/>
        <line num="33" count="9" type="stmt"/>
        <line num="34" count="9" type="stmt"/>
        <line num="35" count="9" type="stmt"/>
        <line num="36" count="54" type="cond" truecount="2" falsecount="0"/>
        <line num="37" count="28" type="stmt"/>
        <line num="40" count="9" type="stmt"/>
        <line num="43" count="7" type="stmt"/>
        <line num="44" count="7" type="stmt"/>
        <line num="46" count="7" type="stmt"/>
        <line num="47" count="2" type="cond" truecount="2" falsecount="2"/>
        <line num="49" count="1" type="stmt"/>
        <line num="51" count="0" type="stmt"/>
        <line num="53" count="0" type="stmt"/>
        <line num="55" count="1" type="stmt"/>
        <line num="61" count="1" type="stmt"/>
        <line num="62" count="1" type="stmt"/>
        <line num="63" count="1" type="stmt"/>
        <line num="65" count="0" type="stmt"/>
        <line num="66" count="0" type="stmt"/>
        <line num="71" count="2" type="stmt"/>
        <line num="72" count="2" type="stmt"/>
        <line num="73" count="2" type="cond" truecount="2" falsecount="0"/>
        <line num="74" count="1" type="stmt"/>
        <line num="76" count="1" type="stmt"/>
        <line num="78" count="0" type="stmt"/>
        <line num="79" count="0" type="stmt"/>
        <line num="84" count="8" type="stmt"/>
        <line num="85" count="8" type="cond" truecount="2" falsecount="0"/>
        <line num="86" count="1" type="stmt"/>
        <line num="88" count="7" type="stmt"/>
        <line num="90" count="7" type="cond" truecount="5" falsecount="0"/>
        <line num="91" count="2" type="stmt"/>
        <line num="95" count="5" type="cond" truecount="2" falsecount="0"/>
        <line num="96" count="1" type="stmt"/>
        <line num="99" count="4" type="cond" truecount="2" falsecount="0"/>
        <line num="100" count="1" type="stmt"/>
        <line num="101" count="1" type="stmt"/>
        <line num="104" count="4" type="stmt"/>
        <line num="105" count="2" type="stmt"/>
        <line num="107" count="2" type="cond" truecount="1" falsecount="1"/>
        <line num="108" count="2" type="cond" truecount="1" falsecount="1"/>
        <line num="109" count="2" type="stmt"/>
        <line num="113" count="0" type="stmt"/>
        <line num="114" count="0" type="stmt"/>
        <line num="119" count="5" type="stmt"/>
        <line num="120" count="5" type="stmt"/>
        <line num="121" count="5" type="stmt"/>
        <line num="122" count="5" type="cond" truecount="2" falsecount="0"/>
        <line num="123" count="1" type="stmt"/>
        <line num="125" count="4" type="cond" truecount="4" falsecount="0"/>
        <line num="126" count="1" type="stmt"/>
        <line num="129" count="3" type="cond" truecount="2" falsecount="0"/>
        <line num="130" count="1" type="stmt"/>
        <line num="132" count="2" type="stmt"/>
        <line num="134" count="2" type="cond" truecount="4" falsecount="0"/>
        <line num="135" count="1" type="stmt"/>
        <line num="138" count="1" type="cond" truecount="3" falsecount="1"/>
        <line num="139" count="0" type="stmt"/>
        <line num="142" count="1" type="cond" truecount="1" falsecount="1"/>
        <line num="143" count="1" type="stmt"/>
        <line num="144" count="1" type="stmt"/>
        <line num="147" count="1" type="stmt"/>
        <line num="151" count="1" type="cond" truecount="1" falsecount="1"/>
        <line num="152" count="0" type="stmt"/>
        <line num="155" count="1" type="stmt"/>
        <line num="157" count="0" type="cond" truecount="0" falsecount="2"/>
        <line num="158" count="0" type="cond" truecount="0" falsecount="2"/>
        <line num="159" count="0" type="stmt"/>
        <line num="163" count="0" type="stmt"/>
        <line num="164" count="0" type="stmt"/>
        <line num="169" count="3" type="stmt"/>
        <line num="170" count="3" type="stmt"/>
        <line num="171" count="3" type="stmt"/>
        <line num="172" count="3" type="cond" truecount="2" falsecount="0"/>
        <line num="173" count="1" type="stmt"/>
        <line num="175" count="2" type="cond" truecount="4" falsecount="0"/>
        <line num="176" count="1" type="stmt"/>
        <line num="179" count="1" type="stmt"/>
        <line num="180" count="1" type="cond" truecount="1" falsecount="1"/>
        <line num="181" count="0" type="stmt"/>
        <line num="184" count="1" type="stmt"/>
        <line num="186" count="0" type="stmt"/>
        <line num="187" count="0" type="stmt"/>
        <line num="192" count="7" type="stmt"/>
      </file>
    </package>
    <package name="src.middleware">
      <metrics statements="14" coveredstatements="12" conditionals="8" coveredconditionals="6" methods="1" coveredmethods="1"/>
      <file name="authMiddleware.ts" path="/Users/liron_dabach/Documents/לימודים/שנה ג׳/פרויקט גמר/Mingo/backend/src/middleware/authMiddleware.ts">
        <metrics statements="14" coveredstatements="12" conditionals="8" coveredconditionals="6" methods="1" coveredmethods="1"/>
        <line num="2" count="7" type="stmt"/>
        <line num="7" count="7" type="stmt"/>
        <line num="12" count="84" type="stmt"/>
        <line num="13" count="84" type="cond" truecount="4" falsecount="0"/>
        <line num="14" count="20" type="stmt"/>
        <line num="20" count="64" type="stmt"/>
        <line num="21" count="64" type="cond" truecount="1" falsecount="1"/>
        <line num="22" count="0" type="stmt"/>
        <line num="24" count="64" type="cond" truecount="1" falsecount="1"/>
        <line num="25" count="64" type="stmt"/>
        <line num="26" count="64" type="stmt"/>
        <line num="27" count="64" type="stmt"/>
        <line num="28" count="64" type="stmt"/>
        <line num="30" count="0" type="stmt"/>
      </file>
    </package>
    <package name="src.models">
      <metrics statements="16" coveredstatements="16" conditionals="0" coveredconditionals="0" methods="0" coveredmethods="0"/>
      <file name="meetingsModel.ts" path="/Users/liron_dabach/Documents/לימודים/שנה ג׳/פרויקט גמר/Mingo/backend/src/models/meetingsModel.ts">
        <metrics statements="3" coveredstatements="3" conditionals="0" coveredconditionals="0" methods="0" coveredmethods="0"/>
        <line num="1" count="8" type="stmt"/>
        <line num="3" count="8" type="stmt"/>
        <line num="72" count="8" type="stmt"/>
      </file>
      <file name="mingoAgentModel.ts" path="/Users/liron_dabach/Documents/לימודים/שנה ג׳/פרויקט גמר/Mingo/backend/src/models/mingoAgentModel.ts">
        <metrics statements="3" coveredstatements="3" conditionals="0" coveredconditionals="0" methods="0" coveredmethods="0"/>
        <line num="1" count="8" type="stmt"/>
        <line num="3" count="8" type="stmt"/>
        <line num="34" count="8" type="stmt"/>
      </file>
      <file name="tasksModel.ts" path="/Users/liron_dabach/Documents/לימודים/שנה ג׳/פרויקט גמר/Mingo/backend/src/models/tasksModel.ts">
        <metrics statements="4" coveredstatements="4" conditionals="0" coveredconditionals="0" methods="0" coveredmethods="0"/>
        <line num="1" count="8" type="stmt"/>
        <line num="3" count="8" type="stmt"/>
        <line num="70" count="8" type="stmt"/>
        <line num="72" count="8" type="stmt"/>
      </file>
      <file name="transcriptModel.ts" path="/Users/liron_dabach/Documents/לימודים/שנה ג׳/פרויקט גמר/Mingo/backend/src/models/transcriptModel.ts">
        <metrics statements="3" coveredstatements="3" conditionals="0" coveredconditionals="0" methods="0" coveredmethods="0"/>
        <line num="1" count="8" type="stmt"/>
        <line num="3" count="8" type="stmt"/>
        <line num="20" count="8" type="stmt"/>
      </file>
      <file name="usersModel.ts" path="/Users/liron_dabach/Documents/לימודים/שנה ג׳/פרויקט גמר/Mingo/backend/src/models/usersModel.ts">
        <metrics statements="3" coveredstatements="3" conditionals="0" coveredconditionals="0" methods="0" coveredmethods="0"/>
        <line num="1" count="8" type="stmt"/>
        <line num="3" count="8" type="stmt"/>
        <line num="64" count="8" type="stmt"/>
      </file>
    </package>
    <package name="src.routes">
      <metrics statements="75" coveredstatements="75" conditionals="0" coveredconditionals="0" methods="0" coveredmethods="0"/>
      <file name="authRoute.ts" path="/Users/liron_dabach/Documents/לימודים/שנה ג׳/פרויקט גמר/Mingo/backend/src/routes/authRoute.ts">
        <metrics statements="16" coveredstatements="16" conditionals="0" coveredconditionals="0" methods="0" coveredmethods="0"/>
        <line num="1" count="7" type="stmt"/>
        <line num="2" count="7" type="stmt"/>
        <line num="3" count="7" type="stmt"/>
        <line num="5" count="7" type="stmt"/>
        <line num="7" count="7" type="stmt"/>
        <line num="35" count="7" type="stmt"/>
        <line num="69" count="7" type="stmt"/>
        <line num="93" count="7" type="stmt"/>
        <line num="127" count="7" type="stmt"/>
        <line num="180" count="7" type="stmt"/>
        <line num="210" count="7" type="stmt"/>
        <line num="248" count="7" type="stmt"/>
        <line num="278" count="7" type="stmt"/>
        <line num="284" count="7" type="stmt"/>
        <line num="290" count="7" type="stmt"/>
        <line num="296" count="7" type="stmt"/>
      </file>
      <file name="meetingsRoute.ts" path="/Users/liron_dabach/Documents/לימודים/שנה ג׳/פרויקט גמר/Mingo/backend/src/routes/meetingsRoute.ts">
        <metrics statements="17" coveredstatements="17" conditionals="0" coveredconditionals="0" methods="0" coveredmethods="0"/>
        <line num="1" count="7" type="stmt"/>
        <line num="2" count="7" type="stmt"/>
        <line num="3" count="7" type="stmt"/>
        <line num="5" count="7" type="stmt"/>
        <line num="45" count="7" type="stmt"/>
        <line num="46" count="7" type="stmt"/>
        <line num="121" count="7" type="stmt"/>
        <line num="122" count="7" type="stmt"/>
        <line num="123" count="7" type="stmt"/>
        <line num="124" count="7" type="stmt"/>
        <line num="150" count="7" type="stmt"/>
        <line num="176" count="7" type="stmt"/>
        <line num="202" count="7" type="stmt"/>
        <line num="228" count="7" type="stmt"/>
        <line num="252" count="7" type="stmt"/>
        <line num="253" count="7" type="stmt"/>
        <line num="255" count="7" type="stmt"/>
      </file>
      <file name="mingoAgentRoute.ts" path="/Users/liron_dabach/Documents/לימודים/שנה ג׳/פרויקט גמר/Mingo/backend/src/routes/mingoAgentRoute.ts">
        <metrics statements="8" coveredstatements="8" conditionals="0" coveredconditionals="0" methods="0" coveredmethods="0"/>
        <line num="1" count="7" type="stmt"/>
        <line num="2" count="7" type="stmt"/>
        <line num="3" count="7" type="stmt"/>
        <line num="5" count="7" type="stmt"/>
        <line num="29" count="7" type="stmt"/>
        <line num="53" count="7" type="stmt"/>
        <line num="83" count="7" type="stmt"/>
        <line num="85" count="7" type="stmt"/>
      </file>
      <file name="tasksRoute.ts" path="/Users/liron_dabach/Documents/לימודים/שנה ג׳/פרויקט גמר/Mingo/backend/src/routes/tasksRoute.ts">
        <metrics statements="13" coveredstatements="13" conditionals="0" coveredconditionals="0" methods="0" coveredmethods="0"/>
        <line num="1" count="7" type="stmt"/>
        <line num="2" count="7" type="stmt"/>
        <line num="3" count="7" type="stmt"/>
        <line num="5" count="7" type="stmt"/>
        <line num="55" count="7" type="stmt"/>
        <line num="56" count="7" type="stmt"/>
        <line num="57" count="7" type="stmt"/>
        <line num="138" count="7" type="stmt"/>
        <line num="139" count="7" type="stmt"/>
        <line num="140" count="7" type="stmt"/>
        <line num="172" count="7" type="stmt"/>
        <line num="173" count="7" type="stmt"/>
        <line num="175" count="7" type="stmt"/>
      </file>
      <file name="transcriptRoute.ts" path="/Users/liron_dabach/Documents/לימודים/שנה ג׳/פרויקט גמר/Mingo/backend/src/routes/transcriptRoute.ts">
        <metrics statements="10" coveredstatements="10" conditionals="0" coveredconditionals="0" methods="0" coveredmethods="0"/>
        <line num="1" count="7" type="stmt"/>
        <line num="2" count="7" type="stmt"/>
        <line num="3" count="7" type="stmt"/>
        <line num="4" count="7" type="stmt"/>
        <line num="6" count="7" type="stmt"/>
        <line num="30" count="7" type="stmt"/>
        <line num="74" count="7" type="stmt"/>
        <line num="103" count="7" type="stmt"/>
        <line num="109" count="7" type="stmt"/>
        <line num="115" count="7" type="stmt"/>
      </file>
      <file name="usersRoute.ts" path="/Users/liron_dabach/Documents/לימודים/שנה ג׳/פרויקט גמר/Mingo/backend/src/routes/usersRoute.ts">
        <metrics statements="11" coveredstatements="11" conditionals="0" coveredconditionals="0" methods="0" coveredmethods="0"/>
        <line num="1" count="7" type="stmt"/>
        <line num="2" count="7" type="stmt"/>
        <line num="3" count="7" type="stmt"/>
        <line num="4" count="7" type="stmt"/>
        <line num="6" count="7" type="stmt"/>
        <line num="28" count="7" type="stmt"/>
        <line num="56" count="7" type="stmt"/>
        <line num="84" count="7" type="stmt"/>
        <line num="127" count="7" type="stmt"/>
        <line num="162" count="7" type="stmt"/>
        <line num="164" count="7" type="stmt"/>
      </file>
    </package>
    <package name="src.services.LLM">
      <metrics statements="608" coveredstatements="383" conditionals="650" coveredconditionals="310" methods="122" coveredmethods="97"/>
      <file name="llmService.ts" path="/Users/liron_dabach/Documents/לימודים/שנה ג׳/פרויקט גמר/Mingo/backend/src/services/LLM/llmService.ts">
        <metrics statements="29" coveredstatements="29" conditionals="26" coveredconditionals="25" methods="5" coveredmethods="5"/>
        <line num="1" count="9" type="stmt"/>
        <line num="5" count="6" type="stmt"/>
        <line num="6" count="6" type="stmt"/>
        <line num="7" count="6" type="stmt"/>
        <line num="32" count="12" type="stmt"/>
        <line num="33" count="12" type="cond" truecount="2" falsecount="0"/>
        <line num="34" count="1" type="stmt"/>
        <line num="36" count="11" type="stmt"/>
        <line num="40" count="11" type="cond" truecount="2" falsecount="0"/>
        <line num="44" count="12" type="stmt"/>
        <line num="45" count="11" type="cond" truecount="2" falsecount="0"/>
        <line num="47" count="11" type="stmt"/>
        <line num="55" count="11" type="cond" truecount="2" falsecount="0"/>
        <line num="56" count="2" type="stmt"/>
        <line num="59" count="11" type="stmt"/>
[...]
        <line num="1420" count="4" type="stmt"/>
        <line num="1424" count="3" type="stmt"/>
        <line num="1425" count="13" type="cond" truecount="2" falsecount="0"/>
        <line num="1426" count="3" type="stmt"/>
        <line num="1430" count="3" type="cond" truecount="1" falsecount="1"/>
        <line num="1434" count="3" type="stmt"/>
        <line num="1437" count="3" type="cond" truecount="1" falsecount="1"/>
        <line num="1441" count="3" type="stmt"/>
        <line num="1443" count="3" type="stmt"/>
        <line num="1446" count="3" type="stmt"/>
        <line num="1447" count="3" type="stmt"/>
        <line num="1449" count="3" type="stmt"/>
        <line num="1452" count="3" type="stmt"/>
        <line num="1453" count="3" type="cond" truecount="2" falsecount="0"/>
        <line num="1454" count="2" type="stmt"/>
        <line num="1458" count="3" type="cond" truecount="1" falsecount="1"/>
        <line num="1459" count="3" type="cond" truecount="1" falsecount="1"/>
        <line num="1460" count="3" type="cond" truecount="3" falsecount="1"/>
        <line num="1461" count="3" type="stmt"/>
        <line num="1463" count="3" type="cond" truecount="2" falsecount="2"/>
        <line num="1464" count="0" type="stmt"/>
        <line num="1466" count="3" type="cond" truecount="1" falsecount="1"/>
        <line num="1467" count="0" type="stmt"/>
        <line num="1470" count="3" type="cond" truecount="1" falsecount="1"/>
        <line num="1474" count="0" type="stmt"/>
        <line num="1477" count="3" type="stmt"/>
        <line num="1485" count="6" type="cond" truecount="4" falsecount="0"/>
        <line num="1486" count="4" type="stmt"/>
        <line num="1489" count="2" type="stmt"/>
        <line num="1497" count="2" type="cond" truecount="3" falsecount="1"/>
        <line num="1504" count="2" type="cond" truecount="3" falsecount="1"/>
        <line num="1508" count="2" type="cond" truecount="1" falsecount="1"/>
        <line num="1509" count="3" type="stmt"/>
        <line num="1513" count="3" type="stmt"/>
        <line num="1519" count="1" type="cond" truecount="1" falsecount="1"/>
        <line num="1520" count="1" type="stmt"/>
        <line num="1523" count="0" type="cond" truecount="0" falsecount="2"/>
        <line num="1524" count="0" type="cond" truecount="0" falsecount="2"/>
        <line num="1525" count="0" type="stmt"/>
        <line num="1529" count="3" type="stmt"/>
        <line num="1543" count="6" type="cond" truecount="1" falsecount="1"/>
        <line num="1547" count="6" type="stmt"/>
        <line num="1590" count="3" type="stmt"/>
        <line num="1607" count="3" type="stmt"/>
        <line num="1633" count="8" type="stmt"/>
        <line num="1635" count="8" type="cond" truecount="4" falsecount="0"/>
        <line num="1642" count="8" type="cond" truecount="4" falsecount="0"/>
        <line num="1646" count="8" type="cond" truecount="1" falsecount="1"/>
        <line num="1647" count="0" type="stmt"/>
        <line num="1650" count="8" type="stmt"/>
        <line num="1654" count="7" type="stmt"/>
        <line num="1656" count="7" type="cond" truecount="2" falsecount="0"/>
        <line num="1657" count="1" type="stmt"/>
        <line num="1660" count="6" type="stmt"/>
        <line num="1664" count="6" type="stmt"/>
        <line num="1665" count="6" type="cond" truecount="1" falsecount="1"/>
        <line num="1666" count="0" type="stmt"/>
        <line num="1669" count="6" type="stmt"/>
        <line num="1671" count="6" type="cond" truecount="1" falsecount="1"/>
        <line num="1672" count="0" type="stmt"/>
        <line num="1675" count="6" type="cond" truecount="1" falsecount="1"/>
        <line num="1676" count="6" type="stmt"/>
        <line num="1679" count="6" type="cond" truecount="2" falsecount="0"/>
        <line num="1680" count="1" type="stmt"/>
        <line num="1686" count="6" type="stmt"/>
        <line num="1687" count="6" type="cond" truecount="1" falsecount="1"/>
        <line num="1691" count="6" type="stmt"/>
        <line num="1692" count="6" type="stmt"/>
        <line num="1695" count="6" type="stmt"/>
        <line num="1699" count="0" type="cond" truecount="0" falsecount="2"/>
        <line num="1700" count="0" type="stmt"/>
        <line num="1703" count="0" type="stmt"/>
        <line num="1704" count="0" type="stmt"/>
        <line num="1713" count="7" type="cond" truecount="1" falsecount="1"/>
        <line num="1714" count="0" type="stmt"/>
        <line num="1717" count="7" type="stmt"/>
        <line num="1718" count="7" type="cond" truecount="1" falsecount="1"/>
        <line num="1719" count="0" type="stmt"/>
        <line num="1722" count="7" type="stmt"/>
        <line num="1723" count="6" type="stmt"/>
        <line num="1725" count="6" type="cond" truecount="1" falsecount="1"/>
        <line num="1728" count="6" type="stmt"/>
        <line num="1734" count="6" type="stmt"/>
        <line num="1740" count="6" type="stmt"/>
        <line num="1743" count="6" type="cond" truecount="2" falsecount="0"/>
        <line num="1745" count="6" type="stmt"/>
        <line num="1751" count="6" type="cond" truecount="1" falsecount="1"/>
        <line num="1752" count="0" type="stmt"/>
        <line num="1755" count="6" type="stmt"/>
        <line num="1760" count="6" type="stmt"/>
        <line num="1762" count="3" type="stmt"/>
        <line num="1766" count="6" type="stmt"/>
        <line num="1778" count="6" type="stmt"/>
        <line num="1779" count="6" type="stmt"/>
        <line num="1780" count="6" type="stmt"/>
        <line num="1789" count="6" type="stmt"/>
        <line num="1791" count="0" type="cond" truecount="0" falsecount="2"/>
        <line num="1792" count="0" type="stmt"/>
        <line num="1794" count="0" type="stmt"/>
        <line num="1801" count="6" type="cond" truecount="1" falsecount="1"/>
        <line num="1802" count="0" type="stmt"/>
        <line num="1805" count="6" type="stmt"/>
        <line num="1811" count="6" type="stmt"/>
        <line num="1816" count="6" type="stmt"/>
        <line num="1817" count="6" type="stmt"/>
        <line num="1819" count="6" type="stmt"/>
        <line num="1829" count="1" type="cond" truecount="1" falsecount="1"/>
        <line num="1830" count="0" type="stmt"/>
        <line num="1833" count="1" type="stmt"/>
        <line num="1837" count="1" type="stmt"/>
        <line num="1838" count="1" type="stmt"/>
        <line num="1839" count="1" type="stmt"/>
        <line num="1840" count="1" type="cond" truecount="2" falsecount="2"/>
        <line num="1841" count="0" type="stmt"/>
        <line num="1852" count="1" type="stmt"/>
        <line num="1853" count="1" type="cond" truecount="1" falsecount="1"/>
        <line num="1854" count="1" type="stmt"/>
        <line num="1855" count="1" type="stmt"/>
        <line num="1858" count="1" type="cond" truecount="2" falsecount="2"/>
        <line num="1859" count="0" type="stmt"/>
        <line num="1866" count="1" type="cond" truecount="1" falsecount="1"/>
        <line num="1871" count="1" type="cond" truecount="1" falsecount="1"/>
        <line num="1879" count="1" type="cond" truecount="2" falsecount="0"/>
        <line num="1881" count="1" type="stmt"/>
        <line num="1896" count="13" type="cond" truecount="2" falsecount="0"/>
        <line num="1899" count="1" type="stmt"/>
        <line num="1900" count="1" type="stmt"/>
        <line num="1901" count="1" type="stmt"/>
        <line num="1910" count="1" type="stmt"/>
        <line num="1912" count="0" type="cond" truecount="0" falsecount="2"/>
        <line num="1913" count="0" type="stmt"/>
        <line num="1915" count="0" type="stmt"/>
        <line num="1918" count="1" type="cond" truecount="1" falsecount="1"/>
        <line num="1919" count="0" type="stmt"/>
        <line num="1922" count="1" type="stmt"/>
        <line num="1928" count="0" type="cond" truecount="0" falsecount="2"/>
        <line num="1929" count="0" type="stmt"/>
        <line num="1932" count="0" type="stmt"/>
        <line num="1933" count="0" type="stmt"/>
        <line num="1934" count="0" type="cond" truecount="0" falsecount="2"/>
        <line num="1935" count="0" type="stmt"/>
        <line num="1936" count="0" type="stmt"/>
        <line num="1939" count="0" type="stmt"/>
        <line num="1940" count="0" type="stmt"/>
        <line num="1965" count="0" type="cond" truecount="0" falsecount="2"/>
        <line num="1966" count="0" type="stmt"/>
        <line num="1967" count="0" type="stmt"/>
        <line num="1970" count="0" type="stmt"/>
        <line num="1973" count="0" type="cond" truecount="0" falsecount="2"/>
        <line num="1974" count="0" type="stmt"/>
        <line num="1976" count="0" type="cond" truecount="0" falsecount="2"/>
        <line num="1981" count="0" type="stmt"/>
        <line num="1984" count="0" type="stmt"/>
        <line num="1987" count="0" type="cond" truecount="0" falsecount="2"/>
        <line num="1989" count="0" type="stmt"/>
        <line num="1994" count="0" type="stmt"/>
        <line num="1997" count="0" type="stmt"/>
        <line num="1999" count="0" type="stmt"/>
        <line num="2000" count="0" type="stmt"/>
        <line num="2005" count="8" type="stmt"/>
        <line num="2006" count="8" type="stmt"/>
      </file>
    </package>
    <package name="src.services.Picture">
      <metrics statements="60" coveredstatements="19" conditionals="30" coveredconditionals="1" methods="10" coveredmethods="2"/>
      <file name="uploadPictureService.ts" path="/Users/liron_dabach/Documents/לימודים/שנה ג׳/פרויקט גמר/Mingo/backend/src/services/Picture/uploadPictureService.ts">
        <metrics statements="60" coveredstatements="19" conditionals="30" coveredconditionals="1" methods="10" coveredmethods="2"/>
        <line num="1" count="7" type="stmt"/>
        <line num="2" count="7" type="stmt"/>
        <line num="3" count="7" type="stmt"/>
        <line num="6" count="7" type="stmt"/>
        <line num="8" count="7" type="stmt"/>
        <line num="9" count="7" type="stmt"/>
        <line num="11" count="7" type="stmt"/>
        <line num="12" count="0" type="stmt"/>
        <line num="16" count="0" type="cond" truecount="0" falsecount="2"/>
        <line num="19" count="7" type="stmt"/>
        <line num="20" count="0" type="stmt"/>
        <line num="22" count="7" type="stmt"/>
        <line num="24" count="0" type="stmt"/>
        <line num="27" count="0" type="stmt"/>
        <line num="29" count="0" type="cond" truecount="0" falsecount="2"/>
        <line num="30" count="0" type="cond" truecount="0" falsecount="2"/>
        <line num="33" count="0" type="cond" truecount="0" falsecount="2"/>
        <line num="35" count="0" type="stmt"/>
        <line num="37" count="0" type="cond" truecount="0" falsecount="2"/>
        <line num="38" count="0" type="stmt"/>
        <line num="40" count="0" type="stmt"/>
        <line num="42" count="0" type="stmt"/>
        <line num="48" count="0" type="stmt"/>
        <line num="49" count="0" type="cond" truecount="0" falsecount="2"/>
        <line num="50" count="0" type="stmt"/>
        <line num="52" count="0" type="stmt"/>
        <line num="54" count="0" type="cond" truecount="0" falsecount="2"/>
        <line num="55" count="0" type="stmt"/>
        <line num="59" count="7" type="stmt"/>
        <line num="61" count="7" type="stmt"/>
        <line num="64" count="0" type="cond" truecount="0" falsecount="2"/>
        <line num="65" count="0" type="stmt"/>
        <line num="66" count="0" type="stmt"/>
        <line num="68" count="0" type="stmt"/>
        <line num="72" count="7" type="stmt"/>
        <line num="74" count="7" type="stmt"/>
        <line num="79" count="13" type="stmt"/>
        <line num="80" count="13" type="cond" truecount="1" falsecount="1"/>
        <line num="81" count="0" type="cond" truecount="0" falsecount="2"/>
        <line num="83" count="13" type="stmt"/>
        <line num="87" count="7" type="stmt"/>
        <line num="88" count="0" type="stmt"/>
        <line num="90" count="7" type="stmt"/>
        <line num="91" count="0" type="stmt"/>
        <line num="92" count="0" type="stmt"/>
        <line num="93" count="0" type="stmt"/>
        <line num="94" count="0" type="cond" truecount="0" falsecount="2"/>
        <line num="95" count="0" type="stmt"/>
        <line num="97" count="0" type="stmt"/>
        <line num="101" count="0" type="stmt"/>
        <line num="105" count="7" type="stmt"/>
        <line num="108" count="0" type="cond" truecount="0" falsecount="2"/>
        <line num="109" count="0" type="stmt"/>
        <line num="110" count="0" type="cond" truecount="0" falsecount="2"/>
        <line num="112" count="0" type="stmt"/>
        <line num="113" count="0" type="cond" truecount="0" falsecount="2"/>
        <line num="115" count="0" type="stmt"/>
        <line num="116" count="0" type="stmt"/>
        <line num="118" count="0" type="cond" truecount="0" falsecount="2"/>
        <line num="119" count="0" type="stmt"/>
      </file>
    </package>
    <package name="src.services.Transcript">
      <metrics statements="111" coveredstatements="57" conditionals="52" coveredconditionals="15" methods="17" coveredmethods="6"/>
      <file name="transcribeMP3Service.ts" path="/Users/liron_dabach/Documents/לימודים/שנה ג׳/פרויקט גמר/Mingo/backend/src/services/Transcript/transcribeMP3Service.ts">
        <metrics statements="67" coveredstatements="20" conditionals="33" coveredconditionals="0" methods="7" coveredmethods="1"/>
        <line num="1" count="7" type="stmt"/>
        <line num="2" count="7" type="stmt"/>
        <line num="3" count="7" type="stmt"/>
        <line num="4" count="7" type="stmt"/>
        <line num="5" count="7" type="stmt"/>
        <line num="6" count="7" type="stmt"/>
        <line num="7" count="7" type="stmt"/>
        <line num="8" count="7" type="stmt"/>
        <line num="10" count="7" type="stmt"/>
        <line num="12" count="7" type="stmt"/>
        <line num="16" count="2" type="stmt"/>
        <line num="17" count="2" type="stmt"/>
        <line num="18" count="2" type="stmt"/>
        <line num="32" count="7" type="stmt"/>
        <line num="39" count="0" type="cond" truecount="0" falsecount="2"/>
        <line num="40" count="0" type="stmt"/>
        <line num="42" count="0" type="cond" truecount="0" falsecount="4"/>
        <line num="43" count="0" type="stmt"/>
        <line num="46" count="0" type="stmt"/>
        <line num="50" count="7" type="stmt"/>
        <line num="51" count="0" type="cond" truecount="0" falsecount="2"/>
        <line num="52" count="0" type="cond" truecount="0" falsecount="2"/>
        <line num="53" count="0" type="stmt"/>
        <line num="56" count="0" type="cond" truecount="0" falsecount="2"/>
        <line num="59" count="7" type="stmt"/>
        <line num="60" count="0" type="stmt"/>
        <line num="61" count="0" type="stmt"/>
        <line num="63" count="0" type="cond" truecount="0" falsecount="2"/>
        <line num="64" count="0" type="stmt"/>
        <line num="69" count="7" type="stmt"/>
        <line num="70" count="0" type="stmt"/>
        <line num="71" count="0" type="stmt"/>
        <line num="81" count="0" type="stmt"/>
        <line num="82" count="0" type="cond" truecount="0" falsecount="2"/>
        <line num="84" count="0" type="cond" truecount="0" falsecount="2"/>
        <line num="85" count="0" type="stmt"/>
        <line num="88" count="0" type="stmt"/>
        <line num="92" count="7" type="stmt"/>
        <line num="93" count="0" type="stmt"/>
        <line num="94" count="0" type="cond" truecount="0" falsecount="2"/>
        <line num="95" count="0" type="stmt"/>
        <line num="98" count="0" type="stmt"/>
        <line num="99" count="0" type="stmt"/>
        <line num="100" count="0" type="stmt"/>
        <line num="101" count="0" type="stmt"/>
        <line num="102" count="0" type="stmt"/>
        <line num="104" count="0" type="stmt"/>
        <line num="112" count="0" type="cond" truecount="0" falsecount="2"/>
        <line num="113" count="0" type="stmt"/>
        <line num="114" count="0" type="stmt"/>
        <line num="120" count="0" type="stmt"/>
        <line num="121" count="0" type="cond" truecount="0" falsecount="2"/>
        <line num="123" count="0" type="cond" truecount="0" falsecount="2"/>
        <line num="124" count="0" type="stmt"/>
        <line num="127" count="0" type="stmt"/>
        <line num="130" count="7" type="stmt"/>
        <line num="139" count="0" type="stmt"/>
        <line num="141" count="0" type="stmt"/>
        <line num="142" count="0" type="stmt"/>
        <line num="146" count="0" type="stmt"/>
        <line num="155" count="0" type="cond" truecount="0" falsecount="2"/>
        <line num="156" count="0" type="cond" truecount="0" falsecount="2"/>
        <line num="157" count="0" type="stmt"/>
        <line num="158" count="0" type="stmt"/>
        <line num="161" count="0" type="stmt"/>
        <line num="163" count="0" type="stmt"/>
        <line num="167" count="7" type="stmt"/>
      </file>
      <file name="transcriptPersistenceService.ts" path="/Users/liron_dabach/Documents/לימודים/שנה ג׳/פרויקט גמר/Mingo/backend/src/services/Transcript/transcriptPersistenceService.ts">
        <metrics statements="44" coveredstatements="37" conditionals="19" coveredconditionals="15" methods="10" coveredmethods="5"/>
        <line num="1" count="7" type="stmt"/>
        <line num="2" count="7" type="stmt"/>
        <line num="3" count="7" type="stmt"/>
        <line num="4" count="7" type="stmt"/>
        <line num="5" count="7" type="stmt"/>
        <line num="16" count="7" type="stmt"/>
        <line num="17" count="4" type="cond" truecount="2" falsecount="0"/>
        <line num="18" count="1" type="stmt"/>
        <line num="21" count="3" type="cond" truecount="1" falsecount="1"/>
        <line num="23" count="3" type="cond" truecount="2" falsecount="0"/>
        <line num="24" count="1" type="stmt"/>
        <line num="27" count="2" type="stmt"/>
        <line num="30" count="7" type="stmt"/>
        <line num="31" count="2" type="cond" truecount="2" falsecount="0"/>
        <line num="32" count="2" type="cond" truecount="2" falsecount="0"/>
        <line num="35" count="7" type="stmt"/>
        <line num="36" count="3" type="cond" truecount="1" falsecount="1"/>
        <line num="38" count="3" type="cond" truecount="2" falsecount="0"/>
        <line num="39" count="1" type="stmt"/>
        <line num="42" count="2" type="stmt"/>
        <line num="45" count="7" type="stmt"/>
        <line num="53" count="4" type="stmt"/>
        <line num="54" count="3" type="stmt"/>
        <line num="55" count="2" type="stmt"/>
        <line num="56" count="2" type="stmt"/>
        <line num="57" count="0" type="stmt"/>
        <line num="59" count="2" type="cond" truecount="1" falsecount="1"/>
        <line num="62" count="2" type="stmt"/>
        <line num="64" count="0" type="stmt"/>
        <line num="65" count="0" type="stmt"/>
        <line num="67" count="2" type="stmt"/>
        <line num="68" count="2" type="stmt"/>
        <line num="70" count="0" type="stmt"/>
        <line num="71" count="2" type="stmt"/>
        <line num="73" count="2" type="stmt"/>
        <line num="79" count="2" type="stmt"/>
        <line num="80" count="2" type="stmt"/>
        <line num="91" count="2" type="cond" truecount="1" falsecount="1"/>
        <line num="92" count="0" type="stmt"/>
        <line num="95" count="2" type="stmt"/>
        <line num="97" count="2" type="stmt"/>
        <line num="104" count="0" type="stmt"/>
        <line num="105" count="0" type="stmt"/>
        <line num="109" count="7" type="stmt"/>
      </file>
    </package>
  </project>
</coverage>
