{"/Users/liron_dabach/Documents/לימודים/שנה ג׳/פרויקט גמר/Mingo/backend/src/index.ts": {"path":"/Users/liron_dabach/Documents/לימודים/שנה ג׳/פרויקט גמר/Mingo/backend/src/index.ts","statementMap":{"0":{"start":{"line":1,"column":0},"end":{"line":1,"column":43}},"1":{"start":{"line":2,"column":0},"end":{"line":2,"column":32}},"2":{"start":{"line":3,"column":0},"end":{"line":3,"column":51}},"3":{"start":{"line":4,"column":0},"end":{"line":4,"column":55}},"4":{"start":{"line":5,"column":0},"end":{"line":5,"column":55}},"5":{"start":{"line":6,"column":0},"end":{"line":6,"column":43}},"6":{"start":{"line":7,"column":0},"end":{"line":7,"column":45}},"7":{"start":{"line":8,"column":0},"end":{"line":8,"column":45}},"8":{"start":{"line":10,"column":0},"end":{"line":10,"column":41}},"9":{"start":{"line":11,"column":0},"end":{"line":11,"column":24}},"10":{"start":{"line":13,"column":12},"end":{"line":13,"column":21}},"11":{"start":{"line":14,"column":0},"end":{"line":14,"column":24}},"12":{"start":{"line":15,"column":0},"end":{"line":15,"column":18}},"13":{"start":{"line":17,"column":0},"end":{"line":22,"column":3}},"14":{"start":{"line":18,"column":2},"end":{"line":18,"column":49}},"15":{"start":{"line":19,"column":2},"end":{"line":19,"column":50}},"16":{"start":{"line":20,"column":2},"end":{"line":20,"column":50}},"17":{"start":{"line":21,"column":2},"end":{"line":21,"column":9}},"18":{"start":{"line":24,"column":0},"end":{"line":24,"column":40}},"19":{"start":{"line":25,"column":0},"end":{"line":25,"column":33}},"20":{"start":{"line":26,"column":0},"end":{"line":26,"column":33}},"21":{"start":{"line":27,"column":0},"end":{"line":27,"column":28}},"22":{"start":{"line":28,"column":0},"end":{"line":28,"column":32}},"23":{"start":{"line":29,"column":0},"end":{"line":29,"column":33}},"24":{"start":{"line":30,"column":0},"end":{"line":30,"column":57}},"25":{"start":{"line":32,"column":17},"end":{"line":32,"column":64}},"26":{"start":{"line":34,"column":0},"end":{"line":34,"column":34}},"27":{"start":{"line":36,"column":0},"end":{"line":38,"column":3}},"28":{"start":{"line":37,"column":2},"end":{"line":37,"column":50}},"29":{"start":{"line":40,"column":16},"end":{"line":73,"column":1}},"30":{"start":{"line":41,"column":13},"end":{"line":71,"column":4}},"31":{"start":{"line":42,"column":18},"end":{"line":42,"column":42}},"32":{"start":{"line":43,"column":4},"end":{"line":46,"column":5}},"33":{"start":{"line":44,"column":6},"end":{"line":44,"column":42}},"34":{"start":{"line":45,"column":6},"end":{"line":45,"column":13}},"35":{"start":{"line":47,"column":27},"end":{"line":48,"column":null}},"36":{"start":{"line":50,"column":4},"end":{"line":66,"column":9}},"37":{"start":{"line":56,"column":8},"end":{"line":56,"column":21}},"38":{"start":{"line":59,"column":8},"end":{"line":65,"column":10}},"39":{"start":{"line":68,"column":15},"end":{"line":68,"column":34}},"40":{"start":{"line":69,"column":4},"end":{"line":69,"column":79}},"41":{"start":{"line":69,"column":30},"end":{"line":69,"column":77}},"42":{"start":{"line":70,"column":4},"end":{"line":70,"column":64}},"43":{"start":{"line":70,"column":26},"end":{"line":70,"column":62}},"44":{"start":{"line":72,"column":2},"end":{"line":72,"column":12}},"45":{"start":{"line":75,"column":0},"end":{"line":75,"column":23}}},"fnMap":{"0":{"name":"(anonymous_1)","decl":{"start":{"line":17,"column":8},"end":{"line":17,"column":9}},"loc":{"start":{"line":17,"column":27},"end":{"line":22,"column":1}}},"1":{"name":"(anonymous_2)","decl":{"start":{"line":36,"column":20},"end":{"line":36,"column":21}},"loc":{"start":{"line":36,"column":33},"end":{"line":38,"column":1}}},"2":{"name":"(anonymous_3)","decl":{"start":{"line":40,"column":16},"end":{"line":40,"column":19}},"loc":{"start":{"line":40,"column":21},"end":{"line":73,"column":1}}},"3":{"name":"(anonymous_4)","decl":{"start":{"line":41,"column":34},"end":{"line":41,"column":35}},"loc":{"start":{"line":41,"column":54},"end":{"line":71,"column":3}}},"4":{"name":"(anonymous_5)","decl":{"start":{"line":55,"column":12},"end":{"line":55,"column":15}},"loc":{"start":{"line":55,"column":17},"end":{"line":57,"column":7}}},"5":{"name":"(anonymous_6)","decl":{"start":{"line":58,"column":13},"end":{"line":58,"column":14}},"loc":{"start":{"line":58,"column":23},"end":{"line":66,"column":7}}},"6":{"name":"(anonymous_7)","decl":{"start":{"line":69,"column":19},"end":{"line":69,"column":20}},"loc":{"start":{"line":69,"column":30},"end":{"line":69,"column":77}}},"7":{"name":"(anonymous_8)","decl":{"start":{"line":70,"column":20},"end":{"line":70,"column":23}},"loc":{"start":{"line":70,"column":26},"end":{"line":70,"column":62}}}},"branchMap":{"0":{"loc":{"start":{"line":43,"column":4},"end":{"line":46,"column":5}},"type":"if","locations":[{"start":{"line":43,"column":4},"end":{"line":46,"column":5}},{"start":{},"end":{}}]},"1":{"loc":{"start":{"line":48,"column":6},"end":{"line":48,"column":52}},"type":"binary-expr","locations":[{"start":{"line":48,"column":6},"end":{"line":48,"column":42}},{"start":{"line":48,"column":46},"end":{"line":48,"column":52}}]},"2":{"loc":{"start":{"line":63,"column":33},"end":{"line":63,"column":87}},"type":"cond-expr","locations":[{"start":{"line":63,"column":58},"end":{"line":63,"column":71}},{"start":{"line":63,"column":74},"end":{"line":63,"column":87}}]}},"s":{"0":7,"1":7,"2":7,"3":7,"4":7,"5":7,"6":7,"7":7,"8":7,"9":7,"10":7,"11":7,"12":7,"13":7,"14":108,"15":108,"16":108,"17":108,"18":7,"19":7,"20":7,"21":7,"22":7,"23":7,"24":7,"25":7,"26":7,"27":7,"28":0,"29":7,"30":7,"31":7,"32":7,"33":0,"34":0,"35":7,"36":7,"37":7,"38":0,"39":7,"40":7,"41":0,"42":7,"43":7,"44":7,"45":7},"f":{"0":108,"1":0,"2":7,"3":7,"4":7,"5":0,"6":0,"7":7},"b":{"0":[0,7],"1":[7,0],"2":[0,0]}}
,"/Users/liron_dabach/Documents/לימודים/שנה ג׳/פרויקט גמר/Mingo/backend/src/swagger.ts": {"path":"/Users/liron_dabach/Documents/לימודים/שנה ג׳/פרויקט גמר/Mingo/backend/src/swagger.ts","statementMap":{"0":{"start":{"line":2,"column":0},"end":{"line":2,"column":24}},"1":{"start":{"line":3,"column":0},"end":{"line":3,"column":41}},"2":{"start":{"line":4,"column":0},"end":{"line":4,"column":43}},"3":{"start":{"line":6,"column":32},"end":{"line":393,"column":1}},"4":{"start":{"line":7,"column":20},"end":{"line":7,"column":57}},"5":{"start":{"line":8,"column":15},"end":{"line":11,"column":4}},"6":{"start":{"line":13,"column":2},"end":{"line":392,"column":5}},"7":{"start":{"line":6,"column":13},"end":{"line":6,"column":32}},"8":{"start":{"line":395,"column":18},"end":{"line":464,"column":2}},"9":{"start":{"line":466,"column":18},"end":{"line":475,"column":2}},"10":{"start":{"line":477,"column":28},"end":{"line":486,"column":1}},"11":{"start":{"line":478,"column":15},"end":{"line":478,"column":33}},"12":{"start":{"line":480,"column":2},"end":{"line":483,"column":5}},"13":{"start":{"line":481,"column":4},"end":{"line":481,"column":54}},"14":{"start":{"line":482,"column":4},"end":{"line":482,"column":31}},"15":{"start":{"line":485,"column":2},"end":{"line":485,"column":74}},"16":{"start":{"line":477,"column":13},"end":{"line":477,"column":28}}},"fnMap":{"0":{"name":"(anonymous_1)","decl":{"start":{"line":6,"column":32},"end":{"line":6,"column":35}},"loc":{"start":{"line":6,"column":37},"end":{"line":393,"column":1}}},"1":{"name":"(anonymous_2)","decl":{"start":{"line":477,"column":28},"end":{"line":477,"column":29}},"loc":{"start":{"line":477,"column":45},"end":{"line":486,"column":1}}},"2":{"name":"(anonymous_3)","decl":{"start":{"line":480,"column":28},"end":{"line":480,"column":29}},"loc":{"start":{"line":480,"column":61},"end":{"line":483,"column":3}}}},"branchMap":{"0":{"loc":{"start":{"line":7,"column":20},"end":{"line":7,"column":57}},"type":"binary-expr","locations":[{"start":{"line":7,"column":20},"end":{"line":7,"column":50}},{"start":{"line":7,"column":54},"end":{"line":7,"column":57}}]}},"s":{"0":8,"1":8,"2":8,"3":8,"4":8,"5":8,"6":8,"7":8,"8":8,"9":8,"10":8,"11":7,"12":7,"13":0,"14":0,"15":7,"16":8},"f":{"0":8,"1":7,"2":0},"b":{"0":[8,8]}}
,"/Users/liron_dabach/Documents/לימודים/שנה ג׳/פרויקט גמר/Mingo/backend/src/controllers/authController.ts": {"path":"/Users/liron_dabach/Documents/לימודים/שנה ג׳/פרויקט גמר/Mingo/backend/src/controllers/authController.ts","statementMap":{"0":{"start":{"line":2,"column":0},"end":{"line":2,"column":28}},"1":{"start":{"line":3,"column":0},"end":{"line":3,"column":40}},"2":{"start":{"line":4,"column":0},"end":{"line":4,"column":31}},"3":{"start":{"line":5,"column":0},"end":{"line":5,"column":31}},"4":{"start":{"line":7,"column":18},"end":{"line":9,"column":1}},"5":{"start":{"line":8,"column":2},"end":{"line":8,"column":37}},"6":{"start":{"line":16,"column":22},"end":{"line":34,"column":1}},"7":{"start":{"line":17,"column":17},"end":{"line":17,"column":59}},"8":{"start":{"line":18,"column":2},"end":{"line":21,"column":3}},"9":{"start":{"line":19,"column":4},"end":{"line":19,"column":60}},"10":{"start":{"line":20,"column":4},"end":{"line":20,"column":20}},"11":{"start":{"line":23,"column":20},"end":{"line":23,"column":66}},"12":{"start":{"line":24,"column":16},"end":{"line":24,"column":75}},"13":{"start":{"line":26,"column":27},"end":{"line":27,"column":null}},"14":{"start":{"line":29,"column":15},"end":{"line":29,"column":47}},"15":{"start":{"line":30,"column":23},"end":{"line":32,"column":4}},"16":{"start":{"line":33,"column":2},"end":{"line":33,"column":33}},"17":{"start":{"line":36,"column":17},"end":{"line":84,"column":1}},"18":{"start":{"line":37,"column":19},"end":{"line":37,"column":36}},"19":{"start":{"line":38,"column":16},"end":{"line":38,"column":30}},"20":{"start":{"line":39,"column":19},"end":{"line":39,"column":36}},"21":{"start":{"line":41,"column":2},"end":{"line":43,"column":3}},"22":{"start":{"line":42,"column":4},"end":{"line":42,"column":76}},"23":{"start":{"line":46,"column":2},"end":{"line":52,"column":3}},"24":{"start":{"line":47,"column":4},"end":{"line":51,"column":6}},"25":{"start":{"line":54,"column":2},"end":{"line":83,"column":3}},"26":{"start":{"line":55,"column":17},"end":{"line":55,"column":41}},"27":{"start":{"line":56,"column":27},"end":{"line":56,"column":60}},"28":{"start":{"line":57,"column":17},"end":{"line":61,"column":6}},"29":{"start":{"line":62,"column":19},"end":{"line":62,"column":53}},"30":{"start":{"line":63,"column":4},"end":{"line":63,"column":49}},"31":{"start":{"line":64,"column":4},"end":{"line":64,"column":22}},"32":{"start":{"line":65,"column":4},"end":{"line":73,"column":7}},"33":{"start":{"line":75,"column":4},"end":{"line":81,"column":5}},"34":{"start":{"line":76,"column":20},"end":{"line":76,"column":56}},"35":{"start":{"line":77,"column":6},"end":{"line":79,"column":7}},"36":{"start":{"line":78,"column":8},"end":{"line":78,"column":59}},"37":{"start":{"line":80,"column":6},"end":{"line":80,"column":60}},"38":{"start":{"line":82,"column":4},"end":{"line":82,"column":56}},"39":{"start":{"line":86,"column":14},"end":{"line":125,"column":1}},"40":{"start":{"line":87,"column":19},"end":{"line":87,"column":36}},"41":{"start":{"line":88,"column":19},"end":{"line":88,"column":36}},"42":{"start":{"line":90,"column":2},"end":{"line":92,"column":3}},"43":{"start":{"line":91,"column":4},"end":{"line":91,"column":69}},"44":{"start":{"line":94,"column":2},"end":{"line":124,"column":3}},"45":{"start":{"line":95,"column":17},"end":{"line":95,"column":59}},"46":{"start":{"line":96,"column":4},"end":{"line":98,"column":5}},"47":{"start":{"line":97,"column":6},"end":{"line":97,"column":65}},"48":{"start":{"line":101,"column":4},"end":{"line":103,"column":5}},"49":{"start":{"line":102,"column":6},"end":{"line":102,"column":65}},"50":{"start":{"line":105,"column":20},"end":{"line":105,"column":65}},"51":{"start":{"line":106,"column":4},"end":{"line":108,"column":5}},"52":{"start":{"line":107,"column":6},"end":{"line":107,"column":65}},"53":{"start":{"line":110,"column":19},"end":{"line":110,"column":53}},"54":{"start":{"line":111,"column":4},"end":{"line":111,"column":49}},"55":{"start":{"line":112,"column":4},"end":{"line":112,"column":22}},"56":{"start":{"line":113,"column":4},"end":{"line":121,"column":7}},"57":{"start":{"line":123,"column":4},"end":{"line":123,"column":56}},"58":{"start":{"line":127,"column":15},"end":{"line":148,"column":1}},"59":{"start":{"line":128,"column":23},"end":{"line":128,"column":44}},"60":{"start":{"line":130,"column":2},"end":{"line":132,"column":3}},"61":{"start":{"line":131,"column":4},"end":{"line":131,"column":60}},"62":{"start":{"line":134,"column":2},"end":{"line":147,"column":3}},"63":{"start":{"line":135,"column":20},"end":{"line":135,"column":63}},"64":{"start":{"line":136,"column":17},"end":{"line":136,"column":49}},"65":{"start":{"line":137,"column":4},"end":{"line":139,"column":5}},"66":{"start":{"line":138,"column":6},"end":{"line":138,"column":58}},"67":{"start":{"line":140,"column":4},"end":{"line":142,"column":6}},"68":{"start":{"line":141,"column":17},"end":{"line":141,"column":39}},"69":{"start":{"line":143,"column":4},"end":{"line":143,"column":22}},"70":{"start":{"line":144,"column":4},"end":{"line":144,"column":65}},"71":{"start":{"line":146,"column":4},"end":{"line":146,"column":56}},"72":{"start":{"line":150,"column":21},"end":{"line":182,"column":1}},"73":{"start":{"line":151,"column":23},"end":{"line":151,"column":44}},"74":{"start":{"line":153,"column":2},"end":{"line":155,"column":3}},"75":{"start":{"line":154,"column":4},"end":{"line":154,"column":60}},"76":{"start":{"line":157,"column":17},"end":{"line":157,"column":59}},"77":{"start":{"line":159,"column":2},"end":{"line":181,"column":3}},"78":{"start":{"line":160,"column":20},"end":{"line":160,"column":71}},"79":{"start":{"line":161,"column":17},"end":{"line":161,"column":49}},"80":{"start":{"line":162,"column":4},"end":{"line":164,"column":5}},"81":{"start":{"line":163,"column":6},"end":{"line":163,"column":58}},"82":{"start":{"line":165,"column":4},"end":{"line":170,"column":5}},"83":{"start":{"line":166,"column":6},"end":{"line":166,"column":30}},"84":{"start":{"line":167,"column":6},"end":{"line":167,"column":24}},"85":{"start":{"line":168,"column":6},"end":{"line":168,"column":60}},"86":{"start":{"line":169,"column":6},"end":{"line":169,"column":58}},"87":{"start":{"line":171,"column":19},"end":{"line":171,"column":45}},"88":{"start":{"line":173,"column":4},"end":{"line":175,"column":6}},"89":{"start":{"line":174,"column":17},"end":{"line":174,"column":39}},"90":{"start":{"line":176,"column":4},"end":{"line":176,"column":49}},"91":{"start":{"line":177,"column":4},"end":{"line":177,"column":22}},"92":{"start":{"line":178,"column":4},"end":{"line":178,"column":33}},"93":{"start":{"line":180,"column":4},"end":{"line":180,"column":56}},"94":{"start":{"line":184,"column":20},"end":{"line":329,"column":1}},"95":{"start":{"line":185,"column":15},"end":{"line":185,"column":28}},"96":{"start":{"line":187,"column":2},"end":{"line":189,"column":3}},"97":{"start":{"line":188,"column":4},"end":{"line":188,"column":72}},"98":{"start":{"line":191,"column":19},"end":{"line":191,"column":55}},"99":{"start":{"line":192,"column":23},"end":{"line":192,"column":63}},"100":{"start":{"line":193,"column":22},"end":{"line":193,"column":61}},"101":{"start":{"line":195,"column":2},"end":{"line":197,"column":3}},"102":{"start":{"line":196,"column":4},"end":{"line":196,"column":65}},"103":{"start":{"line":199,"column":2},"end":{"line":328,"column":3}},"104":{"start":{"line":200,"column":26},"end":{"line":214,"column":null}},"105":{"start":{"line":217,"column":23},"end":{"line":217,"column":49}},"106":{"start":{"line":222,"column":4},"end":{"line":224,"column":5}},"107":{"start":{"line":223,"column":6},"end":{"line":223,"column":71}},"108":{"start":{"line":226,"column":24},"end":{"line":226,"column":46}},"109":{"start":{"line":228,"column":25},"end":{"line":234,"column":6}},"110":{"start":{"line":236,"column":4},"end":{"line":238,"column":5}},"111":{"start":{"line":237,"column":6},"end":{"line":237,"column":64}},"112":{"start":{"line":240,"column":24},"end":{"line":240,"column":49}},"113":{"start":{"line":248,"column":4},"end":{"line":250,"column":5}},"114":{"start":{"line":249,"column":6},"end":{"line":249,"column":61}},"115":{"start":{"line":252,"column":16},"end":{"line":252,"column":32}},"116":{"start":{"line":254,"column":4},"end":{"line":275,"column":5}},"117":{"start":{"line":255,"column":29},"end":{"line":261,"column":8}},"118":{"start":{"line":263,"column":6},"end":{"line":274,"column":7}},"119":{"start":{"line":264,"column":24},"end":{"line":264,"column":51}},"120":{"start":{"line":269,"column":8},"end":{"line":273,"column":15}},"121":{"start":{"line":270,"column":33},"end":{"line":270,"column":64}},"122":{"start":{"line":271,"column":33},"end":{"line":271,"column":47}},"123":{"start":{"line":277,"column":4},"end":{"line":279,"column":5}},"124":{"start":{"line":278,"column":6},"end":{"line":278,"column":80}},"125":{"start":{"line":281,"column":27},"end":{"line":281,"column":56}},"126":{"start":{"line":283,"column":15},"end":{"line":283,"column":73}},"127":{"start":{"line":285,"column":4},"end":{"line":287,"column":5}},"128":{"start":{"line":286,"column":6},"end":{"line":286,"column":43}},"129":{"start":{"line":289,"column":4},"end":{"line":311,"column":5}},"130":{"start":{"line":290,"column":27},"end":{"line":290,"column":91}},"131":{"start":{"line":291,"column":21},"end":{"line":291,"column":33}},"132":{"start":{"line":292,"column":20},"end":{"line":292,"column":21}},"133":{"start":{"line":294,"column":6},"end":{"line":297,"column":7}},"134":{"start":{"line":295,"column":8},"end":{"line":295,"column":47}},"135":{"start":{"line":296,"column":8},"end":{"line":296,"column":21}},"136":{"start":{"line":299,"column":6},"end":{"line":304,"column":9}},"137":{"start":{"line":306,"column":6},"end":{"line":306,"column":47}},"138":{"start":{"line":307,"column":6},"end":{"line":307,"column":25}},"139":{"start":{"line":308,"column":6},"end":{"line":310,"column":7}},"140":{"start":{"line":309,"column":8},"end":{"line":309,"column":45}},"141":{"start":{"line":313,"column":19},"end":{"line":313,"column":53}},"142":{"start":{"line":314,"column":4},"end":{"line":314,"column":49}},"143":{"start":{"line":315,"column":4},"end":{"line":315,"column":22}},"144":{"start":{"line":317,"column":4},"end":{"line":325,"column":7}},"145":{"start":{"line":327,"column":4},"end":{"line":327,"column":56}},"146":{"start":{"line":331,"column":0},"end":{"line":337,"column":2}}},"fnMap":{"0":{"name":"(anonymous_1)","decl":{"start":{"line":7,"column":18},"end":{"line":7,"column":19}},"loc":{"start":{"line":7,"column":67},"end":{"line":9,"column":1}}},"1":{"name":"(anonymous_2)","decl":{"start":{"line":16,"column":22},"end":{"line":16,"column":23}},"loc":{"start":{"line":16,"column":58},"end":{"line":34,"column":1}}},"2":{"name":"(anonymous_3)","decl":{"start":{"line":36,"column":17},"end":{"line":36,"column":22}},"loc":{"start":{"line":36,"column":55},"end":{"line":84,"column":1}}},"3":{"name":"(anonymous_4)","decl":{"start":{"line":86,"column":14},"end":{"line":86,"column":19}},"loc":{"start":{"line":86,"column":52},"end":{"line":125,"column":1}}},"4":{"name":"(anonymous_5)","decl":{"start":{"line":127,"column":15},"end":{"line":127,"column":20}},"loc":{"start":{"line":127,"column":53},"end":{"line":148,"column":1}}},"5":{"name":"(anonymous_6)","decl":{"start":{"line":141,"column":6},"end":{"line":141,"column":7}},"loc":{"start":{"line":141,"column":17},"end":{"line":141,"column":39}}},"6":{"name":"(anonymous_7)","decl":{"start":{"line":150,"column":21},"end":{"line":150,"column":26}},"loc":{"start":{"line":150,"column":59},"end":{"line":182,"column":1}}},"7":{"name":"(anonymous_8)","decl":{"start":{"line":174,"column":6},"end":{"line":174,"column":7}},"loc":{"start":{"line":174,"column":17},"end":{"line":174,"column":39}}},"8":{"name":"(anonymous_9)","decl":{"start":{"line":184,"column":20},"end":{"line":184,"column":25}},"loc":{"start":{"line":184,"column":58},"end":{"line":329,"column":1}}},"9":{"name":"(anonymous_10)","decl":{"start":{"line":270,"column":22},"end":{"line":270,"column":23}},"loc":{"start":{"line":270,"column":33},"end":{"line":270,"column":64}}},"10":{"name":"(anonymous_11)","decl":{"start":{"line":271,"column":22},"end":{"line":271,"column":23}},"loc":{"start":{"line":271,"column":33},"end":{"line":271,"column":47}}}},"branchMap":{"0":{"loc":{"start":{"line":17,"column":17},"end":{"line":17,"column":59}},"type":"binary-expr","locations":[{"start":{"line":17,"column":17},"end":{"line":17,"column":39}},{"start":{"line":17,"column":43},"end":{"line":17,"column":59}}]},"1":{"loc":{"start":{"line":18,"column":2},"end":{"line":21,"column":3}},"type":"if","locations":[{"start":{"line":18,"column":2},"end":{"line":21,"column":3}},{"start":{},"end":{}}]},"2":{"loc":{"start":{"line":23,"column":29},"end":{"line":23,"column":65}},"type":"binary-expr","locations":[{"start":{"line":23,"column":29},"end":{"line":23,"column":55}},{"start":{"line":23,"column":59},"end":{"line":23,"column":65}}]},"3":{"loc":{"start":{"line":27,"column":4},"end":{"line":27,"column":50}},"type":"binary-expr","locations":[{"start":{"line":27,"column":4},"end":{"line":27,"column":40}},{"start":{"line":27,"column":44},"end":{"line":27,"column":50}}]},"4":{"loc":{"start":{"line":41,"column":2},"end":{"line":43,"column":3}},"type":"if","locations":[{"start":{"line":41,"column":2},"end":{"line":43,"column":3}},{"start":{},"end":{}}]},"5":{"loc":{"start":{"line":41,"column":6},"end":{"line":41,"column":38}},"type":"binary-expr","locations":[{"start":{"line":41,"column":6},"end":{"line":41,"column":15}},{"start":{"line":41,"column":19},"end":{"line":41,"column":25}},{"start":{"line":41,"column":29},"end":{"line":41,"column":38}}]},"6":{"loc":{"start":{"line":46,"column":2},"end":{"line":52,"column":3}},"type":"if","locations":[{"start":{"line":46,"column":2},"end":{"line":52,"column":3}},{"start":{},"end":{}}]},"7":{"loc":{"start":{"line":75,"column":4},"end":{"line":81,"column":5}},"type":"if","locations":[{"start":{"line":75,"column":4},"end":{"line":81,"column":5}},{"start":{},"end":{}}]},"8":{"loc":{"start":{"line":76,"column":32},"end":{"line":76,"column":52}},"type":"binary-expr","locations":[{"start":{"line":76,"column":32},"end":{"line":76,"column":46}},{"start":{"line":76,"column":50},"end":{"line":76,"column":52}}]},"9":{"loc":{"start":{"line":77,"column":6},"end":{"line":79,"column":7}},"type":"if","locations":[{"start":{"line":77,"column":6},"end":{"line":79,"column":7}},{"start":{},"end":{}}]},"10":{"loc":{"start":{"line":90,"column":2},"end":{"line":92,"column":3}},"type":"if","locations":[{"start":{"line":90,"column":2},"end":{"line":92,"column":3}},{"start":{},"end":{}}]},"11":{"loc":{"start":{"line":90,"column":6},"end":{"line":90,"column":28}},"type":"binary-expr","locations":[{"start":{"line":90,"column":6},"end":{"line":90,"column":15}},{"start":{"line":90,"column":19},"end":{"line":90,"column":28}}]},"12":{"loc":{"start":{"line":96,"column":4},"end":{"line":98,"column":5}},"type":"if","locations":[{"start":{"line":96,"column":4},"end":{"line":98,"column":5}},{"start":{},"end":{}}]},"13":{"loc":{"start":{"line":101,"column":4},"end":{"line":103,"column":5}},"type":"if","locations":[{"start":{"line":101,"column":4},"end":{"line":103,"column":5}},{"start":{},"end":{}}]},"14":{"loc":{"start":{"line":106,"column":4},"end":{"line":108,"column":5}},"type":"if","locations":[{"start":{"line":106,"column":4},"end":{"line":108,"column":5}},{"start":{},"end":{}}]},"15":{"loc":{"start":{"line":130,"column":2},"end":{"line":132,"column":3}},"type":"if","locations":[{"start":{"line":130,"column":2},"end":{"line":132,"column":3}},{"start":{},"end":{}}]},"16":{"loc":{"start":{"line":137,"column":4},"end":{"line":139,"column":5}},"type":"if","locations":[{"start":{"line":137,"column":4},"end":{"line":139,"column":5}},{"start":{},"end":{}}]},"17":{"loc":{"start":{"line":153,"column":2},"end":{"line":155,"column":3}},"type":"if","locations":[{"start":{"line":153,"column":2},"end":{"line":155,"column":3}},{"start":{},"end":{}}]},"18":{"loc":{"start":{"line":157,"column":17},"end":{"line":157,"column":59}},"type":"binary-expr","locations":[{"start":{"line":157,"column":17},"end":{"line":157,"column":39}},{"start":{"line":157,"column":43},"end":{"line":157,"column":59}}]},"19":{"loc":{"start":{"line":162,"column":4},"end":{"line":164,"column":5}},"type":"if","locations":[{"start":{"line":162,"column":4},"end":{"line":164,"column":5}},{"start":{},"end":{}}]},"20":{"loc":{"start":{"line":165,"column":4},"end":{"line":170,"column":5}},"type":"if","locations":[{"start":{"line":165,"column":4},"end":{"line":170,"column":5}},{"start":{},"end":{}}]},"21":{"loc":{"start":{"line":187,"column":2},"end":{"line":189,"column":3}},"type":"if","locations":[{"start":{"line":187,"column":2},"end":{"line":189,"column":3}},{"start":{},"end":{}}]},"22":{"loc":{"start":{"line":195,"column":2},"end":{"line":197,"column":3}},"type":"if","locations":[{"start":{"line":195,"column":2},"end":{"line":197,"column":3}},{"start":{},"end":{}}]},"23":{"loc":{"start":{"line":195,"column":6},"end":{"line":195,"column":48}},"type":"binary-expr","locations":[{"start":{"line":195,"column":6},"end":{"line":195,"column":15}},{"start":{"line":195,"column":19},"end":{"line":195,"column":32}},{"start":{"line":195,"column":36},"end":{"line":195,"column":48}}]},"24":{"loc":{"start":{"line":222,"column":4},"end":{"line":224,"column":5}},"type":"if","locations":[{"start":{"line":222,"column":4},"end":{"line":224,"column":5}},{"start":{},"end":{}}]},"25":{"loc":{"start":{"line":222,"column":8},"end":{"line":222,"column":52}},"type":"binary-expr","locations":[{"start":{"line":222,"column":8},"end":{"line":222,"column":25}},{"start":{"line":222,"column":29},"end":{"line":222,"column":52}}]},"26":{"loc":{"start":{"line":236,"column":4},"end":{"line":238,"column":5}},"type":"if","locations":[{"start":{"line":236,"column":4},"end":{"line":238,"column":5}},{"start":{},"end":{}}]},"27":{"loc":{"start":{"line":248,"column":4},"end":{"line":250,"column":5}},"type":"if","locations":[{"start":{"line":248,"column":4},"end":{"line":250,"column":5}},{"start":{},"end":{}}]},"28":{"loc":{"start":{"line":248,"column":8},"end":{"line":248,"column":43}},"type":"binary-expr","locations":[{"start":{"line":248,"column":8},"end":{"line":248,"column":22}},{"start":{"line":248,"column":26},"end":{"line":248,"column":43}}]},"29":{"loc":{"start":{"line":254,"column":4},"end":{"line":275,"column":5}},"type":"if","locations":[{"start":{"line":254,"column":4},"end":{"line":275,"column":5}},{"start":{},"end":{}}]},"30":{"loc":{"start":{"line":263,"column":6},"end":{"line":274,"column":7}},"type":"if","locations":[{"start":{"line":263,"column":6},"end":{"line":274,"column":7}},{"start":{},"end":{}}]},"31":{"loc":{"start":{"line":270,"column":10},"end":{"line":273,"column":14}},"type":"binary-expr","locations":[{"start":{"line":270,"column":10},"end":{"line":270,"column":72}},{"start":{"line":271,"column":10},"end":{"line":271,"column":55}},{"start":{"line":272,"column":10},"end":{"line":272,"column":26}},{"start":{"line":273,"column":10},"end":{"line":273,"column":14}}]},"32":{"loc":{"start":{"line":270,"column":33},"end":{"line":270,"column":64}},"type":"binary-expr","locations":[{"start":{"line":270,"column":33},"end":{"line":270,"column":46}},{"start":{"line":270,"column":50},"end":{"line":270,"column":64}}]},"33":{"loc":{"start":{"line":277,"column":4},"end":{"line":279,"column":5}},"type":"if","locations":[{"start":{"line":277,"column":4},"end":{"line":279,"column":5}},{"start":{},"end":{}}]},"34":{"loc":{"start":{"line":281,"column":27},"end":{"line":281,"column":56}},"type":"binary-expr","locations":[{"start":{"line":281,"column":27},"end":{"line":281,"column":48}},{"start":{"line":281,"column":52},"end":{"line":281,"column":56}}]},"35":{"loc":{"start":{"line":285,"column":4},"end":{"line":287,"column":5}},"type":"if","locations":[{"start":{"line":285,"column":4},"end":{"line":287,"column":5}},{"start":{},"end":{}}]},"36":{"loc":{"start":{"line":289,"column":4},"end":{"line":311,"column":5}},"type":"if","locations":[{"start":{"line":289,"column":4},"end":{"line":311,"column":5}},{"start":{"line":305,"column":11},"end":{"line":311,"column":5}}]},"37":{"loc":{"start":{"line":290,"column":27},"end":{"line":290,"column":91}},"type":"binary-expr","locations":[{"start":{"line":290,"column":27},"end":{"line":290,"column":75}},{"start":{"line":290,"column":79},"end":{"line":290,"column":91}}]},"38":{"loc":{"start":{"line":308,"column":6},"end":{"line":310,"column":7}},"type":"if","locations":[{"start":{"line":308,"column":6},"end":{"line":310,"column":7}},{"start":{},"end":{}}]}},"s":{"0":7,"1":7,"2":7,"3":7,"4":7,"5":17,"6":7,"7":3,"8":3,"9":0,"10":0,"11":3,"12":3,"13":3,"14":3,"15":3,"16":3,"17":7,"18":5,"19":5,"20":5,"21":5,"22":1,"23":4,"24":1,"25":3,"26":3,"27":3,"28":3,"29":1,"30":1,"31":1,"32":1,"33":2,"34":2,"35":2,"36":1,"37":1,"38":0,"39":7,"40":5,"41":5,"42":5,"43":1,"44":4,"45":4,"46":4,"47":1,"48":3,"49":1,"50":2,"51":2,"52":1,"53":1,"54":1,"55":1,"56":1,"57":0,"58":7,"59":4,"60":4,"61":1,"62":3,"63":3,"64":3,"65":2,"66":1,"67":1,"68":2,"69":1,"70":1,"71":1,"72":7,"73":5,"74":5,"75":1,"76":4,"77":4,"78":4,"79":3,"80":3,"81":1,"82":2,"83":1,"84":1,"85":1,"86":1,"87":1,"88":1,"89":2,"90":1,"91":1,"92":1,"93":1,"94":7,"95":2,"96":2,"97":1,"98":1,"99":1,"100":1,"101":1,"102":1,"103":0,"104":0,"105":0,"106":0,"107":0,"108":0,"109":0,"110":0,"111":0,"112":0,"113":0,"114":0,"115":0,"116":0,"117":0,"118":0,"119":0,"120":0,"121":0,"122":0,"123":0,"124":0,"125":0,"126":0,"127":0,"128":0,"129":0,"130":0,"131":0,"132":0,"133":0,"134":0,"135":0,"136":0,"137":0,"138":0,"139":0,"140":0,"141":0,"142":0,"143":0,"144":0,"145":0,"146":7},"f":{"0":17,"1":3,"2":5,"3":5,"4":4,"5":2,"6":5,"7":2,"8":2,"9":0,"10":0},"b":{"0":[3,0],"1":[0,3],"2":[3,0],"3":[3,0],"4":[1,4],"5":[5,5,4],"6":[1,3],"7":[2,0],"8":[2,0],"9":[1,1],"10":[1,4],"11":[5,5],"12":[1,3],"13":[1,2],"14":[1,1],"15":[1,3],"16":[1,1],"17":[1,4],"18":[4,0],"19":[1,2],"20":[1,1],"21":[1,1],"22":[1,0],"23":[1,0,0],"24":[0,0],"25":[0,0],"26":[0,0],"27":[0,0],"28":[0,0],"29":[0,0],"30":[0,0],"31":[0,0,0,0],"32":[0,0],"33":[0,0],"34":[0,0],"35":[0,0],"36":[0,0],"37":[0,0],"38":[0,0]}}
,"/Users/liron_dabach/Documents/לימודים/שנה ג׳/פרויקט גמר/Mingo/backend/src/controllers/baseController.ts": {"path":"/Users/liron_dabach/Documents/לימודים/שנה ג׳/פרויקט גמר/Mingo/backend/src/controllers/baseController.ts","statementMap":{"0":{"start":{"line":3,"column":31},"end":{"line":4,"column":50}},"1":{"start":{"line":4,"column":2},"end":{"line":4,"column":50}},"2":{"start":{"line":10,"column":4},"end":{"line":10,"column":23}},"3":{"start":{"line":14,"column":4},"end":{"line":27,"column":5}},"4":{"start":{"line":15,"column":6},"end":{"line":21,"column":7}},"5":{"start":{"line":16,"column":27},"end":{"line":16,"column":59}},"6":{"start":{"line":17,"column":8},"end":{"line":17,"column":36}},"7":{"start":{"line":19,"column":21},"end":{"line":19,"column":44}},"8":{"start":{"line":20,"column":8},"end":{"line":20,"column":23}},"9":{"start":{"line":23,"column":6},"end":{"line":25,"column":7}},"10":{"start":{"line":24,"column":8},"end":{"line":24,"column":27}},"11":{"start":{"line":26,"column":6},"end":{"line":26,"column":61}},"12":{"start":{"line":31,"column":15},"end":{"line":31,"column":28}},"13":{"start":{"line":32,"column":4},"end":{"line":32,"column":36}},"14":{"start":{"line":33,"column":4},"end":{"line":45,"column":5}},"15":{"start":{"line":34,"column":19},"end":{"line":34,"column":48}},"16":{"start":{"line":35,"column":6},"end":{"line":39,"column":7}},"17":{"start":{"line":36,"column":8},"end":{"line":36,"column":56}},"18":{"start":{"line":38,"column":8},"end":{"line":38,"column":23}},"19":{"start":{"line":41,"column":6},"end":{"line":43,"column":7}},"20":{"start":{"line":42,"column":8},"end":{"line":42,"column":27}},"21":{"start":{"line":44,"column":6},"end":{"line":44,"column":65}},"22":{"start":{"line":49,"column":19},"end":{"line":49,"column":36}},"23":{"start":{"line":50,"column":4},"end":{"line":50,"column":45}},"24":{"start":{"line":51,"column":4},"end":{"line":63,"column":5}},"25":{"start":{"line":52,"column":19},"end":{"line":52,"column":60}},"26":{"start":{"line":53,"column":6},"end":{"line":57,"column":7}},"27":{"start":{"line":54,"column":8},"end":{"line":54,"column":56}},"28":{"start":{"line":56,"column":8},"end":{"line":56,"column":23}},"29":{"start":{"line":59,"column":6},"end":{"line":61,"column":7}},"30":{"start":{"line":60,"column":8},"end":{"line":60,"column":27}},"31":{"start":{"line":62,"column":6},"end":{"line":62,"column":70}},"32":{"start":{"line":68,"column":19},"end":{"line":68,"column":36}},"33":{"start":{"line":69,"column":4},"end":{"line":71,"column":5}},"34":{"start":{"line":70,"column":6},"end":{"line":70,"column":31}},"35":{"start":{"line":72,"column":21},"end":{"line":72,"column":29}},"36":{"start":{"line":73,"column":4},"end":{"line":73,"column":26}},"37":{"start":{"line":74,"column":4},"end":{"line":82,"column":5}},"38":{"start":{"line":75,"column":19},"end":{"line":75,"column":52}},"39":{"start":{"line":76,"column":6},"end":{"line":76,"column":33}},"40":{"start":{"line":78,"column":6},"end":{"line":80,"column":7}},"41":{"start":{"line":79,"column":8},"end":{"line":79,"column":27}},"42":{"start":{"line":81,"column":6},"end":{"line":81,"column":57}},"43":{"start":{"line":86,"column":15},"end":{"line":86,"column":28}},"44":{"start":{"line":87,"column":4},"end":{"line":100,"column":5}},"45":{"start":{"line":88,"column":26},"end":{"line":88,"column":64}},"46":{"start":{"line":89,"column":6},"end":{"line":92,"column":7}},"47":{"start":{"line":90,"column":8},"end":{"line":90,"column":49}},"48":{"start":{"line":91,"column":8},"end":{"line":91,"column":15}},"49":{"start":{"line":93,"column":6},"end":{"line":93,"column":40}},"50":{"start":{"line":94,"column":6},"end":{"line":94,"column":53}},"51":{"start":{"line":96,"column":6},"end":{"line":98,"column":7}},"52":{"start":{"line":97,"column":8},"end":{"line":97,"column":27}},"53":{"start":{"line":99,"column":6},"end":{"line":99,"column":57}},"54":{"start":{"line":104,"column":15},"end":{"line":104,"column":28}},"55":{"start":{"line":105,"column":24},"end":{"line":105,"column":32}},"56":{"start":{"line":106,"column":4},"end":{"line":116,"column":5}},"57":{"start":{"line":107,"column":19},"end":{"line":109,"column":8}},"58":{"start":{"line":110,"column":6},"end":{"line":110,"column":21}},"59":{"start":{"line":112,"column":6},"end":{"line":114,"column":7}},"60":{"start":{"line":113,"column":8},"end":{"line":113,"column":27}},"61":{"start":{"line":115,"column":6},"end":{"line":115,"column":57}},"62":{"start":{"line":120,"column":0},"end":{"line":120,"column":30}}},"fnMap":{"0":{"name":"(anonymous_0)","decl":{"start":{"line":3,"column":31},"end":{"line":3,"column":32}},"loc":{"start":{"line":4,"column":2},"end":{"line":4,"column":50}}},"1":{"name":"(anonymous_1)","decl":{"start":{"line":9,"column":2},"end":{"line":9,"column":14}},"loc":{"start":{"line":9,"column":24},"end":{"line":11,"column":3}}},"2":{"name":"(anonymous_2)","decl":{"start":{"line":13,"column":2},"end":{"line":13,"column":7}},"loc":{"start":{"line":13,"column":42},"end":{"line":28,"column":3}}},"3":{"name":"(anonymous_3)","decl":{"start":{"line":30,"column":2},"end":{"line":30,"column":7}},"loc":{"start":{"line":30,"column":43},"end":{"line":46,"column":3}}},"4":{"name":"(anonymous_4)","decl":{"start":{"line":48,"column":2},"end":{"line":48,"column":7}},"loc":{"start":{"line":48,"column":47},"end":{"line":64,"column":3}}},"5":{"name":"(anonymous_5)","decl":{"start":{"line":67,"column":2},"end":{"line":67,"column":7}},"loc":{"start":{"line":67,"column":42},"end":{"line":83,"column":3}}},"6":{"name":"(anonymous_6)","decl":{"start":{"line":85,"column":2},"end":{"line":85,"column":7}},"loc":{"start":{"line":85,"column":42},"end":{"line":101,"column":3}}},"7":{"name":"(anonymous_7)","decl":{"start":{"line":103,"column":2},"end":{"line":103,"column":7}},"loc":{"start":{"line":103,"column":42},"end":{"line":117,"column":3}}}},"branchMap":{"0":{"loc":{"start":{"line":4,"column":2},"end":{"line":4,"column":50}},"type":"binary-expr","locations":[{"start":{"line":4,"column":2},"end":{"line":4,"column":27}},{"start":{"line":4,"column":31},"end":{"line":4,"column":50}}]},"1":{"loc":{"start":{"line":15,"column":6},"end":{"line":21,"column":7}},"type":"if","locations":[{"start":{"line":15,"column":6},"end":{"line":21,"column":7}},{"start":{"line":18,"column":13},"end":{"line":21,"column":7}}]},"2":{"loc":{"start":{"line":23,"column":6},"end":{"line":25,"column":7}},"type":"if","locations":[{"start":{"line":23,"column":6},"end":{"line":25,"column":7}},{"start":{},"end":{}}]},"3":{"loc":{"start":{"line":35,"column":6},"end":{"line":39,"column":7}},"type":"if","locations":[{"start":{"line":35,"column":6},"end":{"line":39,"column":7}},{"start":{"line":37,"column":13},"end":{"line":39,"column":7}}]},"4":{"loc":{"start":{"line":41,"column":6},"end":{"line":43,"column":7}},"type":"if","locations":[{"start":{"line":41,"column":6},"end":{"line":43,"column":7}},{"start":{},"end":{}}]},"5":{"loc":{"start":{"line":53,"column":6},"end":{"line":57,"column":7}},"type":"if","locations":[{"start":{"line":53,"column":6},"end":{"line":57,"column":7}},{"start":{"line":55,"column":13},"end":{"line":57,"column":7}}]},"6":{"loc":{"start":{"line":59,"column":6},"end":{"line":61,"column":7}},"type":"if","locations":[{"start":{"line":59,"column":6},"end":{"line":61,"column":7}},{"start":{},"end":{}}]},"7":{"loc":{"start":{"line":69,"column":4},"end":{"line":71,"column":5}},"type":"if","locations":[{"start":{"line":69,"column":4},"end":{"line":71,"column":5}},{"start":{},"end":{}}]},"8":{"loc":{"start":{"line":78,"column":6},"end":{"line":80,"column":7}},"type":"if","locations":[{"start":{"line":78,"column":6},"end":{"line":80,"column":7}},{"start":{},"end":{}}]},"9":{"loc":{"start":{"line":89,"column":6},"end":{"line":92,"column":7}},"type":"if","locations":[{"start":{"line":89,"column":6},"end":{"line":92,"column":7}},{"start":{},"end":{}}]},"10":{"loc":{"start":{"line":96,"column":6},"end":{"line":98,"column":7}},"type":"if","locations":[{"start":{"line":96,"column":6},"end":{"line":98,"column":7}},{"start":{},"end":{}}]},"11":{"loc":{"start":{"line":112,"column":6},"end":{"line":114,"column":7}},"type":"if","locations":[{"start":{"line":112,"column":6},"end":{"line":114,"column":7}},{"start":{},"end":{}}]}},"s":{"0":7,"1":6,"2":29,"3":5,"4":5,"5":5,"6":4,"7":0,"8":0,"9":1,"10":0,"11":1,"12":3,"13":3,"14":3,"15":3,"16":2,"17":1,"18":1,"19":1,"20":0,"21":1,"22":2,"23":2,"24":2,"25":2,"26":1,"27":0,"28":1,"29":1,"30":0,"31":1,"32":4,"33":4,"34":1,"35":4,"36":4,"37":4,"38":4,"39":3,"40":1,"41":0,"42":1,"43":4,"44":4,"45":4,"46":3,"47":1,"48":1,"49":2,"50":2,"51":1,"52":0,"53":1,"54":3,"55":3,"56":3,"57":3,"58":2,"59":1,"60":0,"61":1,"62":7},"f":{"0":6,"1":29,"2":5,"3":3,"4":2,"5":4,"6":4,"7":3},"b":{"0":[6,1],"1":[5,0],"2":[0,1],"3":[1,1],"4":[0,1],"5":[0,1],"6":[0,1],"7":[1,3],"8":[0,1],"9":[1,2],"10":[0,1],"11":[0,1]}}
,"/Users/liron_dabach/Documents/לימודים/שנה ג׳/פרויקט גמר/Mingo/backend/src/controllers/meetingsController.ts": {"path":"/Users/liron_dabach/Documents/לימודים/שנה ג׳/פרויקט גמר/Mingo/backend/src/controllers/meetingsController.ts","statementMap":{"0":{"start":{"line":2,"column":0},"end":{"line":2,"column":32}},"1":{"start":{"line":3,"column":0},"end":{"line":3,"column":52}},"2":{"start":{"line":5,"column":0},"end":{"line":5,"column":46}},"3":{"start":{"line":9,"column":4},"end":{"line":9,"column":25}},"4":{"start":{"line":13,"column":29},"end":{"line":15,"column":14}},"5":{"start":{"line":17,"column":4},"end":{"line":22,"column":6}},"6":{"start":{"line":26,"column":24},"end":{"line":26,"column":37}},"7":{"start":{"line":28,"column":4},"end":{"line":30,"column":5}},"8":{"start":{"line":29,"column":6},"end":{"line":29,"column":71}},"9":{"start":{"line":32,"column":4},"end":{"line":50,"column":5}},"10":{"start":{"line":33,"column":22},"end":{"line":33,"column":60}},"11":{"start":{"line":34,"column":6},"end":{"line":36,"column":7}},"12":{"start":{"line":35,"column":8},"end":{"line":35,"column":33}},"13":{"start":{"line":38,"column":27},"end":{"line":40,"column":27}},"14":{"start":{"line":42,"column":6},"end":{"line":44,"column":7}},"15":{"start":{"line":43,"column":8},"end":{"line":43,"column":38}},"16":{"start":{"line":46,"column":6},"end":{"line":46,"column":54}},"17":{"start":{"line":48,"column":6},"end":{"line":48,"column":25}},"18":{"start":{"line":49,"column":6},"end":{"line":49,"column":72}},"19":{"start":{"line":54,"column":19},"end":{"line":54,"column":36}},"20":{"start":{"line":56,"column":4},"end":{"line":58,"column":5}},"21":{"start":{"line":57,"column":6},"end":{"line":57,"column":68}},"22":{"start":{"line":60,"column":4},"end":{"line":69,"column":5}},"23":{"start":{"line":61,"column":23},"end":{"line":63,"column":27}},"24":{"start":{"line":65,"column":6},"end":{"line":65,"column":32}},"25":{"start":{"line":67,"column":6},"end":{"line":67,"column":25}},"26":{"start":{"line":68,"column":6},"end":{"line":68,"column":79}},"27":{"start":{"line":73,"column":19},"end":{"line":73,"column":36}},"28":{"start":{"line":75,"column":4},"end":{"line":77,"column":5}},"29":{"start":{"line":76,"column":6},"end":{"line":76,"column":68}},"30":{"start":{"line":79,"column":4},"end":{"line":91,"column":5}},"31":{"start":{"line":80,"column":23},"end":{"line":85,"column":26}},"32":{"start":{"line":87,"column":6},"end":{"line":87,"column":32}},"33":{"start":{"line":89,"column":6},"end":{"line":89,"column":25}},"34":{"start":{"line":90,"column":6},"end":{"line":90,"column":77}},"35":{"start":{"line":95,"column":19},"end":{"line":95,"column":36}},"36":{"start":{"line":97,"column":4},"end":{"line":99,"column":5}},"37":{"start":{"line":98,"column":6},"end":{"line":98,"column":68}},"38":{"start":{"line":101,"column":4},"end":{"line":113,"column":5}},"39":{"start":{"line":102,"column":23},"end":{"line":107,"column":27}},"40":{"start":{"line":109,"column":6},"end":{"line":109,"column":32}},"41":{"start":{"line":111,"column":6},"end":{"line":111,"column":25}},"42":{"start":{"line":112,"column":6},"end":{"line":112,"column":75}},"43":{"start":{"line":117,"column":19},"end":{"line":117,"column":36}},"44":{"start":{"line":119,"column":4},"end":{"line":121,"column":5}},"45":{"start":{"line":120,"column":6},"end":{"line":120,"column":68}},"46":{"start":{"line":123,"column":16},"end":{"line":123,"column":26}},"47":{"start":{"line":124,"column":22},"end":{"line":124,"column":35}},"48":{"start":{"line":125,"column":4},"end":{"line":125,"column":49}},"49":{"start":{"line":127,"column":4},"end":{"line":142,"column":5}},"50":{"start":{"line":128,"column":23},"end":{"line":136,"column":27}},"51":{"start":{"line":138,"column":6},"end":{"line":138,"column":32}},"52":{"start":{"line":140,"column":6},"end":{"line":140,"column":25}},"53":{"start":{"line":141,"column":6},"end":{"line":141,"column":81}},"54":{"start":{"line":146,"column":19},"end":{"line":146,"column":36}},"55":{"start":{"line":148,"column":4},"end":{"line":150,"column":5}},"56":{"start":{"line":149,"column":6},"end":{"line":149,"column":68}},"57":{"start":{"line":152,"column":4},"end":{"line":176,"column":5}},"58":{"start":{"line":153,"column":21},"end":{"line":168,"column":8}},"59":{"start":{"line":170,"column":30},"end":{"line":170,"column":61}},"60":{"start":{"line":172,"column":6},"end":{"line":172,"column":43}},"61":{"start":{"line":174,"column":6},"end":{"line":174,"column":25}},"62":{"start":{"line":175,"column":6},"end":{"line":175,"column":84}},"63":{"start":{"line":180,"column":0},"end":{"line":180,"column":40}}},"fnMap":{"0":{"name":"(anonymous_1)","decl":{"start":{"line":8,"column":2},"end":{"line":8,"column":null}},"loc":{"start":{"line":8,"column":2},"end":{"line":10,"column":3}}},"1":{"name":"(anonymous_2)","decl":{"start":{"line":12,"column":10},"end":{"line":12,"column":33}},"loc":{"start":{"line":12,"column":48},"end":{"line":23,"column":3}}},"2":{"name":"(anonymous_3)","decl":{"start":{"line":25,"column":2},"end":{"line":25,"column":7}},"loc":{"start":{"line":25,"column":47},"end":{"line":51,"column":3}}},"3":{"name":"(anonymous_4)","decl":{"start":{"line":53,"column":2},"end":{"line":53,"column":7}},"loc":{"start":{"line":53,"column":51},"end":{"line":70,"column":3}}},"4":{"name":"(anonymous_5)","decl":{"start":{"line":72,"column":2},"end":{"line":72,"column":7}},"loc":{"start":{"line":72,"column":59},"end":{"line":92,"column":3}}},"5":{"name":"(anonymous_6)","decl":{"start":{"line":94,"column":2},"end":{"line":94,"column":7}},"loc":{"start":{"line":94,"column":57},"end":{"line":114,"column":3}}},"6":{"name":"(anonymous_7)","decl":{"start":{"line":116,"column":2},"end":{"line":116,"column":7}},"loc":{"start":{"line":116,"column":60},"end":{"line":143,"column":3}}},"7":{"name":"(anonymous_8)","decl":{"start":{"line":145,"column":2},"end":{"line":145,"column":7}},"loc":{"start":{"line":145,"column":66},"end":{"line":177,"column":3}}}},"branchMap":{"0":{"loc":{"start":{"line":13,"column":29},"end":{"line":15,"column":14}},"type":"cond-expr","locations":[{"start":{"line":14,"column":8},"end":{"line":14,"column":43}},{"start":{"line":15,"column":8},"end":{"line":15,"column":14}}]},"1":{"loc":{"start":{"line":28,"column":4},"end":{"line":30,"column":5}},"type":"if","locations":[{"start":{"line":28,"column":4},"end":{"line":30,"column":5}},{"start":{},"end":{}}]},"2":{"loc":{"start":{"line":34,"column":6},"end":{"line":36,"column":7}},"type":"if","locations":[{"start":{"line":34,"column":6},"end":{"line":36,"column":7}},{"start":{},"end":{}}]},"3":{"loc":{"start":{"line":42,"column":6},"end":{"line":44,"column":7}},"type":"if","locations":[{"start":{"line":42,"column":6},"end":{"line":44,"column":7}},{"start":{},"end":{}}]},"4":{"loc":{"start":{"line":56,"column":4},"end":{"line":58,"column":5}},"type":"if","locations":[{"start":{"line":56,"column":4},"end":{"line":58,"column":5}},{"start":{},"end":{}}]},"5":{"loc":{"start":{"line":75,"column":4},"end":{"line":77,"column":5}},"type":"if","locations":[{"start":{"line":75,"column":4},"end":{"line":77,"column":5}},{"start":{},"end":{}}]},"6":{"loc":{"start":{"line":97,"column":4},"end":{"line":99,"column":5}},"type":"if","locations":[{"start":{"line":97,"column":4},"end":{"line":99,"column":5}},{"start":{},"end":{}}]},"7":{"loc":{"start":{"line":119,"column":4},"end":{"line":121,"column":5}},"type":"if","locations":[{"start":{"line":119,"column":4},"end":{"line":121,"column":5}},{"start":{},"end":{}}]},"8":{"loc":{"start":{"line":148,"column":4},"end":{"line":150,"column":5}},"type":"if","locations":[{"start":{"line":148,"column":4},"end":{"line":150,"column":5}},{"start":{},"end":{}}]},"9":{"loc":{"start":{"line":170,"column":30},"end":{"line":170,"column":61}},"type":"binary-expr","locations":[{"start":{"line":170,"column":30},"end":{"line":170,"column":56}},{"start":{"line":170,"column":60},"end":{"line":170,"column":61}}]}},"s":{"0":7,"1":7,"2":7,"3":7,"4":9,"5":9,"6":4,"7":4,"8":0,"9":4,"10":4,"11":4,"12":1,"13":3,"14":3,"15":1,"16":2,"17":0,"18":0,"19":0,"20":0,"21":0,"22":0,"23":0,"24":0,"25":0,"26":0,"27":2,"28":2,"29":0,"30":2,"31":2,"32":2,"33":0,"34":0,"35":1,"36":1,"37":0,"38":1,"39":1,"40":1,"41":0,"42":0,"43":1,"44":1,"45":0,"46":1,"47":1,"48":1,"49":1,"50":1,"51":1,"52":0,"53":0,"54":2,"55":2,"56":0,"57":2,"58":2,"59":2,"60":2,"61":0,"62":0,"63":7},"f":{"0":7,"1":9,"2":4,"3":0,"4":2,"5":1,"6":1,"7":2},"b":{"0":[9,0],"1":[0,4],"2":[1,3],"3":[1,2],"4":[0,0],"5":[0,2],"6":[0,1],"7":[0,1],"8":[0,2],"9":[2,1]}}
,"/Users/liron_dabach/Documents/לימודים/שנה ג׳/פרויקט גמר/Mingo/backend/src/controllers/mingoAgentController.ts": {"path":"/Users/liron_dabach/Documents/לימודים/שנה ג׳/פרויקט גמר/Mingo/backend/src/controllers/mingoAgentController.ts","statementMap":{"0":{"start":{"line":2,"column":0},"end":{"line":2,"column":56}},"1":{"start":{"line":4,"column":0},"end":{"line":4,"column":46}},"2":{"start":{"line":5,"column":0},"end":{"line":5,"column":66}},"3":{"start":{"line":9,"column":4},"end":{"line":9,"column":27}},"4":{"start":{"line":13,"column":22},"end":{"line":13,"column":42}},"5":{"start":{"line":14,"column":4},"end":{"line":16,"column":5}},"6":{"start":{"line":15,"column":6},"end":{"line":15,"column":71}},"7":{"start":{"line":18,"column":4},"end":{"line":24,"column":5}},"8":{"start":{"line":19,"column":20},"end":{"line":19,"column":70}},"9":{"start":{"line":20,"column":6},"end":{"line":20,"column":22}},"10":{"start":{"line":22,"column":6},"end":{"line":22,"column":25}},"11":{"start":{"line":23,"column":6},"end":{"line":23,"column":74}},"12":{"start":{"line":28,"column":22},"end":{"line":28,"column":42}},"13":{"start":{"line":29,"column":24},"end":{"line":29,"column":32}},"14":{"start":{"line":31,"column":4},"end":{"line":33,"column":5}},"15":{"start":{"line":32,"column":6},"end":{"line":32,"column":71}},"16":{"start":{"line":35,"column":4},"end":{"line":40,"column":5}},"17":{"start":{"line":36,"column":6},"end":{"line":39,"column":9}},"18":{"start":{"line":42,"column":4},"end":{"line":52,"column":5}},"19":{"start":{"line":43,"column":21},"end":{"line":46,"column":null}},"20":{"start":{"line":48,"column":6},"end":{"line":48,"column":40}},"21":{"start":{"line":50,"column":6},"end":{"line":50,"column":25}},"22":{"start":{"line":51,"column":6},"end":{"line":51,"column":74}},"23":{"start":{"line":57,"column":22},"end":{"line":57,"column":42}},"24":{"start":{"line":59,"column":4},"end":{"line":61,"column":5}},"25":{"start":{"line":60,"column":6},"end":{"line":60,"column":71}},"26":{"start":{"line":63,"column":4},"end":{"line":69,"column":5}},"27":{"start":{"line":64,"column":21},"end":{"line":64,"column":71}},"28":{"start":{"line":65,"column":6},"end":{"line":65,"column":44}},"29":{"start":{"line":67,"column":6},"end":{"line":67,"column":25}},"30":{"start":{"line":68,"column":6},"end":{"line":68,"column":76}},"31":{"start":{"line":74,"column":22},"end":{"line":74,"column":42}},"32":{"start":{"line":76,"column":4},"end":{"line":78,"column":5}},"33":{"start":{"line":77,"column":6},"end":{"line":77,"column":71}},"34":{"start":{"line":80,"column":4},"end":{"line":86,"column":5}},"35":{"start":{"line":81,"column":21},"end":{"line":81,"column":70}},"36":{"start":{"line":82,"column":6},"end":{"line":82,"column":42}},"37":{"start":{"line":84,"column":6},"end":{"line":84,"column":25}},"38":{"start":{"line":85,"column":6},"end":{"line":85,"column":75}},"39":{"start":{"line":90,"column":0},"end":{"line":90,"column":42}}},"fnMap":{"0":{"name":"(anonymous_1)","decl":{"start":{"line":8,"column":2},"end":{"line":8,"column":null}},"loc":{"start":{"line":8,"column":2},"end":{"line":10,"column":3}}},"1":{"name":"(anonymous_2)","decl":{"start":{"line":12,"column":2},"end":{"line":12,"column":7}},"loc":{"start":{"line":12,"column":54},"end":{"line":25,"column":3}}},"2":{"name":"(anonymous_3)","decl":{"start":{"line":27,"column":2},"end":{"line":27,"column":7}},"loc":{"start":{"line":27,"column":53},"end":{"line":53,"column":3}}},"3":{"name":"(anonymous_4)","decl":{"start":{"line":56,"column":2},"end":{"line":56,"column":7}},"loc":{"start":{"line":56,"column":55},"end":{"line":70,"column":3}}},"4":{"name":"(anonymous_5)","decl":{"start":{"line":73,"column":2},"end":{"line":73,"column":7}},"loc":{"start":{"line":73,"column":54},"end":{"line":87,"column":3}}}},"branchMap":{"0":{"loc":{"start":{"line":14,"column":4},"end":{"line":16,"column":5}},"type":"if","locations":[{"start":{"line":14,"column":4},"end":{"line":16,"column":5}},{"start":{},"end":{}}]},"1":{"loc":{"start":{"line":31,"column":4},"end":{"line":33,"column":5}},"type":"if","locations":[{"start":{"line":31,"column":4},"end":{"line":33,"column":5}},{"start":{},"end":{}}]},"2":{"loc":{"start":{"line":35,"column":4},"end":{"line":40,"column":5}},"type":"if","locations":[{"start":{"line":35,"column":4},"end":{"line":40,"column":5}},{"start":{},"end":{}}]},"3":{"loc":{"start":{"line":35,"column":8},"end":{"line":35,"column":54}},"type":"binary-expr","locations":[{"start":{"line":35,"column":8},"end":{"line":35,"column":35}},{"start":{"line":35,"column":39},"end":{"line":35,"column":54}}]},"4":{"loc":{"start":{"line":59,"column":4},"end":{"line":61,"column":5}},"type":"if","locations":[{"start":{"line":59,"column":4},"end":{"line":61,"column":5}},{"start":{},"end":{}}]},"5":{"loc":{"start":{"line":76,"column":4},"end":{"line":78,"column":5}},"type":"if","locations":[{"start":{"line":76,"column":4},"end":{"line":78,"column":5}},{"start":{},"end":{}}]}},"s":{"0":7,"1":7,"2":7,"3":7,"4":1,"5":1,"6":0,"7":1,"8":1,"9":1,"10":0,"11":0,"12":2,"13":2,"14":2,"15":0,"16":2,"17":1,"18":1,"19":1,"20":1,"21":0,"22":0,"23":1,"24":1,"25":0,"26":1,"27":1,"28":1,"29":0,"30":0,"31":1,"32":1,"33":0,"34":1,"35":1,"36":1,"37":0,"38":0,"39":7},"f":{"0":7,"1":1,"2":2,"3":1,"4":1},"b":{"0":[0,1],"1":[0,2],"2":[1,1],"3":[2,1],"4":[0,1],"5":[0,1]}}
,"/Users/liron_dabach/Documents/לימודים/שנה ג׳/פרויקט גמר/Mingo/backend/src/controllers/tasksController.ts": {"path":"/Users/liron_dabach/Documents/לימודים/שנה ג׳/פרויקט גמר/Mingo/backend/src/controllers/tasksController.ts","statementMap":{"0":{"start":{"line":3,"column":0},"end":{"line":3,"column":46}},"1":{"start":{"line":4,"column":0},"end":{"line":4,"column":52}},"2":{"start":{"line":6,"column":0},"end":{"line":6,"column":46}},"3":{"start":{"line":10,"column":4},"end":{"line":10,"column":22}},"4":{"start":{"line":14,"column":26},"end":{"line":14,"column":36}},"5":{"start":{"line":16,"column":4},"end":{"line":18,"column":5}},"6":{"start":{"line":17,"column":6},"end":{"line":17,"column":71}},"7":{"start":{"line":20,"column":4},"end":{"line":31,"column":5}},"8":{"start":{"line":21,"column":22},"end":{"line":21,"column":79}},"9":{"start":{"line":23,"column":6},"end":{"line":25,"column":7}},"10":{"start":{"line":24,"column":8},"end":{"line":24,"column":64}},"11":{"start":{"line":27,"column":6},"end":{"line":27,"column":43}},"12":{"start":{"line":29,"column":6},"end":{"line":29,"column":25}},"13":{"start":{"line":30,"column":6},"end":{"line":30,"column":81}},"14":{"start":{"line":35,"column":34},"end":{"line":35,"column":44}},"15":{"start":{"line":37,"column":4},"end":{"line":39,"column":5}},"16":{"start":{"line":38,"column":6},"end":{"line":38,"column":84}},"17":{"start":{"line":41,"column":4},"end":{"line":61,"column":5}},"18":{"start":{"line":42,"column":22},"end":{"line":45,"column":8}},"19":{"start":{"line":47,"column":6},"end":{"line":49,"column":7}},"20":{"start":{"line":48,"column":8},"end":{"line":48,"column":61}},"21":{"start":{"line":51,"column":19},"end":{"line":51,"column":52}},"22":{"start":{"line":53,"column":6},"end":{"line":55,"column":7}},"23":{"start":{"line":54,"column":8},"end":{"line":54,"column":61}},"24":{"start":{"line":57,"column":6},"end":{"line":57,"column":28}},"25":{"start":{"line":59,"column":6},"end":{"line":59,"column":25}},"26":{"start":{"line":60,"column":6},"end":{"line":60,"column":70}},"27":{"start":{"line":65,"column":23},"end":{"line":65,"column":33}},"28":{"start":{"line":67,"column":4},"end":{"line":69,"column":5}},"29":{"start":{"line":68,"column":6},"end":{"line":68,"column":68}},"30":{"start":{"line":71,"column":4},"end":{"line":77,"column":5}},"31":{"start":{"line":72,"column":20},"end":{"line":72,"column":70}},"32":{"start":{"line":73,"column":6},"end":{"line":73,"column":29}},"33":{"start":{"line":75,"column":6},"end":{"line":75,"column":25}},"34":{"start":{"line":76,"column":6},"end":{"line":76,"column":76}},"35":{"start":{"line":81,"column":4},"end":{"line":81,"column":41}},"36":{"start":{"line":85,"column":26},"end":{"line":85,"column":36}},"37":{"start":{"line":87,"column":4},"end":{"line":90,"column":5}},"38":{"start":{"line":88,"column":6},"end":{"line":88,"column":64}},"39":{"start":{"line":89,"column":6},"end":{"line":89,"column":13}},"40":{"start":{"line":92,"column":4},"end":{"line":108,"column":5}},"41":{"start":{"line":93,"column":22},"end":{"line":93,"column":61}},"42":{"start":{"line":95,"column":6},"end":{"line":98,"column":7}},"43":{"start":{"line":96,"column":8},"end":{"line":96,"column":57}},"44":{"start":{"line":97,"column":8},"end":{"line":97,"column":15}},"45":{"start":{"line":100,"column":19},"end":{"line":100,"column":52}},"46":{"start":{"line":101,"column":6},"end":{"line":101,"column":62}},"47":{"start":{"line":102,"column":6},"end":{"line":102,"column":27}},"48":{"start":{"line":104,"column":6},"end":{"line":104,"column":33}},"49":{"start":{"line":106,"column":6},"end":{"line":106,"column":25}},"50":{"start":{"line":107,"column":6},"end":{"line":107,"column":55}},"51":{"start":{"line":112,"column":34},"end":{"line":112,"column":44}},"52":{"start":{"line":114,"column":4},"end":{"line":117,"column":5}},"53":{"start":{"line":115,"column":6},"end":{"line":115,"column":77}},"54":{"start":{"line":116,"column":6},"end":{"line":116,"column":13}},"55":{"start":{"line":119,"column":4},"end":{"line":143,"column":5}},"56":{"start":{"line":120,"column":22},"end":{"line":123,"column":8}},"57":{"start":{"line":125,"column":6},"end":{"line":128,"column":7}},"58":{"start":{"line":126,"column":8},"end":{"line":126,"column":54}},"59":{"start":{"line":127,"column":8},"end":{"line":127,"column":15}},"60":{"start":{"line":130,"column":26},"end":{"line":132,"column":8}},"61":{"start":{"line":134,"column":6},"end":{"line":137,"column":7}},"62":{"start":{"line":135,"column":8},"end":{"line":135,"column":54}},"63":{"start":{"line":136,"column":8},"end":{"line":136,"column":15}},"64":{"start":{"line":139,"column":6},"end":{"line":139,"column":28}},"65":{"start":{"line":141,"column":6},"end":{"line":141,"column":25}},"66":{"start":{"line":142,"column":6},"end":{"line":142,"column":55}},"67":{"start":{"line":147,"column":34},"end":{"line":147,"column":44}},"68":{"start":{"line":149,"column":4},"end":{"line":152,"column":5}},"69":{"start":{"line":150,"column":6},"end":{"line":150,"column":77}},"70":{"start":{"line":151,"column":6},"end":{"line":151,"column":13}},"71":{"start":{"line":154,"column":4},"end":{"line":181,"column":5}},"72":{"start":{"line":155,"column":22},"end":{"line":158,"column":8}},"73":{"start":{"line":160,"column":6},"end":{"line":163,"column":7}},"74":{"start":{"line":161,"column":8},"end":{"line":161,"column":54}},"75":{"start":{"line":162,"column":8},"end":{"line":162,"column":15}},"76":{"start":{"line":165,"column":26},"end":{"line":165,"column":68}},"77":{"start":{"line":167,"column":6},"end":{"line":170,"column":7}},"78":{"start":{"line":168,"column":8},"end":{"line":168,"column":54}},"79":{"start":{"line":169,"column":8},"end":{"line":169,"column":15}},"80":{"start":{"line":172,"column":6},"end":{"line":174,"column":8}},"81":{"start":{"line":173,"column":27},"end":{"line":173,"column":62}},"82":{"start":{"line":175,"column":6},"end":{"line":175,"column":27}},"83":{"start":{"line":177,"column":6},"end":{"line":177,"column":28}},"84":{"start":{"line":179,"column":6},"end":{"line":179,"column":25}},"85":{"start":{"line":180,"column":6},"end":{"line":180,"column":55}},"86":{"start":{"line":185,"column":0},"end":{"line":185,"column":37}}},"fnMap":{"0":{"name":"(anonymous_1)","decl":{"start":{"line":9,"column":2},"end":{"line":9,"column":null}},"loc":{"start":{"line":9,"column":2},"end":{"line":11,"column":3}}},"1":{"name":"(anonymous_2)","decl":{"start":{"line":13,"column":2},"end":{"line":13,"column":7}},"loc":{"start":{"line":13,"column":54},"end":{"line":32,"column":3}}},"2":{"name":"(anonymous_3)","decl":{"start":{"line":34,"column":2},"end":{"line":34,"column":7}},"loc":{"start":{"line":34,"column":47},"end":{"line":62,"column":3}}},"3":{"name":"(anonymous_4)","decl":{"start":{"line":64,"column":2},"end":{"line":64,"column":7}},"loc":{"start":{"line":64,"column":51},"end":{"line":78,"column":3}}},"4":{"name":"(anonymous_5)","decl":{"start":{"line":80,"column":2},"end":{"line":80,"column":7}},"loc":{"start":{"line":80,"column":63},"end":{"line":82,"column":3}}},"5":{"name":"(anonymous_6)","decl":{"start":{"line":84,"column":2},"end":{"line":84,"column":7}},"loc":{"start":{"line":84,"column":46},"end":{"line":109,"column":3}}},"6":{"name":"(anonymous_7)","decl":{"start":{"line":111,"column":2},"end":{"line":111,"column":7}},"loc":{"start":{"line":111,"column":46},"end":{"line":144,"column":3}}},"7":{"name":"(anonymous_8)","decl":{"start":{"line":146,"column":2},"end":{"line":146,"column":7}},"loc":{"start":{"line":146,"column":46},"end":{"line":182,"column":3}}},"8":{"name":"(anonymous_9)","decl":{"start":{"line":173,"column":8},"end":{"line":173,"column":9}},"loc":{"start":{"line":173,"column":27},"end":{"line":173,"column":62}}}},"branchMap":{"0":{"loc":{"start":{"line":16,"column":4},"end":{"line":18,"column":5}},"type":"if","locations":[{"start":{"line":16,"column":4},"end":{"line":18,"column":5}},{"start":{},"end":{}}]},"1":{"loc":{"start":{"line":23,"column":6},"end":{"line":25,"column":7}},"type":"if","locations":[{"start":{"line":23,"column":6},"end":{"line":25,"column":7}},{"start":{},"end":{}}]},"2":{"loc":{"start":{"line":27,"column":22},"end":{"line":27,"column":41}},"type":"binary-expr","locations":[{"start":{"line":27,"column":22},"end":{"line":27,"column":35}},{"start":{"line":27,"column":39},"end":{"line":27,"column":41}}]},"3":{"loc":{"start":{"line":37,"column":4},"end":{"line":39,"column":5}},"type":"if","locations":[{"start":{"line":37,"column":4},"end":{"line":39,"column":5}},{"start":{},"end":{}}]},"4":{"loc":{"start":{"line":37,"column":8},"end":{"line":37,"column":29}},"type":"binary-expr","locations":[{"start":{"line":37,"column":8},"end":{"line":37,"column":18}},{"start":{"line":37,"column":22},"end":{"line":37,"column":29}}]},"5":{"loc":{"start":{"line":47,"column":6},"end":{"line":49,"column":7}},"type":"if","locations":[{"start":{"line":47,"column":6},"end":{"line":49,"column":7}},{"start":{},"end":{}}]},"6":{"loc":{"start":{"line":53,"column":6},"end":{"line":55,"column":7}},"type":"if","locations":[{"start":{"line":53,"column":6},"end":{"line":55,"column":7}},{"start":{},"end":{}}]},"7":{"loc":{"start":{"line":67,"column":4},"end":{"line":69,"column":5}},"type":"if","locations":[{"start":{"line":67,"column":4},"end":{"line":69,"column":5}},{"start":{},"end":{}}]},"8":{"loc":{"start":{"line":87,"column":4},"end":{"line":90,"column":5}},"type":"if","locations":[{"start":{"line":87,"column":4},"end":{"line":90,"column":5}},{"start":{},"end":{}}]},"9":{"loc":{"start":{"line":95,"column":6},"end":{"line":98,"column":7}},"type":"if","locations":[{"start":{"line":95,"column":6},"end":{"line":98,"column":7}},{"start":{},"end":{}}]},"10":{"loc":{"start":{"line":114,"column":4},"end":{"line":117,"column":5}},"type":"if","locations":[{"start":{"line":114,"column":4},"end":{"line":117,"column":5}},{"start":{},"end":{}}]},"11":{"loc":{"start":{"line":114,"column":8},"end":{"line":114,"column":29}},"type":"binary-expr","locations":[{"start":{"line":114,"column":8},"end":{"line":114,"column":18}},{"start":{"line":114,"column":22},"end":{"line":114,"column":29}}]},"12":{"loc":{"start":{"line":125,"column":6},"end":{"line":128,"column":7}},"type":"if","locations":[{"start":{"line":125,"column":6},"end":{"line":128,"column":7}},{"start":{},"end":{}}]},"13":{"loc":{"start":{"line":134,"column":6},"end":{"line":137,"column":7}},"type":"if","locations":[{"start":{"line":134,"column":6},"end":{"line":137,"column":7}},{"start":{},"end":{}}]},"14":{"loc":{"start":{"line":149,"column":4},"end":{"line":152,"column":5}},"type":"if","locations":[{"start":{"line":149,"column":4},"end":{"line":152,"column":5}},{"start":{},"end":{}}]},"15":{"loc":{"start":{"line":149,"column":8},"end":{"line":149,"column":29}},"type":"binary-expr","locations":[{"start":{"line":149,"column":8},"end":{"line":149,"column":18}},{"start":{"line":149,"column":22},"end":{"line":149,"column":29}}]},"16":{"loc":{"start":{"line":160,"column":6},"end":{"line":163,"column":7}},"type":"if","locations":[{"start":{"line":160,"column":6},"end":{"line":163,"column":7}},{"start":{},"end":{}}]},"17":{"loc":{"start":{"line":167,"column":6},"end":{"line":170,"column":7}},"type":"if","locations":[{"start":{"line":167,"column":6},"end":{"line":170,"column":7}},{"start":{},"end":{}}]}},"s":{"0":7,"1":7,"2":7,"3":7,"4":2,"5":2,"6":0,"7":2,"8":2,"9":2,"10":1,"11":1,"12":0,"13":0,"14":3,"15":3,"16":0,"17":3,"18":3,"19":3,"20":1,"21":2,"22":2,"23":1,"24":1,"25":0,"26":0,"27":2,"28":2,"29":0,"30":2,"31":2,"32":2,"33":0,"34":0,"35":0,"36":2,"37":2,"38":0,"39":0,"40":2,"41":2,"42":2,"43":1,"44":1,"45":1,"46":1,"47":1,"48":1,"49":0,"50":0,"51":3,"52":3,"53":0,"54":0,"55":3,"56":3,"57":3,"58":1,"59":1,"60":2,"61":2,"62":1,"63":1,"64":1,"65":0,"66":0,"67":3,"68":3,"69":0,"70":0,"71":3,"72":3,"73":3,"74":1,"75":1,"76":2,"77":2,"78":1,"79":1,"80":1,"81":2,"82":1,"83":1,"84":0,"85":0,"86":7},"f":{"0":7,"1":2,"2":3,"3":2,"4":0,"5":2,"6":3,"7":3,"8":2},"b":{"0":[0,2],"1":[1,1],"2":[1,0],"3":[0,3],"4":[3,3],"5":[1,2],"6":[1,1],"7":[0,2],"8":[0,2],"9":[1,1],"10":[0,3],"11":[3,3],"12":[1,2],"13":[1,1],"14":[0,3],"15":[3,3],"16":[1,2],"17":[1,1]}}
,"/Users/liron_dabach/Documents/לימודים/שנה ג׳/פרויקט גמר/Mingo/backend/src/controllers/transcriptController.ts": {"path":"/Users/liron_dabach/Documents/לימודים/שנה ג׳/פרויקט גמר/Mingo/backend/src/controllers/transcriptController.ts","statementMap":{"0":{"start":{"line":2,"column":0},"end":{"line":2,"column":56}},"1":{"start":{"line":4,"column":0},"end":{"line":4,"column":46}},"2":{"start":{"line":5,"column":0},"end":{"line":5,"column":null}},"3":{"start":{"line":8,"column":0},"end":{"line":8,"column":95}},"4":{"start":{"line":12,"column":4},"end":{"line":12,"column":27}},"5":{"start":{"line":16,"column":22},"end":{"line":16,"column":42}},"6":{"start":{"line":17,"column":4},"end":{"line":19,"column":5}},"7":{"start":{"line":18,"column":6},"end":{"line":18,"column":71}},"8":{"start":{"line":21,"column":4},"end":{"line":27,"column":5}},"9":{"start":{"line":22,"column":26},"end":{"line":22,"column":76}},"10":{"start":{"line":23,"column":6},"end":{"line":23,"column":28}},"11":{"start":{"line":25,"column":6},"end":{"line":25,"column":25}},"12":{"start":{"line":26,"column":6},"end":{"line":26,"column":80}},"13":{"start":{"line":31,"column":4},"end":{"line":33,"column":5}},"14":{"start":{"line":32,"column":6},"end":{"line":32,"column":61}},"15":{"start":{"line":35,"column":4},"end":{"line":37,"column":5}},"16":{"start":{"line":36,"column":6},"end":{"line":36,"column":65}},"17":{"start":{"line":39,"column":4},"end":{"line":55,"column":5}},"18":{"start":{"line":40,"column":21},"end":{"line":45,"column":8}},"19":{"start":{"line":47,"column":6},"end":{"line":47,"column":42}},"20":{"start":{"line":49,"column":6},"end":{"line":51,"column":7}},"21":{"start":{"line":50,"column":8},"end":{"line":50,"column":75}},"22":{"start":{"line":53,"column":6},"end":{"line":53,"column":58}},"23":{"start":{"line":54,"column":6},"end":{"line":54,"column":69}},"24":{"start":{"line":59,"column":4},"end":{"line":61,"column":5}},"25":{"start":{"line":60,"column":6},"end":{"line":60,"column":61}},"26":{"start":{"line":63,"column":4},"end":{"line":79,"column":5}},"27":{"start":{"line":64,"column":21},"end":{"line":69,"column":8}},"28":{"start":{"line":71,"column":6},"end":{"line":71,"column":42}},"29":{"start":{"line":73,"column":6},"end":{"line":75,"column":7}},"30":{"start":{"line":74,"column":8},"end":{"line":74,"column":75}},"31":{"start":{"line":77,"column":6},"end":{"line":77,"column":60}},"32":{"start":{"line":78,"column":6},"end":{"line":78,"column":78}},"33":{"start":{"line":83,"column":0},"end":{"line":83,"column":42}}},"fnMap":{"0":{"name":"(anonymous_10)","decl":{"start":{"line":11,"column":2},"end":{"line":11,"column":null}},"loc":{"start":{"line":11,"column":2},"end":{"line":13,"column":3}}},"1":{"name":"(anonymous_11)","decl":{"start":{"line":15,"column":2},"end":{"line":15,"column":7}},"loc":{"start":{"line":15,"column":54},"end":{"line":28,"column":3}}},"2":{"name":"(anonymous_12)","decl":{"start":{"line":30,"column":2},"end":{"line":30,"column":7}},"loc":{"start":{"line":30,"column":55},"end":{"line":56,"column":3}}},"3":{"name":"(anonymous_13)","decl":{"start":{"line":58,"column":2},"end":{"line":58,"column":7}},"loc":{"start":{"line":58,"column":57},"end":{"line":80,"column":3}}}},"branchMap":{"0":{"loc":{"start":{"line":17,"column":4},"end":{"line":19,"column":5}},"type":"if","locations":[{"start":{"line":17,"column":4},"end":{"line":19,"column":5}},{"start":{},"end":{}}]},"1":{"loc":{"start":{"line":31,"column":4},"end":{"line":33,"column":5}},"type":"if","locations":[{"start":{"line":31,"column":4},"end":{"line":33,"column":5}},{"start":{},"end":{}}]},"2":{"loc":{"start":{"line":35,"column":4},"end":{"line":37,"column":5}},"type":"if","locations":[{"start":{"line":35,"column":4},"end":{"line":37,"column":5}},{"start":{},"end":{}}]},"3":{"loc":{"start":{"line":49,"column":6},"end":{"line":51,"column":7}},"type":"if","locations":[{"start":{"line":49,"column":6},"end":{"line":51,"column":7}},{"start":{},"end":{}}]},"4":{"loc":{"start":{"line":59,"column":4},"end":{"line":61,"column":5}},"type":"if","locations":[{"start":{"line":59,"column":4},"end":{"line":61,"column":5}},{"start":{},"end":{}}]},"5":{"loc":{"start":{"line":73,"column":6},"end":{"line":75,"column":7}},"type":"if","locations":[{"start":{"line":73,"column":6},"end":{"line":75,"column":7}},{"start":{},"end":{}}]}},"s":{"0":7,"1":7,"2":7,"3":7,"4":7,"5":2,"6":2,"7":0,"8":2,"9":2,"10":2,"11":0,"12":0,"13":1,"14":0,"15":1,"16":1,"17":0,"18":0,"19":0,"20":0,"21":0,"22":0,"23":0,"24":4,"25":0,"26":4,"27":4,"28":2,"29":2,"30":2,"31":0,"32":0,"33":7},"f":{"0":7,"1":2,"2":1,"3":4},"b":{"0":[0,2],"1":[0,1],"2":[1,0],"3":[0,0],"4":[0,4],"5":[2,0]}}
,"/Users/liron_dabach/Documents/לימודים/שנה ג׳/פרויקט גמר/Mingo/backend/src/controllers/usersController.ts": {"path":"/Users/liron_dabach/Documents/לימודים/שנה ג׳/פרויקט גמר/Mingo/backend/src/controllers/usersController.ts","statementMap":{"0":{"start":{"line":2,"column":0},"end":{"line":2,"column":28}},"1":{"start":{"line":3,"column":0},"end":{"line":3,"column":40}},"2":{"start":{"line":5,"column":0},"end":{"line":5,"column":null}},"3":{"start":{"line":15,"column":23},"end":{"line":15,"column":49}},"4":{"start":{"line":16,"column":25},"end":{"line":21,"column":1}},"5":{"start":{"line":17,"column":18},"end":{"line":17,"column":64}},"6":{"start":{"line":18,"column":2},"end":{"line":18,"column":26}},"7":{"start":{"line":19,"column":2},"end":{"line":19,"column":31}},"8":{"start":{"line":20,"column":2},"end":{"line":20,"column":17}},"9":{"start":{"line":23,"column":22},"end":{"line":30,"column":2}},"10":{"start":{"line":32,"column":29},"end":{"line":33,"column":69}},"11":{"start":{"line":33,"column":2},"end":{"line":33,"column":69}},"12":{"start":{"line":33,"column":41},"end":{"line":33,"column":68}},"13":{"start":{"line":35,"column":28},"end":{"line":44,"column":1}},"14":{"start":{"line":36,"column":18},"end":{"line":36,"column":31}},"15":{"start":{"line":37,"column":39},"end":{"line":37,"column":41}},"16":{"start":{"line":38,"column":2},"end":{"line":42,"column":3}},"17":{"start":{"line":39,"column":4},"end":{"line":41,"column":5}},"18":{"start":{"line":40,"column":6},"end":{"line":40,"column":31}},"19":{"start":{"line":43,"column":2},"end":{"line":43,"column":17}},"20":{"start":{"line":46,"column":21},"end":{"line":47,"column":42}},"21":{"start":{"line":47,"column":2},"end":{"line":47,"column":42}},"22":{"start":{"line":51,"column":4},"end":{"line":57,"column":5}},"23":{"start":{"line":52,"column":20},"end":{"line":52,"column":55}},"24":{"start":{"line":53,"column":6},"end":{"line":53,"column":29}},"25":{"start":{"line":55,"column":6},"end":{"line":55,"column":25}},"26":{"start":{"line":56,"column":6},"end":{"line":56,"column":65}},"27":{"start":{"line":61,"column":4},"end":{"line":70,"column":5}},"28":{"start":{"line":62,"column":19},"end":{"line":62,"column":69}},"29":{"start":{"line":63,"column":6},"end":{"line":65,"column":7}},"30":{"start":{"line":64,"column":8},"end":{"line":64,"column":61}},"31":{"start":{"line":66,"column":6},"end":{"line":66,"column":28}},"32":{"start":{"line":68,"column":6},"end":{"line":68,"column":25}},"33":{"start":{"line":69,"column":6},"end":{"line":69,"column":70}},"34":{"start":{"line":74,"column":4},"end":{"line":107,"column":5}},"35":{"start":{"line":75,"column":6},"end":{"line":77,"column":7}},"36":{"start":{"line":76,"column":8},"end":{"line":76,"column":72}},"37":{"start":{"line":78,"column":22},"end":{"line":78,"column":51}},"38":{"start":{"line":79,"column":6},"end":{"line":81,"column":7}},"39":{"start":{"line":80,"column":8},"end":{"line":80,"column":78}},"40":{"start":{"line":83,"column":6},"end":{"line":85,"column":7}},"41":{"start":{"line":84,"column":8},"end":{"line":84,"column":78}},"42":{"start":{"line":86,"column":6},"end":{"line":88,"column":7}},"43":{"start":{"line":87,"column":8},"end":{"line":87,"column":60}},"44":{"start":{"line":90,"column":6},"end":{"line":93,"column":7}},"45":{"start":{"line":91,"column":21},"end":{"line":91,"column":45}},"46":{"start":{"line":92,"column":8},"end":{"line":92,"column":69}},"47":{"start":{"line":95,"column":22},"end":{"line":95,"column":48}},"48":{"start":{"line":96,"column":6},"end":{"line":96,"column":61}},"49":{"start":{"line":98,"column":6},"end":{"line":104,"column":7}},"50":{"start":{"line":99,"column":31},"end":{"line":99,"column":67}},"51":{"start":{"line":100,"column":8},"end":{"line":102,"column":9}},"52":{"start":{"line":101,"column":10},"end":{"line":101,"column":72}},"53":{"start":{"line":103,"column":8},"end":{"line":103,"column":79}},"54":{"start":{"line":105,"column":6},"end":{"line":105,"column":25}},"55":{"start":{"line":106,"column":6},"end":{"line":106,"column":62}},"56":{"start":{"line":111,"column":19},"end":{"line":111,"column":32}},"57":{"start":{"line":112,"column":4},"end":{"line":190,"column":5}},"58":{"start":{"line":113,"column":19},"end":{"line":113,"column":46}},"59":{"start":{"line":114,"column":6},"end":{"line":116,"column":7}},"60":{"start":{"line":115,"column":8},"end":{"line":115,"column":61}},"61":{"start":{"line":117,"column":6},"end":{"line":119,"column":7}},"62":{"start":{"line":118,"column":8},"end":{"line":118,"column":69}},"63":{"start":{"line":121,"column":32},"end":{"line":121,"column":51}},"64":{"start":{"line":122,"column":6},"end":{"line":124,"column":7}},"65":{"start":{"line":123,"column":8},"end":{"line":123,"column":72}},"66":{"start":{"line":125,"column":22},"end":{"line":125,"column":51}},"67":{"start":{"line":129,"column":8},"end":{"line":130,"column":46}},"68":{"start":{"line":131,"column":6},"end":{"line":131,"column":42}},"69":{"start":{"line":133,"column":6},"end":{"line":135,"column":7}},"70":{"start":{"line":134,"column":8},"end":{"line":134,"column":60}},"71":{"start":{"line":137,"column":6},"end":{"line":139,"column":7}},"72":{"start":{"line":138,"column":8},"end":{"line":138,"column":32}},"73":{"start":{"line":141,"column":6},"end":{"line":145,"column":7}},"74":{"start":{"line":142,"column":8},"end":{"line":142,"column":78}},"75":{"start":{"line":143,"column":13},"end":{"line":145,"column":7}},"76":{"start":{"line":147,"column":6},"end":{"line":150,"column":7}},"77":{"start":{"line":148,"column":21},"end":{"line":148,"column":45}},"78":{"start":{"line":149,"column":8},"end":{"line":149,"column":69}},"79":{"start":{"line":153,"column":6},"end":{"line":164,"column":7}},"80":{"start":{"line":155,"column":8},"end":{"line":159,"column":10}},"81":{"start":{"line":161,"column":8},"end":{"line":163,"column":11}},"82":{"start":{"line":166,"column":6},"end":{"line":168,"column":7}},"83":{"start":{"line":167,"column":8},"end":{"line":167,"column":61}},"84":{"start":{"line":171,"column":6},"end":{"line":177,"column":7}},"85":{"start":{"line":176,"column":8},"end":{"line":176,"column":57}},"86":{"start":{"line":179,"column":6},"end":{"line":179,"column":49}},"87":{"start":{"line":181,"column":6},"end":{"line":187,"column":7}},"88":{"start":{"line":182,"column":31},"end":{"line":182,"column":67}},"89":{"start":{"line":183,"column":8},"end":{"line":185,"column":9}},"90":{"start":{"line":184,"column":10},"end":{"line":184,"column":72}},"91":{"start":{"line":186,"column":8},"end":{"line":186,"column":79}},"92":{"start":{"line":188,"column":6},"end":{"line":188,"column":25}},"93":{"start":{"line":189,"column":6},"end":{"line":189,"column":62}},"94":{"start":{"line":194,"column":19},"end":{"line":194,"column":32}},"95":{"start":{"line":195,"column":4},"end":{"line":214,"column":5}},"96":{"start":{"line":196,"column":19},"end":{"line":196,"column":46}},"97":{"start":{"line":197,"column":6},"end":{"line":199,"column":7}},"98":{"start":{"line":198,"column":8},"end":{"line":198,"column":61}},"99":{"start":{"line":200,"column":6},"end":{"line":202,"column":7}},"100":{"start":{"line":201,"column":8},"end":{"line":201,"column":69}},"101":{"start":{"line":204,"column":22},"end":{"line":204,"column":58}},"102":{"start":{"line":205,"column":6},"end":{"line":207,"column":7}},"103":{"start":{"line":206,"column":8},"end":{"line":206,"column":61}},"104":{"start":{"line":209,"column":6},"end":{"line":209,"column":60}},"105":{"start":{"line":210,"column":6},"end":{"line":210,"column":61}},"106":{"start":{"line":212,"column":6},"end":{"line":212,"column":25}},"107":{"start":{"line":213,"column":6},"end":{"line":213,"column":62}},"108":{"start":{"line":218,"column":0},"end":{"line":218,"column":37}}},"fnMap":{"0":{"name":"(anonymous_1)","decl":{"start":{"line":16,"column":25},"end":{"line":16,"column":26}},"loc":{"start":{"line":16,"column":39},"end":{"line":21,"column":1}}},"1":{"name":"(anonymous_2)","decl":{"start":{"line":32,"column":29},"end":{"line":32,"column":30}},"loc":{"start":{"line":33,"column":2},"end":{"line":33,"column":69}}},"2":{"name":"(anonymous_3)","decl":{"start":{"line":33,"column":32},"end":{"line":33,"column":33}},"loc":{"start":{"line":33,"column":41},"end":{"line":33,"column":68}}},"3":{"name":"(anonymous_4)","decl":{"start":{"line":35,"column":28},"end":{"line":35,"column":29}},"loc":{"start":{"line":35,"column":42},"end":{"line":44,"column":1}}},"4":{"name":"(anonymous_5)","decl":{"start":{"line":46,"column":21},"end":{"line":46,"column":22}},"loc":{"start":{"line":47,"column":2},"end":{"line":47,"column":42}}},"5":{"name":"(anonymous_6)","decl":{"start":{"line":50,"column":2},"end":{"line":50,"column":7}},"loc":{"start":{"line":50,"column":43},"end":{"line":58,"column":3}}},"6":{"name":"(anonymous_7)","decl":{"start":{"line":60,"column":2},"end":{"line":60,"column":7}},"loc":{"start":{"line":60,"column":43},"end":{"line":71,"column":3}}},"7":{"name":"(anonymous_8)","decl":{"start":{"line":73,"column":2},"end":{"line":73,"column":7}},"loc":{"start":{"line":73,"column":48},"end":{"line":108,"column":3}}},"8":{"name":"(anonymous_9)","decl":{"start":{"line":110,"column":2},"end":{"line":110,"column":7}},"loc":{"start":{"line":110,"column":52},"end":{"line":191,"column":3}}},"9":{"name":"(anonymous_10)","decl":{"start":{"line":193,"column":2},"end":{"line":193,"column":7}},"loc":{"start":{"line":193,"column":43},"end":{"line":215,"column":3}}}},"branchMap":{"0":{"loc":{"start":{"line":17,"column":18},"end":{"line":17,"column":64}},"type":"cond-expr","locations":[{"start":{"line":17,"column":35},"end":{"line":17,"column":50}},{"start":{"line":17,"column":53},"end":{"line":17,"column":64}}]},"1":{"loc":{"start":{"line":33,"column":14},"end":{"line":33,"column":24}},"type":"binary-expr","locations":[{"start":{"line":33,"column":14},"end":{"line":33,"column":18}},{"start":{"line":33,"column":22},"end":{"line":33,"column
[...]
3)","decl":{"start":{"line":23,"column":15},"end":{"line":23,"column":25}},"loc":{"start":{"line":23,"column":40},"end":{"line":25,"column":3}}},"3":{"name":"(anonymous_4)","decl":{"start":{"line":26,"column":12},"end":{"line":26,"column":22}},"loc":{"start":{"line":26,"column":35},"end":{"line":56,"column":3}}},"4":{"name":"(anonymous_5)","decl":{"start":{"line":63,"column":14},"end":{"line":63,"column":15}},"loc":{"start":{"line":63,"column":33},"end":{"line":69,"column":3}}},"5":{"name":"(anonymous_6)","decl":{"start":{"line":74,"column":33},"end":{"line":74,"column":null}},"loc":{"start":{"line":78,"column":4},"end":{"line":85,"column":1}}},"6":{"name":"(anonymous_7)","decl":{"start":{"line":79,"column":39},"end":{"line":79,"column":40}},"loc":{"start":{"line":79,"column":52},"end":{"line":84,"column":3}}},"7":{"name":"(anonymous_8)","decl":{"start":{"line":87,"column":36},"end":{"line":87,"column":37}},"loc":{"start":{"line":88,"column":2},"end":{"line":88,"column":63}}},"8":{"name":"(anonymous_9)","decl":{"start":{"line":90,"column":37},"end":{"line":90,"column":38}},"loc":{"start":{"line":90,"column":68},"end":{"line":103,"column":1}}},"9":{"name":"(anonymous_10)","decl":{"start":{"line":105,"column":39},"end":{"line":105,"column":44}},"loc":{"start":{"line":107,"column":19},"end":{"line":122,"column":1}}}},"branchMap":{"0":{"loc":{"start":{"line":16,"column":9},"end":{"line":16,"column":28}},"type":"binary-expr","locations":[{"start":{"line":16,"column":9},"end":{"line":16,"column":18}},{"start":{"line":16,"column":22},"end":{"line":16,"column":28}}]},"1":{"loc":{"start":{"line":29,"column":6},"end":{"line":29,"column":69}},"type":"binary-expr","locations":[{"start":{"line":29,"column":6},"end":{"line":29,"column":22}},{"start":{"line":29,"column":26},"end":{"line":29,"column":69}}]},"2":{"loc":{"start":{"line":30,"column":24},"end":{"line":32,"column":25}},"type":"cond-expr","locations":[{"start":{"line":31,"column":8},"end":{"line":31,"column":48}},{"start":{"line":32,"column":8},"end":{"line":32,"column":25}}]},"3":{"loc":{"start":{"line":33,"column":16},"end":{"line":33,"column":77}},"type":"cond-expr","locations":[{"start":{"line":33,"column":31},"end":{"line":33,"column":72}},{"start":{"line":33,"column":75},"end":{"line":33,"column":77}}]},"4":{"loc":{"start":{"line":37,"column":6},"end":{"line":37,"column":69}},"type":"cond-expr","locations":[{"start":{"line":37,"column":47},"end":{"line":37,"column":64}},{"start":{"line":37,"column":67},"end":{"line":37,"column":69}}]},"5":{"loc":{"start":{"line":49,"column":4},"end":{"line":51,"column":5}},"type":"if","locations":[{"start":{"line":49,"column":4},"end":{"line":51,"column":5}},{"start":{},"end":{}}]},"6":{"loc":{"start":{"line":54,"column":44},"end":{"line":54,"column":64}},"type":"cond-expr","locations":[{"start":{"line":54,"column":50},"end":{"line":54,"column":59}},{"start":{"line":54,"column":62},"end":{"line":54,"column":64}}]},"7":{"loc":{"start":{"line":64,"column":4},"end":{"line":67,"column":5}},"type":"if","locations":[{"start":{"line":64,"column":4},"end":{"line":67,"column":5}},{"start":{},"end":{}}]},"8":{"loc":{"start":{"line":80,"column":4},"end":{"line":82,"column":5}},"type":"if","locations":[{"start":{"line":80,"column":4},"end":{"line":82,"column":5}},{"start":{},"end":{}}]},"9":{"loc":{"start":{"line":81,"column":45},"end":{"line":81,"column":74}},"type":"binary-expr","locations":[{"start":{"line":81,"column":45},"end":{"line":81,"column":56}},{"start":{"line":81,"column":60},"end":{"line":81,"column":74}}]},"10":{"loc":{"start":{"line":94,"column":4},"end":{"line":96,"column":5}},"type":"if","locations":[{"start":{"line":94,"column":4},"end":{"line":96,"column":5}},{"start":{},"end":{}}]},"11":{"loc":{"start":{"line":108,"column":2},"end":{"line":108,"column":19}},"type":"if","locations":[{"start":{"line":108,"column":2},"end":{"line":108,"column":19}},{"start":{},"end":{}}]},"12":{"loc":{"start":{"line":110,"column":2},"end":{"line":110,"column":24}},"type":"if","locations":[{"start":{"line":110,"column":2},"end":{"line":110,"column":24}},{"start":{},"end":{}}]},"13":{"loc":{"start":{"line":113,"column":2},"end":{"line":113,"column":54}},"type":"if","locations":[{"start":{"line":113,"column":2},"end":{"line":113,"column":54}},{"start":{},"end":{}}]},"14":{"loc":{"start":{"line":118,"column":4},"end":{"line":120,"column":5}},"type":"if","locations":[{"start":{"line":118,"column":4},"end":{"line":120,"column":5}},{"start":{},"end":{}}]}},"s":{"0":7,"1":7,"2":7,"3":7,"4":7,"5":7,"6":7,"7":3,"8":3,"9":7,"10":3,"11":7,"12":3,"13":3,"14":3,"15":3,"16":3,"17":3,"18":3,"19":3,"20":3,"21":3,"22":3,"23":3,"24":3,"25":3,"26":3,"27":3,"28":7,"29":7,"30":3,"31":3,"32":3,"33":0,"34":7,"35":7,"36":19,"37":19,"38":0,"39":19,"40":7,"41":7,"42":3,"43":7,"44":7,"45":2,"46":2,"47":2,"48":2,"49":0,"50":2,"51":0,"52":7,"53":3,"54":1,"55":2,"56":2,"57":0,"58":2,"59":2,"60":0,"61":2,"62":2,"63":0,"64":0,"65":7},"f":{"0":3,"1":3,"2":3,"3":3,"4":3,"5":19,"6":19,"7":3,"8":2,"9":3},"b":{"0":[3,0],"1":[3,3],"2":[3,0],"3":[3,0],"4":[3,0],"5":[3,0],"6":[3,0],"7":[3,0],"8":[0,19],"9":[0,0],"10":[0,2],"11":[1,2],"12":[0,2],"13":[0,2],"14":[0,0]}}
,"/Users/liron_dabach/Documents/לימודים/שנה ג׳/פרויקט גמר/Mingo/backend/src/services/Transcript/transcribeMP3Service.ts": {"path":"/Users/liron_dabach/Documents/לימודים/שנה ג׳/פרויקט גמר/Mingo/backend/src/services/Transcript/transcribeMP3Service.ts","statementMap":{"0":{"start":{"line":1,"column":0},"end":{"line":1,"column":20}},"1":{"start":{"line":2,"column":0},"end":{"line":2,"column":33}},"2":{"start":{"line":3,"column":0},"end":{"line":3,"column":41}},"3":{"start":{"line":4,"column":0},"end":{"line":4,"column":33}},"4":{"start":{"line":5,"column":0},"end":{"line":5,"column":31}},"5":{"start":{"line":6,"column":0},"end":{"line":6,"column":28}},"6":{"start":{"line":7,"column":0},"end":{"line":7,"column":24}},"7":{"start":{"line":8,"column":0},"end":{"line":8,"column":74}},"8":{"start":{"line":10,"column":22},"end":{"line":10,"column":41}},"9":{"start":{"line":16,"column":4},"end":{"line":16,"column":19}},"10":{"start":{"line":17,"column":4},"end":{"line":17,"column":44}},"11":{"start":{"line":18,"column":4},"end":{"line":18,"column":33}},"12":{"start":{"line":12,"column":0},"end":{"line":12,"column":13}},"13":{"start":{"line":29,"column":15},"end":{"line":45,"column":2}},"14":{"start":{"line":36,"column":6},"end":{"line":36,"column":69}},"15":{"start":{"line":37,"column":22},"end":{"line":37,"column":78}},"16":{"start":{"line":39,"column":4},"end":{"line":41,"column":5}},"17":{"start":{"line":40,"column":6},"end":{"line":40,"column":82}},"18":{"start":{"line":43,"column":4},"end":{"line":43,"column":19}},"19":{"start":{"line":47,"column":26},"end":{"line":54,"column":1}},"20":{"start":{"line":48,"column":26},"end":{"line":48,"column":46}},"21":{"start":{"line":49,"column":2},"end":{"line":51,"column":3}},"22":{"start":{"line":50,"column":4},"end":{"line":50,"column":27}},"23":{"start":{"line":53,"column":2},"end":{"line":53,"column":64}},"24":{"start":{"line":56,"column":27},"end":{"line":64,"column":1}},"25":{"start":{"line":57,"column":2},"end":{"line":63,"column":3}},"26":{"start":{"line":58,"column":4},"end":{"line":58,"column":39}},"27":{"start":{"line":60,"column":4},"end":{"line":62,"column":5}},"28":{"start":{"line":61,"column":6},"end":{"line":61,"column":60}},"29":{"start":{"line":66,"column":34},"end":{"line":87,"column":1}},"30":{"start":{"line":67,"column":2},"end":{"line":86,"column":3}},"31":{"start":{"line":68,"column":23},"end":{"line":76,"column":6}},"32":{"start":{"line":78,"column":21},"end":{"line":78,"column":53}},"33":{"start":{"line":79,"column":4},"end":{"line":79,"column":72}},"34":{"start":{"line":81,"column":4},"end":{"line":83,"column":5}},"35":{"start":{"line":82,"column":6},"end":{"line":82,"column":62}},"36":{"start":{"line":85,"column":4},"end":{"line":85,"column":21}},"37":{"start":{"line":89,"column":29},"end":{"line":125,"column":1}},"38":{"start":{"line":90,"column":17},"end":{"line":90,"column":43}},"39":{"start":{"line":91,"column":2},"end":{"line":93,"column":3}},"40":{"start":{"line":92,"column":4},"end":{"line":92,"column":78}},"41":{"start":{"line":95,"column":21},"end":{"line":95,"column":50}},"42":{"start":{"line":96,"column":19},"end":{"line":96,"column":33}},"43":{"start":{"line":97,"column":2},"end":{"line":97,"column":38}},"44":{"start":{"line":98,"column":2},"end":{"line":98,"column":40}},"45":{"start":{"line":99,"column":2},"end":{"line":99,"column":36}},"46":{"start":{"line":101,"column":19},"end":{"line":107,"column":4}},"47":{"start":{"line":109,"column":2},"end":{"line":115,"column":3}},"48":{"start":{"line":110,"column":22},"end":{"line":110,"column":43}},"49":{"start":{"line":111,"column":4},"end":{"line":114,"column":6}},"50":{"start":{"line":117,"column":29},"end":{"line":117,"column":50}},"51":{"start":{"line":118,"column":15},"end":{"line":118,"column":52}},"52":{"start":{"line":120,"column":2},"end":{"line":122,"column":3}},"53":{"start":{"line":121,"column":4},"end":{"line":121,"column":87}},"54":{"start":{"line":124,"column":2},"end":{"line":124,"column":14}},"55":{"start":{"line":127,"column":24},"end":{"line":154,"column":1}},"56":{"start":{"line":133,"column":19},"end":{"line":133,"column":28}},"57":{"start":{"line":135,"column":2},"end":{"line":153,"column":3}},"58":{"start":{"line":136,"column":42},"end":{"line":139,"column":6}},"59":{"start":{"line":140,"column":19},"end":{"line":145,"column":6}},"60":{"start":{"line":147,"column":4},"end":{"line":147,"column":47}},"61":{"start":{"line":148,"column":4},"end":{"line":148,"column":32}},"62":{"start":{"line":150,"column":4},"end":{"line":150,"column":18}},"63":{"start":{"line":152,"column":4},"end":{"line":152,"column":39}},"64":{"start":{"line":156,"column":0},"end":{"line":159,"column":2}}},"fnMap":{"0":{"name":"(anonymous_1)","decl":{"start":{"line":15,"column":2},"end":{"line":15,"column":14}},"loc":{"start":{"line":15,"column":47},"end":{"line":19,"column":3}}},"1":{"name":"(anonymous_2)","decl":{"start":{"line":34,"column":14},"end":{"line":34,"column":15}},"loc":{"start":{"line":34,"column":33},"end":{"line":44,"column":3}}},"2":{"name":"(anonymous_3)","decl":{"start":{"line":47,"column":26},"end":{"line":47,"column":27}},"loc":{"start":{"line":47,"column":74},"end":{"line":54,"column":1}}},"3":{"name":"(anonymous_4)","decl":{"start":{"line":56,"column":27},"end":{"line":56,"column":32}},"loc":{"start":{"line":56,"column":54},"end":{"line":64,"column":1}}},"4":{"name":"(anonymous_5)","decl":{"start":{"line":66,"column":34},"end":{"line":66,"column":39}},"loc":{"start":{"line":66,"column":61},"end":{"line":87,"column":1}}},"5":{"name":"(anonymous_6)","decl":{"start":{"line":89,"column":29},"end":{"line":89,"column":34}},"loc":{"start":{"line":89,"column":56},"end":{"line":125,"column":1}}},"6":{"name":"(anonymous_7)","decl":{"start":{"line":127,"column":24},"end":{"line":127,"column":29}},"loc":{"start":{"line":132,"column":27},"end":{"line":154,"column":1}}}},"branchMap":{"0":{"loc":{"start":{"line":15,"column":31},"end":{"line":15,"column":47}},"type":"default-arg","locations":[{"start":{"line":15,"column":44},"end":{"line":15,"column":47}}]},"1":{"loc":{"start":{"line":36,"column":6},"end":{"line":36,"column":69}},"type":"binary-expr","locations":[{"start":{"line":36,"column":6},"end":{"line":36,"column":36}},{"start":{"line":36,"column":40},"end":{"line":36,"column":69}}]},"2":{"loc":{"start":{"line":39,"column":4},"end":{"line":41,"column":5}},"type":"if","locations":[{"start":{"line":39,"column":4},"end":{"line":41,"column":5}},{"start":{},"end":{}}]},"3":{"loc":{"start":{"line":39,"column":8},"end":{"line":39,"column":32}},"type":"binary-expr","locations":[{"start":{"line":39,"column":8},"end":{"line":39,"column":18}},{"start":{"line":39,"column":22},"end":{"line":39,"column":32}}]},"4":{"loc":{"start":{"line":48,"column":27},"end":{"line":48,"column":38}},"type":"binary-expr","locations":[{"start":{"line":48,"column":27},"end":{"line":48,"column":32}},{"start":{"line":48,"column":36},"end":{"line":48,"column":38}}]},"5":{"loc":{"start":{"line":49,"column":2},"end":{"line":51,"column":3}},"type":"if","locations":[{"start":{"line":49,"column":2},"end":{"line":51,"column":3}},{"start":{},"end":{}}]},"6":{"loc":{"start":{"line":53,"column":9},"end":{"line":53,"column":63}},"type":"binary-expr","locations":[{"start":{"line":53,"column":9},"end":{"line":53,"column":41}},{"start":{"line":53,"column":45},"end":{"line":53,"column":63}}]},"7":{"loc":{"start":{"line":60,"column":4},"end":{"line":62,"column":5}},"type":"if","locations":[{"start":{"line":60,"column":4},"end":{"line":62,"column":5}},{"start":{},"end":{}}]},"8":{"loc":{"start":{"line":79,"column":11},"end":{"line":79,"column":71}},"type":"cond-expr","locations":[{"start":{"line":79,"column":39},"end":{"line":79,"column":59}},{"start":{"line":79,"column":62},"end":{"line":79,"column":71}}]},"9":{"loc":{"start":{"line":81,"column":4},"end":{"line":83,"column":5}},"type":"if","locations":[{"start":{"line":81,"column":4},"end":{"line":83,"column":5}},{"start":{},"end":{}}]},"10":{"loc":{"start":{"line":91,"column":2},"end":{"line":93,"column":3}},"type":"if","locations":[{"start":{"line":91,"column":2},"end":{"line":93,"column":3}},{"start":{},"end":{}}]},"11":{"loc":{"start":{"line":109,"column":2},"end":{"line":115,"column":3}},"type":"if","locations":[{"start":{"line":109,"column":2},"end":{"line":115,"column":3}},{"start":{},"end":{}}]},"12":{"loc":{"start":{"line":112,"column":6},"end":{"line":112,"column":56}},"type":"binary-expr","locations":[{"start":{"line":112,"column":6},"end":{"line":112,"column":30}},{"start":{"line":112,"column":34},"end":{"line":112,"column":56}}]},"13":{"loc":{"start":{"line":118,"column":16},"end":{"line":118,"column":44}},"type":"binary-expr","locations":[{"start":{"line":118,"column":16},"end":{"line":118,"column":38}},{"start":{"line":118,"column":42},"end":{"line":118,"column":44}}]},"14":{"loc":{"start":{"line":120,"column":2},"end":{"line":122,"column":3}},"type":"if","locations":[{"start":{"line":120,"column":2},"end":{"line":122,"column":3}},{"start":{},"end":{}}]},"15":{"loc":{"start":{"line":147,"column":30},"end":{"line":147,"column":46}},"type":"binary-expr","locations":[{"start":{"line":147,"column":30},"end":{"line":147,"column":38}},{"start":{"line":147,"column":42},"end":{"line":147,"column":46}}]}},"s":{"0":7,"1":7,"2":7,"3":7,"4":7,"5":7,"6":7,"7":7,"8":7,"9":2,"10":2,"11":2,"12":7,"13":7,"14":0,"15":0,"16":0,"17":0,"18":0,"19":7,"20":0,"21":0,"22":0,"23":0,"24":7,"25":0,"26":0,"27":0,"28":0,"29":7,"30":0,"31":0,"32":0,"33":0,"34":0,"35":0,"36":0,"37":7,"38":0,"39":0,"40":0,"41":0,"42":0,"43":0,"44":0,"45":0,"46":0,"47":0,"48":0,"49":0,"50":0,"51":0,"52":0,"53":0,"54":0,"55":7,"56":0,"57":0,"58":0,"59":0,"60":0,"61":0,"62":0,"63":0,"64":7},"f":{"0":2,"1":0,"2":0,"3":0,"4":0,"5":0,"6":0},"b":{"0":[0],"1":[0,0],"2":[0,0],"3":[0,0],"4":[0,0],"5":[0,0],"6":[0,0],"7":[0,0],"8":[0,0],"9":[0,0],"10":[0,0],"11":[0,0],"12":[0,0],"13":[0,0],"14":[0,0],"15":[0,0]}}
,"/Users/liron_dabach/Documents/לימודים/שנה ג׳/פרויקט גמר/Mingo/backend/src/services/Transcript/transcriptPersistenceService.ts": {"path":"/Users/liron_dabach/Documents/לימודים/שנה ג׳/פרויקט גמר/Mingo/backend/src/services/Transcript/transcriptPersistenceService.ts","statementMap":{"0":{"start":{"line":1,"column":0},"end":{"line":1,"column":32}},"1":{"start":{"line":2,"column":0},"end":{"line":2,"column":55}},"2":{"start":{"line":3,"column":0},"end":{"line":3,"column":59}},"3":{"start":{"line":4,"column":0},"end":{"line":4,"column":67}},"4":{"start":{"line":13,"column":25},"end":{"line":25,"column":1}},"5":{"start":{"line":14,"column":2},"end":{"line":16,"column":3}},"6":{"start":{"line":15,"column":4},"end":{"line":15,"column":22}},"7":{"start":{"line":18,"column":21},"end":{"line":18,"column":68}},"8":{"start":{"line":20,"column":2},"end":{"line":22,"column":3}},"9":{"start":{"line":21,"column":4},"end":{"line":21,"column":69}},"10":{"start":{"line":24,"column":2},"end":{"line":24,"column":20}},"11":{"start":{"line":27,"column":26},"end":{"line":30,"column":1}},"12":{"start":{"line":28,"column":26},"end":{"line":28,"column":46}},"13":{"start":{"line":29,"column":2},"end":{"line":29,"column":47}},"14":{"start":{"line":32,"column":35},"end":{"line":40,"column":1}},"15":{"start":{"line":33,"column":28},"end":{"line":33,"column":50}},"16":{"start":{"line":35,"column":2},"end":{"line":37,"column":3}},"17":{"start":{"line":36,"column":4},"end":{"line":36,"column":76}},"18":{"start":{"line":39,"column":2},"end":{"line":39,"column":27}},"19":{"start":{"line":42,"column":32},"end":{"line":78,"column":1}},"20":{"start":{"line":48,"column":22},"end":{"line":48,"column":44}},"21":{"start":{"line":49,"column":28},"end":{"line":49,"column":63}},"22":{"start":{"line":50,"column":20},"end":{"line":50,"column":49}},"23":{"start":{"line":52,"column":21},"end":{"line":56,"column":4}},"24":{"start":{"line":58,"column":2},"end":{"line":77,"column":3}},"25":{"start":{"line":59,"column":20},"end":{"line":66,"column":6}},"26":{"start":{"line":68,"column":4},"end":{"line":73,"column":6}},"27":{"start":{"line":75,"column":4},"end":{"line":75,"column":60}},"28":{"start":{"line":76,"column":4},"end":{"line":76,"column":16}},"29":{"start":{"line":80,"column":0},"end":{"line":82,"column":2}}},"fnMap":{"0":{"name":"(anonymous_1)","decl":{"start":{"line":13,"column":25},"end":{"line":13,"column":26}},"loc":{"start":{"line":13,"column":51},"end":{"line":25,"column":1}}},"1":{"name":"(anonymous_2)","decl":{"start":{"line":27,"column":26},"end":{"line":27,"column":27}},"loc":{"start":{"line":27,"column":45},"end":{"line":30,"column":1}}},"2":{"name":"(anonymous_3)","decl":{"start":{"line":32,"column":35},"end":{"line":32,"column":36}},"loc":{"start":{"line":32,"column":56},"end":{"line":40,"column":1}}},"3":{"name":"(anonymous_4)","decl":{"start":{"line":42,"column":32},"end":{"line":42,"column":37}},"loc":{"start":{"line":47,"column":35},"end":{"line":78,"column":1}}}},"branchMap":{"0":{"loc":{"start":{"line":14,"column":2},"end":{"line":16,"column":3}},"type":"if","locations":[{"start":{"line":14,"column":2},"end":{"line":16,"column":3}},{"start":{},"end":{}}]},"1":{"loc":{"start":{"line":18,"column":21},"end":{"line":18,"column":68}},"type":"cond-expr","locations":[{"start":{"line":18,"column":45},"end":{"line":18,"column":50}},{"start":{"line":18,"column":53},"end":{"line":18,"column":68}}]},"2":{"loc":{"start":{"line":20,"column":2},"end":{"line":22,"column":3}},"type":"if","locations":[{"start":{"line":20,"column":2},"end":{"line":22,"column":3}},{"start":{},"end":{}}]},"3":{"loc":{"start":{"line":28,"column":27},"end":{"line":28,"column":38}},"type":"binary-expr","locations":[{"start":{"line":28,"column":27},"end":{"line":28,"column":32}},{"start":{"line":28,"column":36},"end":{"line":28,"column":38}}]},"4":{"loc":{"start":{"line":29,"column":9},"end":{"line":29,"column":46}},"type":"binary-expr","locations":[{"start":{"line":29,"column":9},"end":{"line":29,"column":24}},{"start":{"line":29,"column":28},"end":{"line":29,"column":46}}]},"5":{"loc":{"start":{"line":33,"column":29},"end":{"line":33,"column":42}},"type":"binary-expr","locations":[{"start":{"line":33,"column":29},"end":{"line":33,"column":36}},{"start":{"line":33,"column":40},"end":{"line":33,"column":42}}]},"6":{"loc":{"start":{"line":35,"column":2},"end":{"line":37,"column":3}},"type":"if","locations":[{"start":{"line":35,"column":2},"end":{"line":37,"column":3}},{"start":{},"end":{}}]}},"s":{"0":7,"1":7,"2":7,"3":7,"4":7,"5":4,"6":1,"7":3,"8":3,"9":1,"10":2,"11":7,"12":2,"13":2,"14":7,"15":3,"16":3,"17":1,"18":2,"19":7,"20":4,"21":3,"22":2,"23":2,"24":2,"25":2,"26":2,"27":0,"28":0,"29":7},"f":{"0":4,"1":2,"2":3,"3":4},"b":{"0":[1,3],"1":[0,3],"2":[1,2],"3":[2,1],"4":[2,1],"5":[3,0],"6":[1,2]}}
}
