{"/Users/liron_dabach/Documents/לימודים/שנה ג׳/פרויקט גמר/Mingo/backend/src/index.ts": {"path":"/Users/liron_dabach/Documents/לימודים/שנה ג׳/פרויקט גמר/Mingo/backend/src/index.ts","statementMap":{"0":{"start":{"line":1,"column":0},"end":{"line":1,"column":43}},"1":{"start":{"line":2,"column":0},"end":{"line":2,"column":32}},"2":{"start":{"line":3,"column":0},"end":{"line":3,"column":51}},"3":{"start":{"line":4,"column":0},"end":{"line":4,"column":55}},"4":{"start":{"line":5,"column":0},"end":{"line":5,"column":55}},"5":{"start":{"line":6,"column":0},"end":{"line":6,"column":43}},"6":{"start":{"line":7,"column":0},"end":{"line":7,"column":45}},"7":{"start":{"line":8,"column":0},"end":{"line":8,"column":45}},"8":{"start":{"line":10,"column":0},"end":{"line":10,"column":41}},"9":{"start":{"line":11,"column":0},"end":{"line":11,"column":24}},"10":{"start":{"line":13,"column":12},"end":{"line":13,"column":21}},"11":{"start":{"line":14,"column":0},"end":{"line":14,"column":24}},"12":{"start":{"line":15,"column":0},"end":{"line":15,"column":18}},"13":{"start":{"line":17,"column":0},"end":{"line":22,"column":3}},"14":{"start":{"line":18,"column":2},"end":{"line":18,"column":49}},"15":{"start":{"line":19,"column":2},"end":{"line":19,"column":50}},"16":{"start":{"line":20,"column":2},"end":{"line":20,"column":50}},"17":{"start":{"line":21,"column":2},"end":{"line":21,"column":9}},"18":{"start":{"line":24,"column":0},"end":{"line":24,"column":40}},"19":{"start":{"line":25,"column":0},"end":{"line":25,"column":33}},"20":{"start":{"line":26,"column":0},"end":{"line":26,"column":33}},"21":{"start":{"line":27,"column":0},"end":{"line":27,"column":28}},"22":{"start":{"line":28,"column":0},"end":{"line":28,"column":32}},"23":{"start":{"line":29,"column":0},"end":{"line":29,"column":33}},"24":{"start":{"line":30,"column":0},"end":{"line":30,"column":57}},"25":{"start":{"line":32,"column":17},"end":{"line":32,"column":64}},"26":{"start":{"line":34,"column":0},"end":{"line":34,"column":34}},"27":{"start":{"line":36,"column":0},"end":{"line":38,"column":3}},"28":{"start":{"line":37,"column":2},"end":{"line":37,"column":50}},"29":{"start":{"line":40,"column":16},"end":{"line":83,"column":1}},"30":{"start":{"line":41,"column":13},"end":{"line":81,"column":4}},"31":{"start":{"line":42,"column":18},"end":{"line":42,"column":42}},"32":{"start":{"line":43,"column":4},"end":{"line":46,"column":5}},"33":{"start":{"line":44,"column":6},"end":{"line":44,"column":42}},"34":{"start":{"line":45,"column":6},"end":{"line":45,"column":13}},"35":{"start":{"line":47,"column":27},"end":{"line":48,"column":null}},"36":{"start":{"line":50,"column":4},"end":{"line":66,"column":9}},"37":{"start":{"line":56,"column":8},"end":{"line":56,"column":21}},"38":{"start":{"line":59,"column":8},"end":{"line":65,"column":10}},"39":{"start":{"line":68,"column":15},"end":{"line":68,"column":34}},"40":{"start":{"line":69,"column":4},"end":{"line":69,"column":79}},"41":{"start":{"line":69,"column":30},"end":{"line":69,"column":77}},"42":{"start":{"line":70,"column":4},"end":{"line":80,"column":7}},"43":{"start":{"line":71,"column":6},"end":{"line":71,"column":43}},"44":{"start":{"line":73,"column":6},"end":{"line":75,"column":74}},"45":{"start":{"line":77,"column":6},"end":{"line":79,"column":74}},"46":{"start":{"line":82,"column":2},"end":{"line":82,"column":12}},"47":{"start":{"line":85,"column":0},"end":{"line":85,"column":23}}},"fnMap":{"0":{"name":"(anonymous_1)","decl":{"start":{"line":17,"column":8},"end":{"line":17,"column":9}},"loc":{"start":{"line":17,"column":27},"end":{"line":22,"column":1}}},"1":{"name":"(anonymous_2)","decl":{"start":{"line":36,"column":20},"end":{"line":36,"column":21}},"loc":{"start":{"line":36,"column":33},"end":{"line":38,"column":1}}},"2":{"name":"(anonymous_3)","decl":{"start":{"line":40,"column":16},"end":{"line":40,"column":19}},"loc":{"start":{"line":40,"column":21},"end":{"line":83,"column":1}}},"3":{"name":"(anonymous_4)","decl":{"start":{"line":41,"column":34},"end":{"line":41,"column":35}},"loc":{"start":{"line":41,"column":54},"end":{"line":81,"column":3}}},"4":{"name":"(anonymous_5)","decl":{"start":{"line":55,"column":12},"end":{"line":55,"column":15}},"loc":{"start":{"line":55,"column":17},"end":{"line":57,"column":7}}},"5":{"name":"(anonymous_6)","decl":{"start":{"line":58,"column":13},"end":{"line":58,"column":14}},"loc":{"start":{"line":58,"column":23},"end":{"line":66,"column":7}}},"6":{"name":"(anonymous_7)","decl":{"start":{"line":69,"column":19},"end":{"line":69,"column":20}},"loc":{"start":{"line":69,"column":30},"end":{"line":69,"column":77}}},"7":{"name":"(anonymous_8)","decl":{"start":{"line":70,"column":20},"end":{"line":70,"column":23}},"loc":{"start":{"line":70,"column":25},"end":{"line":80,"column":5}}},"8":{"name":"(anonymous_9)","decl":{"start":{"line":75,"column":15},"end":{"line":75,"column":18}},"loc":{"start":{"line":75,"column":20},"end":{"line":75,"column":72}}},"9":{"name":"(anonymous_10)","decl":{"start":{"line":79,"column":15},"end":{"line":79,"column":18}},"loc":{"start":{"line":79,"column":20},"end":{"line":79,"column":72}}}},"branchMap":{"0":{"loc":{"start":{"line":43,"column":4},"end":{"line":46,"column":5}},"type":"if","locations":[{"start":{"line":43,"column":4},"end":{"line":46,"column":5}},{"start":{},"end":{}}]},"1":{"loc":{"start":{"line":48,"column":6},"end":{"line":48,"column":52}},"type":"binary-expr","locations":[{"start":{"line":48,"column":6},"end":{"line":48,"column":42}},{"start":{"line":48,"column":46},"end":{"line":48,"column":52}}]},"2":{"loc":{"start":{"line":63,"column":33},"end":{"line":63,"column":87}},"type":"cond-expr","locations":[{"start":{"line":63,"column":58},"end":{"line":63,"column":71}},{"start":{"line":63,"column":74},"end":{"line":63,"column":87}}]}},"s":{"0":7,"1":7,"2":7,"3":7,"4":7,"5":7,"6":7,"7":7,"8":7,"9":7,"10":7,"11":7,"12":7,"13":7,"14":108,"15":108,"16":108,"17":108,"18":7,"19":7,"20":7,"21":7,"22":7,"23":7,"24":7,"25":7,"26":7,"27":7,"28":0,"29":7,"30":7,"31":7,"32":7,"33":0,"34":0,"35":7,"36":7,"37":7,"38":0,"39":7,"40":7,"41":0,"42":7,"43":7,"44":7,"45":7,"46":7,"47":7},"f":{"0":108,"1":0,"2":7,"3":7,"4":7,"5":0,"6":0,"7":7,"8":7,"9":7},"b":{"0":[0,7],"1":[7,0],"2":[0,0]}}
,"/Users/liron_dabach/Documents/לימודים/שנה ג׳/פרויקט גמר/Mingo/backend/src/swagger.ts": {"path":"/Users/liron_dabach/Documents/לימודים/שנה ג׳/פרויקט גמר/Mingo/backend/src/swagger.ts","statementMap":{"0":{"start":{"line":2,"column":0},"end":{"line":2,"column":24}},"1":{"start":{"line":3,"column":0},"end":{"line":3,"column":41}},"2":{"start":{"line":4,"column":0},"end":{"line":4,"column":43}},"3":{"start":{"line":6,"column":32},"end":{"line":385,"column":1}},"4":{"start":{"line":7,"column":20},"end":{"line":7,"column":57}},"5":{"start":{"line":8,"column":15},"end":{"line":11,"column":4}},"6":{"start":{"line":13,"column":2},"end":{"line":384,"column":5}},"7":{"start":{"line":6,"column":13},"end":{"line":6,"column":32}},"8":{"start":{"line":387,"column":18},"end":{"line":456,"column":2}},"9":{"start":{"line":458,"column":18},"end":{"line":467,"column":2}},"10":{"start":{"line":469,"column":28},"end":{"line":478,"column":1}},"11":{"start":{"line":470,"column":15},"end":{"line":470,"column":33}},"12":{"start":{"line":472,"column":2},"end":{"line":475,"column":5}},"13":{"start":{"line":473,"column":4},"end":{"line":473,"column":54}},"14":{"start":{"line":474,"column":4},"end":{"line":474,"column":31}},"15":{"start":{"line":477,"column":2},"end":{"line":477,"column":74}},"16":{"start":{"line":469,"column":13},"end":{"line":469,"column":28}}},"fnMap":{"0":{"name":"(anonymous_1)","decl":{"start":{"line":6,"column":32},"end":{"line":6,"column":35}},"loc":{"start":{"line":6,"column":37},"end":{"line":385,"column":1}}},"1":{"name":"(anonymous_2)","decl":{"start":{"line":469,"column":28},"end":{"line":469,"column":29}},"loc":{"start":{"line":469,"column":45},"end":{"line":478,"column":1}}},"2":{"name":"(anonymous_3)","decl":{"start":{"line":472,"column":28},"end":{"line":472,"column":29}},"loc":{"start":{"line":472,"column":61},"end":{"line":475,"column":3}}}},"branchMap":{"0":{"loc":{"start":{"line":7,"column":20},"end":{"line":7,"column":57}},"type":"binary-expr","locations":[{"start":{"line":7,"column":20},"end":{"line":7,"column":50}},{"start":{"line":7,"column":54},"end":{"line":7,"column":57}}]}},"s":{"0":8,"1":8,"2":8,"3":8,"4":8,"5":8,"6":8,"7":8,"8":8,"9":8,"10":8,"11":7,"12":7,"13":0,"14":0,"15":7,"16":8},"f":{"0":8,"1":7,"2":0},"b":{"0":[8,8]}}
,"/Users/liron_dabach/Documents/לימודים/שנה ג׳/פרויקט גמר/Mingo/backend/src/controllers/authController.ts": {"path":"/Users/liron_dabach/Documents/לימודים/שנה ג׳/פרויקט גמר/Mingo/backend/src/controllers/authController.ts","statementMap":{"0":{"start":{"line":2,"column":0},"end":{"line":2,"column":28}},"1":{"start":{"line":3,"column":0},"end":{"line":3,"column":40}},"2":{"start":{"line":4,"column":0},"end":{"line":4,"column":31}},"3":{"start":{"line":5,"column":0},"end":{"line":5,"column":31}},"4":{"start":{"line":6,"column":0},"end":{"line":6,"column":51}},"5":{"start":{"line":8,"column":18},"end":{"line":10,"column":1}},"6":{"start":{"line":9,"column":2},"end":{"line":9,"column":37}},"7":{"start":{"line":24,"column":36},"end":{"line":33,"column":1}},"8":{"start":{"line":25,"column":2},"end":{"line":32,"column":3}},"9":{"start":{"line":27,"column":6},"end":{"line":27,"column":36}},"10":{"start":{"line":29,"column":6},"end":{"line":29,"column":39}},"11":{"start":{"line":31,"column":6},"end":{"line":31,"column":35}},"12":{"start":{"line":64,"column":33},"end":{"line":64,"column":46}},"13":{"start":{"line":65,"column":28},"end":{"line":65,"column":67}},"14":{"start":{"line":67,"column":26},"end":{"line":75,"column":2}},"15":{"start":{"line":67,"column":67},"end":{"line":75,"column":2}},"16":{"start":{"line":77,"column":31},"end":{"line":95,"column":1}},"17":{"start":{"line":78,"column":21},"end":{"line":78,"column":46}},"18":{"start":{"line":79,"column":2},"end":{"line":81,"column":3}},"19":{"start":{"line":80,"column":4},"end":{"line":80,"column":16}},"20":{"start":{"line":83,"column":16},"end":{"line":83,"column":40}},"21":{"start":{"line":84,"column":2},"end":{"line":86,"column":3}},"22":{"start":{"line":85,"column":4},"end":{"line":85,"column":16}},"23":{"start":{"line":88,"column":2},"end":{"line":94,"column":3}},"24":{"start":{"line":89,"column":19},"end":{"line":89,"column":61}},"25":{"start":{"line":90,"column":20},"end":{"line":90,"column":64}},"26":{"start":{"line":91,"column":4},"end":{"line":91,"column":23}},"27":{"start":{"line":93,"column":4},"end":{"line":93,"column":16}},"28":{"start":{"line":97,"column":26},"end":{"line":98,"column":39}},"29":{"start":{"line":98,"column":2},"end":{"line":98,"column":39}},"30":{"start":{"line":100,"column":28},"end":{"line":111,"column":1}},"31":{"start":{"line":101,"column":23},"end":{"line":101,"column":56}},"32":{"start":{"line":102,"column":17},"end":{"line":102,"column":29}},"33":{"start":{"line":103,"column":16},"end":{"line":103,"column":17}},"34":{"start":{"line":105,"column":2},"end":{"line":108,"column":3}},"35":{"start":{"line":106,"column":4},"end":{"line":106,"column":43}},"36":{"start":{"line":107,"column":4},"end":{"line":107,"column":17}},"37":{"start":{"line":110,"column":2},"end":{"line":110,"column":18}},"38":{"start":{"line":113,"column":25},"end":{"line":126,"column":1}},"39":{"start":{"line":114,"column":2},"end":{"line":118,"column":3}},"40":{"start":{"line":115,"column":4},"end":{"line":115,"column":39}},"41":{"start":{"line":117,"column":4},"end":{"line":117,"column":39}},"42":{"start":{"line":120,"column":2},"end":{"line":122,"column":3}},"43":{"start":{"line":121,"column":4},"end":{"line":121,"column":31}},"44":{"start":{"line":123,"column":2},"end":{"line":125,"column":3}},"45":{"start":{"line":124,"column":4},"end":{"line":124,"column":37}},"46":{"start":{"line":128,"column":28},"end":{"line":136,"column":1}},"47":{"start":{"line":129,"column":2},"end":{"line":131,"column":3}},"48":{"start":{"line":130,"column":4},"end":{"line":130,"column":11}},"49":{"start":{"line":133,"column":2},"end":{"line":133,"column":52}},"50":{"start":{"line":134,"column":2},"end":{"line":134,"column":60}},"51":{"start":{"line":135,"column":2},"end":{"line":135,"column":51}},"52":{"start":{"line":138,"column":30},"end":{"line":214,"column":1}},"53":{"start":{"line":143,"column":30},"end":{"line":143,"column":57}},"54":{"start":{"line":145,"column":4},"end":{"line":147,"column":40}},"55":{"start":{"line":149,"column":22},"end":{"line":149,"column":56}},"56":{"start":{"line":151,"column":2},"end":{"line":175,"column":3}},"57":{"start":{"line":152,"column":30},"end":{"line":152,"column":70}},"58":{"start":{"line":154,"column":4},"end":{"line":156,"column":5}},"59":{"start":{"line":155,"column":6},"end":{"line":155,"column":71}},"60":{"start":{"line":158,"column":4},"end":{"line":165,"column":5}},"61":{"start":{"line":159,"column":6},"end":{"line":164,"column":8}},"62":{"start":{"line":169,"column":4},"end":{"line":169,"column":56}},"63":{"start":{"line":170,"column":4},"end":{"line":172,"column":5}},"64":{"start":{"line":171,"column":6},"end":{"line":171,"column":61}},"65":{"start":{"line":173,"column":4},"end":{"line":173,"column":35}},"66":{"start":{"line":174,"column":4},"end":{"line":174,"column":39}},"67":{"start":{"line":177,"column":2},"end":{"line":184,"column":3}},"68":{"start":{"line":178,"column":4},"end":{"line":178,"column":45}},"69":{"start":{"line":179,"column":4},"end":{"line":181,"column":5}},"70":{"start":{"line":180,"column":6},"end":{"line":180,"column":57}},"71":{"start":{"line":182,"column":4},"end":{"line":182,"column":31}},"72":{"start":{"line":183,"column":4},"end":{"line":183,"column":35}},"73":{"start":{"line":186,"column":13},"end":{"line":186,"column":57}},"74":{"start":{"line":187,"column":2},"end":{"line":194,"column":3}},"75":{"start":{"line":188,"column":4},"end":{"line":188,"column":36}},"76":{"start":{"line":189,"column":4},"end":{"line":191,"column":5}},"77":{"start":{"line":190,"column":6},"end":{"line":190,"column":48}},"78":{"start":{"line":192,"column":4},"end":{"line":192,"column":22}},"79":{"start":{"line":193,"column":4},"end":{"line":193,"column":20}},"80":{"start":{"line":196,"column":19},"end":{"line":196,"column":90}},"81":{"start":{"line":197,"column":45},"end":{"line":204,"column":4}},"82":{"start":{"line":205,"column":2},"end":{"line":209,"column":3}},"83":{"start":{"line":206,"column":4},"end":{"line":206,"column":65}},"84":{"start":{"line":207,"column":4},"end":{"line":207,"column":73}},"85":{"start":{"line":208,"column":4},"end":{"line":208,"column":64}},"86":{"start":{"line":211,"column":2},"end":{"line":211,"column":42}},"87":{"start":{"line":213,"column":2},"end":{"line":213,"column":18}},"88":{"start":{"line":216,"column":22},"end":{"line":234,"column":1}},"89":{"start":{"line":217,"column":17},"end":{"line":217,"column":59}},"90":{"start":{"line":218,"column":2},"end":{"line":221,"column":3}},"91":{"start":{"line":219,"column":4},"end":{"line":219,"column":60}},"92":{"start":{"line":220,"column":4},"end":{"line":220,"column":20}},"93":{"start":{"line":223,"column":20},"end":{"line":223,"column":66}},"94":{"start":{"line":224,"column":16},"end":{"line":224,"column":75}},"95":{"start":{"line":226,"column":27},"end":{"line":227,"column":null}},"96":{"start":{"line":229,"column":15},"end":{"line":229,"column":47}},"97":{"start":{"line":230,"column":23},"end":{"line":232,"column":4}},"98":{"start":{"line":233,"column":2},"end":{"line":233,"column":33}},"99":{"start":{"line":236,"column":28},"end":{"line":264,"column":1}},"100":{"start":{"line":240,"column":26},"end":{"line":240,"column":30}},"101":{"start":{"line":242,"column":2},"end":{"line":261,"column":3}},"102":{"start":{"line":243,"column":21},"end":{"line":250,"column":6}},"103":{"start":{"line":252,"column":4},"end":{"line":254,"column":5}},"104":{"start":{"line":253,"column":6},"end":{"line":253,"column":22}},"105":{"start":{"line":256,"column":4},"end":{"line":256,"column":28}},"106":{"start":{"line":258,"column":4},"end":{"line":260,"column":5}},"107":{"start":{"line":259,"column":6},"end":{"line":259,"column":22}},"108":{"start":{"line":263,"column":2},"end":{"line":263,"column":22}},"109":{"start":{"line":266,"column":31},"end":{"line":274,"column":1}},"110":{"start":{"line":268,"column":4},"end":{"line":271,"column":15}},"111":{"start":{"line":273,"column":2},"end":{"line":273,"column":50}},"112":{"start":{"line":276,"column":23},"end":{"line":284,"column":1}},"113":{"start":{"line":278,"column":4},"end":{"line":278,"column":74}},"114":{"start":{"line":279,"column":2},"end":{"line":283,"column":21}},"115":{"start":{"line":281,"column":28},"end":{"line":281,"column":40}},"116":{"start":{"line":286,"column":17},"end":{"line":316,"column":1}},"117":{"start":{"line":287,"column":16},"end":{"line":287,"column":30}},"118":{"start":{"line":288,"column":19},"end":{"line":288,"column":36}},"119":{"start":{"line":289,"column":19},"end":{"line":289,"column":53}},"120":{"start":{"line":291,"column":2},"end":{"line":293,"column":3}},"121":{"start":{"line":292,"column":4},"end":{"line":292,"column":66}},"122":{"start":{"line":295,"column":2},"end":{"line":315,"column":3}},"123":{"start":{"line":296,"column":21},"end":{"line":296,"column":76}},"124":{"start":{"line":297,"column":17},"end":{"line":297,"column":41}},"125":{"start":{"line":298,"column":27},"end":{"line":298,"column":60}},"126":{"start":{"line":299,"column":17},"end":{"line":304,"column":6}},"127":{"start":{"line":305,"column":19},"end":{"line":305,"column":53}},"128":{"start":{"line":306,"column":4},"end":{"line":306,"column":49}},"129":{"start":{"line":307,"column":4},"end":{"line":307,"column":22}},"130":{"start":{"line":308,"column":4},"end":{"line":308,"column":58}},"131":{"start":{"line":310,"column":4},"end":{"line":313,"column":5}},"132":{"start":{"line":311,"column":20},"end":{"line":311,"column":56}},"133":{"start":{"line":312,"column":6},"end":{"line":312,"column":69}},"134":{"start":{"line":314,"column":4},"end":{"line":314,"column":56}},"135":{"start":{"line":318,"column":14},"end":{"line":349,"column":1}},"136":{"start":{"line":319,"column":16},"end":{"line":319,"column":30}},"137":{"start":{"line":320,"column":19},"end":{"line":320,"column":36}},"138":{"start":{"line":322,"column":2},"end":{"line":324,"column":3}},"139":{"start":{"line":323,"column":4},"end":{"line":323,"column":66}},"140":{"start":{"line":326,"column":2},"end":{"line":348,"column":3}},"141":{"start":{"line":327,"column":17},"end":{"line":327,"column":60}},"142":{"start":{"line":328,"column":4},"end":{"line":330,"column":5}},"143":{"start":{"line":329,"column":6},"end":{"line":329,"column":62}},"144":{"start":{"line":333,"column":4},"end":{"line":335,"column":5}},"145":{"start":{"line":334,"column":6},"end":{"line":334,"column":65}},"146":{"start":{"line":337,"column":20},"end":{"line":337,"column":65}},"147":{"start":{"line":338,"column":4},"end":{"line":340,"column":5}},"148":{"start":{"line":339,"column":6},"end":{"line":339,"column":62}},"149":{"start":{"line":342,"column":19},"end":{"line":342,"column":53}},"150":{"start":{"line":343,"column":4},"end":{"line":343,"column":49}},"151":{"start":{"line":344,"column":4},"end":{"line":344,"column":22}},"152":{"start":{"line":345,"column":4},"end":{"line":345,"column":58}},"153":{"start":{"line":347,"column":4},"end":{"line":347,"column":56}},"154":{"start":{"line":351,"column":15},"end":{"line":372,"column":1}},"155":{"start":{"line":352,"column":23},"end":{"line":352,"column":44}},"156":{"start":{"line":354,"column":2},"end":{"line":356,"column":3}},"157":{"start":{"line":355,"column":4},"end":{"line":355,"column":60}},"158":{"start":{"line":358,"column":2},"end":{"line":371,"column":3}},"159":{"start":{"line":359,"column":20},"end":{"line":359,"column":63}},"160":{"start":{"line":360,"column":17},"end":{"line":360,"column":49}},"161":{"start":{"line":361,"column":4},"end":{"line":363,"column":5}},"162":{"start":{"line":362,"column":6},"end":{"line":362,"column":58}},"163":{"start":{"line":364,"column":4},"end":{"line":366,"column":6}},"164":{"start":{"line":365,"column":17},"end":{"line":365,"column":39}},"165":{"start":{"line":367,"column":4},"end":{"line":367,"column":22}},"166":{"start":{"line":368,"column":4},"end":{"line":368,"column":65}},"167":{"start":{"line":370,"column":4},"end":{"line":370,"column":56}},"168":{"start":{"line":374,"column":21},"end":{"line":406,"column":1}},"169":{"start":{"line":375,"column":23},"end":{"line":375,"column":44}},"170":{"start":{"line":377,"column":2},"end":{"line":379,"column":3}},"171":{"start":{"line":378,"column":4},"end":{"line":378,"column":60}},"172":{"start":{"line":381,"column":17},"end":{"line":381,"column":59}},"173":{"start":{"line":383,"column":2},"end":{"line":405,"column":3}},"174":{"start":{"line":384,"column":20},"end":{"line":384,"column":71}},"175":{"start":{"line":385,"column":17},"end":{"line":385,"column":49}},"176":{"start":{"line":386,"column":4},"end":{"line":388,"column":5}},"177":{"start":{"line":387,"column":6},"end":{"line":387,"column":58}},"178":{"start":{"line":389,"column":4},"end":{"line":394,"column":5}},"179":{"start":{"line":390,"column":6},"end":{"line":390,"column":30}},"180":{"start":{"line":391,"column":6},"end":{"line":391,"column":24}},"181":{"start":{"line":392,"column":6},"end":{"line":392,"column":60}},"182":{"start":{"line":393,"column":6},"end":{"line":393,"column":58}},"183":{"start":{"line":395,"column":19},"end":{"line":395,"column":45}},"184":{"start":{"line":397,"column":4},"end":{"line":399,"column":6}},"185":{"start":{"line":398,"column":17},"end":{"line":398,"column":39}},"186":{"start":{"line":400,"column":4},"end":{"line":400,"column":49}},"187":{"start":{"line":401,"column":4},"end":{"line":401,"column":22}},"188":{"start":{"line":402,"column":4},"end":{"line":402,"column":33}},"189":{"start":{"line":404,"column":4},"end":{"line":404,"column":56}},"190":{"start":{"line":408,"column":20},"end":{"line":553,"column":1}},"191":{"start":{"line":409,"column":15},"end":{"line":409,"column":28}},"192":{"start":{"line":411,"column":2},"end":{"line":413,"column":3}},"193":{"start":{"line":412,"column":4},"end":{"line":412,"column":72}},"194":{"start":{"line":415,"column":19},"end":{"line":415,"column":55}},"195":{"start":{"line":416,"column":23},"end":{"line":416,"column":63}},"196":{"start":{"line":417,"column":22},"end":{"line":417,"column":61}},"197":{"start":{"line":419,"column":2},"end":{"line":421,"column":3}},"198":{"start":{"line":420,"column":4},"end":{"line":420,"column":65}},"199":{"start":{"line":423,"column":2},"end":{"line":552,"column":3}},"200":{"start":{"line":424,"column":29},"end":{"line":429,"column":6}},"201":{"start":{"line":431,"column":26},"end":{"line":440,"column":null}},"202":{"start":{"line":443,"column":23},"end":{"line":443,"column":49}},"203":{"start":{"line":450,"column":4},"end":{"line":456,"column":5}},"204":{"start":{"line":451,"column":6},"end":{"line":455,"column":8}},"205":{"start":{"line":458,"column":24},"end":{"line":458,"column":46}},"206":{"start":{"line":460,"column":6},"end":{"line":462,"column":32}},"207":{"start":{"line":464,"column":6},"end":{"line":466,"column":33}},"208":{"start":{"line":467,"column":24},"end":{"line":467,"column":63}},"209":{"start":{"line":469,"column":25},"end":{"line":471,"column":null}},"210":{"start":{"line":474,"column":4},"end":{"line":481,"column":5}},"211":{"start":{"line":475,"column":28},"end":{"line":475,"column":53}},"212":{"start":{"line":476,"column":6},"end":{"line":480,"column":8}},"213":{"start":{"line":483,"column":24},"end":{"line":483,"column":49}},"214":{"start":{"line":491,"column":4},"end":{"line":493,"column":5}},"215":{"start":{"line":492,"column":6},"end":{"line":492,"column":61}},"216":{"start":{"line":495,"column":16},"end":{"line":495,"column":32}},"217":{"start":{"line":497,"column":4},"end":{"line":515,"column":5}},"218":{"start":{"line":498,"column":29},"end":{"line":500,"column":null}},"219":{"start":{"line":503,"column":6},"end":{"line":514,"column":7}},"220":{"start":{"line":504,"column":24},"end":{"line":504,"column":51}},"221":{"start":{"line":509,"column":8},"end":{"line":513,"column":15}},"222":{"start":{"line":510,"column":33},"end":{"line":510,"column":64}},"223":{"start":{"line":511,"column":33},"end":{"line":511,"column":47}},"224":{"start":{"line":517,"column":4},"end":{"line":519,"column":5}},"225":{"start":{"line":518,"column":6},"end":{"line":518,"column":80}},"226":{"start":{"line":521,"column":19},"end":{"line":536,"column":null}},"227":{"start":{"line":539,"column":4},"end":{"line":541,"column":5}},"228":{"start":{"line":540,"column":6},"end":{"line":540,"column":69}},"229":{"start":{"line":543,"column":17},"end":{"line":543,"column":29}},"230":{"start":{"line":545,"column":19},"end":{"line":545,"column":53}},"231":{"start":{"line":546,"column":4},"end":{"line":546,"column":49}},"232":{"start":{"line":547,"column":4},"end":{"line":547,"column":22}},"233":{"start":{"line":549,"column":4},"end":{"line":549,"column":58}},"234":{"start":{"line":551,"column":4},"end":{"line":551,"column":56}},"235":{"start":{"line":555,"column":21},"end":{"line":555,"column":39}},"236":{"start":{"line":557,"column":2},"end":{"line":557,"column":51}},"237":{"start":{"line":559,"column":2},"end":{"line":559,"column":46}},"238":{"start":{"line":561,"column":32},"end":{"line":617,"column":1}},"239":{"start":{"line":566,"column":30},"end":{"line":566,"column":57}},"240":{"start":{"line":567,"column":2},"end":{"line":573,"column":3}},"241":{"start":{"line":568,"column":4},"end":{"line":572,"column":6}},"242":{"start":{"line":575,"column":2},"end":{"line":616,"column":3}},"243":{"start":{"line":576,"column":25},"end":{"line":576,"column":72}},"244":{"start":{"line":577,"column":17},"end":{"line":577,"column":57}},"245":{"start":{"line":579,"column":4},"end":{"line":581,"column":5}},"246":{"start":{"line":580,"column":6},"end":{"line":580,"column":57}},"247":{"start":{"line":583,"column":4},"end":{"line":589,"column":5}},"248":{"start":{"line":584,"column":6},"end":{"line":588,"column":8}},"249":{"start":{"line":591,"column":4},"end":{"line":609,"column":6}},"250":{"start":{"line":611,"column":4},"end":{"line":613,"column":7}},"251":{"start":{"line":615,"column":4},"end":{"line":615,"column":56}},"252":{"start":{"line":619,"column":20},"end":{"line":717,"column":1}},"253":{"start":{"line":620,"column":21},"end":{"line":620,"column":40}},"254":{"start":{"line":621,"column":22},"end":{"line":621,"column":42}},"255":{"start":{"line":623,"column":2},"end":{"line":625,"column":3}},"256":{"start":{"line":624,"column":4},"end":{"line":624,"column":64}},"257":{"start":{"line":627,"column":19},"end":{"line":627,"column":55}},"258":{"start":{"line":628,"column":2},"end":{"line":630,"column":3}},"259":{"start":{"line":629,"column":4},"end":{"line":629,"column":65}},"260":{"start":{"line":632,"column":2},"end":{"line":716,"column":3}},"261":{"start":{"line":641,"column":30},"end":{"line":641,"column":32}},"262":{"start":{"line":643,"column":4},"end":{"line":682,"column":5}},"263":{"start":{"line":644,"column":21},"end":{"line":647,"column":8}},"264":{"start":{"line":649,"column":6},"end":{"line":649,"column":36}},"265":{"start":{"line":650,"column":11},"end":{"line":682,"column":5}},"266":{"start":{"line":651,"column":36},"end":{"line":657,"column":null}},"267":{"start":{"line":660,"column":6},"end":{"line":662,"column":7}},"268":{"start":{"line":661,"column":8},"end":{"line":661,"column":64}},"269":{"start":{"line":664,"column":6},"end":{"line":669,"column":8}},"270":{"start":{"line":671,"column":32},"end":{"line":672,"column":null}},"271":{"start":{"line":675,"column":6},"end":{"line":681,"column":7}},"272":{"start":{"line":676,"column":27},"end":{"line":676,"column":57}},"273":{"start":{"line":679,"column":8},"end":{"line":680,"column":69}},"274":{"start":{"line":684,"column":4},"end":{"line":686,"column":5}},"275":{"start":{"line":685,"column":6},"end":{"line":685,"column":62}},"276":{"start":{"line":688,"column":19},"end":{"line":695,"column":null}},"277":{"start":{"line":698,"column":4},"end":{"line":700,"column":5}},"278":{"start":{"line":699,"column":6},"end":{"line":699,"column":69}},"279":{"start":{"line":702,"column":17},"end":{"line":702,"column":29}},"280":{"start":{"line":703,"column":4},"end":{"line":708,"column":5}},"281":{"start":{"line":704,"column":6},"end":{"line":704,"column":43}},"282":{"start":{"line":705,"column":6},"end":{"line":707,"column":67}},"283":{"start":{"line":709,"column":19},"end":{"line":709,"column":53}},"284":{"start":{"line":710,"column":4},"end":{"line":710,"column":49}},"285":{"start":{"line":711,"column":4},"end":{"line":711,"column":22}},"286":{"start":{"line":713,"column":4},"end":{"line":713,"column":65}},"287":{"start":{"line":715,"column":4},"end":{"line":715,"column":60}},"288":{"start":{"line":719,"column":25},"end":{"line":721,"column":1}},"289":{"start":{"line":720,"column":2},"end":{"line":720,"column":53}},"290":{"start":{"line":723,"column":25},"end":{"line":725,"column":1}},"291":{"start":{"line":724,"column":2},"end":{"line":724,"column":53}},"292":{"start":{"line":727,"column":23},"end":{"line":733,"column":1}},"293":{"start":{"line":728,"column":2},"end":{"line":732,"column":5}},"294":{"start":{"line":735,"column":30},"end":{"line":795,"column":1}},"295":{"start":{"line":736,"column":30},"end":{"line":736,"column":57}},"296":{"start":{"line":738,"column":2},"end":{"line":744,"column":3}},"297":{"start":{"line":739,"column":4},"end":{"line":743,"column":6}},"298":{"start":{"line":746,"column":2},"end":{"line":794,"column":3}},"299":{"start":{"line":747,"column":17},"end":{"line":747,"column":57}},"300":{"start":{"line":749,"column":4},"end":{"line":755,"column":5}},"301":{"start":{"line":750,"column":6},"end":{"line":754,"column":8}},"302":{"start":{"line":757,"column":21},"end":{"line":764,"column":6}},"303":{"start":{"line":766,"column":4},"end":{"line":773,"column":5}},"304":{"start":{"line":767,"column":24},"end":{"line":767,"column":45}},"305":{"start":{"line":768,"column":6},"end":{"line":772,"column":8}},"306":{"start":{"line":775,"column":19},"end":{"line":775,"column":40}},"307":{"start":{"line":783,"column":4},"end":{"line":791,"column":6}},"308":{"start":{"line":784,"column":27},"end":{"line":790,"column":8}},"309":{"start":{"line":793,"column":4},"end":{"line":793,"column":69}},"310":{"start":{"line":797,"column":26},"end":{"line":960,"column":1}},"311":{"start":{"line":798,"column":30},"end":{"line":798,"column":57}},"312":{"start":{"line":800,"column":2},"end":{"line":806,"column":3}},"313":{"start":{"line":801,"column":4},"end":{"line":805,"column":6}},"314":{"start":{"line":808,"column":2},"end":{"line":959,"column":3}},"315":{"start":{"line":809,"column":17},"end":{"line":809,"column":57}},"316":{"start":{"line":811,"column":4},"end":{"line":817,"column":5}},"317":{"start":{"line":812,"column":6},"end":{"line":816,"column":8}},"318":{"start":{"line":819,"column":21},"end":{"line":819,"column":40}},"319":{"start":{"line":820,"column":27},"end":{"line":820,"column":60}},"320":{"start":{"line":821,"column":4},"end":{"line":823,"column":5}},"321":{"start":{"line":822,"column":6},"end":{"line":822,"column":55}},"322":{"start":{"line":825,"column":33},"end":{"line":825,"column":65}},"323":{"start":{"line":826,"column":38},"end":{"line":846,"column":10}},"324":{"start":{"line":848,"column":21},"end":{"line":879,"column":6}},"325":{"start":{"line":881,"column":18},"end":{"line":881,"column":39}},"326":{"start":{"line":897,"column":4},"end":{"line":914,"column":5}},"327":{"start":{"line":899,"column":8},"end":{"line":901,"column":40}},"328":{"start":{"line":899,"column":36},"end":{"line":899,"column":49}},"329":{"start":{"line":902,"column":28},"end":{"line":902,"column":72}},"330":{"start":{"line":903,"column":6},"end":{"line":913,"column":8}},"331":{"start":{"line":916,"column":18},"end":{"line":916,"column":48}},"332":{"start":{"line":917,"column":27},"end":{"line":921,"column":7}},"333":{"start":{"line":917,"column":90},"end":{"line":921,"column":6}},"334":{"start":{"line":922,"column":33},"end":{"line":927,"column":null}},"335":{"start":{"line":923,"column":6},"end":{"line":927,"column":9}},"336":{"start":{"line":923,"column":63},"end":{"line":927,"column":8}},"337":{"start":{"line":929,"column":27},"end":{"line":935,"column":null}},"338":{"start":{"line":932,"column":35},"end":{"line":932,"column":83}},"339":{"start":{"line":933,"column":35},"end":{"line":933,"column":71}},"340":{"start":{"line":934,"column":26},"end":{"line":934,"column":51}},"341":{"start":{"line":938,"column":29},"end":{"line":949,"column":7}},"342":{"start":{"line":938,"column":98},"end":{"line":949,"column":6}},"343":{"start":{"line":951,"column":4},"end":{"line":954,"column":7}},"344":{"start":{"line":956,"column":4},"end":{"line":956,"column":50}},"345":{"start":{"line":958,"column":4},"end":{"line":958,"column":65}},"346":{"start":{"line":962,"column":0},"end":{"line":974,"column":2}}},"fnMap":{"0":{"name":"(anonymous_1)","decl":{"start":{"line":8,"column":18},"end":{"line":8,"column":19}},"loc":{"start":{"line":8,"column":67},"end":{"line":10,"column":1}}},"1":{"name":"(anonymous_2)","decl":{"start":{"line":24,"column":36},"end":{"line":24,"column":37}},"loc":{"start":{"line":24,"column":55},"end":{"line":33,"column":1}}},"2":{"name":"(anonymous_3)","decl":{"start":{"line":67,"column":26},"end":{"line":67,"column":27}},"loc":{"start":{"line":67,"column":67},"end":{"line":75,"column":2}}},"3":{"name":"(anonymous_4)","decl":{"start":{"line":77,"column":31},"end":{"line":77,"column":32}},"loc":{"start":{"line":77,"column":48},"end":{"line":95,"column":1}}},"4":{"name":"(anonymous_5)","decl":{"start":{"line":97,"column":26},"end":{"line":97,"column":27}},"loc":{"start":{"line":98,"column":2},"end":{"line":98,"column":39}}},"5":{"name":"(anonymous_6)","decl":{"start":{"line":100,"column":28},"end":{"line":100,"column":33}},"loc":{"start":{"line":100,"column":51},"end":{"line":111,"column":1}}},"6":{"name":"(anonymous_7)","decl":{"start":{"line":113,"column":25},"end":{"line":113,"column":26}},"loc":{"start":{"line":113,"column":98},"end":{"line":126,"column":1}}},"7":{"name":"(anonymous_8)","decl":{"start":{"line":128,"column":28},"end":{"line":128,"column":29}},"loc":{"start":{"line":128,"column":77},"end":{"line":136,"column":1}}},"8":{"name":"(anonymous_9)","decl":{"start":{"line":138,"column":30},"end":{"line":138,"column":35}},"loc":{"start":{"line":142,"column":4},"end":{"line":214,"column":1}}},"9":{"name":"(anonymous_10)","decl":{"start":{"line":216,"column":22},"end":{"line":216,"column":23}},"loc":{"start":{"line":216,"column":58},"end":{"line":234,"column":1}}},"10":{"name":"(anonymous_11)","decl":{"start":{"line":236,"column":28},"end":{"line":236,"column":33}},"loc":{"start":{"line":239,"column":18},"end":{"line":264,"column":1}}},"11":{"name":"(anonymous_12)","decl":{"start":{"line":266,"column":31},"end":{"line":266,"column":32}},"loc":{"start":{"line":266,"column":45},"end":{"line":274,"column":1}}},"12":{"name":"(anonymous_13)","decl":{"start":{"line":276,"column":23},"end":{"line":276,"column":24}},"loc":{"start":{"line":276,"column":52},"end":{"line":284,"column":1}}},"13":{"name":"(anonymous_14)","decl":{"start":{"line":281,"column":9},"end":{"line":281,"column":10}},"loc":{"start":{"line":281,"column":28},"end":{"line":281,"column":40}}},"14":{"name":"(anonymous_15)","decl":{"start":{"line":286,"column":17},"end":{"line":286,"column":22}},"loc":{"start":{"line":286,"column":55},"end":{"line":316,"column":1}}},"15":{"name":"(anonymous_16)","decl":{"start":{"line":318,"column":14},"end":{"line":318,"column":19}},"loc":{"start":{"line":318,"column":52},"end":{"line":349,"column":1}}},"16":{"name":"(anonymous_17)","decl":{"start":{"line":351,"column":15},"end":{"line":351,"column":20}},"loc":{"start":{"line":351,"column":53},"end":{"line":372,"column":1}}},"17":{"name":"(anonymous_18)","decl":{"start":{"line":365,"column":6},"end":{"line":365,"column":7}},"loc":{"start":{"line":365,"column":17},"end":{"line":365,"column":39}}},"18":{"name":"(anonymous_19)","decl":{"start":{"line":374,"column":21},"end":{"line":374,"column":26}},"loc":{"start":{"line":374,"column":59},"end":{"line":406,"column":1}}},"19":{"name":"(anonymous_20)","decl":{"start":{"line":398,"column":6},"end":{"line":398,"column":7}},"loc":{"start":{"line":398,"column":17},"end":{"line":398,"column":39}}},"20":{"name":"(anonymous_21)","decl":{"start":{"line":408,"column":20},"end":{"line":408,"column":25}},"loc":{"start":{"line":408,"column":58},"end":{"line":553,"column":1}}},"21":{"name":"(anonymous_22)","decl":{"start":{"line":510,"column":22},"end":{"line":510,"column":23}},"loc":{"start":{"line":510,"column":33},"end":{"line":510,"column":64}}},"22":{"name":"(anonymous_23)","decl":{"start":{"line":511,"column":22},"end":{"line":511,"column":23}},"loc":{"start":{"line":511,"column":33},"end":{"line":511,"column":47}}},"23":{"name":"(anonymous_24)","decl":{"start":{"line":561,"column":32},"end":{"line":561,"column":37}},"loc":{"start":{"line":565,"column":4},"end":{"line":617,"column":1}}},"24":{"name":"(anonymous_25)","decl":{"start":{"line":619,"column":20},"end":{"line":619,"column":25}},"loc":{"start":{"line":619,"column":58},"end":{"line":717,"column":1}}},"25":{"name":"(anonymous_26)","decl":{"start":{"line":719,"column":25},"end":{"line":719,"column":30}},"loc":{"start":{"line":719,"column":63},"end":{"line":721,"column":1}}},"26":{"name":"(anonymous_27)","decl":{"start":{"line":723,"column":25},"end":{"line":723,"column":30}},"loc":{"start":{"line":723,"column":63},"end":{"line":725,"column":1}}},"27":{"name":"(anonymous_28)","decl":{"start":{"line":727,"column":23},"end":{"line":727,"column":24}},"loc":{"start":{"line":727,"column":56},"end":{"line":733,"column":1}}},"28":{"name":"(anonymous_29)","decl":{"start":{"line":735,"column":30},"end":{"line":735,"column":35}},"loc":{"start":{"line":735,"column":68},"end":{"line":795,"column":1}}},"29":{"name":"(anonymous_30)","decl":{"start":{"line":784,"column":16},"end":{"line":784,"column":17}},"loc":{"start":{"line":784,"column":27},"end":{"line":790,"column":8}}},"30":{"name":"(anonymous_31)","decl":{"start":{"line":797,"column":26},"end":{"line":797,"column":31}},"loc":{"start":{"line":797,"column":64},"end":{"line":960,"column":1}}},"31":{"name":"(anonymous_32)","decl":{"start":{"line":899,"column":25},"end":{"line":899,"column":26}},"loc":{"start":{"line":899,"column":36},"end":{"line":899,"column":49}}},"32":{"name":"(anonymous_33)","decl":{"start":{"line":917,"column":76},"end":{"line":917,"column":77}},"loc":{"start":{"line":917,"column":90},"end":{"line":921,"column":6}}},"33":{"name":"(anonymous_34)","decl":{"start":{"line":922,"column":89},"end":{"line":922,"column":90}},"loc":{"start":{"line":923,"column":6},"end":{"line":927,"column":9}}},"34":{"name":"(anonymous_35)","decl":{"start":{"line":923,"column":49},"end":{"line":923,"column":50}},"loc":{"start":{"line":923,"column":63},"end":{"line":927,"column":8}}},"35":{"name":"(anonymous_36)","decl":{"start":{"line":932,"column":18},"end":{"line":932,"column":19}},"loc":{"start":{"line":932,"column":35},"end":{"line":932,"column":83}}},"36":{"name":"(anonymous_37)","decl":{"start":{"line":933,"column":18},"end":{"line":933,"column":19}},"loc":{"start":{"line":933,"column":35},"end":{"line":933,"column":71}}},"37":{"name":"(anonymous_38)","decl":{"start":{"line":934,"column":15},"end":{"line":934,"column":16}},"loc":{"start":{"line":934,"column":26},"end":{"line":934,"column":51}}},"38":{"name":"(anonymous_39)","decl":{"start":{"line":938,"column":48},"end":{"line":938,"column":49}},"loc":{"start":{"line":938,"column":98},"end":{"line":949,"column":6}}}},"branchMap":{"0":{"loc":{"start":{"line":25,"column":2},"end":{"line":32,"column":3}},"type":"switch","locations":[{"start":{"line":26,"column":4},"end":{"line":27,"column":36}},{"start":{"line":28,"column":4},"end":{"line":29,"column":39}},{"start":{"line":30,"column":4},"end":{"line":31,"column":35}}]},"1":{"loc":{"start":{"line":79,"column":2},"end":{"line":81,"column":3}},"type":"if","locations":[{"start":{"line":79,"column":2},"end":{"line":81,"column":3}},{"start":{},"end":{}}]},"2":{"loc":{"start":{"line":79,"column":6},"end":{"line":79,"column":54}},"type":"binary-expr","locations":[{"start":{"line":79,"column":6},"end":{"line":79,"column":17}},{"start":{"line":79,"column":21},"end":{"line":79,"column":54}}]},"3":{"loc":{"start":{"line":84,"column":2},"end":{"line":86,"column":3}},"type":"if","locations":[{"start":{"line":84,"column":2},"end":{"line":86,"column":3}},{"start":{},"end":{}}]},"4":{"loc":{"start":{"line":89,"column":19},"end":{"line":89,"column":61}},"type":"binary-expr","locations":[{"start":{"line":89,"column":19},"end":{"line":89,"column":41}},{"start":{"line":89,"column":45},"end":{"line":89,"column":61}}]},"5":{"loc":{"start":{"line":101,"column":23},"end":{"line":101,"column":56}},"type":"binary-expr","locations":[{"start":{"line":101,"column":23},"end":{"line":101,"column":46}},{"start":{"line":101,"column":50},"end":{"line":101,"column":56}}]},"6":{"loc":{"start":{"line":113,"column":67},"end":{"line":113,"column":94}},"type":"default-arg","locations":[{"start":{"line":113,"column":90},"end":{"line":113,"column":94}}]},"7":{"loc":{"start":{"line":114,"column":2},"end":{"line":118,"column":3}},"type":"if","locations":[{"start":{"line":114,"column":2},"end":{"line":118,"column":3}},{"start":{"line":116,"column":9},"end":{"line":118,"column":3}}]},"8":{"loc":{"start":{"line":120,"column":2},"end":{"line":122,"column":3}},"type":"if","locations":[{"start":{"line":120,"column":2},"end":{"line":122,"column":3}},{"start":{},"end":{}}]},"9":{"loc":{"start":{"line":123,"column":2},"end":{"line":125,"column":3}},"type":"if","locations":[{"start":{"line":123,"column":2},"end":{"line":125,"column":3}},{"start":{},"end":{}}]},"10":{"loc":{"start":{"line":123,"column":6},"end":{"line":123,"column":40}},"type":"binary-expr","locations":[{"start":{"line":123,"column":6},"end":{"line":123,"column":20}},{"start":{"line":123,"column":24},"end":{"line":123,"column":40}}]},"11":{"loc":{"start":{"line":129,"column":2},"end":{"line":131,"column":3}},"type":"if","locations":[{"start":{"line":129,"column":2},"end":{"line":131,"column":3}},{"start":{},"end":{}}]},"12":{"loc":{"start":{"line":134,"column":25},"end":{"line":134,"column":59}},"type":"binary-expr","locations":[{"start":{"line":134,"column":25},"end":{"line":134,"column":47}},{"start":{"line":134,"column":51},"end":{"line":134,"column":59}}]},"13":{"loc":{"start":{"line":135,"column":26},"end":{"line":135,"column":50}},"type":"binary-expr","locations":[{"start":{"line":135,"column":26},"end":{"line":135,"column":44}},{"start":{"line":135,"column":48},"end":{"line":135,"column":50}}]},"14":{"loc":{"start":{"line":145,"column":4},"end":{"line":147,"column":40}},"type":"cond-expr","locations":[{"start":{"line":146,"column":8},"end":{"line":146,"column":40}},{"start":{"line":147,"column":8},"end":{"line":147,"column":40}}]},"15":{"loc":{"start":{"line":151,"column":2},"end":{"line":175,"column":3}},"type":"if","locations":[{"start":{"line":151,"column":2},"end":{"line":175,"column":3}},{"start":{},"end":{}}]},"16":{"loc":{"start":{"line":154,"column":4},"end":{"line":156,"column":5}},"type":"if","locations":[{"start":{"line":154,"column":4},"end":{"line":156,"column":5}},{"start":{},"end":{}}]},"17":{"loc":{"start":{"line":158,"column":4},"end":{"line":165,"column":5}},"type":"if","locations":[{"start":{"line":158,"column":4},"end":{"line":165,"column":5}},{"start":{},"end":{}}]},"18":{"loc":{"start":{"line":158,"column":8},"end":{"line":158,"column":77}},"type":"binary-expr","locations":[{"start":{"line":158,"column":8},"end":{"line":158,"column":21}},{"start":{"line":158,"column":25},"end":{"line":158,"column":77}}]},"19":{"loc":{"start":{"line":170,"column":4},"end":{"line":172,"column":5}},"type":"if","locations":[{"start":{"line":170,"column":4},"end":{"line":172,"column":5}},{"start":{},"end":{}}]},"20":{"loc":{"start":{"line":177,"column":2},"end":{"line":184,"column":3}},"type":"if","locations":[{"start":{"line":177,"column":2},"end":{"line":184,"column":3}},{"start":{},"end":{}}]},"21":{"loc":{"start":{"line":179,"column":4},"end":{"line":181,"column":5}},"type":"if","locations":[{"start":{"line":179,"column":4},"end":{"line":181,"column":5}},{"start":{},"end":{}}]},"22":{"loc":{"start":{"line":187,"column":2},"end":{"line":194,"column":3}},"type":"if","locations":[{"start":{"line":187,"column":2},"end":{"line":194,"column":3}},{"start":{},"end":{}}]},"23":{"loc":{"start":{"line":189,"column":4},"end":{"line":191,"column":5}},"type":"if","locations":[{"start":{"line":189,"column":4},"end":{"line":191,"column":5}},{"start":{},"end":{}}]},"24":{"loc":{"start":{"line":196,"column":45},"end":{"line":196,"column":89}},"type":"binary-expr","locations":[{"start":{"line":196,"column":45},"end":{"line":196,"column":72}},{"start":{"line":196,"column":76},"end":{"line":196,"column":89}}]},"25":{"loc":{"start":{"line":199,"column":14},"end":{"line":199,"column":42}},"type":"binary-expr","locations":[{"start":{"line":199,"column":14},"end":{"line":199,"column":30}},{"start":{"line":199,"column":34},"end":{"line":199,"column":42}}]},"26":{"loc":{"start":{"line":201,"column":8},"end":{"line":203,"column":40}},"type":"cond-expr","locations":[{"start":{"line":202,"column":8},"end":{"line":202,"column":40}},{"start":{"line":203,"column":8},"end":{"line":203,"column":40}}]},"27":{"loc":{"start":{"line":205,"column":2},"end":{"line":209,"column":3}},"type":"if","locations":[{"start":{"line":205,"column":2},"end":{"line":209,"column":3}},{"start":{},"end":{}}]},"28":{"loc":{"start":{"line":205,"column":6},"end":{"line":205,"column":66}},"type":"binary-expr","locations":[{"start":{"line":205,"column":6},"end":{"line":205,"column":35}},{"start":{"line":205,"column":39},"end":{"line":205,"column":66}}]},"29":{"loc":{"start":{"line":207,"column":36},"end":{"line":207,"column":72}},"type":"binary-expr","locations":[{"start":{"line":207,"column":36},"end":{"line":207,"column":60}},{"start":{"line":207,"column":64},"end":{"line":207,"column":72}}]},"30":{"loc":{"start":{"line":208,"column":37},"end":{"line":208,"column":63}},"type":"binary-expr","locations":[{"start":{"line":208,"column":37},"end":{"line":208,"column":57}},{"start":{"line":208,"column":61},"end":{"line":208,"column":63}}]},"31":{"loc":{"start":{"line":217,"column":17},"end":{"line":217,"column":59}},"type":"binary-expr","locations":[{"start":{"line":217,"column":17},"end":{"line":217,"column":39}},{"start":{"line":217,"column":43},"end":{"line":217,"column":59}}]},"32":{"loc":{"start":{"line":218,"column":2},"end":{"line":221,"column":3}},"type":"if","locations":[{"start":{"line":218,"column":2},"end":{"line":221,"column":3}},{"start":{},"end":{}}]},"33":{"loc":{"start":{"line":223,"column":29},"end":{"line":223,"column":65}},"type":"binary-expr","locations":[{"start":{"line":223,"column":29},"end":{"line":223,"column":55}},{"start":{"line":223,"column":59},"end":{"line":223,"column":65}}]},"34":{"loc":{"start":{"line":227,"column":4},"end":{"line":227,"column":50}},"type":"binary-expr","locations":[{"start":{"line":227,"column":4},"end":{"line":227,"column":40}},{"start":{"line":227,"column":44},"end":{"line":227,"column":50}}]},"35":{"loc":{"start":{"line":252,"column":4},"end":{"line":254,"column":5}},"type":"if","locations":[{"start":{"line":252,"column":4},"end":{"line":254,"column":5}},{"start":{},"end":{}}]},"36":{"loc":{"start":{"line":258,"column":4},"end":{"line":260,"column":5}},"type":"if","locations":[{"start":{"line":258,"column":4},"end":{"line":260,"column":5}},{"start":{},"end":{}}]},"37":{"loc":{"start":{"line":268,"column":4},"end":{"line":271,"column":15}},"type":"cond-expr","locations":[{"start":{"line":270,"column":8},"end":{"line":270,"column":16}},{"start":{"line":271,"column":8},"end":{"line":271,"column":15}}]},"38":{"loc":{"start":{"line":268,"column":4},"end":{"line":269,"column":58}},"type":"binary-expr","locations":[{"start":{"line":268,"column":4},"end":{"line":268,"column":44}},{"start":{"line":269,"column":4},"end":{"line":269,"column":58}}]},"39":{"loc":{"start":{"line":278,"column":4},"end":{"line":278,"column":74}},"type":"cond-expr","locations":[{"start":{"line":278,"column":48},"end":{"line":278,"column":69}},{"start":{"line":278,"column":72},"end":{"line":278,"column":74}}]},"40":{"loc":{"start":{"line":289,"column":19},"end":{"line":289,"column":53}},"type":"binary-expr","locations":[{"start":{"line":289,"column":19},"end":{"line":289,"column":44}},{"start":{"line":289,"column":48},"end":{"line":289,"column":53}}]},"41":{"loc":{"start":{"line":291,"column":2},"end":{"line":293,"column":3}},"type":"if","locations":[{"start":{"line":291,"column":2},"end":{"line":293,"column":3}},{"start":{},"end":{}}]},"42":{"loc":{"start":{"line":291,"column":6},"end":{"line":291,"column":25}},"type":"binary-expr","locations":[{"start":{"line":291,"column":6},"end":{"line":291,"column":12}},{"start":{"line":291,"column":16},"end":{"line":291,"column":25}}]},"43":{"loc":{"start":{"line":296,"column":47},"end":{"line":296,"column":75}},"type":"binary-expr","locations":[{"start":{"line":296,"column":47},"end":{"line":296,"column":66}},{"start":{"line":296,"column":70},"end":{"line":296,"column":75}}]},"44":{"loc":{"start":{"line":310,"column":4},"end":{"line":313,"column":5}},"type":"if","locations":[{"start":{"line":310,"column":4},"end":{"line":313,"column":5}},{"start":{},"end":{}}]},"45":{"loc":{"start":{"line":311,"column":32},"end":{"line":311,"column":52}},"type":"binary-expr","locations":[{"start":{"line":311,"column":32},"end":{"line":311,"column":46}},{"start":{"line":311,"column":50},"end":{"line":311,"column":52}}]},"46":{"loc":{"start":{"line":322,"column":2},"end":{"line":324,"column":3}},"type":"if","locations":[{"start":{"line":322,"column":2},"end":{"line":324,"column":3}},{"start":{},"end":{}}]},"47":{"loc":{"start":{"line":322,"column":6},"end":{"line":322,"column":25}},"type":"binary-expr","locations":[{"start":{"line":322,"column":6},"end":{"line":322,"column":12}},{"start":{"line":322,"column":16},"end":{"line":322,"column":25}}]},"48":{"loc":{"start":{"line":328,"column":4},"end":{"line":330,"column":5}},"type":"if","locations":[{"start":{"line":328,"column":4},"end":{"line":330,"column":5}},{"start":{},"end":{}}]},"49":{"loc":{"start":{"line":333,"column":4},"end":{"line":335,"column":5}},"type":"if","locations":[{"start":{"line":333,"column":4},"end":{"line":335,"column":5}},{"start":{},"end":{}}]},"50":{"loc":{"start":{"line":338,"column":4},"end":{"line":340,"column":5}},"type":"if","locations":[{"start":{"line":338,"column":4},"end":{"line":340,"column":5}},{"start":{},"end":{}}]},"51":{"loc":{"start":{"line":354,"column":2},"end":{"line":356,"column":3}},"type":"if","locations":[{"start":{"line":354,"column":2},"end":{"line":356,"column":3}},{"start":{},"end":{}}]},"52":{"loc":{"start":{"line":361,"column":4},"end":{"line":363,"column":5}},"type":"if","locations":[{"start":{"line":361,"column":4},"end":{"line":363,"column":5}},{"start":{},"end":{}}]},"53":{"loc":{"start":{"line":377,"column":2},"end":{"line":379,"column":3}},"type":"if","locations":[{"start":{"line":377,"column":2},"end":{"line":379,"column":3}},{"start":{},"end":{}}]},"54":{"loc":{"start":{"line":381,"column":17},"end":{"line":381,"column":59}},"type":"binary-expr","locations":[{"start":{"line":381,"column":17},"end":{"line":381,"column":39}},{"start":{"line":381,"column":43},"end":{"line":381,"column":59}}]},"55":{"loc":{"start":{"line":386,"column":4},"end":{"line":388,"column":5}},"type":"if","locations":[{"start":{"line":386,"column":4},"end":{"line":388,"column":5}},{"start":{},"end":{}}]},"56":{"loc":{"start":{"line":389,"column":4},"end":{"line":394,"column":5}},"type":"if","locations":[{"start":{"line":389,"column":4},"end":{"line":394,"column":5}},{"start":{},"end":{}}]},"57":{"loc":{"start":{"line":411,"column":2},"end":{"line":413,"column":3}},"type":"if","locations":[{"start":{"line":411,"column":2},"end":{"line":413,"column":3}},{"start":{},"end":{}}]},"58":{"loc":{"start":{"line":419,"column":2},"end":{"line":421,"column":3}},"type":"if","locations":[{"start":{"line":419,"column":2},"end":{"line":421,"column":3}},{"start":{},"end":{}}]},"59":{"loc":{"start":{"line":419,"column":6},"end":{"line":419,"column":48}},"type":"binary-expr","locations":[{"start":{"line":419,"column":6},"end":{"line":419,"column":15}},{"start":{"line":419,"column":19},"end":{"line":419,"column":32}},{"start":{"line":419,"column":36},"end":{"line":419,"column":48}}]},"60":{"loc":{"start":{"line":450,"column":4},"end":{"line":456,"column":5}},"type":"if","locations":[{"start":{"line":450,"column":4},"end":{"line":456,"column":5}},{"start":{},"end":{}}]},"61":{"loc":{"start":{"line":450,"column":8},"end":{"line":450,"column":52}},"type":"binary-expr","locations":[{"start":{"line":450,"column":8},"end":{"line":450,"column":25}},{"start":{"line":450,"column":29},"end":{"line":450,"column":52}}]},"62":{"loc":{"start":{"line":453,"column":8},"end":{"line":453,"column":94}},"type":"binary-expr","locations":[{"start":{"line":453,"column":8},"end":{"line":453,"column":35}},{"start":{"line":453,"column":39},"end":{"line":453,"column":54}},{"start":{"line":453,"column":58},"end":{"line":453,"column":94}}]},"63":{"loc":{"start":{"line":460,"column":6},"end":{"line":462,"column":32}},"type":"cond-expr","locations":[{"start":{"line":461,"column":10},"end":{"line":461,"column":33}},{"start":{"line":462,"column":10},"end":{"line":462,"column":32}}]},"64":{"loc":{"start":{"line":464,"column":6},"end":{"line":466,"column":33}},"type":"cond-expr","locations":[{"start":{"line":465,"column":10},"end":{"line":465,"column":32}},{"start":{"line":466,"column":10},"end":{"line":466,"column":33}}]},"65":{"loc":{"start":{"line":474,"column":4},"end":{"line":481,"column":5}},"type":"if","locations":[{"start":{"line":474,"column":4},"end":{"line":481,"column":5}},{"start":{},"end":{}}]},"66":{"loc":{"start":{"line":478,"column":38},"end":{"line":478,"column":79}},"type":"cond-expr","locations":[{"start":{"line":478,"column":54},"end":{"line":478,"column":74}},{"start":{"line":478,"column":77},"end":{"line":478,"column":79}}]},"67":{"loc":{"start":{"line":491,"column":4},"end":{"line":493,"column":5}},"type":"if","locations":[{"start":{"line":491,"column":4},"end":{"line":493,"column":5}},{"start":{},"end":{}}]},"68":{"loc":{"start":{"line":491,"column":8},"end":{"line":491,"column":43}},"type":"binary-expr","locations":[{"start":{"line":491,"column":8},"end":{"line":491,"column":22}},{"start":{"line":491,"column":26},"end":{"line":491,"column":43}}]},"69":{"loc":{"start":{"line":497,"column":4},"end":{"line":515,"column":5}},"type":"if","locations":[{"start":{"line":497,"column":4},"end":{"line":515,"column":5}},{"start":{},"end":{}}]},"70":{"loc":{"start":{"line":503,"column":6},"end":{"line":514,"column":7}},"type":"if","locations":[{"start":{"line":503,"column":6},"end":{"line":514,"column":7}},{"start":{},"end":{}}]},"71":{"loc":{"start":{"line":510,"column":10},"end":{"line":513,"column":14}},"type":"binary-expr","locations":[{"start":{"line":510,"column":10},"end":{"line":510,"column":72}},{"start":{"line":511,"column":10},"end":{"line":511,"column":55}},{"start":{"line":512,"column":10},"end":{"line":512,"column":26}},{"start":{"line":513,"column":10},"end":{"line":513,"column":14}}]},"72":{"loc":{"start":{"line":510,"column":33},"end":{"line":510,"column":64}},"type":"binary-expr","locations":[{"start":{"line":510,"column":33},"end":{"line":510,"column":46}},{"start":{"line":510,"column":50},"end":{"line":510,"column":64}}]},"73":{"loc":{"start":{"line":517,"column":4},"end":{"line":519,"column":5}},"type":"if","locations":[{"start":{"line":517,"column":4},"end":{"line":519,"column":5}},{"start":{},"end":{}}]},"74":{"loc":{"start":{"line":526,"column":18},"end":{"line":526,"column":61}},"type":"binary-expr","locations":[{"start":{"line":526,"column":18},"end":{"line":526,"column":41}},{"start":{"line":526,"column":45},"end":{"line":526,"column":61}}]},"75":{"loc":{"start":{"line":533,"column":10},"end":{"line":535,"column":16}},"type":"cond-expr","locations":[{"start":{"line":534,"column":15},"end":{"line":534,"column":53}},{"start":{"line":535,"column":14},"end":{"line":535,"column":16}}]},"76":{"loc":{"start":{"line":539,"column":4},"end":{"line":541,"column":5}},"type":"if","locations":[{"start":{"line":539,"column":4},"end":{"line":541,"column":5}},{"start":{},"end":{}}]},"77":{"loc":{"start":{"line":567,"column":2},"end":{"line":573,"column":3}},"type":"if","locations":[{"start":{"line":567,"column":2},"end":{"line":573,"column":3}},{"start":{},"end":{}}]},"78":{"loc":{"start":{"line":576,"column":25},"end":{"line":576,"column":72}},"type":"cond-expr","locations":[{"start":{"line":576,"column":49},"end":{"line":576,"column":59}},{"start":{"line":576,"column":62},"end":{"line":576,"column":72}}]},"79":{"loc":{"start":{"line":579,"column":4},"end":{"line":581,"column":5}},"type":"if","locations":[{"start":{"line":579,"column":4},"end":{"line":581,"column":5}},{"start":{},"end":{}}]},"80":{"loc":{"start":{"line":583,"column":4},"end":{"line":589,"column":5}},"type":"if","locations":[{"start":{"line":583,"column":4},"end":{"line":589,"column":5}},{"start":{},"end":{}}]},"81":{"loc":{"start":{"line":586,"column":11},"end":{"line":586,"column":54}},"type":"cond-expr","locations":[{"start":{"line":586,"column":35},"end":{"line":586,"column":43}},{"start":{"line":586,"column":46},"end":{"line":586,"column":54}}]},"82":{"loc":{"start":{"line":593,"column":6},"end":{"line":608,"column":null}},"type":"cond-expr","locations":[{"start":{"line":594,"column":10},"end":{"line":601,"column":null}},{"start":{"line":602,"column":10},"end":{"line":608,"column":null}}]},"83":{"loc":{"start":{"line":612,"column":18},"end":{"line":612,"column":61}},"type":"cond-expr","locations":[{"start":{"line":612,"column":42},"end":{"line":612,"column":50}},{"start":{"line":612,"column":53},"end":{"line":612,"column":61}}]},"84":{"loc":{"start":{"line":623,"column":2},"end":{"line":625,"column":3}},"type":"if","locations":[{"start":{"line":623,"column":2},"end":{"line":625,"column":3}},{"start":{},"end":{}}]},"85":{"loc":{"start":{"line":623,"column":6},"end":{"line":623,"column":33}},"type":"binary-expr","locations":[{"start":{"line":623,"column":6},"end":{"line":623,"column":17}},{"start":{"line":623,"column":21},"end":{"line":623,"column":33}}]},"86":{"loc":{"start":{"line":628,"column":2},"end":{"line":630,"column":3}},"type":"if","locations":[{"start":{"line":628,"column":2},"end":{"line":630,"column":3}},{"start":{},"end":{}}]},"87":{"loc":{"start":{"line":643,"column":4},"end":{"line":682,"column":5}},"type":"if","locations":[{"start":{"line":643,"column":4},"end":{"line":682,"column":5}},{"start":{"line":650,"column":11},"end":{"line":682,"column":5}}]},"88":{"loc":{"start":{"line":650,"column":11},"end":{"line":682,"column":5}},"type":"if","locations":[{"start":{"line":650,"column":11},"end":{"line":682,"column":5}},{"start":{},"end":{}}]},"89":{"loc":{"start":{"line":660,"column":6},"end":{"line":662,"column":7}},"type":"if","locations":[{"start":{"line":660,"column":6},"end":{"line":662,"column":7}},{"start":{},"end":{}}]},"90":{"loc":{"start":{"line":675,"column":6},"end":{"line":681,"column":7}},"type":"if","locations":[{"start":{"line":675,"column":6},"end":{"line":681,"column":7}},{"start":{},"end":{}}]},"91":{"loc":{"start":{"line":680,"column":10},"end":{"line":680,"column":68}},"type":"cond-expr","locations":[{"start":{"line":680,"column":48},"end":{"line":680,"column":63}},{"start":{"line":680,"column":66},"end":{"line":680,"column":68}}]},"92":{"loc":{"start":{"line":684,"column":4},"end":{"line":686,"column":5}},"type":"if","locations":[{"start":{"line":684,"column":4},"end":{"line":686,"column":5}},{"start":{},"end":{}}]},"93":{"loc":{"start":{"line":684,"column":8},"end":{"line":684,"column":40}},"type":"binary-expr","locations":[{"start":{"line":684,"column":8},"end":{"line":684,"column":21}},{"start":{"line":684,"column":25},"end":{"line":684,"column":40}}]},"94":{"loc":{"start":{"line":693,"column":18},"end":{"line":693,"column":47}},"type":"binary-expr","locations":[{"start":{"line":693,"column":18},"end":{"line":693,"column":30}},{"start":{"line":693,"column":34},"end":{"line":693,"column":47}}]},"95":{"loc":{"start":{"line":698,"column":4},"end":{"line":700,"column":5}},"type":"if","locations":[{"start":{"line":698,"column":4},"end":{"line":700,"column":5}},{"start":{},"end":{}}]},"96":{"loc":{"start":{"line":703,"column":4},"end":{"line":708,"column":5}},"type":"if","locations":[{"start":{"line":703,"column":4},"end":{"line":708,"column":5}},{"start":{},"end":{}}]},"97":{"loc":{"start":{"line":706,"column":8},"end":{"line":707,"column":66}},"type":"binary-expr","locations":[{"start":{"line":706,"column":8},"end":{"line":706,"column":27}},{"start":{"line":707,"column":9},"end":{"line":707,"column":65}}]},"98":{"loc":{"start":{"line":707,"column":9},"end":{"line":707,"column":65}},"type":"cond-expr","locations":[{"start":{"line":707,"column":46},"end":{"line":707,"column":60}},{"start":{"line":707,"column":63},"end":{"line":707,"column":65}}]},"99":{"loc":{"start":{"line":729,"column":20},"end":{"line":729,"column":64}},"type":"binary-expr","locations":[{"start":{"line":729,"column":20},"end":{"line":729,"column":56}},{"start":{"line":729,"column":60},"end":{"line":729,"column":64}}]},"100":{"loc":{"start":{"line":730,"column":20},"end":{"line":730,"column":64}},"type":"binary-expr","locations":[{"start":{"line":730,"column":20},"end":{"line":730,"column":56}},{"start":{"line":730,"column":60},"end":{"line":730,"column":64}}]},"101":{"loc":{"start":{"line":731,"column":23},"end":{"line":731,"column":70}},"type":"binary-expr","locations":[{"start":{"line":731,"column":23},"end":{"line":731,"column":62}},{"start":{"line":731,"column":66},"end":{"line":731,"column":70}}]},"102":{"loc":{"start":{"line":738,"column":2},"end":{"line":744,"column":3}},"type":"if","locations":[{"start":{"line":738,"column":2},"end":{"line":744,"column":3}},{"start":{},"end":{}}]},"103":{"loc":{"start":{"line":749,"column":4},"end":{"line":755,"column":5}},"type":"if","locations":[{"start":{"line":749,"column":4},"end":{"line":755,"column":5}},{"start":{},"end":{}}]},"104":{"loc":{"start":{"line":766,"column":4},"end":{"line":773,"column":5}},"type":"if","locations":[{"start":{"line":766,"column":4},"end":{"line":773,"column":5}},{"start":{},"end":{}}]},"105":{"loc":{"start":{"line":769,"column":8},"end":{"line":769,"column":43}},"type":"cond-expr","locations":[{"start":{"line":769,"column":34},"end":{"line":769,"column":37}},{"start":{"line":769,"column":40},"end":{"line":769,"column":43}}]},"106":{"loc":{"start":{"line":770,"column":8},"end":{"line":770,"column":57}},"type":"binary-expr","locations":[{"start":{"line":770,"column":8},"end":{"line":770,"column":17}},{"start":{"line":770,"column":21},"end":{"line":770,"column":57}}]},"107":{"loc":{"start":{"line":788,"column":15},"end":{"line":788,"column":38}},"type":"binary-expr","locations":[{"start":{"line":788,"column":15},"end":{"line":788,"column":32}},{"start":{"line":788,"column":36},"end":{"line":788,"column":38}}]},"108":{"loc":{"start":{"line":800,"column":2},"end":{"line":806,"column":3}},"type":"if","locations":[{"start":{"line":800,"column":2},"end":{"line":806,"column":3}},{"start":{},"end":{}}]},"109":{"loc":{"start":{"line":811,"column":4},"end":{"line":817,"column":5}},"type":"if","locations":[{"start":{"line":811,"column":4},"end":{"line":817,"column":5}},{"start":{},"end":{}}]},"110":{"loc":{"start":{"line":821,"column":4},"end":{"line":823,"column":5}},"type":"if","locations":[{"start":{"line":821,"column":4},"end":{"line":823,"column":5}},{"start":{},"end":{}}]},"111":{"loc":{"start":{"line":821,"column":8},"end":{"line":821,"column":63}},"type":"binary-expr","locations":[{"start":{"line":821,"column":8},"end":{"line":821,"column":22}},{"start":{"line":821,"column":26},"end":{"line":821,"column":63}}]},"112":{"loc":{"start":{"line":826,"column":38},"end":{"line":846,"column":10}},"type":"cond-expr","locations":[{"start":{"line":827,"column":8},"end":{"line":845,"column":null}},{"start":{"line":846,"column":8},"end":{"line":846,"column":10}}]},"113":{"loc":{"start":{"line":897,"column":4},"end":{"line":914,"column":5}},"type":"if","locations":[{"start":{"line":897,"column":4},"end":{"line":914,"column":5}},{"start":{},"end":{}}]},"114":{"loc":{"start":{"line":897,"column":8},"end":{"line":897,"column":43}},"type":"binary-expr","locations":[{"start":{"line":897,"column":8},"end":{"line":897,"column":20}},{"start":{"line":897,"column":24},"end":{"line":897,"column":43}}]},"115":{"loc":{"start":{"line":899,"column":8},"end":{"line":901,"column":40}},"type":"binary-expr","locations":[{"start":{"line":899,"column":8},"end":{"line":899,"column":77}},{"start":{"line":900,"column":8},"end":{"line":900,"column":20}},{"start":{"line":901,"column":8},"end":{"line":901,"column":40}}]},"116":{"loc":{"start":{"line":904,"column":8},"end":{"line":908,"column":17}},"type":"cond-expr","locations":[{"start":{"line":905,"column":12},"end":{"line":905,"column":15}},{"start":{"line":906,"column":12},"end":{"line":908,"column":17}}]},"117":{"loc":{"start":{"line":906,"column":12},"end":{"line":908,"column":17}},"type":"cond-expr","locations":[{"start":{"line":907,"column":14},"end":{"line":907,"column":29}},{"start":{"line":908,"column":14},"end":{"line":908,"column":17}}]},"118":{"loc":{"start":{"line":906,"column":12},"end":{"line":906,"column":62}},"type":"binary-expr","locations":[{"start":{"line":906,"column":12},"end":{"line":906,"column":35}},{"start":{"line":906,"column":39},"end":{"line":906,"column":62}}]},"119":{"loc":{"start":{"line":909,"column":8},"end":{"line":911,"column":19}},"type":"cond-expr","locations":[{"start":{"line":910,"column":12},"end":{"line":910,"column":85}},{"start":{"line":911,"column":12},"end":{"line":911,"column":19}}]},"120":{"loc":{"start":{"line":916,"column":18},"end":{"line":916,"column":48}},"type":"binary-expr","locations":[{"start":{"line":916,"column":18},"end":{"line":916,"column":42}},{"start":{"line":916,"column":46},"end":{"line":916,"column":48}}]},"121":{"loc":{"start":{"line":917,"column":28},"end":{"line":917,"column":70}},"type":"binary-expr","locations":[{"start":{"line":917,"column":28},"end":{"line":917,"column":64}},{"start":{"line":917,"column":68},"end":{"line":917,"column":70}}]},"122":{"loc":{"start":{"line":922,"column":34},"end":{"line":922,"column":79}},"type":"binary-expr","locations":[{"start":{"line":922,"column":34},"end":{"line":922,"column":73}},{"start":{"line":922,"column":77},"end":{"line":922,"column":79}}]},"123":{"loc":{"start":{"line":923,"column":7},"end":{"line":923,"column":43}},"type":"binary-expr","locations":[{"start":{"line":923,"column":7},"end":{"line":923,"column":37}},{"start":{"line":923,"column":41},"end":{"line":923,"column":43}}]},"124":{"loc":{"start":{"line":925,"column":15},"end":{"line":925,"column":39}},"type":"binary-expr","locations":[{"start":{"line":925,"column":15},"end":{"line":925,"column":33}},{"start":{"line":925,"column":37},"end":{"line":925,"column":39}}]},"125":{"loc":{"start":{"line":932,"column":35},"end":{"line":932,"column":83}},"type":"binary-expr","locations":[{"start":{"line":932,"column":35},"end":{"line":932,"column":46}},{"start":{"line":932,"column":50},"end":{"line":932,"column":65}},{"start":{"line":932,"column":69},"end":{"line":932,"column":83}}]},"126":{"loc":{"start":{"line":933,"column":36},"end":{"line":933,"column":66}},"type":"binary-expr","locations":[{"start":{"line":933,"column":36},"end":{"line":933,"column":61}},{"start":{"line":933,"column":65},"end":{"line":933,"column":66}}]},"127":{"loc":{"start":{"line":945,"column":8},"end":{"line":946,"column":106}},"type":"binary-expr","locations":[{"start":{"line":945,"column":8},"end":{"line":945,"column":19}},{"start":{"line":946,"column":9},"end":{"line":946,"column":105}}]},"128":{"loc":{"start":{"line":946,"column":9},"end":{"line":946,"column":105}},"type":"cond-expr","locations":[{"start":{"line":946,"column":24},"end":{"line":946,"column":100}},{"start":{"line":946,"column":103},"end":{"line":946,"column":105}}]},"129":{"loc":{"start":{"line":947,"column":17},"end":{"line":947,"column":47}},"type":"binary-expr","locations":[{"start":{"line":947,"column":17},"end":{"line":947,"column":42}},{"start":{"line":947,"column":46},"end":{"line":947,"column":47}}]},"130":{"loc":{"start":{"line":948,"column":17},"end":{"line":948,"column":42}},"type":"binary-expr","locations":[{"start":{"line":948,"column":17},"end":{"line":948,"column":34}},{"start":{"line":948,"column":38},"end":{"line":948,"column":42}}]}},"s":{"0":7,"1":7,"2":7,"3":7,"4":7,"5":7,"6":17,"7":7,"8":1,"9":1,"10":0,"11":0,"12":7,"13":7,"14":7,"15":6,"16":7,"17":5,"18":5,"19":1,"20":4,"21":4,"22":0,"23":4,"24":4,"25":4,"26":4,"27":0,"28":7,"29":4,"30":7,"31":4,"32":4,"33":4,"34":4,"35":2,"36":2,"37":4,"38":7,"39":2,"40":0,"41":2,"42":2,"43":1,"44":2,"45":0,"46":7,"47":0,"48":0,"49":0,"50":0,"51":0,"52":7,"53":2,"54":2,"55":2,"56":2,"57":1,"58":1,"59":0,"60":1,"61":0,"62":1,"63":1,"64":0,"65":1,"66":1,"67":1,"68":0,"69":0,"70":0,"71":0,"72":0,"73":1,"74":1,"75":1,"76":1,"77":0,"78":1,"79":1,"80":0,"81":0,"82":0,"83":0,"84":0,"85":0,"86":0,"87":0,"88":7,"89":7,"90":7,"91":0,"92":0,"93":7,"94":7,"95":7,"96":7,"97":7,"98":7,"99":7,"100":0,"101":0,"102":0,"103":0,"104":0,"105":0,"106":0,"107":0,"108":0,"109":7,"110":0,"111":0,"112":7,"113":0,"114":0,"115":0,"116":7,"117":5,"118":5,"119":5,"120":5,"121":1,"122":4,"123":4,"124":4,"125":4,"126":4,"127":3,"128":3,"129":3,"130":3,"131":1,"132":1,"133":1,"134":0,"135":7,"136":5,"137":5,"138":5,"139":1,"140":4,"141":4,"142":4,"143":1,"144":3,"145":1,"146":2,"147":2,"148":1,"149":1,"150":1,"151":1,"152":1,"153":0,"154":7,"155":4,"156":4,"157":1,"158":3,"159":3,"160":3,"161":2,"162":1,"163":1,"164":2,"165":1,"166":1,"167":1,"168":7,"169":5,"170":5,"171":1,"172":4,"173":4,"174":4,"175":3,"176":3,"177":1,"178":2,"179":1,"180":1,"181":1,"182":1,"183":1,"184":1,"185":2,"186":1,"187":1,"188":1,"189":1,"190":7,"191":2,"192":2,"193":1,"194":1,"195":1,"196":1,"197":1,"198":1,"199":0,"200":0,"201":0,"202":0,"203":0,"204":0,"205":0,"206":0,"207":0,"208":0,"209":0,"210":0,"211":0,"212":0,"213":0,"214":0,"215":0,"216":0,"217":0,"218":0,"219":0,"220":0,"221":0,"222":0,"223":0,"224":0,"225":0,"226":0,"227":0,"228":0,"229":0,"230":0,"231":0,"232":0,"233":0,"234":0,"235":7,"236":7,"237":7,"238":7,"239":3,"240":3,"241":0,"242":3,"243":3,"244":3,"245":3,"246":0,"247":3,"248":1,"249":2,"250":2,"251":0,"252":7,"253":3,"254":3,"255":3,"256":1,"257":2,"258":2,"259":0,"260":2,"261":2,"262":2,"263":2,"264":2,"265":0,"266":0,"267":0,"268":0,"269":0,"270":0,"271":0,"272":0,"273":0,"274":2,"275":0,"276":2,"277":2,"278":0,"279":2,"280":2,"281":0,"282":0,"283":2,"284":2,"285":2,"286":2,"287":0,"288":7,"289":2,"290":7,"291":1,"292":7,"293":0,"294":7,"295":0,"296":0,"297":0,"298":0,"299":0,"300":0,"301":0,"302":0,"303":0,"304":0,"305":0,"306":0,"307":0,"308":0,"309":0,"310":7,"311":0,"312":0,"313":0,"314":0,"315":0,"316":0,"317":0,"318":0,"319":0,"320":0,"321":0,"322":0,"323":0,"324":0,"325":0,"326":0,"327":0,"328":0,"329":0,"330":0,"331":0,"332":0,"333":0,"334":0,"335":0,"336":0,"337":0,"338":0,"339":0,"340":0,"341":0,"342":0,"343":0,"344":0,"345":0,"346":7},"f":{"0":17,"1":1,"2":6,"3":5,"4":4,"5":4,"6":2,"7":0,"8":2,"9":7,"10":0,"11":0,"12":0,"13":0,"14":5,"15":5,"16":4,"17":2,"18":5,"19":2,"20":2,"21":0,"22":0,"23":3,"24":3,"25":2,"26":1,"27":0,"28":0,"29":0,"30":0,"31":0,"32":0,"33":0,"34":0,"35":0,"36":0,"37":0,"38":0},"b":{"0":[1,0,0],"1":[1,4],"2":[5,4],"3":[0,4],"4":[4,0],"5":[4,0],"6":[1],"7":[0,2],"8":[1,1],"9":[0,2],"10":[2,0],"11":[0,0],"12":[0,0],"13":[0,0],"14":[0,2],"15":[1,1],"16":[0,1],"17":[0,1],"18":[1,0],"19":[0,1],"20":[0,1],"21":[0,0],"22":[1,0],"23":[0,1],"24":[0,0],"25":[0,0],"26":[0,0],"27":[0,0],"28":[0,0],"29":[0,0],"30":[0,0],"31":[7,0],"32":[0,7],"33":[7,0],"34":[7,0],"35":[0,0],"36":[0,0],"37":[0,0],"38":[0,0],"39":[0,0],"40":[5,4],"41":[1,4],"42":[5,5],"43":[4,0],"44":[1,0],"45":[1,0],"46":[1,4],"47":[5,5],"48":[1,3],"49":[1,2],"50":[1,1],"51":[1,3],"52":[1,1],"53":[1,4],"54":[4,0],"55":[1,2],"56":[1,1],"57":[1,1],"58":[1,0],"59":[1,0,0],"60":[0,0],"61":[0,0],"62":[0,0,0],"63":[0,0],"64":[0,0],"65":[0,0],"66":[0,0],"67":[0,0],"68":[0,0],"69":[0,0],"70":[0,0],"71":[0,0,0,0],"72":[0,0],"73":[0,0],"74":[0,0],"75":[0,0],"76":[0,0],"77":[0,3],"78":[1,2],"79":[0,3],"80":[1,2],"81":[0,1],"82":[1,1],"83":[1,1],"84":[1,2],"85":[3,1],"86":[0,2],"87":[2,0],"88":[0,0],"89":[0,0],"90":[0,0],"91":[0,0],"92":[0,2],"93":[2,2],"94":[2,0],"95":[0,2],"96":[0,2],"97":[0,0],"98":[0,0],"99":[0,0],"100":[0,0],"101":[0,0],"102":[0,0],"103":[0,0],"104":[0,0],"105":[0,0],"106":[0,0],"107":[0,0],"108":[0,0],"109":[0,0],"110":[0,0],"111":[0,0],"112":[0,0],"113":[0,0],"114":[0,0],"115":[0,0,0],"116":[0,0],"117":[0,0],"118":[0,0],"119":[0,0],"120":[0,0],"121":[0,0],"122":[0,0],"123":[0,0],"124":[0,0],"125":[0,0,0],"126":[0,0],"127":[0,0],"128":[0,0],"129":[0,0],"130":[0,0]}}
,"/Users/liron_dabach/Documents/לימודים/שנה ג׳/פרויקט גמר/Mingo/backend/src/controllers/baseController.ts": {"path":"/Users/liron_dabach/Documents/לימודים/שנה ג׳/פרויקט גמר/Mingo/backend/src/controllers/baseController.ts","statementMap":{"0":{"start":{"line":3,"column":31},"end":{"line":4,"column":50}},"1":{"start":{"line":4,"column":2},"end":{"line":4,"column":50}},"2":{"start":{"line":10,"column":4},"end":{"line":10,"column":23}},"3":{"start":{"line":14,"column":4},"end":{"line":27,"column":5}},"4":{"start":{"line":15,"column":6},"end":{"line":21,"column":7}},"5":{"start":{"line":16,"column":27},"end":{"line":16,"column":59}},"6":{"start":{"line":17,"column":8},"end":{"line":17,"column":36}},"7":{"start":{"line":19,"column":21},"end":{"line":19,"column":44}},"8":{"start":{"line":20,"column":8},"end":{"line":20,"column":23}},"9":{"start":{"line":23,"column":6},"end":{"line":25,"column":7}},"10":{"start":{"line":24,"column":8},"end":{"line":24,"column":27}},"11":{"start":{"line":26,"column":6},"end":{"line":26,"column":61}},"12":{"start":{"line":31,"column":15},"end":{"line":31,"column":28}},"13":{"start":{"line":32,"column":4},"end":{"line":32,"column":36}},"14":{"start":{"line":33,"column":4},"end":{"line":45,"column":5}},"15":{"start":{"line":34,"column":19},"end":{"line":34,"column":48}},"16":{"start":{"line":35,"column":6},"end":{"line":39,"column":7}},"17":{"start":{"line":36,"column":8},"end":{"line":36,"column":56}},"18":{"start":{"line":38,"column":8},"end":{"line":38,"column":23}},"19":{"start":{"line":41,"column":6},"end":{"line":43,"column":7}},"20":{"start":{"line":42,"column":8},"end":{"line":42,"column":27}},"21":{"start":{"line":44,"column":6},"end":{"line":44,"column":65}},"22":{"start":{"line":49,"column":19},"end":{"line":49,"column":36}},"23":{"start":{"line":50,"column":4},"end":{"line":50,"column":45}},"24":{"start":{"line":51,"column":4},"end":{"line":63,"column":5}},"25":{"start":{"line":52,"column":19},"end":{"line":52,"column":60}},"26":{"start":{"line":53,"column":6},"end":{"line":57,"column":7}},"27":{"start":{"line":54,"column":8},"end":{"line":54,"column":56}},"28":{"start":{"line":56,"column":8},"end":{"line":56,"column":23}},"29":{"start":{"line":59,"column":6},"end":{"line":61,"column":7}},"30":{"start":{"line":60,"column":8},"end":{"line":60,"column":27}},"31":{"start":{"line":62,"column":6},"end":{"line":62,"column":70}},"32":{"start":{"line":68,"column":19},"end":{"line":68,"column":36}},"33":{"start":{"line":69,"column":4},"end":{"line":71,"column":5}},"34":{"start":{"line":70,"column":6},"end":{"line":70,"column":31}},"35":{"start":{"line":72,"column":21},"end":{"line":72,"column":29}},"36":{"start":{"line":73,"column":4},"end":{"line":73,"column":26}},"37":{"start":{"line":74,"column":4},"end":{"line":82,"column":5}},"38":{"start":{"line":75,"column":19},"end":{"line":75,"column":52}},"39":{"start":{"line":76,"column":6},"end":{"line":76,"column":33}},"40":{"start":{"line":78,"column":6},"end":{"line":80,"column":7}},"41":{"start":{"line":79,"column":8},"end":{"line":79,"column":27}},"42":{"start":{"line":81,"column":6},"end":{"line":81,"column":57}},"43":{"start":{"line":86,"column":15},"end":{"line":86,"column":28}},"44":{"start":{"line":87,"column":4},"end":{"line":100,"column":5}},"45":{"start":{"line":88,"column":26},"end":{"line":88,"column":64}},"46":{"start":{"line":89,"column":6},"end":{"line":92,"column":7}},"47":{"start":{"line":90,"column":8},"end":{"line":90,"column":49}},"48":{"start":{"line":91,"column":8},"end":{"line":91,"column":15}},"49":{"start":{"line":93,"column":6},"end":{"line":93,"column":40}},"50":{"start":{"line":94,"column":6},"end":{"line":94,"column":53}},"51":{"start":{"line":96,"column":6},"end":{"line":98,"column":7}},"52":{"start":{"line":97,"column":8},"end":{"line":97,"column":27}},"53":{"start":{"line":99,"column":6},"end":{"line":99,"column":57}},"54":{"start":{"line":104,"column":15},"end":{"line":104,"column":28}},"55":{"start":{"line":105,"column":24},"end":{"line":105,"column":32}},"56":{"start":{"line":106,"column":4},"end":{"line":116,"column":5}},"57":{"start":{"line":107,"column":19},"end":{"line":109,"column":8}},"58":{"start":{"line":110,"column":6},"end":{"line":110,"column":21}},"59":{"start":{"line":112,"column":6},"end":{"line":114,"column":7}},"60":{"start":{"line":113,"column":8},"end":{"line":113,"column":27}},"61":{"start":{"line":115,"column":6},"end":{"line":115,"column":57}},"62":{"start":{"line":120,"column":0},"end":{"line":120,"column":30}}},"fnMap":{"0":{"name":"(anonymous_0)","decl":{"start":{"line":3,"column":31},"end":{"line":3,"column":32}},"loc":{"start":{"line":4,"column":2},"end":{"line":4,"column":50}}},"1":{"name":"(anonymous_1)","decl":{"start":{"line":9,"column":2},"end":{"line":9,"column":14}},"loc":{"start":{"line":9,"column":24},"end":{"line":11,"column":3}}},"2":{"name":"(anonymous_2)","decl":{"start":{"line":13,"column":2},"end":{"line":13,"column":7}},"loc":{"start":{"line":13,"column":42},"end":{"line":28,"column":3}}},"3":{"name":"(anonymous_3)","decl":{"start":{"line":30,"column":2},"end":{"line":30,"column":7}},"loc":{"start":{"line":30,"column":43},"end":{"line":46,"column":3}}},"4":{"name":"(anonymous_4)","decl":{"start":{"line":48,"column":2},"end":{"line":48,"column":7}},"loc":{"start":{"line":48,"column":47},"end":{"line":64,"column":3}}},"5":{"name":"(anonymous_5)","decl":{"start":{"line":67,"column":2},"end":{"line":67,"column":7}},"loc":{"start":{"line":67,"column":42},"end":{"line":83,"column":3}}},"6":{"name":"(anonymous_6)","decl":{"start":{"line":85,"column":2},"end":{"line":85,"column":7}},"loc":{"start":{"line":85,"column":42},"end":{"line":101,"column":3}}},"7":{"name":"(anonymous_7)","decl":{"start":{"line":103,"column":2},"end":{"line":103,"column":7}},"loc":{"start":{"line":103,"column":42},"end":{"line":117,"column":3}}}},"branchMap":{"0":{"loc":{"start":{"line":4,"column":2},"end":{"line":4,"column":50}},"type":"binary-expr","locations":[{"start":{"line":4,"column":2},"end":{"line":4,"column":27}},{"start":{"line":4,"column":31},"end":{"line":4,"column":50}}]},"1":{"loc":{"start":{"line":15,"column":6},
[...]
end":{"line":82,"column":5}},"type":"if","locations":[{"start":{"line":80,"column":4},"end":{"line":82,"column":5}},{"start":{},"end":{}}]},"9":{"loc":{"start":{"line":81,"column":45},"end":{"line":81,"column":74}},"type":"binary-expr","locations":[{"start":{"line":81,"column":45},"end":{"line":81,"column":56}},{"start":{"line":81,"column":60},"end":{"line":81,"column":74}}]},"10":{"loc":{"start":{"line":94,"column":4},"end":{"line":96,"column":5}},"type":"if","locations":[{"start":{"line":94,"column":4},"end":{"line":96,"column":5}},{"start":{},"end":{}}]},"11":{"loc":{"start":{"line":108,"column":2},"end":{"line":108,"column":19}},"type":"if","locations":[{"start":{"line":108,"column":2},"end":{"line":108,"column":19}},{"start":{},"end":{}}]},"12":{"loc":{"start":{"line":110,"column":2},"end":{"line":110,"column":24}},"type":"if","locations":[{"start":{"line":110,"column":2},"end":{"line":110,"column":24}},{"start":{},"end":{}}]},"13":{"loc":{"start":{"line":113,"column":2},"end":{"line":113,"column":54}},"type":"if","locations":[{"start":{"line":113,"column":2},"end":{"line":113,"column":54}},{"start":{},"end":{}}]},"14":{"loc":{"start":{"line":118,"column":4},"end":{"line":120,"column":5}},"type":"if","locations":[{"start":{"line":118,"column":4},"end":{"line":120,"column":5}},{"start":{},"end":{}}]}},"s":{"0":7,"1":7,"2":7,"3":7,"4":7,"5":7,"6":7,"7":0,"8":0,"9":7,"10":0,"11":7,"12":0,"13":0,"14":0,"15":0,"16":0,"17":0,"18":0,"19":0,"20":0,"21":0,"22":0,"23":0,"24":0,"25":0,"26":0,"27":0,"28":7,"29":7,"30":0,"31":0,"32":0,"33":0,"34":7,"35":7,"36":13,"37":13,"38":0,"39":13,"40":7,"41":7,"42":0,"43":7,"44":7,"45":0,"46":0,"47":0,"48":0,"49":0,"50":0,"51":0,"52":7,"53":0,"54":0,"55":0,"56":0,"57":0,"58":0,"59":0,"60":0,"61":0,"62":0,"63":0,"64":0,"65":7},"f":{"0":0,"1":0,"2":0,"3":0,"4":0,"5":13,"6":13,"7":0,"8":0,"9":0},"b":{"0":[0,0],"1":[0,0],"2":[0,0],"3":[0,0],"4":[0,0],"5":[0,0],"6":[0,0],"7":[0,0],"8":[0,13],"9":[0,0],"10":[0,0],"11":[0,0],"12":[0,0],"13":[0,0],"14":[0,0]}}
,"/Users/liron_dabach/Documents/לימודים/שנה ג׳/פרויקט גמר/Mingo/backend/src/services/Transcript/transcribeMP3Service.ts": {"path":"/Users/liron_dabach/Documents/לימודים/שנה ג׳/פרויקט גמר/Mingo/backend/src/services/Transcript/transcribeMP3Service.ts","statementMap":{"0":{"start":{"line":1,"column":0},"end":{"line":1,"column":20}},"1":{"start":{"line":2,"column":0},"end":{"line":2,"column":33}},"2":{"start":{"line":3,"column":0},"end":{"line":3,"column":41}},"3":{"start":{"line":4,"column":0},"end":{"line":4,"column":33}},"4":{"start":{"line":5,"column":0},"end":{"line":5,"column":31}},"5":{"start":{"line":6,"column":0},"end":{"line":6,"column":28}},"6":{"start":{"line":7,"column":0},"end":{"line":7,"column":24}},"7":{"start":{"line":8,"column":0},"end":{"line":8,"column":74}},"8":{"start":{"line":10,"column":22},"end":{"line":10,"column":41}},"9":{"start":{"line":16,"column":4},"end":{"line":16,"column":19}},"10":{"start":{"line":17,"column":4},"end":{"line":17,"column":44}},"11":{"start":{"line":18,"column":4},"end":{"line":18,"column":33}},"12":{"start":{"line":12,"column":0},"end":{"line":12,"column":13}},"13":{"start":{"line":32,"column":15},"end":{"line":48,"column":2}},"14":{"start":{"line":39,"column":6},"end":{"line":39,"column":69}},"15":{"start":{"line":40,"column":22},"end":{"line":40,"column":78}},"16":{"start":{"line":42,"column":4},"end":{"line":44,"column":5}},"17":{"start":{"line":43,"column":6},"end":{"line":43,"column":82}},"18":{"start":{"line":46,"column":4},"end":{"line":46,"column":19}},"19":{"start":{"line":50,"column":26},"end":{"line":57,"column":1}},"20":{"start":{"line":51,"column":26},"end":{"line":51,"column":46}},"21":{"start":{"line":52,"column":2},"end":{"line":54,"column":3}},"22":{"start":{"line":53,"column":4},"end":{"line":53,"column":27}},"23":{"start":{"line":56,"column":2},"end":{"line":56,"column":64}},"24":{"start":{"line":59,"column":27},"end":{"line":67,"column":1}},"25":{"start":{"line":60,"column":2},"end":{"line":66,"column":3}},"26":{"start":{"line":61,"column":4},"end":{"line":61,"column":39}},"27":{"start":{"line":63,"column":4},"end":{"line":65,"column":5}},"28":{"start":{"line":64,"column":6},"end":{"line":64,"column":60}},"29":{"start":{"line":69,"column":34},"end":{"line":90,"column":1}},"30":{"start":{"line":70,"column":2},"end":{"line":89,"column":3}},"31":{"start":{"line":71,"column":23},"end":{"line":79,"column":6}},"32":{"start":{"line":81,"column":21},"end":{"line":81,"column":53}},"33":{"start":{"line":82,"column":4},"end":{"line":82,"column":72}},"34":{"start":{"line":84,"column":4},"end":{"line":86,"column":5}},"35":{"start":{"line":85,"column":6},"end":{"line":85,"column":62}},"36":{"start":{"line":88,"column":4},"end":{"line":88,"column":21}},"37":{"start":{"line":92,"column":29},"end":{"line":128,"column":1}},"38":{"start":{"line":93,"column":17},"end":{"line":93,"column":43}},"39":{"start":{"line":94,"column":2},"end":{"line":96,"column":3}},"40":{"start":{"line":95,"column":4},"end":{"line":95,"column":78}},"41":{"start":{"line":98,"column":21},"end":{"line":98,"column":50}},"42":{"start":{"line":99,"column":19},"end":{"line":99,"column":33}},"43":{"start":{"line":100,"column":2},"end":{"line":100,"column":92}},"44":{"start":{"line":101,"column":2},"end":{"line":101,"column":40}},"45":{"start":{"line":102,"column":2},"end":{"line":102,"column":36}},"46":{"start":{"line":104,"column":19},"end":{"line":110,"column":4}},"47":{"start":{"line":112,"column":2},"end":{"line":118,"column":3}},"48":{"start":{"line":113,"column":22},"end":{"line":113,"column":43}},"49":{"start":{"line":114,"column":4},"end":{"line":117,"column":6}},"50":{"start":{"line":120,"column":29},"end":{"line":120,"column":50}},"51":{"start":{"line":121,"column":15},"end":{"line":121,"column":52}},"52":{"start":{"line":123,"column":2},"end":{"line":125,"column":3}},"53":{"start":{"line":124,"column":4},"end":{"line":124,"column":87}},"54":{"start":{"line":127,"column":2},"end":{"line":127,"column":14}},"55":{"start":{"line":130,"column":24},"end":{"line":165,"column":1}},"56":{"start":{"line":139,"column":19},"end":{"line":139,"column":28}},"57":{"start":{"line":141,"column":2},"end":{"line":164,"column":3}},"58":{"start":{"line":142,"column":49},"end":{"line":145,"column":6}},"59":{"start":{"line":146,"column":19},"end":{"line":153,"column":6}},"60":{"start":{"line":155,"column":21},"end":{"line":155,"column":55}},"61":{"start":{"line":156,"column":4},"end":{"line":159,"column":5}},"62":{"start":{"line":157,"column":6},"end":{"line":157,"column":51}},"63":{"start":{"line":158,"column":6},"end":{"line":158,"column":41}},"64":{"start":{"line":161,"column":4},"end":{"line":161,"column":18}},"65":{"start":{"line":163,"column":4},"end":{"line":163,"column":39}},"66":{"start":{"line":167,"column":0},"end":{"line":170,"column":2}}},"fnMap":{"0":{"name":"(anonymous_1)","decl":{"start":{"line":15,"column":2},"end":{"line":15,"column":14}},"loc":{"start":{"line":15,"column":47},"end":{"line":19,"column":3}}},"1":{"name":"(anonymous_2)","decl":{"start":{"line":37,"column":14},"end":{"line":37,"column":15}},"loc":{"start":{"line":37,"column":33},"end":{"line":47,"column":3}}},"2":{"name":"(anonymous_3)","decl":{"start":{"line":50,"column":26},"end":{"line":50,"column":27}},"loc":{"start":{"line":50,"column":74},"end":{"line":57,"column":1}}},"3":{"name":"(anonymous_4)","decl":{"start":{"line":59,"column":27},"end":{"line":59,"column":32}},"loc":{"start":{"line":59,"column":54},"end":{"line":67,"column":1}}},"4":{"name":"(anonymous_5)","decl":{"start":{"line":69,"column":34},"end":{"line":69,"column":39}},"loc":{"start":{"line":69,"column":61},"end":{"line":90,"column":1}}},"5":{"name":"(anonymous_6)","decl":{"start":{"line":92,"column":29},"end":{"line":92,"column":34}},"loc":{"start":{"line":92,"column":56},"end":{"line":128,"column":1}}},"6":{"name":"(anonymous_7)","decl":{"start":{"line":130,"column":24},"end":{"line":130,"column":29}},"loc":{"start":{"line":138,"column":27},"end":{"line":165,"column":1}}}},"branchMap":{"0":{"loc":{"start":{"line":15,"column":31},"end":{"line":15,"column":47}},"type":"default-arg","locations":[{"start":{"line":15,"column":44},"end":{"line":15,"column":47}}]},"1":{"loc":{"start":{"line":39,"column":6},"end":{"line":39,"column":69}},"type":"binary-expr","locations":[{"start":{"line":39,"column":6},"end":{"line":39,"column":36}},{"start":{"line":39,"column":40},"end":{"line":39,"column":69}}]},"2":{"loc":{"start":{"line":42,"column":4},"end":{"line":44,"column":5}},"type":"if","locations":[{"start":{"line":42,"column":4},"end":{"line":44,"column":5}},{"start":{},"end":{}}]},"3":{"loc":{"start":{"line":42,"column":8},"end":{"line":42,"column":32}},"type":"binary-expr","locations":[{"start":{"line":42,"column":8},"end":{"line":42,"column":18}},{"start":{"line":42,"column":22},"end":{"line":42,"column":32}}]},"4":{"loc":{"start":{"line":51,"column":27},"end":{"line":51,"column":38}},"type":"binary-expr","locations":[{"start":{"line":51,"column":27},"end":{"line":51,"column":32}},{"start":{"line":51,"column":36},"end":{"line":51,"column":38}}]},"5":{"loc":{"start":{"line":52,"column":2},"end":{"line":54,"column":3}},"type":"if","locations":[{"start":{"line":52,"column":2},"end":{"line":54,"column":3}},{"start":{},"end":{}}]},"6":{"loc":{"start":{"line":56,"column":9},"end":{"line":56,"column":63}},"type":"binary-expr","locations":[{"start":{"line":56,"column":9},"end":{"line":56,"column":41}},{"start":{"line":56,"column":45},"end":{"line":56,"column":63}}]},"7":{"loc":{"start":{"line":63,"column":4},"end":{"line":65,"column":5}},"type":"if","locations":[{"start":{"line":63,"column":4},"end":{"line":65,"column":5}},{"start":{},"end":{}}]},"8":{"loc":{"start":{"line":82,"column":11},"end":{"line":82,"column":71}},"type":"cond-expr","locations":[{"start":{"line":82,"column":39},"end":{"line":82,"column":59}},{"start":{"line":82,"column":62},"end":{"line":82,"column":71}}]},"9":{"loc":{"start":{"line":84,"column":4},"end":{"line":86,"column":5}},"type":"if","locations":[{"start":{"line":84,"column":4},"end":{"line":86,"column":5}},{"start":{},"end":{}}]},"10":{"loc":{"start":{"line":94,"column":2},"end":{"line":96,"column":3}},"type":"if","locations":[{"start":{"line":94,"column":2},"end":{"line":96,"column":3}},{"start":{},"end":{}}]},"11":{"loc":{"start":{"line":112,"column":2},"end":{"line":118,"column":3}},"type":"if","locations":[{"start":{"line":112,"column":2},"end":{"line":118,"column":3}},{"start":{},"end":{}}]},"12":{"loc":{"start":{"line":115,"column":6},"end":{"line":115,"column":56}},"type":"binary-expr","locations":[{"start":{"line":115,"column":6},"end":{"line":115,"column":30}},{"start":{"line":115,"column":34},"end":{"line":115,"column":56}}]},"13":{"loc":{"start":{"line":121,"column":16},"end":{"line":121,"column":44}},"type":"binary-expr","locations":[{"start":{"line":121,"column":16},"end":{"line":121,"column":38}},{"start":{"line":121,"column":42},"end":{"line":121,"column":44}}]},"14":{"loc":{"start":{"line":123,"column":2},"end":{"line":125,"column":3}},"type":"if","locations":[{"start":{"line":123,"column":2},"end":{"line":125,"column":3}},{"start":{},"end":{}}]},"15":{"loc":{"start":{"line":155,"column":21},"end":{"line":155,"column":55}},"type":"binary-expr","locations":[{"start":{"line":155,"column":21},"end":{"line":155,"column":36}},{"start":{"line":155,"column":40},"end":{"line":155,"column":55}}]},"16":{"loc":{"start":{"line":156,"column":4},"end":{"line":159,"column":5}},"type":"if","locations":[{"start":{"line":156,"column":4},"end":{"line":159,"column":5}},{"start":{},"end":{}}]}},"s":{"0":7,"1":7,"2":7,"3":7,"4":7,"5":7,"6":7,"7":7,"8":7,"9":2,"10":2,"11":2,"12":7,"13":7,"14":0,"15":0,"16":0,"17":0,"18":0,"19":7,"20":0,"21":0,"22":0,"23":0,"24":7,"25":0,"26":0,"27":0,"28":0,"29":7,"30":0,"31":0,"32":0,"33":0,"34":0,"35":0,"36":0,"37":7,"38":0,"39":0,"40":0,"41":0,"42":0,"43":0,"44":0,"45":0,"46":0,"47":0,"48":0,"49":0,"50":0,"51":0,"52":0,"53":0,"54":0,"55":7,"56":0,"57":0,"58":0,"59":0,"60":0,"61":0,"62":0,"63":0,"64":0,"65":0,"66":7},"f":{"0":2,"1":0,"2":0,"3":0,"4":0,"5":0,"6":0},"b":{"0":[0],"1":[0,0],"2":[0,0],"3":[0,0],"4":[0,0],"5":[0,0],"6":[0,0],"7":[0,0],"8":[0,0],"9":[0,0],"10":[0,0],"11":[0,0],"12":[0,0],"13":[0,0],"14":[0,0],"15":[0,0],"16":[0,0]}}
,"/Users/liron_dabach/Documents/לימודים/שנה ג׳/פרויקט גמר/Mingo/backend/src/services/Transcript/transcriptPersistenceService.ts": {"path":"/Users/liron_dabach/Documents/לימודים/שנה ג׳/פרויקט גמר/Mingo/backend/src/services/Transcript/transcriptPersistenceService.ts","statementMap":{"0":{"start":{"line":1,"column":0},"end":{"line":1,"column":32}},"1":{"start":{"line":2,"column":0},"end":{"line":2,"column":55}},"2":{"start":{"line":3,"column":0},"end":{"line":3,"column":59}},"3":{"start":{"line":4,"column":0},"end":{"line":4,"column":49}},"4":{"start":{"line":5,"column":0},"end":{"line":5,"column":67}},"5":{"start":{"line":16,"column":25},"end":{"line":28,"column":1}},"6":{"start":{"line":17,"column":2},"end":{"line":19,"column":3}},"7":{"start":{"line":18,"column":4},"end":{"line":18,"column":22}},"8":{"start":{"line":21,"column":21},"end":{"line":21,"column":68}},"9":{"start":{"line":23,"column":2},"end":{"line":25,"column":3}},"10":{"start":{"line":24,"column":4},"end":{"line":24,"column":69}},"11":{"start":{"line":27,"column":2},"end":{"line":27,"column":20}},"12":{"start":{"line":30,"column":26},"end":{"line":33,"column":1}},"13":{"start":{"line":31,"column":26},"end":{"line":31,"column":46}},"14":{"start":{"line":32,"column":2},"end":{"line":32,"column":47}},"15":{"start":{"line":35,"column":35},"end":{"line":43,"column":1}},"16":{"start":{"line":36,"column":28},"end":{"line":36,"column":50}},"17":{"start":{"line":38,"column":2},"end":{"line":40,"column":3}},"18":{"start":{"line":39,"column":4},"end":{"line":39,"column":76}},"19":{"start":{"line":42,"column":2},"end":{"line":42,"column":27}},"20":{"start":{"line":45,"column":32},"end":{"line":107,"column":1}},"21":{"start":{"line":53,"column":22},"end":{"line":53,"column":44}},"22":{"start":{"line":54,"column":28},"end":{"line":54,"column":63}},"23":{"start":{"line":55,"column":20},"end":{"line":55,"column":49}},"24":{"start":{"line":56,"column":27},"end":{"line":58,"column":20}},"25":{"start":{"line":57,"column":20},"end":{"line":57,"column":46}},"26":{"start":{"line":59,"column":26},"end":{"line":61,"column":8}},"27":{"start":{"line":62,"column":27},"end":{"line":65,"column":null}},"28":{"start":{"line":64,"column":21},"end":{"line":64,"column":48}},"29":{"start":{"line":65,"column":42},"end":{"line":65,"column":56}},"30":{"start":{"line":67,"column":23},"end":{"line":67,"column":87}},"31":{"start":{"line":67,"column":58},"end":{"line":67,"column":86}},"32":{"start":{"line":68,"column":25},"end":{"line":71,"column":67}},"33":{"start":{"line":70,"column":37},"end":{"line":70,"column":56}},"34":{"start":{"line":71,"column":36},"end":{"line":71,"column":66}},"35":{"start":{"line":73,"column":21},"end":{"line":77,"column":4}},"36":{"start":{"line":79,"column":2},"end":{"line":106,"column":3}},"37":{"start":{"line":80,"column":52},"end":{"line":90,"column":6}},"38":{"start":{"line":91,"column":4},"end":{"line":93,"column":5}},"39":{"start":{"line":92,"column":6},"end":{"line":92,"column":60}},"40":{"start":{"line":95,"column":20},"end":{"line":95,"column":62}},"41":{"start":{"line":97,"column":4},"end":{"line":102,"column":6}},"42":{"start":{"line":104,"column":4},"end":{"line":104,"column":60}},"43":{"start":{"line":105,"column":4},"end":{"line":105,"column":16}},"44":{"start":{"line":109,"column":0},"end":{"line":111,"column":2}}},"fnMap":{"0":{"name":"(anonymous_1)","decl":{"start":{"line":16,"column":25},"end":{"line":16,"column":26}},"loc":{"start":{"line":16,"column":51},"end":{"line":28,"column":1}}},"1":{"name":"(anonymous_2)","decl":{"start":{"line":30,"column":26},"end":{"line":30,"column":27}},"loc":{"start":{"line":30,"column":45},"end":{"line":33,"column":1}}},"2":{"name":"(anonymous_3)","decl":{"start":{"line":35,"column":35},"end":{"line":35,"column":36}},"loc":{"start":{"line":35,"column":56},"end":{"line":43,"column":1}}},"3":{"name":"(anonymous_4)","decl":{"start":{"line":45,"column":32},"end":{"line":45,"column":37}},"loc":{"start":{"line":52,"column":35},"end":{"line":107,"column":1}}},"4":{"name":"(anonymous_5)","decl":{"start":{"line":57,"column":9},"end":{"line":57,"column":10}},"loc":{"start":{"line":57,"column":20},"end":{"line":57,"column":46}}},"5":{"name":"(anonymous_6)","decl":{"start":{"line":64,"column":11},"end":{"line":64,"column":12}},"loc":{"start":{"line":64,"column":21},"end":{"line":64,"column":48}}},"6":{"name":"(anonymous_7)","decl":{"start":{"line":65,"column":14},"end":{"line":65,"column":15}},"loc":{"start":{"line":65,"column":42},"end":{"line":65,"column":56}}},"7":{"name":"(anonymous_8)","decl":{"start":{"line":67,"column":47},"end":{"line":67,"column":48}},"loc":{"start":{"line":67,"column":58},"end":{"line":67,"column":86}}},"8":{"name":"(anonymous_9)","decl":{"start":{"line":70,"column":27},"end":{"line":70,"column":28}},"loc":{"start":{"line":70,"column":37},"end":{"line":70,"column":56}}},"9":{"name":"(anonymous_10)","decl":{"start":{"line":71,"column":11},"end":{"line":71,"column":12}},"loc":{"start":{"line":71,"column":36},"end":{"line":71,"column":66}}}},"branchMap":{"0":{"loc":{"start":{"line":17,"column":2},"end":{"line":19,"column":3}},"type":"if","locations":[{"start":{"line":17,"column":2},"end":{"line":19,"column":3}},{"start":{},"end":{}}]},"1":{"loc":{"start":{"line":21,"column":21},"end":{"line":21,"column":68}},"type":"cond-expr","locations":[{"start":{"line":21,"column":45},"end":{"line":21,"column":50}},{"start":{"line":21,"column":53},"end":{"line":21,"column":68}}]},"2":{"loc":{"start":{"line":23,"column":2},"end":{"line":25,"column":3}},"type":"if","locations":[{"start":{"line":23,"column":2},"end":{"line":25,"column":3}},{"start":{},"end":{}}]},"3":{"loc":{"start":{"line":31,"column":27},"end":{"line":31,"column":38}},"type":"binary-expr","locations":[{"start":{"line":31,"column":27},"end":{"line":31,"column":32}},{"start":{"line":31,"column":36},"end":{"line":31,"column":38}}]},"4":{"loc":{"start":{"line":32,"column":9},"end":{"line":32,"column":46}},"type":"binary-expr","locations":[{"start":{"line":32,"column":9},"end":{"line":32,"column":24}},{"start":{"line":32,"column":28},"end":{"line":32,"column":46}}]},"5":{"loc":{"start":{"line":36,"column":29},"end":{"line":36,"column":42}},"type":"binary-expr","locations":[{"start":{"line":36,"column":29},"end":{"line":36,"column":36}},{"start":{"line":36,"column":40},"end":{"line":36,"column":42}}]},"6":{"loc":{"start":{"line":38,"column":2},"end":{"line":40,"column":3}},"type":"if","locations":[{"start":{"line":38,"column":2},"end":{"line":40,"column":3}},{"start":{},"end":{}}]},"7":{"loc":{"start":{"line":51,"column":2},"end":{"line":51,"column":21}},"type":"default-arg","locations":[{"start":{"line":51,"column":19},"end":{"line":51,"column":21}}]},"8":{"loc":{"start":{"line":59,"column":26},"end":{"line":61,"column":8}},"type":"cond-expr","locations":[{"start":{"line":60,"column":6},"end":{"line":60,"column":78}},{"start":{"line":61,"column":6},"end":{"line":61,"column":8}}]},"9":{"loc":{"start":{"line":91,"column":4},"end":{"line":93,"column":5}},"type":"if","locations":[{"start":{"line":91,"column":4},"end":{"line":93,"column":5}},{"start":{},"end":{}}]}},"s":{"0":7,"1":7,"2":7,"3":7,"4":7,"5":7,"6":4,"7":1,"8":3,"9":3,"10":1,"11":2,"12":7,"13":2,"14":2,"15":7,"16":3,"17":3,"18":1,"19":2,"20":7,"21":4,"22":3,"23":2,"24":2,"25":0,"26":2,"27":2,"28":0,"29":0,"30":2,"31":0,"32":2,"33":0,"34":2,"35":2,"36":2,"37":2,"38":2,"39":0,"40":2,"41":2,"42":0,"43":0,"44":7},"f":{"0":4,"1":2,"2":3,"3":4,"4":0,"5":0,"6":0,"7":0,"8":0,"9":2},"b":{"0":[1,3],"1":[0,3],"2":[1,2],"3":[2,1],"4":[2,1],"5":[3,0],"6":[1,2],"7":[4],"8":[0,2],"9":[0,2]}}
}
