TN:
SF:src/index.ts
FN:17,(anonymous_1)
FN:36,(anonymous_2)
FN:40,(anonymous_3)
FN:41,(anonymous_4)
FN:55,(anonymous_5)
FN:58,(anonymous_6)
FN:69,(anonymous_7)
FN:70,(anonymous_8)
FN:75,(anonymous_9)
FN:79,(anonymous_10)
FNF:10
FNH:7
FNDA:108,(anonymous_1)
FNDA:0,(anonymous_2)
FNDA:7,(anonymous_3)
FNDA:7,(anonymous_4)
FNDA:7,(anonymous_5)
FNDA:0,(anonymous_6)
FNDA:0,(anonymous_7)
FNDA:7,(anonymous_8)
FNDA:7,(anonymous_9)
FNDA:7,(anonymous_10)
DA:1,7
DA:2,7
DA:3,7
DA:4,7
DA:5,7
DA:6,7
DA:7,7
DA:8,7
DA:10,7
DA:11,7
DA:13,7
DA:14,7
DA:15,7
DA:17,7
DA:18,108
DA:19,108
DA:20,108
DA:21,108
DA:24,7
DA:25,7
DA:26,7
DA:27,7
DA:28,7
DA:29,7
DA:30,7
DA:32,7
DA:34,7
DA:36,7
DA:37,0
DA:40,7
DA:41,7
DA:42,7
DA:43,7
DA:44,0
DA:45,0
DA:47,7
DA:50,7
DA:56,7
DA:59,0
DA:68,7
DA:69,7
DA:70,7
DA:71,7
DA:73,7
DA:77,7
DA:82,7
DA:85,7
LF:47
LH:43
BRDA:43,0,0,0
BRDA:43,0,1,7
BRDA:48,1,0,7
BRDA:48,1,1,0
BRDA:63,2,0,0
BRDA:63,2,1,0
BRF:6
BRH:2
end_of_record
TN:
SF:src/swagger.ts
FN:6,(anonymous_1)
FN:469,(anonymous_2)
FN:472,(anonymous_3)
FNF:3
FNH:2
FNDA:8,(anonymous_1)
FNDA:7,(anonymous_2)
FNDA:0,(anonymous_3)
DA:2,8
DA:3,8
DA:4,8
DA:6,8
DA:7,8
DA:8,8
DA:13,8
DA:387,8
DA:458,8
DA:469,8
DA:470,7
DA:472,7
DA:473,0
DA:474,0
DA:477,7
LF:15
LH:13
BRDA:7,0,0,8
BRDA:7,0,1,8
BRF:2
BRH:2
end_of_record
TN:
SF:src/controllers/authController.ts
FN:8,(anonymous_1)
FN:24,(anonymous_2)
FN:67,(anonymous_3)
FN:77,(anonymous_4)
FN:97,(anonymous_5)
FN:100,(anonymous_6)
FN:113,(anonymous_7)
FN:128,(anonymous_8)
FN:138,(anonymous_9)
FN:216,(anonymous_10)
FN:236,(anonymous_11)
FN:266,(anonymous_12)
FN:276,(anonymous_13)
FN:281,(anonymous_14)
FN:286,(anonymous_15)
FN:318,(anonymous_16)
FN:351,(anonymous_17)
FN:365,(anonymous_18)
FN:374,(anonymous_19)
FN:398,(anonymous_20)
FN:408,(anonymous_21)
FN:510,(anonymous_22)
FN:511,(anonymous_23)
FN:561,(anonymous_24)
FN:619,(anonymous_25)
FN:719,(anonymous_26)
FN:723,(anonymous_27)
FN:727,(anonymous_28)
FN:735,(anonymous_29)
FN:784,(anonymous_30)
FN:797,(anonymous_31)
FN:899,(anonymous_32)
FN:917,(anonymous_33)
FN:922,(anonymous_34)
FN:923,(anonymous_35)
FN:932,(anonymous_36)
FN:933,(anonymous_37)
FN:934,(anonymous_38)
FN:938,(anonymous_39)
FNF:39
FNH:20
FNDA:17,(anonymous_1)
FNDA:1,(anonymous_2)
FNDA:6,(anonymous_3)
FNDA:5,(anonymous_4)
FNDA:4,(anonymous_5)
FNDA:4,(anonymous_6)
FNDA:2,(anonymous_7)
FNDA:0,(anonymous_8)
FNDA:2,(anonymous_9)
FNDA:7,(anonymous_10)
FNDA:0,(anonymous_11)
FNDA:0,(anonymous_12)
FNDA:0,(anonymous_13)
FNDA:0,(anonymous_14)
FNDA:5,(anonymous_15)
FNDA:5,(anonymous_16)
FNDA:4,(anonymous_17)
FNDA:2,(anonymous_18)
FNDA:5,(anonymous_19)
FNDA:2,(anonymous_20)
FNDA:2,(anonymous_21)
FNDA:0,(anonymous_22)
FNDA:0,(anonymous_23)
FNDA:3,(anonymous_24)
FNDA:3,(anonymous_25)
FNDA:2,(anonymous_26)
FNDA:1,(anonymous_27)
FNDA:0,(anonymous_28)
FNDA:0,(anonymous_29)
FNDA:0,(anonymous_30)
FNDA:0,(anonymous_31)
FNDA:0,(anonymous_32)
FNDA:0,(anonymous_33)
FNDA:0,(anonymous_34)
FNDA:0,(anonymous_35)
FNDA:0,(anonymous_36)
FNDA:0,(anonymous_37)
FNDA:0,(anonymous_38)
FNDA:0,(anonymous_39)
DA:2,7
DA:3,7
DA:4,7
DA:5,7
DA:6,7
DA:8,7
DA:9,17
DA:24,7
DA:25,1
DA:27,1
DA:29,0
DA:31,0
DA:64,7
DA:65,7
DA:67,7
DA:77,7
DA:78,5
DA:79,5
DA:80,1
DA:83,4
DA:84,4
DA:85,0
DA:88,4
DA:89,4
DA:90,4
DA:91,4
DA:93,0
DA:97,7
DA:98,4
DA:100,7
DA:101,4
DA:102,4
DA:103,4
DA:105,4
DA:106,2
DA:107,2
DA:110,4
DA:113,7
DA:114,2
DA:115,0
DA:117,2
DA:120,2
DA:121,1
DA:123,2
DA:124,0
DA:128,7
DA:129,0
DA:130,0
DA:133,0
DA:134,0
DA:135,0
DA:138,7
DA:143,2
DA:145,2
DA:149,2
DA:151,2
DA:152,1
DA:154,1
DA:155,0
DA:158,1
DA:159,0
DA:169,1
DA:170,1
DA:171,0
DA:173,1
DA:174,1
DA:177,1
DA:178,0
DA:179,0
DA:180,0
DA:182,0
DA:183,0
DA:186,1
DA:187,1
DA:188,1
DA:189,1
DA:190,0
DA:192,1
DA:193,1
DA:196,0
DA:197,0
DA:205,0
DA:206,0
DA:207,0
DA:208,0
DA:211,0
DA:213,0
DA:216,7
DA:217,7
DA:218,7
DA:219,0
DA:220,0
DA:223,7
DA:224,7
DA:226,7
DA:229,7
DA:230,7
DA:233,7
DA:236,7
DA:240,0
DA:242,0
DA:243,0
DA:252,0
DA:253,0
DA:256,0
DA:258,0
DA:259,0
DA:263,0
DA:266,7
DA:268,0
DA:273,0
DA:276,7
DA:278,0
DA:279,0
DA:281,0
DA:286,7
DA:287,5
DA:288,5
DA:289,5
DA:291,5
DA:292,1
DA:295,4
DA:296,4
DA:297,4
DA:298,4
DA:299,4
DA:305,3
DA:306,3
DA:307,3
DA:308,3
DA:310,1
DA:311,1
DA:312,1
DA:314,0
DA:318,7
DA:319,5
DA:320,5
DA:322,5
DA:323,1
DA:326,4
DA:327,4
DA:328,4
DA:329,1
DA:333,3
DA:334,1
DA:337,2
DA:338,2
DA:339,1
DA:342,1
DA:343,1
DA:344,1
DA:345,1
DA:347,0
DA:351,7
DA:352,4
DA:354,4
DA:355,1
DA:358,3
DA:359,3
DA:360,3
DA:361,2
DA:362,1
DA:364,1
DA:365,2
DA:367,1
DA:368,1
DA:370,1
DA:374,7
DA:375,5
DA:377,5
DA:378,1
DA:381,4
DA:383,4
DA:384,4
DA:385,3
DA:386,3
DA:387,1
DA:389,2
DA:390,1
DA:391,1
DA:392,1
DA:393,1
DA:395,1
DA:397,1
DA:398,2
DA:400,1
DA:401,1
DA:402,1
DA:404,1
DA:408,7
DA:409,2
DA:411,2
DA:412,1
DA:415,1
DA:416,1
DA:417,1
DA:419,1
DA:420,1
DA:423,0
DA:424,0
DA:431,0
DA:443,0
DA:450,0
DA:451,0
DA:458,0
DA:460,0
DA:464,0
DA:467,0
DA:469,0
DA:474,0
DA:475,0
DA:476,0
DA:483,0
DA:491,0
DA:492,0
DA:495,0
DA:497,0
DA:498,0
DA:503,0
DA:504,0
DA:509,0
DA:510,0
DA:511,0
DA:517,0
DA:518,0
DA:521,0
DA:539,0
DA:540,0
DA:543,0
DA:545,0
DA:546,0
DA:547,0
DA:549,0
DA:551,0
DA:555,7
DA:557,7
DA:559,7
DA:561,7
DA:566,3
DA:567,3
DA:568,0
DA:575,3
DA:576,3
DA:577,3
DA:579,3
DA:580,0
DA:583,3
DA:584,1
DA:591,2
DA:611,2
DA:615,0
DA:619,7
DA:620,3
DA:621,3
DA:623,3
DA:624,1
DA:627,2
DA:628,2
DA:629,0
DA:632,2
DA:641,2
DA:643,2
DA:644,2
DA:649,2
DA:650,0
DA:651,0
DA:660,0
DA:661,0
DA:664,0
DA:671,0
DA:675,0
DA:676,0
DA:679,0
DA:684,2
DA:685,0
DA:688,2
DA:698,2
DA:699,0
DA:702,2
DA:703,2
DA:704,0
DA:705,0
DA:709,2
DA:710,2
DA:711,2
DA:713,2
DA:715,0
DA:719,7
DA:720,2
DA:723,7
DA:724,1
DA:727,7
DA:728,0
DA:735,7
DA:736,0
DA:738,0
DA:739,0
DA:746,0
DA:747,0
DA:749,0
DA:750,0
DA:757,0
DA:766,0
DA:767,0
DA:768,0
DA:775,0
DA:783,0
DA:784,0
DA:793,0
DA:797,7
DA:798,0
DA:800,0
DA:801,0
DA:808,0
DA:809,0
DA:811,0
DA:812,0
DA:819,0
DA:820,0
DA:821,0
DA:822,0
DA:825,0
DA:826,0
DA:848,0
DA:881,0
DA:897,0
DA:899,0
DA:902,0
DA:903,0
DA:916,0
DA:917,0
DA:922,0
DA:923,0
DA:929,0
DA:932,0
DA:933,0
DA:934,0
DA:938,0
DA:951,0
DA:956,0
DA:958,0
DA:962,7
LF:342
LH:195
BRDA:25,0,0,1
BRDA:25,0,1,0
BRDA:25,0,2,0
BRDA:79,1,0,1
BRDA:79,1,1,4
BRDA:79,2,0,5
BRDA:79,2,1,4
BRDA:84,3,0,0
BRDA:84,3,1,4
BRDA:89,4,0,4
BRDA:89,4,1,0
BRDA:101,5,0,4
BRDA:101,5,1,0
BRDA:113,6,0,1
BRDA:114,7,0,0
BRDA:114,7,1,2
BRDA:120,8,0,1
BRDA:120,8,1,1
BRDA:123,9,0,0
BRDA:123,9,1,2
BRDA:123,10,0,2
BRDA:123,10,1,0
BRDA:129,11,0,0
BRDA:129,11,1,0
BRDA:134,12,0,0
BRDA:134,12,1,0
BRDA:135,13,0,0
BRDA:135,13,1,0
BRDA:145,14,0,0
BRDA:145,14,1,2
BRDA:151,15,0,1
BRDA:151,15,1,1
BRDA:154,16,0,0
BRDA:154,16,1,1
BRDA:158,17,0,0
BRDA:158,17,1,1
BRDA:158,18,0,1
BRDA:158,18,1,0
BRDA:170,19,0,0
BRDA:170,19,1,1
BRDA:177,20,0,0
BRDA:177,20,1,1
BRDA:179,21,0,0
BRDA:179,21,1,0
BRDA:187,22,0,1
BRDA:187,22,1,0
BRDA:189,23,0,0
BRDA:189,23,1,1
BRDA:196,24,0,0
BRDA:196,24,1,0
BRDA:199,25,0,0
BRDA:199,25,1,0
BRDA:201,26,0,0
BRDA:201,26,1,0
BRDA:205,27,0,0
BRDA:205,27,1,0
BRDA:205,28,0,0
BRDA:205,28,1,0
BRDA:207,29,0,0
BRDA:207,29,1,0
BRDA:208,30,0,0
BRDA:208,30,1,0
BRDA:217,31,0,7
BRDA:217,31,1,0
BRDA:218,32,0,0
BRDA:218,32,1,7
BRDA:223,33,0,7
BRDA:223,33,1,0
BRDA:227,34,0,7
BRDA:227,34,1,0
BRDA:252,35,0,0
BRDA:252,35,1,0
BRDA:258,36,0,0
BRDA:258,36,1,0
BRDA:268,37,0,0
BRDA:268,37,1,0
BRDA:268,38,0,0
BRDA:268,38,1,0
BRDA:278,39,0,0
BRDA:278,39,1,0
BRDA:289,40,0,5
BRDA:289,40,1,4
BRDA:291,41,0,1
BRDA:291,41,1,4
BRDA:291,42,0,5
BRDA:291,42,1,5
BRDA:296,43,0,4
BRDA:296,43,1,0
BRDA:310,44,0,1
BRDA:310,44,1,0
BRDA:311,45,0,1
BRDA:311,45,1,0
BRDA:322,46,0,1
BRDA:322,46,1,4
BRDA:322,47,0,5
BRDA:322,47,1,5
BRDA:328,48,0,1
BRDA:328,48,1,3
BRDA:333,49,0,1
BRDA:333,49,1,2
BRDA:338,50,0,1
BRDA:338,50,1,1
BRDA:354,51,0,1
BRDA:354,51,1,3
BRDA:361,52,0,1
BRDA:361,52,1,1
BRDA:377,53,0,1
BRDA:377,53,1,4
BRDA:381,54,0,4
BRDA:381,54,1,0
BRDA:386,55,0,1
BRDA:386,55,1,2
BRDA:389,56,0,1
BRDA:389,56,1,1
BRDA:411,57,0,1
BRDA:411,57,1,1
BRDA:419,58,0,1
BRDA:419,58,1,0
BRDA:419,59,0,1
BRDA:419,59,1,0
BRDA:419,59,2,0
BRDA:450,60,0,0
BRDA:450,60,1,0
BRDA:450,61,0,0
BRDA:450,61,1,0
BRDA:453,62,0,0
BRDA:453,62,1,0
BRDA:453,62,2,0
BRDA:460,63,0,0
BRDA:460,63,1,0
BRDA:464,64,0,0
BRDA:464,64,1,0
BRDA:474,65,0,0
BRDA:474,65,1,0
BRDA:478,66,0,0
BRDA:478,66,1,0
BRDA:491,67,0,0
BRDA:491,67,1,0
BRDA:491,68,0,0
BRDA:491,68,1,0
BRDA:497,69,0,0
BRDA:497,69,1,0
BRDA:503,70,0,0
BRDA:503,70,1,0
BRDA:510,71,0,0
BRDA:510,71,1,0
BRDA:510,71,2,0
BRDA:510,71,3,0
BRDA:510,72,0,0
BRDA:510,72,1,0
BRDA:517,73,0,0
BRDA:517,73,1,0
BRDA:526,74,0,0
BRDA:526,74,1,0
BRDA:533,75,0,0
BRDA:533,75,1,0
BRDA:539,76,0,0
BRDA:539,76,1,0
BRDA:567,77,0,0
BRDA:567,77,1,3
BRDA:576,78,0,1
BRDA:576,78,1,2
BRDA:579,79,0,0
BRDA:579,79,1,3
BRDA:583,80,0,1
BRDA:583,80,1,2
BRDA:586,81,0,0
BRDA:586,81,1,1
BRDA:593,82,0,1
BRDA:593,82,1,1
BRDA:612,83,0,1
BRDA:612,83,1,1
BRDA:623,84,0,1
BRDA:623,84,1,2
BRDA:623,85,0,3
BRDA:623,85,1,1
BRDA:628,86,0,0
BRDA:628,86,1,2
BRDA:643,87,0,2
BRDA:643,87,1,0
BRDA:650,88,0,0
BRDA:650,88,1,0
BRDA:660,89,0,0
BRDA:660,89,1,0
BRDA:675,90,0,0
BRDA:675,90,1,0
BRDA:680,91,0,0
BRDA:680,91,1,0
BRDA:684,92,0,0
BRDA:684,92,1,2
BRDA:684,93,0,2
BRDA:684,93,1,2
BRDA:693,94,0,2
BRDA:693,94,1,0
BRDA:698,95,0,0
BRDA:698,95,1,2
BRDA:703,96,0,0
BRDA:703,96,1,2
BRDA:706,97,0,0
BRDA:706,97,1,0
BRDA:707,98,0,0
BRDA:707,98,1,0
BRDA:729,99,0,0
BRDA:729,99,1,0
BRDA:730,100,0,0
BRDA:730,100,1,0
BRDA:731,101,0,0
BRDA:731,101,1,0
BRDA:738,102,0,0
BRDA:738,102,1,0
BRDA:749,103,0,0
BRDA:749,103,1,0
BRDA:766,104,0,0
BRDA:766,104,1,0
BRDA:769,105,0,0
BRDA:769,105,1,0
BRDA:770,106,0,0
BRDA:770,106,1,0
BRDA:788,107,0,0
BRDA:788,107,1,0
BRDA:800,108,0,0
BRDA:800,108,1,0
BRDA:811,109,0,0
BRDA:811,109,1,0
BRDA:821,110,0,0
BRDA:821,110,1,0
BRDA:821,111,0,0
BRDA:821,111,1,0
BRDA:826,112,0,0
BRDA:826,112,1,0
BRDA:897,113,0,0
BRDA:897,113,1,0
BRDA:897,114,0,0
BRDA:897,114,1,0
BRDA:899,115,0,0
BRDA:899,115,1,0
BRDA:899,115,2,0
BRDA:904,116,0,0
BRDA:904,116,1,0
BRDA:906,117,0,0
BRDA:906,117,1,0
BRDA:906,118,0,0
BRDA:906,118,1,0
BRDA:909,119,0,0
BRDA:909,119,1,0
BRDA:916,120,0,0
BRDA:916,120,1,0
BRDA:917,121,0,0
BRDA:917,121,1,0
BRDA:922,122,0,0
BRDA:922,122,1,0
BRDA:923,123,0,0
BRDA:923,123,1,0
BRDA:925,124,0,0
BRDA:925,124,1,0
BRDA:932,125,0,0
BRDA:932,125,1,0
BRDA:932,125,2,0
BRDA:933,126,0,0
BRDA:933,126,1,0
BRDA:945,127,0,0
BRDA:945,127,1,0
BRDA:946,128,0,0
BRDA:946,128,1,0
BRDA:947,129,0,0
BRDA:947,129,1,0
BRDA:948,130,0,0
BRDA:948,130,1,0
BRF:268
BRH:85
end_of_record
TN:
SF:src/controllers/baseController.ts
FN:3,(anonymous_0)
FN:9,(anonymous_1)
FN:13,(anonymous_2)
FN:30,(anonymous_3)
FN:48,(anonymous_4)
FN:67,(anonymous_5)
FN:85,(anonymous_6)
FN:103,(anonymous_7)
FNF:8
FNH:8
FNDA:6,(anonymous_0)
FNDA:29,(anonymous_1)
FNDA:5,(anonymous_2)
FNDA:3,(anonymous_3)
FNDA:2,(anonymous_4)
FNDA:3,(anonymous_5)
FNDA:4,(anonymous_6)
FNDA:3,(anonymous_7)
DA:3,7
DA:4,6
DA:10,29
DA:14,5
DA:15,5
DA:16,5
DA:17,4
DA:19,0
DA:20,0
DA:23,1
DA:24,0
DA:26,1
DA:31,3
DA:32,3
DA:33,3
DA:34,3
DA:35,2
DA:36,1
DA:38,1
DA:41,1
DA:42,0
DA:44,1
DA:49,2
DA:50,2
DA:51,2
DA:52,2
DA:53,1
DA:54,0
DA:56,1
DA:59,1
DA:60,0
DA:62,1
DA:68,3
DA:69,3
DA:70,1
DA:72,3
DA:73,3
DA:74,3
DA:75,3
DA:76,2
DA:78,1
DA:79,0
DA:81,1
DA:86,4
DA:87,4
DA:88,4
DA:89,3
DA:90,1
DA:91,1
DA:93,2
DA:94,2
DA:96,1
DA:97,0
DA:99,1
DA:104,3
DA:105,3
DA:106,3
DA:107,3
DA:110,2
DA:112,1
DA:113,0
DA:115,1
DA:120,7
LF:63
LH:54
BRDA:4,0,0,6
BRDA:4,0,1,1
BRDA:15,1,0,5
BRDA:15,1,1,0
BRDA:23,2,0,0
BRDA:23,2,1,1
BRDA:35,3,0,1
BRDA:35,3,1,1
BRDA:41,4,0,0
BRDA:41,4,1,1
BRDA:53,5,0,0
BRDA:53,5,1,1
BRDA:59,6,0,0
BRDA:59,6,1,1
BRDA:69,7,0,1
BRDA:69,7,1,2
BRDA:78,8,0,0
BRDA:78,8,1,1
BRDA:89,9,0,1
BRDA:89,9,1,2
BRDA:96,10,0,0
BRDA:96,10,1,1
BRDA:112,11,0,0
BRDA:112,11,1,1
BRF:24
BRH:16
end_of_record
TN:
SF:src/controllers/meetingsController.ts
FN:9,(anonymous_1)
FN:13,(anonymous_2)
FN:17,(anonymous_3)
FN:30,(anonymous_4)
FN:40,(anonymous_5)
FN:50,(anonymous_6)
FN:58,(anonymous_7)
FN:61,(anonymous_8)
FN:66,(anonymous_9)
FN:93,(anonymous_10)
FN:134,(anonymous_11)
FN:151,(anonymous_12)
FN:186,(anonymous_13)
FN:192,(anonymous_14)
FN:194,(anonymous_15)
FN:230,(anonymous_16)
FN:261,(anonymous_17)
FN:292,(anonymous_18)
FN:313,(anonymous_19)
FN:336,(anonymous_20)
FN:360,(anonymous_21)
FN:390,(anonymous_22)
FN:420,(anonymous_23)
FN:454,(anonymous_24)
FN:480,(anonymous_25)
FN:483,(anonymous_26)
FN:493,(anonymous_27)
FN:494,(anonymous_28)
FN:498,(anonymous_29)
FN:501,(anonymous_30)
FN:504,(anonymous_31)
FN:507,(anonymous_32)
FN:521,(anonymous_33)
FN:540,(anonymous_34)
FN:544,(anonymous_35)
FN:545,(anonymous_36)
FN:550,(anonymous_37)
FN:551,(anonymous_38)
FN:580,(anonymous_39)
FN:581,(anonymous_40)
FN:584,(anonymous_41)
FN:590,(anonymous_42)
FN:591,(anonymous_43)
FNF:43
FNH:12
FNDA:7,(anonymous_1)
FNDA:5,(anonymous_2)
FNDA:9,(anonymous_3)
FNDA:0,(anonymous_4)
FNDA:0,(anonymous_5)
FNDA:0,(anonymous_6)
FNDA:0,(anonymous_7)
FNDA:0,(anonymous_8)
FNDA:0,(anonymous_9)
FNDA:0,(anonymous_10)
FNDA:0,(anonymous_11)
FNDA:0,(anonymous_12)
FNDA:0,(anonymous_13)
FNDA:0,(anonymous_14)
FNDA:0,(anonymous_15)
FNDA:0,(anonymous_16)
FNDA:4,(anonymous_17)
FNDA:0,(anonymous_18)
FNDA:2,(anonymous_19)
FNDA:1,(anonymous_20)
FNDA:1,(anonymous_21)
FNDA:0,(anonymous_22)
FNDA:2,(anonymous_23)
FNDA:0,(anonymous_24)
FNDA:0,(anonymous_25)
FNDA:0,(anonymous_26)
FNDA:0,(anonymous_27)
FNDA:0,(anonymous_28)
FNDA:0,(anonymous_29)
FNDA:0,(anonymous_30)
FNDA:0,(anonymous_31)
FNDA:0,(anonymous_32)
FNDA:0,(anonymous_33)
FNDA:1,(anonymous_34)
FNDA:0,(anonymous_35)
FNDA:0,(anonymous_36)
FNDA:2,(anonymous_37)
FNDA:2,(anonymous_38)
FNDA:0,(anonymous_39)
FNDA:0,(anonymous_40)
FNDA:0,(anonymous_41)
FNDA:0,(anonymous_42)
FNDA:3,(anonymous_43)
DA:2,7
DA:3,7
DA:4,7
DA:6,7
DA:10,7
DA:14,5
DA:18,9
DA:22,9
DA:31,0
DA:35,0
DA:41,0
DA:45,0
DA:51,0
DA:59,0
DA:61,0
DA:67,0
DA:68,0
DA:75,0
DA:76,0
DA:77,0
DA:79,0
DA:80,0
DA:83,0
DA:84,0
DA:87,0
DA:89,0
DA:100,0
DA:102,0
DA:103,0
DA:108,0
DA:109,0
DA:114,0
DA:115,0
DA:134,0
DA:139,0
DA:140,0
DA:141,0
DA:142,0
DA:144,0
DA:147,0
DA:148,0
DA:174,0
DA:176,0
DA:177,0
DA:180,0
DA:181,0
DA:186,0
DA:187,0
DA:188,0
DA:191,0
DA:192,0
DA:193,0
DA:194,0
DA:196,0
DA:203,0
DA:206,0
DA:230,0
DA:231,0
DA:239,0
DA:250,0
DA:251,0
DA:252,0
DA:253,0
DA:257,0
DA:262,4
DA:264,4
DA:265,0
DA:268,4
DA:269,4
DA:272,4
DA:273,1
DA:276,3
DA:281,3
DA:282,1
DA:285,2
DA:287,0
DA:288,0
DA:293,0
DA:295,0
DA:296,0
DA:299,0
DA:300,0
DA:306,0
DA:308,0
DA:309,0
DA:314,2
DA:316,2
DA:317,0
DA:320,2
DA:321,2
DA:329,2
DA:331,0
DA:332,0
DA:337,1
DA:339,1
DA:340,0
DA:343,1
DA:344,1
DA:353,1
DA:355,0
DA:356,0
DA:361,1
DA:363,1
DA:364,0
DA:367,1
DA:368,1
DA:369,1
DA:371,1
DA:372,1
DA:383,1
DA:385,0
DA:386,0
DA:391,0
DA:393,0
DA:394,0
DA:397,0
DA:398,0
DA:399,0
DA:401,0
DA:402,0
DA:413,0
DA:415,0
DA:416,0
DA:421,2
DA:423,2
DA:424,0
DA:427,2
DA:428,2
DA:445,2
DA:447,2
DA:449,0
DA:450,0
DA:455,0
DA:456,0
DA:458,0
DA:459,0
DA:462,0
DA:463,0
DA:466,0
DA:467,0
DA:471,0
DA:472,0
DA:476,0
DA:479,0
DA:480,0
DA:482,0
DA:483,0
DA:486,0
DA:487,0
DA:490,0
DA:491,0
DA:493,0
DA:494,0
DA:496,0
DA:499,0
DA:501,0
DA:503,0
DA:504,0
DA:506,0
DA:507,0
DA:510,0
DA:521,0
DA:526,0
DA:527,0
DA:528,0
DA:531,0
DA:533,0
DA:535,0
DA:536,0
DA:541,1
DA:542,1
DA:544,0
DA:545,0
DA:548,1
DA:550,2
DA:551,2
DA:555,1
DA:556,0
DA:557,0
DA:560,1
DA:564,0
DA:565,0
DA:568,1
DA:569,1
DA:578,1
DA:580,0
DA:581,0
DA:583,1
DA:584,0
DA:587,1
DA:590,0
DA:591,3
DA:594,1
DA:598,1
DA:599,1
DA:600,0
DA:601,0
DA:605,1
DA:611,1
DA:613,1
DA:616,1
DA:626,1
DA:650,1
DA:651,1
DA:654,1
DA:655,1
DA:657,0
DA:659,0
DA:660,0
DA:663,0
DA:668,7
LF:211
LH:68
BRDA:18,0,0,9
BRDA:18,0,1,0
BRDA:31,1,0,0
BRDA:31,1,1,0
BRDA:41,2,0,0
BRDA:41,2,1,0
BRDA:75,3,0,0
BRDA:75,3,1,0
BRDA:75,3,2,0
BRDA:76,4,0,0
BRDA:76,4,1,0
BRDA:76,4,2,0
BRDA:79,5,0,0
BRDA:79,5,1,0
BRDA:79,6,0,0
BRDA:79,6,1,0
BRDA:83,7,0,0
BRDA:83,7,1,0
BRDA:83,8,0,0
BRDA:83,8,1,0
BRDA:87,9,0,0
BRDA:87,9,1,0
BRDA:102,10,0,0
BRDA:102,10,1,0
BRDA:108,11,0,0
BRDA:108,11,1,0
BRDA:125,12,0,0
BRDA:125,12,1,0
BRDA:139,13,0,0
BRDA:139,13,1,0
BRDA:141,14,0,0
BRDA:141,14,1,0
BRDA:141,15,0,0
BRDA:141,15,1,0
BRDA:144,16,0,0
BRDA:144,16,1,0
BRDA:171,17,0,0
BRDA:172,18,0,0
BRDA:173,19,0,0
BRDA:176,20,0,0
BRDA:176,20,1,0
BRDA:180,21,0,0
BRDA:180,21,1,0
BRDA:187,22,0,0
BRDA:187,22,1,0
BRDA:193,23,0,0
BRDA:193,23,1,0
BRDA:196,24,0,0
BRDA:196,24,1,0
BRDA:196,25,0,0
BRDA:196,25,1,0
BRDA:203,26,0,0
BRDA:203,26,1,0
BRDA:203,27,0,0
BRDA:203,27,1,0
BRDA:203,27,2,0
BRDA:215,28,0,0
BRDA:215,28,1,0
BRDA:216,29,0,0
BRDA:216,29,1,0
BRDA:219,30,0,0
BRDA:219,30,1,0
BRDA:250,31,0,0
BRDA:250,31,1,0
BRDA:252,32,0,0
BRDA:252,32,1,0
BRDA:252,33,0,0
BRDA:252,33,1,0
BRDA:257,34,0,0
BRDA:257,34,1,0
BRDA:264,35,0,0
BRDA:264,35,1,4
BRDA:272,36,0,1
BRDA:272,36,1,3
BRDA:281,37,0,1
BRDA:281,37,1,2
BRDA:295,38,0,0
BRDA:295,38,1,0
BRDA:316,39,0,0
BRDA:316,39,1,2
BRDA:339,40,0,0
BRDA:339,40,1,1
BRDA:363,41,0,0
BRDA:363,41,1,1
BRDA:393,42,0,0
BRDA:393,42,1,0
BRDA:423,43,0,0
BRDA:423,43,1,2
BRDA:445,44,0,2
BRDA:445,44,1,1
BRDA:458,45,0,0
BRDA:458,45,1,0
BRDA:462,46,0,0
BRDA:462,46,1,0
BRDA:471,47,0,0
BRDA:471,47,1,0
BRDA:476,48,0,0
BRDA:476,48,1,0
BRDA:476,49,0,0
BRDA:476,49,1,0
BRDA:479,50,0,0
BRDA:479,50,1,0
BRDA:480,51,0,0
BRDA:480,51,1,0
BRDA:482,52,0,0
BRDA:482,52,1,0
BRDA:483,53,0,0
BRDA:483,53,1,0
BRDA:486,54,0,0
BRDA:486,54,1,0
BRDA:491,55,0,0
BRDA:491,55,1,0
BRDA:496,56,0,0
BRDA:496,56,1,0
BRDA:499,57,0,0
BRDA:499,57,1,0
BRDA:499,57,2,0
BRDA:501,58,0,0
BRDA:501,58,1,0
BRDA:503,59,0,0
BRDA:503,59,1,0
BRDA:515,60,0,0
BRDA:515,60,1,0
BRDA:526,61,0,0
BRDA:526,61,1,0
BRDA:535,62,0,0
BRDA:535,62,1,0
BRDA:536,63,0,0
BRDA:536,63,1,0
BRDA:541,64,0,1
BRDA:541,64,1,0
BRDA:542,65,0,0
BRDA:542,65,1,1
BRDA:548,66,0,1
BRDA:548,66,1,0
BRDA:555,67,0,0
BRDA:555,67,1,1
BRDA:560,68,0,0
BRDA:560,68,1,1
BRDA:561,69,0,1
BRDA:561,69,1,1
BRDA:569,70,0,0
BRDA:569,70,1,1
BRDA:594,71,0,1
BRDA:594,71,1,0
BRDA:594,72,0,1
BRDA:594,72,1,1
BRDA:598,73,0,1
BRDA:598,73,1,0
BRDA:599,74,0,0
BRDA:599,74,1,1
BRDA:605,75,0,1
BRDA:605,75,1,0
BRDA:605,76,0,1
BRDA:605,76,1,1
BRDA:605,76,2,0
BRDA:611,77,0,1
BRDA:611,77,1,1
BRDA:611,77,2,0
BRDA:613,78,0,0
BRDA:613,78,1,1
BRDA:616,79,0,0
BRDA:616,79,1,1
BRDA:622,80,0,0
BRDA:622,80,1,0
BRDA:630,81,0,1
BRDA:630,81,1,0
BRDA:633,82,0,0
BRDA:633,82,1,1
BRDA:633,83,0,1
BRDA:633,83,1,0
BRDA:636,84,0,1
BRDA:636,84,1,0
BRDA:639,85,0,1
BRDA:639,85,1,0
BRDA:641,86,0,1
BRDA:641,86,1,0
BRDA:641,87,0,1
BRDA:641,87,1,1
BRDA:647,88,0,1
BRDA:647,88,1,0
BRDA:659,89,0,0
BRDA:659,89,1,0
BRDA:661,90,0,0
BRDA:661,90,1,0
BRF:185
BRH:41
end_of_record
TN:
SF:src/controllers/mingoAgentController.ts
FN:8,(anonymous_1)
FN:12,(anonymous_2)
FN:27,(anonymous_3)
FN:61,(anonymous_4)
FNF:4
FNH:4
FNDA:7,(anonymous_1)
FNDA:1,(anonymous_2)
FNDA:2,(anonymous_3)
FNDA:1,(anonymous_4)
DA:2,7
DA:4,7
DA:5,7
DA:9,7
DA:13,1
DA:14,1
DA:15,0
DA:18,1
DA:19,1
DA:20,1
DA:22,0
DA:23,0
DA:28,2
DA:29,2
DA:31,2
DA:32,0
DA:35,2
DA:36,1
DA:42,1
DA:43,1
DA:49,1
DA:55,0
DA:56,0
DA:62,1
DA:64,1
DA:65,0
DA:68,1
DA:69,1
DA:70,1
DA:72,0
DA:73,0
DA:78,7
LF:32
LH:23
BRDA:14,0,0,0
BRDA:14,0,1,1
BRDA:31,1,0,0
BRDA:31,1,1,2
BRDA:35,2,0,1
BRDA:35,2,1,1
BRDA:35,3,0,2
BRDA:35,3,1,1
BRDA:47,4,0,0
BRDA:47,4,1,1
BRDA:52,5,0,0
BRDA:52,5,1,1
BRDA:64,6,0,0
BRDA:64,6,1,1
BRF:14
BRH:9
end_of_record
TN:
SF:src/controllers/tasksController.ts
FN:20,(anonymous_1)
FN:24,(anonymous_2)
FN:38,(anonymous_3)
FN:55,(anonymous_4)
FN:87,(anonymous_5)
FN:91,(anonymous_6)
FN:93,(anonymous_7)
FN:102,(anonymous_8)
FN:106,(anonymous_9)
FN:112,(anonymous_10)
FN:114,(anonymous_11)
FN:121,(anonymous_12)
FN:139,(anonymous_13)
FN:148,(anonymous_14)
FN:149,(anonymous_15)
FN:154,(anonymous_16)
FN:176,(anonymous_17)
FN:252,(anonymous_18)
FN:388,(anonymous_19)
FN:389,(anonymous_20)
FN:400,(anonymous_21)
FN:503,(anonymous_22)
FN:505,(anonymous_23)
FN:506,(anonymous_24)
FN:518,(anonymous_25)
FN:540,(anonymous_26)
FN:548,(anonymous_27)
FN:550,(anonymous_28)
FN:551,(anonymous_29)
FN:555,(anonymous_30)
FN:577,(anonymous_31)
FN:582,(anonymous_32)
FN:583,(anonymous_33)
FN:606,(anonymous_34)
FN:612,(anonymous_35)
FN:645,(anonymous_36)
FN:646,(anonymous_37)
FN:653,(anonymous_38)
FN:688,(anonymous_39)
FN:702,(anonymous_40)
FN:708,(anonymous_41)
FN:733,(anonymous_42)
FN:790,(anonymous_43)
FN:799,(anonymous_44)
FN:818,(anonymous_45)
FN:867,(anonymous_46)
FN:870,(anonymous_47)
FN:876,(anonymous_48)
FN:877,(anonymous_49)
FN:896,(anonymous_50)
FN:928,(anonymous_51)
FN:949,(anonymous_52)
FN:980,(anonymous_53)
FN:996,(anonymous_54)
FN:1008,(anonymous_55)
FN:1012,(anonymous_56)
FN:1110,(anonymous_57)
FN:1152,(anonymous_58)
FN:1241,(anonymous_59)
FN:1277,(anonymous_60)
FN:1304,(anonymous_61)
FNF:61
FNH:26
FNDA:7,(anonymous_1)
FNDA:4,(anonymous_2)
FNDA:3,(anonymous_3)
FNDA:0,(anonymous_4)
FNDA:6,(anonymous_5)
FNDA:3,(anonymous_6)
FNDA:0,(anonymous_7)
FNDA:0,(anonymous_8)
FNDA:2,(anonymous_9)
FNDA:0,(anonymous_10)
FNDA:0,(anonymous_11)
FNDA:0,(anonymous_12)
FNDA:0,(anonymous_13)
FNDA:0,(anonymous_14)
FNDA:0,(anonymous_15)
FNDA:3,(anonymous_16)
FNDA:0,(anonymous_17)
FNDA:0,(anonymous_18)
FNDA:0,(anonymous_19)
FNDA:0,(anonymous_20)
FNDA:0,(anonymous_21)
FNDA:0,(anonymous_22)
FNDA:0,(anonymous_23)
FNDA:0,(anonymous_24)
FNDA:1,(anonymous_25)
FNDA:2,(anonymous_26)
FNDA:0,(anonymous_27)
FNDA:0,(anonymous_28)
FNDA:0,(anonymous_29)
FNDA:2,(anonymous_30)
FNDA:2,(anonymous_31)
FNDA:2,(anonymous_32)
FNDA:2,(anonymous_33)
FNDA:1,(anonymous_34)
FNDA:0,(anonymous_35)
FNDA:0,(anonymous_36)
FNDA:0,(anonymous_37)
FNDA:0,(anonymous_38)
FNDA:0,(anonymous_39)
FNDA:0,(anonymous_40)
FNDA:0,(anonymous_41)
FNDA:3,(anonymous_42)
FNDA:27,(anonymous_43)
FNDA:2,(anonymous_44)
FNDA:2,(anonymous_45)
FNDA:0,(anonymous_46)
FNDA:0,(anonymous_47)
FNDA:0,(anonymous_48)
FNDA:0,(anonymous_49)
FNDA:3,(anonymous_50)
FNDA:3,(anonymous_51)
FNDA:0,(anonymous_52)
FNDA:2,(anonymous_53)
FNDA:1,(anonymous_54)
FNDA:0,(anonymous_55)
FNDA:2,(anonymous_56)
FNDA:3,(anonymous_57)
FNDA:0,(anonymous_58)
FNDA:0,(anonymous_59)
FNDA:3,(anonymous_60)
FNDA:2,(anonymous_61)
DA:2,7
DA:3,7
DA:4,7
DA:5,7
DA:6,7
DA:8,7
DA:9,7
DA:16,7
DA:17,7
DA:21,7
DA:25,4
DA:26,2
DA:30,2
DA:35,2
DA:39,3
DA:48,3
DA:49,0
DA:52,3
DA:60,0
DA:71,0
DA:72,0
DA:75,0
DA:80,0
DA:81,0
DA:84,0
DA:88,6
DA:92,3
DA:93,0
DA:96,3
DA:97,3
DA:100,0
DA:102,0
DA:107,2
DA:108,0
DA:111,2
DA:112,2
DA:114,2
DA:115,0
DA:118,2
DA:122,0
DA:124,0
DA:125,0
DA:128,0
DA:133,0
DA:136,0
DA:148,0
DA:149,0
DA:150,0
DA:155,3
DA:156,3
DA:159,0
DA:163,0
DA:164,0
DA:167,0
DA:204,0
DA:205,0
DA:206,0
DA:212,0
DA:217,0
DA:218,0
DA:219,0
DA:221,0
DA:225,0
DA:227,0
DA:259,0
DA:260,0
DA:261,0
DA:379,0
DA:383,0
DA:384,0
DA:387,0
DA:388,0
DA:390,0
DA:406,0
DA:408,0
DA:409,0
DA:412,0
DA:501,0
DA:503,0
DA:504,0
DA:505,0
DA:507,0
DA:519,1
DA:520,1
DA:522,1
DA:523,0
DA:526,1
DA:535,1
DA:536,0
DA:539,1
DA:540,1
DA:541,2
DA:542,2
DA:546,1
DA:548,0
DA:550,0
DA:551,0
DA:554,1
DA:556,2
DA:575,2
DA:577,2
DA:582,1
DA:583,2
DA:584,2
DA:603,1
DA:607,1
DA:618,0
DA:619,0
DA:634,0
DA:635,0
DA:638,0
DA:639,0
DA:641,0
DA:646,0
DA:647,0
DA:648,0
DA:659,0
DA:676,0
DA:677,0
DA:680,0
DA:692,0
DA:693,0
DA:696,0
DA:701,0
DA:702,0
DA:705,0
DA:709,0
DA:711,0
DA:712,0
DA:713,0
DA:716,0
DA:717,0
DA:719,0
DA:720,0
DA:723,0
DA:726,0
DA:728,0
DA:729,0
DA:738,3
DA:781,3
DA:782,3
DA:783,3
DA:786,3
DA:787,0
DA:790,3
DA:791,27
DA:792,21
DA:796,3
DA:800,2
DA:802,2
DA:803,0
DA:806,2
DA:807,2
DA:812,2
DA:813,1
DA:816,1
DA:817,1
DA:818,1
DA:819,2
DA:820,2
DA:821,2
DA:823,2
DA:840,1
DA:842,1
DA:843,1
DA:846,0
DA:847,0
DA:849,0
DA:850,0
DA:853,0
DA:855,0
DA:866,0
DA:867,0
DA:869,0
DA:870,0
DA:871,0
DA:872,0
DA:875,0
DA:876,0
DA:877,0
DA:889,0
DA:891,0
DA:892,0
DA:897,3
DA:899,3
DA:900,0
DA:903,3
DA:904,3
DA:909,3
DA:910,1
DA:913,2
DA:917,2
DA:918,1
DA:921,1
DA:923,0
DA:924,0
DA:929,3
DA:931,3
DA:932,0
DA:935,3
DA:936,3
DA:938,3
DA:939,3
DA:940,3
DA:942,3
DA:943,2
DA:944,2
DA:947,1
DA:949,0
DA:954,1
DA:955,1
DA:957,1
DA:958,0
DA:960,1
DA:972,1
DA:978,1
DA:979,1
DA:982,2
DA:986,2
DA:987,0
DA:990,2
DA:991,2
DA:995,1
DA:997,1
DA:998,1
DA:999,1
DA:1003,0
DA:1004,0
DA:1009,0
DA:1013,2
DA:1015,2
DA:1016,0
DA:1017,0
DA:1020,2
DA:1021,2
DA:1023,2
DA:1024,1
DA:1025,1
DA:1028,1
DA:1030,1
DA:1031,0
DA:1032,0
DA:1036,1
DA:1041,1
DA:1042,0
DA:1043,0
DA:1045,0
DA:1046,0
DA:1047,0
DA:1050,0
DA:1052,0
DA:1059,0
DA:1060,0
DA:1061,0
DA:1064,0
DA:1066,0
DA:1074,0
DA:1075,0
DA:1077,0
DA:1089,0
DA:1092,1
DA:1096,1
DA:1097,1
DA:1099,1
DA:1105,0
DA:1106,0
DA:1111,3
DA:1113,3
DA:1114,0
DA:1115,0
DA:1118,3
DA:1119,3
DA:1124,3
DA:1125,1
DA:1126,1
DA:1129,2
DA:1130,2
DA:1131,2
DA:1132,0
DA:1134,2
DA:1140,2
DA:1141,1
DA:1142,1
DA:1145,1
DA:1147,0
DA:1148,0
DA:1153,0
DA:1154,0
DA:1155,0
DA:1157,0
DA:1161,0
DA:1167,0
DA:1168,0
DA:1169,0
DA:1172,0
DA:1173,0
DA:1174,0
DA:1177,0
DA:1178,0
DA:1179,0
DA:1181,0
DA:1182,0
DA:1183,0
DA:1186,0
DA:1190,0
DA:1197,0
DA:1198,0
DA:1199,0
DA:1202,0
DA:1203,0
DA:1214,0
DA:1215,0
DA:1218,0
DA:1229,0
DA:1230,0
DA:1240,0
DA:1241,0
DA:1245,0
DA:1246,0
DA:1247,0
DA:1248,0
DA:1257,0
DA:1258,0
DA:1262,0
DA:1264,0
DA:1272,0
DA:1273,0
DA:1278,3
DA:1280,3
DA:1281,0
DA:1282,0
DA:1285,3
DA:1286,3
DA:1291,3
DA:1292,1
DA:1293,1
DA:1296,2
DA:1298,2
DA:1299,1
DA:1300,1
DA:1303,1
DA:1304,2
DA:1306,1
DA:1308,1
DA:1310,0
DA:1311,0
DA:1316,7
LF:347
LH:154
BRDA:25,0,0,2
BRDA:25,0,1,2
BRDA:30,1,0,0
BRDA:30,1,1,2
BRDA:30,2,0,2
BRDA:30,2,1,2
BRDA:48,3,0,0
BRDA:48,3,1,3
BRDA:71,4,0,0
BRDA:71,4,1,0
BRDA:80,5,0,0
BRDA:80,5,1,0
BRDA:84,6,0,0
BRDA:84,6,1,0
BRDA:88,7,0,6
BRDA:88,7,1,0
BRDA:92,8,0,0
BRDA:92,8,1,3
BRDA:96,9,0,3
BRDA:96,9,1,0
BRDA:107,10,0,0
BRDA:107,10,1,2
BRDA:111,11,0,2
BRDA:111,11,1,2
BRDA:112,12,0,0
BRDA:112,12,1,0
BRDA:114,13,0,0
BRDA:114,13,1,2
BRDA:114,14,0,0
BRDA:114,14,1,0
BRDA:122,15,0,0
BRDA:122,15,1,0
BRDA:124,16,0,0
BRDA:124,16,1,0
BRDA:124,17,0,0
BRDA:124,17,1,0
BRDA:128,18,0,0
BRDA:128,18,1,0
BRDA:129,19,0,0
BRDA:129,19,1,0
BRDA:129,19,2,0
BRDA:150,20,0,0
BRDA:150,20,1,0
BRDA:155,21,0,3
BRDA:155,21,1,0
BRDA:155,22,0,3
BRDA:155,22,1,3
BRDA:163,23,0,0
BRDA:163,23,1,0
BRDA:163,24,0,0
BRDA:163,24,1,0
BRDA:170,25,0,0
BRDA:170,25,1,0
BRDA:204,26,0,0
BRDA:204,26,1,0
BRDA:217,27,0,0
BRDA:217,27,1,0
BRDA:218,28,0,0
BRDA:218,28,1,0
BRDA:219,29,0,0
BRDA:219,29,1,0
BRDA:221,30,0,0
BRDA:221,30,1,0
BRDA:221,30,2,0
BRDA:221,30,3,0
BRDA:225,31,0,0
BRDA:225,31,1,0
BRDA:232,32,0,0
BRDA:232,32,1,0
BRDA:232,32,2,0
BRDA:233,33,0,0
BRDA:233,33,1,0
BRDA:236,34,0,0
BRDA:236,34,1,0
BRDA:259,35,0,0
BRDA:259,35,1,0
BRDA:260,36,0,0
BRDA:260,36,1,0
BRDA:379,37,0,0
BRDA:379,37,1,0
BRDA:383,38,0,0
BRDA:383,38,1,0
BRDA:387,39,0,0
BRDA:387,39,1,0
BRDA:408,40,0,0
BRDA:408,40,1,0
BRDA:408,41,0,0
BRDA:408,41,1,0
BRDA:501,42,0,0
BRDA:501,42,1,0
BRDA:504,43,0,0
BRDA:504,43,1,0
BRDA:518,44,0,1
BRDA:522,45,0,0
BRDA:522,45,1,1
BRDA:535,46,0,0
BRDA:535,46,1,1
BRDA:546,47,0,0
BRDA:546,47,1,1
BRDA:577,48,0,2
BRDA:577,48,1,0
BRDA:587,49,0,2
BRDA:587,49,1,2
BRDA:588,50,0,2
BRDA:588,50,1,2
BRDA:607,51,0,0
BRDA:607,51,1,1
BRDA:607,52,0,1
BRDA:607,52,1,1
BRDA:607,52,2,1
BRDA:630,53,0,0
BRDA:630,53,1,0
BRDA:634,54,0,0
BRDA:634,54,1,0
BRDA:639,55,0,0
BRDA:639,55,1,0
BRDA:647,56,0,0
BRDA:647,56,1,0
BRDA:671,57,0,0
BRDA:671,57,1,0
BRDA:676,58,0,0
BRDA:676,58,1,0
BRDA:692,59,0,0
BRDA:692,59,1,0
BRDA:705,60,0,0
BRDA:705,60,1,0
BRDA:711,61,0,0
BRDA:711,61,1,0
BRDA:719,62,0,0
BRDA:719,62,1,0
BRDA:736,63,0,2
BRDA:740,64,0,0
BRDA:740,64,1,3
BRDA:740,65,0,3
BRDA:740,65,1,0
BRDA:744,66,0,0
BRDA:744,66,1,3
BRDA:744,67,0,3
BRDA:744,67,1,0
BRDA:748,68,0,0
BRDA:748,68,1,3
BRDA:748,69,0,3
BRDA:748,69,1,0
BRDA:752,70,0,0
BRDA:752,70,1,3
BRDA:752,71,0,3
BRDA:752,71,1,0
BRDA:755,72,0,0
BRDA:755,72,1,3
BRDA:757,73,0,1
BRDA:757,73,1,2
BRDA:757,74,0,3
BRDA:757,74,1,3
BRDA:761,75,0,1
BRDA:761,75,1,2
BRDA:763,76,0,3
BRDA:763,76,1,0
BRDA:763,77,0,3
BRDA:763,77,1,3
BRDA:767,78,0,1
BRDA:767,78,1,2
BRDA:767,79,0,3
BRDA:767,79,1,1
BRDA:771,80,0,0
BRDA:771,80,1,3
BRDA:771,81,0,3
BRDA:771,81,1,0
BRDA:775,82,0,0
BRDA:775,82,1,3
BRDA:775,83,0,3
BRDA:775,83,1,0
BRDA:781,84,0,3
BRDA:781,84,1,0
BRDA:786,85,0,0
BRDA:786,85,1,3
BRDA:786,86,0,3
BRDA:786,86,1,0
BRDA:791,87,0,21
BRDA:791,87,1,6
BRDA:802,88,0,0
BRDA:802,88,1,2
BRDA:812,89,0,1
BRDA:812,89,1,1
BRDA:816,90,0,1
BRDA:816,90,1,0
BRDA:819,91,0,2
BRDA:819,91,1,0
BRDA:825,92,0,0
BRDA:825,92,1,2
BRDA:827,93,0,0
BRDA:827,93,1,2
BRDA:840,94,0,0
BRDA:840,94,1,1
BRDA:842,95,0,1
BRDA:842,95,1,0
BRDA:842,96,0,1
BRDA:842,96,1,0
BRDA:849,97,0,0
BRDA:849,97,1,0
BRDA:866,98,0,0
BRDA:866,98,1,0
BRDA:866,99,0,0
BRDA:866,99,1,0
BRDA:871,100,0,0
BRDA:871,100,1,0
BRDA:880,101,0,0
BRDA:880,101,1,0
BRDA:881,102,0,0
BRDA:881,102,1,0
BRDA:899,103,0,0
BRDA:899,103,1,3
BRDA:899,104,0,3
BRDA:899,104,1,3
BRDA:909,105,0,1
BRDA:909,105,1,2
BRDA:917,106,0,1
BRDA:917,106,1,1
BRDA:931,107,0,0
BRDA:931,107,1,3
BRDA:938,108,0,0
BRDA:938,108,1,3
BRDA:942,109,0,2
BRDA:942,109,1,1
BRDA:942,110,0,3
BRDA:942,110,1,2
BRDA:942,110,2,2
BRDA:948,111,0,0
BRDA:948,111,1,1
BRDA:950,112,0,0
BRDA:950,112,1,1
BRDA:957,113,0,0
BRDA:957,113,1,1
BRDA:957,114,0,1
BRDA:957,114,1,0
BRDA:960,115,0,0
BRDA:960,115,1,1
BRDA:962,116,0,0
BRDA:962,116,1,1
BRDA:962,117,0,1
BRDA:962,117,1,0
BRDA:982,118,0,2
BRDA:982,118,1,0
BRDA:986,119,0,0
BRDA:986,119,1,2
BRDA:997,120,0,1
BRDA:997,120,1,1
BRDA:997,120,2,1
BRDA:998,121,0,1
BRDA:998,121,1,1
BRDA:998,121,2,1
BRDA:1015,122,0,0
BRDA:1015,122,1,2
BRDA:1023,123,0,1
BRDA:1023,123,1,1
BRDA:1030,124,0,0
BRDA:1030,124,1,1
BRDA:1030,125,0,1
BRDA:1030,125,1,1
BRDA:1036,126,0,0
BRDA:1036,126,1,1
BRDA:1036,127,0,1
BRDA:1036,127,1,0
BRDA:1041,128,0,0
BRDA:1041,128,1,1
BRDA:1041,129,0,1
BRDA:1041,129,1,0
BRDA:1041,129,2,0
BRDA:1045,130,0,0
BRDA:1045,130,1,0
BRDA:1055,131,0,0
BRDA:1055,131,1,0
BRDA:1056,132,0,0
BRDA:1056,132,1,0
BRDA:1059,133,0,0
BRDA:1059,133,1,0
BRDA:1100,134,0,1
BRDA:1100,134,1,0
BRDA:1113,135,0,0
BRDA:1113,135,1,3
BRDA:1113,136,0,3
BRDA:1113,136,1,3
BRDA:1124,137,0,1
BRDA:1124,137,1,2
BRDA:1131,138,0,0
BRDA:1131,138,1,2
BRDA:1131,139,0,2
BRDA:1131,139,1,0
BRDA:1140,140,0,1
BRDA:1140,140,1,1
BRDA:1157,141,0,0
BRDA:1157,141,1,0
BRDA:1157,142,0,0
BRDA:1157,142,1,0
BRDA:1161,143,0,0
BRDA:1161,143,1,0
BRDA:1161,144,0,0
BRDA:1161,144,1,0
BRDA:1161,144,2,0
BRDA:1167,145,0,0
BRDA:1167,145,1,0
BRDA:1167,146,0,0
BRDA:1167,146,1,0
BRDA:1167,146,2,0
BRDA:1172,147,0,0
BRDA:1172,147,1,0
BRDA:1172,148,0,0
BRDA:1172,148,1,0
BRDA:1181,149,0,0
BRDA:1181,149,1,0
BRDA:1197,150,0,0
BRDA:1197,150,1,0
BRDA:1202,151,0,0
BRDA:1202,151,1,0
BRDA:1206,152,0,0
BRDA:1206,152,1,0
BRDA:1214,153,0,0
BRDA:1214,153,1,0
BRDA:1229,154,0,0
BRDA:1229,154,1,0
BRDA:1229,155,0,0
BRDA:1229,155,1,0
BRDA:1245,156,0,0
BRDA:1245,156,1,0
BRDA:1245,157,0,0
BRDA:1245,157,1,0
BRDA:1247,158,0,0
BRDA:1247,158,1,0
BRDA:1249,159,0,0
BRDA:1249,159,1,0
BRDA:1280,160,0,0
BRDA:1280,160,1,3
BRDA:1280,161,0,3
BRDA:1280,161,1,3
BRDA:1291,162,0,1
BRDA:1291,162,1,2
BRDA:1298,163,0,1
BRDA:1298,163,1,1
BRF:337
BRH:127
end_of_record
TN:
SF:src/controllers/transcriptController.ts
FN:11,(anonymous_10)
FN:15,(anonymous_11)
FN:30,(anonymous_12)
FN:71,(anonymous_13)
FN:98,(anonymous_14)
FNF:5
FNH:4
FNDA:7,(anonymous_10)
FNDA:2,(anonymous_11)
FNDA:1,(anonymous_12)
FNDA:0,(anonymous_13)
FNDA:4,(anonymous_14)
DA:2,7
DA:4,7
DA:5,7
DA:8,7
DA:12,7
DA:16,2
DA:17,2
DA:18,0
DA:21,2
DA:22,2
DA:23,2
DA:25,0
DA:26,0
DA:31,1
DA:32,0
DA:35,1
DA:36,1
DA:39,0
DA:40,0
DA:42,0
DA:46,0
DA:60,0
DA:62,0
DA:63,0
DA:66,0
DA:67,0
DA:72,0
DA:73,0
DA:75,0
DA:76,0
DA:78,0
DA:79,0
DA:82,0
DA:83,0
DA:88,0
DA:89,0
DA:91,0
DA:93,0
DA:94,0
DA:99,4
DA:100,0
DA:103,4
DA:104,4
DA:111,2
DA:113,2
DA:114,2
DA:117,0
DA:118,0
DA:123,7
LF:49
LH:20
BRDA:17,0,0,0
BRDA:17,0,1,2
BRDA:31,1,0,0
BRDA:31,1,1,1
BRDA:35,2,0,1
BRDA:35,2,1,0
BRDA:42,3,0,0
BRDA:42,3,1,0
BRDA:42,4,0,0
BRDA:42,4,1,0
BRDA:42,4,2,0
BRDA:52,5,0,0
BRDA:52,5,1,0
BRDA:54,6,0,0
BRDA:54,6,1,0
BRDA:57,7,0,0
BRDA:57,7,1,0
BRDA:57,8,0,0
BRDA:57,8,1,0
BRDA:62,9,0,0
BRDA:62,9,1,0
BRDA:75,10,0,0
BRDA:75,10,1,0
BRDA:78,11,0,0
BRDA:78,11,1,0
BRDA:78,12,0,0
BRDA:78,12,1,0
BRDA:88,13,0,0
BRDA:88,13,1,0
BRDA:99,14,0,0
BRDA:99,14,1,4
BRDA:113,15,0,2
BRDA:113,15,1,0
BRF:33
BRH:5
end_of_record
TN:
SF:src/controllers/usersController.ts
FN:8,(anonymous_1)
FN:29,(anonymous_2)
FN:30,(anonymous_3)
FN:32,(anonymous_4)
FN:43,(anonymous_5)
FN:46,(anonymous_6)
FN:60,(anonymous_7)
FN:70,(anonymous_8)
FN:83,(anonymous_9)
FN:118,(anonymous_10)
FN:168,(anonymous_11)
FNF:11
FNH:11
FNDA:4,(anonymous_1)
FNDA:11,(anonymous_2)
FNDA:33,(anonymous_3)
FNDA:9,(anonymous_4)
FNDA:7,(anonymous_5)
FNDA:2,(anonymous_6)
FNDA:1,(anonymous_7)
FNDA:2,(anonymous_8)
FNDA:8,(anonymous_9)
FNDA:5,(anonymous_10)
FNDA:3,(anonymous_11)
DA:2,7
DA:3,7
DA:7,7
DA:8,7
DA:9,4
DA:10,4
DA:11,4
DA:12,4
DA:13,4
DA:14,4
DA:15,4
DA:16,4
DA:17,4
DA:20,7
DA:29,7
DA:30,33
DA:32,7
DA:33,9
DA:34,9
DA:35,9
DA:36,54
DA:37,28
DA:40,9
DA:43,7
DA:44,7
DA:46,7
DA:47,2
DA:49,1
DA:51,0
DA:53,0
DA:55,1
DA:61,1
DA:62,1
DA:63,1
DA:65,0
DA:66,0
DA:71,2
DA:72,2
DA:73,2
DA:74,1
DA:76,1
DA:78,0
DA:79,0
DA:84,8
DA:85,8
DA:86,1
DA:88,7
DA:90,7
DA:91,2
DA:95,5
DA:96,1
DA:99,4
DA:100,1
DA:101,1
DA:104,4
DA:105,2
DA:107,2
DA:108,2
DA:109,2
DA:113,0
DA:114,0
DA:119,5
DA:120,5
DA:121,5
DA:122,5
DA:123,1
DA:125,4
DA:126,1
DA:129,3
DA:130,1
DA:132,2
DA:134,2
DA:135,1
DA:138,1
DA:139,0
DA:142,1
DA:143,1
DA:144,1
DA:147,1
DA:151,1
DA:152,0
DA:155,1
DA:157,0
DA:158,0
DA:159,0
DA:163,0
DA:164,0
DA:169,3
DA:170,3
DA:171,3
DA:172,3
DA:173,1
DA:175,2
DA:176,1
DA:179,1
DA:180,1
DA:181,0
DA:184,1
DA:186,0
DA:187,0
DA:192,7
LF:101
LH:83
BRDA:9,0,0,4
BRDA:9,0,1,0
BRDA:30,1,0,11
BRDA:30,1,1,0
BRDA:36,2,0,28
BRDA:36,2,1,26
BRDA:47,3,0,1
BRDA:47,3,1,0
BRDA:47,3,2,0
BRDA:47,3,3,1
BRDA:73,4,0,1
BRDA:73,4,1,1
BRDA:85,5,0,1
BRDA:85,5,1,7
BRDA:90,6,0,2
BRDA:90,6,1,5
BRDA:90,7,0,7
BRDA:90,7,1,6
BRDA:90,7,2,5
BRDA:95,8,0,1
BRDA:95,8,1,4
BRDA:99,9,0,1
BRDA:99,9,1,3
BRDA:107,10,0,2
BRDA:107,10,1,0
BRDA:108,11,0,2
BRDA:108,11,1,0
BRDA:122,12,0,1
BRDA:122,12,1,4
BRDA:125,13,0,1
BRDA:125,13,1,3
BRDA:125,14,0,4
BRDA:125,14,1,4
BRDA:129,15,0,1
BRDA:129,15,1,2
BRDA:134,16,0,1
BRDA:134,16,1,1
BRDA:134,17,0,2
BRDA:134,17,1,2
BRDA:138,18,0,0
BRDA:138,18,1,1
BRDA:138,19,0,1
BRDA:138,19,1,1
BRDA:142,20,0,1
BRDA:142,20,1,0
BRDA:151,21,0,0
BRDA:151,21,1,1
BRDA:157,22,0,0
BRDA:157,22,1,0
BRDA:158,23,0,0
BRDA:158,23,1,0
BRDA:172,24,0,1
BRDA:172,24,1,2
BRDA:175,25,0,1
BRDA:175,25,1,1
BRDA:175,26,0,2
BRDA:175,26,1,2
BRDA:180,27,0,0
BRDA:180,27,1,1
BRF:59
BRH:45
end_of_record
TN:
SF:src/middleware/authMiddleware.ts
FN:7,(anonymous_1)
FNF:1
FNH:1
FNDA:84,(anonymous_1)
DA:2,7
DA:7,7
DA:12,84
DA:13,84
DA:14,20
DA:20,64
DA:21,64
DA:22,0
DA:24,64
DA:25,64
DA:26,64
DA:27,64
DA:28,64
DA:30,0
LF:14
LH:12
BRDA:13,0,0,20
BRDA:13,0,1,64
BRDA:13,1,0,84
BRDA:13,1,1,64
BRDA:21,2,0,0
BRDA:21,2,1,64
BRDA:24,3,0,64
BRDA:24,3,1,0
BRF:8
BRH:6
end_of_record
TN:
SF:src/models/meetingsModel.ts
FNF:0
FNH:0
DA:1,8
DA:3,8
DA:72,8
LF:3
LH:3
BRF:0
BRH:0
end_of_record
TN:
SF:src/models/mingoAgentModel.ts
FNF:0
FNH:0
DA:1,8
DA:3,8
DA:34,8
LF:3
LH:3
BRF:0
BRH:0
end_of_record
TN:
SF:src/models/tasksModel.ts
FNF:0
FNH:0
DA:1,8
DA:3,8
DA:70,8
DA:72,8
LF:4
LH:4
BRF:0
BRH:0
end_of_record
TN:
SF:src/models/transcriptModel.ts
FNF:0
FNH:0
DA:1,8
DA:3,8
DA:20,8
LF:3
LH:3
BRF:0
BRH:0
end_of_record
TN:
SF:src/models/usersModel.ts
FNF:0
FNH:0
DA:1,8
DA:3,8
DA:64,8
LF:3
LH:3
BRF:0
BRH:0
end_of_record
TN:
SF:src/routes/authRoute.ts
FNF:0
FNH:0
DA:1,7
DA:2,7
DA:3,7
DA:5,7
DA:7,7
DA:35,7
DA:69,7
DA:93,7
DA:127,7
DA:180,7
DA:210,7
DA:248,7
DA:278,7
DA:284,7
DA:290,7
DA:296,7
LF:16
LH:16
BRF:0
BRH:0
end_of_record
TN:
SF:src/routes/meetingsRoute.ts
FNF:0
FNH:0
DA:1,7
DA:2,7
DA:3,7
DA:5,7
DA:45,7
DA:46,7
DA:121,7
DA:122,7
DA:123,7
DA:124,7
DA:150,7
DA:176,7
DA:202,7
DA:228,7
DA:252,7
DA:253,7
DA:255,7
LF:17
LH:17
BRF:0
BRH:0
end_of_record
TN:
SF:src/routes/mingoAgentRoute.ts
FNF:0
FNH:0
DA:1,7
DA:2,7
DA:3,7
DA:5,7
DA:29,7
DA:53,7
DA:83,7
DA:85,7
LF:8
LH:8
BRF:0
BRH:0
end_of_record
TN:
SF:src/routes/tasksRoute.ts
FNF:0
FNH:0
DA:1,7
DA:2,7
DA:3,7
DA:5,7
DA:55,7
DA:56,7
DA:57,7
DA:138,7
DA:139,7
DA:140,7
DA:172,7
DA:173,7
DA:175,7
LF:13
LH:13
BRF:0
BRH:0
end_of_record
TN:
SF:src/routes/transcriptRoute.ts
FNF:0
FNH:0
DA:1,7
DA:2,7
DA:3,7
DA:4,7
DA:6,7
DA:30,7
DA:74,7
DA:103,7
DA:109,7
DA:115,7
LF:10
LH:10
BRF:0
BRH:0
end_of_record
TN:
SF:src/routes/usersRoute.ts
FNF:0
FNH:0
DA:1,7
DA:2,7
DA:3,7
DA:4,7
DA:6,7
DA:28,7
DA:56,7
DA:84,7
DA:127,7
DA:162,7
DA:164,7
LF:11
LH:11
BRF:0
BRH:0
end_of_record
TN:
SF:src/services/LLM/llmService.ts
FN:4,(anonymous_0)
FN:31,(anonymous_1)
FN:39,(anonymous_2)
FN:43,(anonymous_3)
FN:78,(anonymous_4)
FNF:5
FNH:5
FNDA:6,(anonymous_0)
FNDA:12,(anonymous_1)
FNDA:11,(anonymous_2)
FNDA:12,(anonymous_3)
FNDA:1,(anonymous_4)
DA:1,9
DA:5,6
DA:6,6
DA:7,6
DA:32,12
DA:33,12
DA:34,1
DA:36,11
DA:40,11
DA:44,12
DA:45,11
DA:47,11
DA:55,11
DA:56,2
DA:59,11
DA:68,11
DA:69,5
DA:70,1
DA:72,4
DA:73,1
DA:75,3
DA:76,1
DA:78,2
DA:81,2
DA:87,6
DA:93,6
DA:95,6
DA:103,9
DA:104,9
LF:29
LH:29
BRDA:33,0,0,1
BRDA:33,0,1,11
BRDA:40,1,0,11
BRDA:40,1,1,3
BRDA:45,2,0,11
BRDA:45,2,1,11
BRDA:50,3,0,11
BRDA:50,3,1,7
BRDA:51,4,0,11
BRDA:51,4,1,8
BRDA:52,5,0,11
BRDA:52,5,1,8
BRDA:55,6,0,2
BRDA:55,6,1,9
BRDA:68,7,0,5
BRDA:68,7,1,6
BRDA:69,8,0,1
BRDA:69,8,1,4
BRDA:72,9,0,1
BRDA:72,9,1,3
BRDA:75,10,0,1
BRDA:75,10,1,2
BRDA:82,11,0,2
BRDA:82,11,1,1
BRDA:93,12,0,6
BRDA:93,12,1,0
BRF:26
BRH:25
end_of_record
TN:
SF:src/services/LLM/mingoAgentService.ts
FN:11,(anonymous_1)
FN:100,(anonymous_2)
FN:104,(anonymous_3)
FN:112,(anonymous_4)
FN:121,(anonymous_5)
FN:131,(anonymous_6)
FN:138,(anonymous_7)
FN:153,(anonymous_8)
FN:157,(anonymous_9)
FN:172,(anonymous_10)
FN:201,(anonymous_11)
FN:234,(anonymous_12)
FN:242,(anonymous_13)
FN:246,(anonymous_14)
FN:251,(anonymous_15)
FN:275,(anonymous_16)
FN:279,(anonymous_17)
FN:292,(anonymous_18)
FN:306,(anonymous_19)
FN:332,(anonymous_20)
FN:382,(anonymous_21)
FN:406,(anonymous_22)
FN:426,(anonymous_23)
FN:434,(anonymous_24)
FN:435,(anonymous_25)
FN:436,(anonymous_26)
FN:442,(anonymous_27)
FN:461,(anonymous_28)
FN:462,(anonymous_29)
FN:475,(anonymous_30)
FN:479,(anonymous_31)
FN:488,(anonymous_32)
FN:523,(anonymous_33)
FN:524,(anonymous_34)
FN:533,(anonymous_35)
FN:537,(anonymous_36)
FN:538,(anonymous_37)
FN:540,(anonymous_38)
FN:555,(anonymous_39)
FN:570,(anonymous_40)
FN:601,(anonymous_41)
FN:609,(anonymous_42)
FN:617,(anonymous_43)
FN:620,(anonymous_44)
FN:654,(anonymous_45)
FN:656,(anonymous_46)
FN:657,(anonymous_47)
FN:660,(anonymous_48)
FN:674,(anonymous_49)
FN:682,(anonymous_50)
FN:683,(anonymous_51)
FN:686,(anonymous_52)
FN:687,(anonymous_53)
FN:695,(anonymous_54)
FN:702,(anonymous_55)
FN:706,(anonymous_56)
FN:719,(anonymous_57)
FN:725,(anonymous_58)
FN:728,(anonymous_59)
FN:729,(anonymous_60)
FN:736,(anonymous_61)
FN:742,(anonymous_62)
FN:782,(anonymous_63)
FN:790,(anonymous_64)
FN:819,(anonymous_65)
FN:833,(anonymous_66)
FN:844,(anonymous_67)
FN:940,(anonymous_68)
FN:948,(anonymous_69)
FN:956,(anonymous_70)
FN:989,(anonymous_71)
FN:1017,(anonymous_72)
FN:1144,(anonymous_73)
FN:1151,(anonymous_74)
FN:1161,(anonymous_75)
FN:1173,(anonymous_76)
FN:1187,(anonymous_77)
FN:1194,(anonymous_78)
FN:1199,(anonymous_79)
FN:1201,(anonymous_80)
FN:1205,(anonymous_81)
FN:1211,(anonymous_82)
FN:1212,(anonymous_83)
FN:1214,(anonymous_84)
FN:1218,(anonymous_85)
FN:1230,(anonymous_86)
FN:1238,(anonymous_87)
FN:1271,(anonymous_88)
FN:1272,(anonymous_89)
FN:1338,(anonymous_90)
FN:1385,(anonymous_91)
FN:1401,(anonymous_92)
FN:1407,(anonymous_93)
FN:1442,(anonymous_94)
FN:1446,(anonymous_95)
FN:1480,(anonymous_96)
FN:1509,(anonymous_97)
FN:1513,(anonymous_98)
FN:1515,(anonymous_99)
FN:1529,(anonymous_100)
FN:1532,(anonymous_101)
FN:1589,(anonymous_102)
FN:1606,(anonymous_103)
FN:1632,(anonymous_104)
FN:1653,(anonymous_105)
FN:1663,(anonymous_106)
FN:1698,(anonymous_107)
FN:1707,(anonymous_108)
FN:1728,(anonymous_109)
FN:1761,(anonymous_110)
FN:1828,(anonymous_111)
FN:1841,(anonymous_112)
FN:1896,(anonymous_113)
FN:1925,(anonymous_114)
FN:1986,(anonymous_115)
FN:1989,(anonymous_116)
FN:1994,(anonymous_117)
FNF:117
FNH:92
FNDA:1,(anonymous_1)
FNDA:14,(anonymous_2)
FNDA:7,(anonymous_3)
FNDA:13,(anonymous_4)
FNDA:617,(anonymous_5)
FNDA:47,(anonymous_6)
FNDA:548,(anonymous_7)
FNDA:20,(anonymous_8)
FNDA:90,(anonymous_9)
FNDA:28,(anonymous_10)
FNDA:12,(anonymous_11)
FNDA:44,(anonymous_12)
FNDA:6,(anonymous_13)
FNDA:2,(anonymous_14)
FNDA:4,(anonymous_15)
FNDA:2,(anonymous_16)
FNDA:4,(anonymous_17)
FNDA:2,(anonymous_18)
FNDA:2,(anonymous_19)
FNDA:2,(anonymous_20)
FNDA:2,(anonymous_21)
FNDA:9,(anonymous_22)
FNDA:9,(anonymous_23)
FNDA:4,(anonymous_24)
FNDA:4,(anonymous_25)
FNDA:4,(anonymous_26)
FNDA:2,(anonymous_27)
FNDA:4,(anonymous_28)
FNDA:2,(anonymous_29)
FNDA:0,(anonymous_30)
FNDA:0,(anonymous_31)
FNDA:2,(anonymous_32)
FNDA:2,(anonymous_33)
FNDA:2,(anonymous_34)
FNDA:9,(anonymous_35)
FNDA:8,(anonymous_36)
FNDA:0,(anonymous_37)
FNDA:8,(anonymous_38)
FNDA:0,(anonymous_39)
FNDA:0,(anonymous_40)
FNDA:0,(anonymous_41)
FNDA:0,(anonymous_42)
FNDA:9,(anonymous_43)
FNDA:4,(anonymous_44)
FNDA:8,(anonymous_45)
FNDA:1,(anonymous_46)
FNDA:1,(anonymous_47)
FNDA:2,(anonymous_48)
FNDA:6,(anonymous_49)
FNDA:4,(anonymous_50)
FNDA:4,(anonymous_51)
FNDA:0,(anonymous_52)
FNDA:0,(anonymous_53)
FNDA:4,(anonymous_54)
FNDA:2,(anonymous_55)
FNDA:1,(anonymous_56)
FNDA:1,(anonymous_57)
FNDA:13,(anonymous_58)
FNDA:13,(anonymous_59)
FNDA:2,(anonymous_60)
FNDA:6,(anonymous_61)
FNDA:6,(anonymous_62)
FNDA:0,(anonymous_63)
FNDA:0,(anonymous_64)
FNDA:0,(anonymous_65)
FNDA:6,(anonymous_66)
FNDA:2,(anonymous_67)
FNDA:0,(anonymous_68)
FNDA:0,(anonymous_69)
FNDA:0,(anonymous_70)
FNDA:0,(anonymous_71)
FNDA:0,(anonymous_72)
FNDA:0,(anonymous_73)
FNDA:0,(anonymous_74)
FNDA:15,(anonymous_75)
FNDA:15,(anonymous_76)
FNDA:6,(anonymous_77)
FNDA:12,(anonymous_78)
FNDA:4,(anonymous_79)
FNDA:22,(anonymous_80)
FNDA:11,(anonymous_81)
FNDA:15,(anonymous_82)
FNDA:15,(anonymous_83)
FNDA:15,(anonymous_84)
FNDA:5,(anonymous_85)
FNDA:5,(anonymous_86)
FNDA:1,(anonymous_87)
FNDA:6,(anonymous_88)
FNDA:5,(anonymous_89)
FNDA:6,(anonymous_90)
FNDA:7,(anonymous_91)
FNDA:1,(anonymous_92)
FNDA:3,(anonymous_93)
FNDA:3,(anonymous_94)
FNDA:3,(anonymous_95)
FNDA:6,(anonymous_96)
FNDA:3,(anonymous_97)
FNDA:3,(anonymous_98)
FNDA:1,(anonymous_99)
FNDA:3,(anonymous_100)
FNDA:6,(anonymous_101)
FNDA:3,(anonymous_102)
FNDA:3,(anonymous_103)
FNDA:8,(anonymous_104)
FNDA:7,(anonymous_105)
FNDA:6,(anonymous_106)
FNDA:0,(anonymous_107)
FNDA:7,(anonymous_108)
FNDA:2,(anonymous_109)
FNDA:3,(anonymous_110)
FNDA:1,(anonymous_111)
FNDA:0,(anonymous_112)
FNDA:13,(anonymous_113)
FNDA:0,(anonymous_114)
FNDA:0,(anonymous_115)
FNDA:0,(anonymous_116)
FNDA:0,(anonymous_117)
DA:1,8
DA:2,8
DA:3,8
DA:4,8
DA:5,8
DA:6,8
DA:8,8
DA:12,1
DA:13,1
DA:14,1
DA:83,8
DA:84,8
DA:85,8
DA:86,8
DA:87,8
DA:88,8
DA:89,8
DA:90,8
DA:94,14
DA:95,14
DA:96,14
DA:97,14
DA:101,14
DA:105,7
DA:113,13
DA:122,617
DA:123,8
DA:126,609
DA:127,21
DA:130,588
DA:131,47
DA:134,543
DA:135,75
DA:137,75
DA:139,548
DA:140,8
DA:143,540
DA:147,75
DA:150,468
DA:154,20
DA:158,90
DA:159,0
DA:162,90
DA:163,0
DA:166,90
DA:167,30
DA:168,4
DA:171,26
DA:173,28
DA:174,0
DA:177,28
DA:178,0
DA:181,28
DA:186,22
DA:189,6
DA:194,60
DA:195,4
DA:198,56
DA:202,12
DA:203,10
DA:206,2
DA:209,2
DA:210,2
DA:212,2
DA:213,4
DA:214,4
DA:215,0
DA:217,4
DA:219,4
DA:224,0
DA:227,4
DA:228,4
DA:231,2
DA:235,44
DA:236,0
DA:239,44
DA:243,6
DA:247,2
DA:248,2
DA:252,4
DA:254,4
DA:260,0
DA:263,4
DA:269,4
DA:272,0
DA:276,2
DA:280,4
DA:281,4
DA:284,0
DA:285,0
DA:288,0
DA:289,0
DA:293,2
DA:294,2
DA:298,0
DA:303,0
DA:307,2
DA:308,2
DA:314,2
DA:315,0
DA:318,2
DA:322,2
DA:323,0
DA:326,2
DA:328,0
DA:333,2
DA:335,2
DA:342,2
DA:349,2
DA:354,2
DA:356,2
DA:383,2
DA:385,2
DA:407,9
DA:408,9
DA:410,9
DA:411,4
DA:412,4
DA:413,4
DA:415,4
DA:416,0
DA:419,4
DA:420,4
DA:423,9
DA:430,9
DA:432,9
DA:434,4
DA:435,4
DA:436,4
DA:447,2
DA:448,2
DA:450,2
DA:451,0
DA:454,2
DA:456,2
DA:457,0
DA:460,2
DA:461,4
DA:462,2
DA:464,2
DA:465,2
DA:468,0
DA:472,0
DA:473,0
DA:476,0
DA:480,0
DA:481,0
DA:485,0
DA:489,2
DA:490,0
DA:493,2
DA:494,2
DA:495,2
DA:501,2
DA:502,4
DA:503,2
DA:506,2
DA:520,2
DA:521,2
DA:523,2
DA:524,2
DA:530,0
DA:534,9
DA:535,9
DA:536,9
DA:537,8
DA:538,0
DA:540,9
DA:541,8
DA:542,2
DA:546,9
DA:547,0
DA:551,0
DA:555,0
DA:556,0
DA:561,9
DA:563,9
DA:566,2
DA:568,2
DA:569,2
DA:570,2
DA:571,0
DA:572,0
DA:580,2
DA:587,0
DA:595,0
DA:598,0
DA:600,0
DA:602,0
DA:603,0
DA:610,0
DA:614,7
DA:618,9
DA:621,4
DA:637,9
DA:655,8
DA:656,1
DA:657,1
DA:661,2
DA:679,6
DA:680,6
DA:682,4
DA:683,4
DA:685,6
DA:687,0
DA:690,6
DA:692,6
DA:695,6
DA:697,6
DA:699,6
DA:702,6
DA:703,2
DA:705,6
DA:707,1
DA:710,6
DA:719,1
DA:726,13
DA:729,13
DA:730,2
DA:737,6
DA:738,0
DA:741,6
DA:743,6
DA:744,6
DA:747,0
DA:748,0
DA:754,0
DA:755,0
DA:759,0
DA:763,0
DA:768,0
DA:769,0
DA:772,0
DA:773,0
DA:777,0
DA:787,0
DA:788,0
DA:789,0
DA:790,0
DA:793,0
DA:797,0
DA:802,0
DA:803,0
DA:806,0
DA:809,0
DA:810,0
DA:811,0
DA:814,0
DA:817,0
DA:818,0
DA:819,0
DA:824,0
DA:825,0
DA:828,0
DA:838,6
DA:839,6
DA:841,1
DA:845,2
DA:850,1
DA:870,1
DA:871,1
DA:889,1
DA:891,1
DA:894,1
DA:895,1
DA:897,1
DA:899,0
DA:901,0
DA:902,0
DA:903,0
DA:904,0
DA:912,0
DA:916,0
DA:918,0
DA:919,0
DA:920,0
DA:922,0
DA:923,0
DA:924,0
DA:925,0
DA:928,0
DA:929,0
DA:930,0
DA:931,0
DA:934,0
DA:936,0
DA:941,0
DA:942,0
DA:943,0
DA:947,0
DA:948,0
DA:950,0
DA:952,0
DA:962,0
DA:963,0
DA:977,0
DA:978,0
DA:985,0
DA:995,0
DA:996,0
DA:1010,0
DA:1011,0
DA:1013,0
DA:1023,0
DA:1025,0
DA:1026,0
DA:1029,0
DA:1030,0
DA:1033,0
DA:1034,0
DA:1036,0
DA:1037,0
DA:1043,0
DA:1045,0
DA:1046,0
DA:1053,0
DA:1054,0
DA:1057,0
DA:1058,0
DA:1063,0
DA:1069,0
DA:1070,0
DA:1073,0
DA:1074,0
DA:1079,0
DA:1085,0
DA:1086,0
DA:1089,0
DA:1090,0
DA:1095,0
DA:1101,0
DA:1102,0
DA:1105,0
DA:1106,0
DA:1111,0
DA:1117,0
DA:1119,0
DA:1120,0
DA:1126,0
DA:1129,0
DA:1130,0
DA:1135,0
DA:1141,0
DA:1146,0
DA:1149,0
DA:1150,0
DA:1151,0
DA:1154,0
DA:1155,0
DA:1158,0
DA:1162,15
DA:1163,15
DA:1166,0
DA:1167,0
DA:1170,0
DA:1174,15
DA:1188,6
DA:1193,6
DA:1194,12
DA:1200,4
DA:1201,22
DA:1206,11
DA:1207,0
DA:1210,11
DA:1211,15
DA:1212,15
DA:1214,15
DA:1219,5
DA:1224,5
DA:1227,0
DA:1231,5
DA:1232,5
DA:1235,0
DA:1239,1
DA:1241,1
DA:1245,1
DA:1272,6
DA:1273,5
DA:1274,0
DA:1277,5
DA:1278,5
DA:1280,5
DA:1283,5
DA:1286,5
DA:1288,5
DA:1290,5
DA:1316,6
DA:1317,6
DA:1318,5
DA:1319,5
DA:1322,1
DA:1323,1
DA:1324,0
DA:1325,0
DA:1326,0
DA:1327,0
DA:1335,1
DA:1343,6
DA:1365,6
DA:1366,6
DA:1376,6
DA:1381,0
DA:1386,7
DA:1387,0
DA:1390,7
DA:1391,7
DA:1392,0
DA:1395,7
DA:1396,6
DA:1399,1
DA:1402,1
DA:1412,3
DA:1413,3
DA:1414,3
DA:1415,3
DA:1416,3
DA:1418,3
DA:1419,10
DA:1420,4
DA:1424,3
DA:1425,13
DA:1426,3
DA:1430,3
DA:1434,3
DA:1437,3
DA:1441,3
DA:1443,3
DA:1446,3
DA:1447,3
DA:1449,3
DA:1452,3
DA:1453,3
DA:1454,2
DA:1458,3
DA:1459,3
DA:1460,3
DA:1461,3
DA:1463,3
DA:1464,0
DA:1466,3
DA:1467,0
DA:1470,3
DA:1474,0
DA:1477,3
DA:1485,6
DA:1486,4
DA:1489,2
DA:1497,2
DA:1504,2
DA:1508,2
DA:1509,3
DA:1513,3
DA:1519,1
DA:1520,1
DA:1523,0
DA:1524,0
DA:1525,0
DA:1529,3
DA:1543,6
DA:1547,6
DA:1590,3
DA:1607,3
DA:1633,8
DA:1635,8
DA:1642,8
DA:1646,8
DA:1647,0
DA:1650,8
DA:1654,7
DA:1656,7
DA:1657,1
DA:1660,6
DA:1664,6
DA:1665,6
DA:1666,0
DA:1669,6
DA:1671,6
DA:1672,0
DA:1675,6
DA:1676,6
DA:1679,6
DA:1680,1
DA:1686,6
DA:1687,6
DA:1691,6
DA:1692,6
DA:1695,6
DA:1699,0
DA:1700,0
DA:1703,0
DA:1704,0
DA:1713,7
DA:1714,0
DA:1717,7
DA:1718,7
DA:1719,0
DA:1722,7
DA:1723,6
DA:1725,6
DA:1728,6
DA:1734,6
DA:1740,6
DA:1743,6
DA:1745,6
DA:1751,6
DA:1752,0
DA:1755,6
DA:1760,6
DA:1762,3
DA:1766,6
DA:1778,6
DA:1779,6
DA:1780,6
DA:1789,6
DA:1791,0
DA:1792,0
DA:1794,0
DA:1801,6
DA:1802,0
DA:1805,6
DA:1811,6
DA:1816,6
DA:1817,6
DA:1819,6
DA:1829,1
DA:1830,0
DA:1833,1
DA:1837,1
DA:1838,1
DA:1839,1
DA:1840,1
DA:1841,0
DA:1852,1
DA:1853,1
DA:1854,1
DA:1855,1
DA:1858,1
DA:1859,0
DA:1866,1
DA:1871,1
DA:1879,1
DA:1881,1
DA:1896,13
DA:1899,1
DA:1900,1
DA:1901,1
DA:1910,1
DA:1912,0
DA:1913,0
DA:1915,0
DA:1918,1
DA:1919,0
DA:1922,1
DA:1928,0
DA:1929,0
DA:1932,0
DA:1933,0
DA:1934,0
DA:1935,0
DA:1936,0
DA:1939,0
DA:1940,0
DA:1965,0
DA:1966,0
DA:1967,0
DA:1970,0
DA:1973,0
DA:1974,0
DA:1976,0
DA:1981,0
DA:1984,0
DA:1987,0
DA:1989,0
DA:1994,0
DA:1997,0
DA:1999,0
DA:2000,0
DA:2005,8
DA:2006,8
LF:579
LH:354
BRDA:11,0,0,0
BRDA:100,1,0,8
BRDA:105,2,0,7
BRDA:105,2,1,0
BRDA:113,3,0,13
BRDA:113,3,1,0
BRDA:122,4,0,8
BRDA:122,4,1,609
BRDA:122,5,0,617
BRDA:122,5,1,617
BRDA:126,6,0,21
BRDA:126,6,1,588
BRDA:130,7,0,45
BRDA:130,7,1,543
BRDA:134,8,0,75
BRDA:134,8,1,468
BRDA:139,9,0,8
BRDA:139,9,1,540
BRDA:158,10,0,0
BRDA:158,10,1,90
BRDA:158,11,0,90
BRDA:158,11,1,90
BRDA:162,12,0,0
BRDA:162,12,1,90
BRDA:166,13,0,30
BRDA:166,13,1,60
BRDA:167,14,0,4
BRDA:167,14,1,26
BRDA:173,15,0,0
BRDA:173,15,1,28
BRDA:173,16,0,28
BRDA:173,16,1,28
BRDA:177,17,0,0
BRDA:177,17,1,28
BRDA:181,18,0,22
BRDA:181,18,1,6
BRDA:182,19,0,28
BRDA:182,19,1,6
BRDA:182,19,2,6
BRDA:194,20,0,4
BRDA:194,20,1,56
BRDA:202,21,0,10
BRDA:202,21,1,2
BRDA:214,22,0,0
BRDA:214,22,1,4
BRDA:219,23,0,0
BRDA:219,23,1,4
BRDA:220,24,0,4
BRDA:220,24,1,2
BRDA:235,25,0,0
BRDA:235,25,1,44
BRDA:235,26,0,44
BRDA:235,26,1,44
BRDA:243,27,0,6
BRDA:243,27,1,0
BRDA:247,28,0,2
BRDA:247,28,1,0
BRDA:248,29,0,2
BRDA:248,29,1,0
BRDA:254,30,0,0
BRDA:254,30,1,4
BRDA:255,31,0,4
BRDA:255,31,1,4
BRDA:255,31,2,4
BRDA:255,31,3,4
BRDA:263,32,0,4
BRDA:263,32,1,0
BRDA:264,33,0,4
BRDA:264,33,1,0
BRDA:264,33,2,0
BRDA:264,33,3,0
BRDA:276,34,0,0
BRDA:276,34,1,2
BRDA:280,35,0,4
BRDA:280,35,1,0
BRDA:284,36,0,0
BRDA:284,36,1,0
BRDA:289,37,0,0
BRDA:289,37,1,0
BRDA:293,38,0,2
BRDA:293,38,1,0
BRDA:298,39,0,0
BRDA:298,39,1,0
BRDA:298,40,0,0
BRDA:298,40,1,0
BRDA:314,41,0,0
BRDA:314,41,1,2
BRDA:322,42,0,0
BRDA:322,42,1,2
BRDA:333,43,0,2
BRDA:333,43,1,0
BRDA:335,44,0,2
BRDA:335,44,1,0
BRDA:335,45,0,2
BRDA:335,45,1,2
BRDA:337,46,0,0
BRDA:337,46,1,0
BRDA:337,47,0,0
BRDA:337,47,1,0
BRDA:342,48,0,2
BRDA:342,48,1,0
BRDA:344,49,0,0
BRDA:344,49,1,0
BRDA:344,50,0,0
BRDA:344,50,1,0
BRDA:349,51,0,0
BRDA:349,51,1,2
BRDA:349,52,0,2
BRDA:349,52,1,0
BRDA:351,53,0,2
BRDA:351,53,1,0
BRDA:351,54,0,2
BRDA:351,54,1,2
BRDA:353,55,0,0
BRDA:353,55,1,0
BRDA:357,56,0,2
BRDA:357,56,1,0
BRDA:357,57,0,0
BRDA:357,57,1,0
BRDA:357,58,0,0
BRDA:357,58,1,0
BRDA:365,59,0,0
BRDA:365,59,1,2
BRDA:365,60,0,2
BRDA:365,60,1,0
BRDA:367,61,0,0
BRDA:367,61,1,2
BRDA:367,62,0,2
BRDA:367,62,1,0
BRDA:370,63,0,0
BRDA:370,63,1,2
BRDA:370,64,0,2
BRDA:370,64,1,0
BRDA:376,65,0,2
BRDA:376,65,1,0
BRDA:376,66,0,2
BRDA:376,66,1,2
BRDA:388,67,0,2
BRDA:388,67,1,0
BRDA:388,68,0,2
BRDA:388,68,1,2
BRDA:396,69,0,2
BRDA:396,69,1,0
BRDA:398,70,0,2
BRDA:398,70,1,0
BRDA:398,71,0,2
BRDA:398,71,1,2
BRDA:412,72,0,4
BRDA:412,72,1,0
BRDA:412,73,0,4
BRDA:412,73,1,4
BRDA:413,74,0,4
BRDA:413,74,1,0
BRDA:415,75,0,0
BRDA:415,75,1,4
BRDA:415,76,0,4
BRDA:415,76,1,4
BRDA:428,77,0,7
BRDA:450,78,0,0
BRDA:450,78,1,2
BRDA:456,79,0,0
BRDA:456,79,1,2
BRDA:461,80,0,4
BRDA:461,80,1,2
BRDA:464,81,0,2
BRDA:464,81,1,0
BRDA:476,82,0,0
BRDA:476,82,1,0
BRDA:480,83,0,0
BRDA:480,83,1,0
BRDA:489,84,0,0
BRDA:489,84,1,2
BRDA:489,85,0,2
BRDA:489,85,1,2
BRDA:498,86,0,2
BRDA:498,86,1,2
BRDA:502,87,0,2
BRDA:502,87,1,2
BRDA:517,88,0,2
BRDA:517,88,1,2
BRDA:520,89,0,2
BRDA:520,89,1,0
BRDA:535,90,0,9
BRDA:535,90,1,0
BRDA:537,91,0,8
BRDA:537,91,1,6
BRDA:541,92,0,2
BRDA:541,92,1,6
BRDA:541,93,0,8
BRDA:541,93,1,8
BRDA:546,94,0,0
BRDA:546,94,1,9
BRDA:551,95,0,0
BRDA:551,95,1,0
BRDA:551,96,0,0
BRDA:551,96,1,0
BRDA:555,97,0,0
BRDA:555,97,1,0
BRDA:561,98,0,2
BRDA:561,98,1,7
BRDA:563,99,0,2
BRDA:563,99,1,7
BRDA:568,100,0,2
BRDA:568,100,1,0
BRDA:573,101,0,0
BRDA:573,101,1,0
BRDA:573,101,2,0
BRDA:573,101,3,0
BRDA:589,102,0,0
BRDA:589,102,1,0
BRDA:595,103,0,0
BRDA:595,103,1,0
BRDA:595,104,0,0
BRDA:595,104,1,0
BRDA:600,105,0,0
BRDA:600,105,1,0
BRDA:604,106,0,0
BRDA:604,106,1,0
BRDA:604,106,2,0
BRDA:618,107,0,3
BRDA:618,107,1,6
BRDA:624,108,0,0
BRDA:624,108,1,4
BRDA:625,109,0,4
BRDA:625,109,1,0
BRDA:626,110,0,4
BRDA:626,110,1,0
BRDA:627,111,0,2
BRDA:627,111,1,2
BRDA:628,112,0,0
BRDA:628,112,1,4
BRDA:644,113,0,2
BRDA:644,113,1,7
BRDA:662,114,0,2
BRDA:662,114,1,0
BRDA:665,115,0,0
BRDA:665,115,1,2
BRDA:666,116,0,2
BRDA:666,116,1,0
BRDA:667,117,0,2
BRDA:667,117,1,0
BRDA:697,118,0,2
BRDA:697,118,1,4
BRDA:699,119,0,6
BRDA:699,119,1,6
BRDA:699,119,2,4
BRDA:700,120,0,2
BRDA:700,120,1,4
BRDA:700,121,0,6
BRDA:700,121,1,5
BRDA:701,122,0,0
BRDA:701,122,1,4
BRDA:701,123,0,4
BRDA:701,123,1,3
BRDA:707,124,0,1
BRDA:707,124,1,1
BRDA:714,125,0,2
BRDA:714,125,1,4
BRDA:717,126,0,1
BRDA:717,126,1,5
BRDA:737,127,0,0
BRDA:737,127,1,6
BRDA:743,128,0,6
BRDA:743,128,1,0
BRDA:747,129,0,0
BRDA:747,129,1,0
BRDA:747,130,0,0
BRDA:747,130,1,0
BRDA:754,131,0,0
BRDA:754,131,1,0
BRDA:754,132,0,0
BRDA:754,132,1,0
BRDA:759,133,0,0
BRDA:759,133,1,0
BRDA:763,134,0,0
BRDA:763,134,1,0
BRDA:763,135,0,0
BRDA:763,135,1,0
BRDA:768,136,0,0
BRDA:768,136,1,0
BRDA:768,137,0,0
BRDA:768,137,1,0
BRDA:772,138,0,0
BRDA:772,138,1,0
BRDA:793,139,0,0
BRDA:793,139,1,0
BRDA:793,140,0,0
BRDA:793,140,1,0
BRDA:797,141,0,0
BRDA:797,141,1,0
BRDA:802,142,0,0
BRDA:802,142,1,0
BRDA:809,143,0,0
BRDA:809,143,1,0
BRDA:810,144,0,0
BRDA:810,144,1,0
BRDA:817,145,0,0
BRDA:817,145,1,0
BRDA:824,146,0,0
BRDA:824,146,1,0
BRDA:839,147,0,5
BRDA:839,147,1,1
BRDA:841,148,0,1
BRDA:841,148,1,0
BRDA:845,149,0,2
BRDA:845,149,1,0
BRDA:845,150,0,0
BRDA:845,150,1,2
BRDA:853,151,0,1
BRDA:853,151,1,1
BRDA:889,152,0,0
BRDA:889,152,1,1
BRDA:894,153,0,1
BRDA:894,153,1,0
BRDA:897,154,0,1
BRDA:897,154,1,0
BRDA:897,155,0,1
BRDA:897,155,1,0
BRDA:901,156,0,0
BRDA:901,156,1,0
BRDA:902,157,0,0
BRDA:902,157,1,0
BRDA:903,158,0,0
BRDA:903,158,1,0
BRDA:907,159,0,0
BRDA:907,159,1,0
BRDA:912,160,0,0
BRDA:912,160,1,0
BRDA:916,161,0,0
BRDA:916,161,1,0
BRDA:916,162,0,0
BRDA:916,162,1,0
BRDA:918,163,0,0
BRDA:918,163,1,0
BRDA:919,164,0,0
BRDA:919,164,1,0
BRDA:920,165,0,0
BRDA:920,165,1,0
BRDA:922,166,0,0
BRDA:922,166,1,0
BRDA:923,167,0,0
BRDA:923,167,1,0
BRDA:924,168,0,0
BRDA:924,168,1,0
BRDA:928,169,0,0
BRDA:928,169,1,0
BRDA:929,170,0,0
BRDA:929,170,1,0
BRDA:930,171,0,0
BRDA:930,171,1,0
BRDA:941,172,0,0
BRDA:941,172,1,0
BRDA:950,173,0,0
BRDA:950,173,1,0
BRDA:977,174,0,0
BRDA:977,174,1,0
BRDA:1007,175,0,0
BRDA:1007,175,1,0
BRDA:1010,176,0,0
BRDA:1010,176,1,0
BRDA:1023,177,0,0
BRDA:1023,177,1,0
BRDA:1025,178,0,0
BRDA:1025,178,1,0
BRDA:1029,179,0,0
BRDA:1029,179,1,0
BRDA:1036,180,0,0
BRDA:1036,180,1,0
BRDA:1045,181,0,0
BRDA:1045,181,1,0
BRDA:1053,182,0,0
BRDA:1053,182,1,0
BRDA:1057,183,0,0
BRDA:1057,183,1,0
BRDA:1065,184,0,0
BRDA:1065,184,1,0
BRDA:1069,185,0,0
BRDA:1069,185,1,0
BRDA:1073,186,0,0
BRDA:1073,186,1,0
BRDA:1081,187,0,0
BRDA:1081,187,1,0
BRDA:1085,188,0,0
BRDA:1085,188,1,0
BRDA:1089,189,0,0
BRDA:1089,189,1,0
BRDA:1097,190,0,0
BRDA:1097,190,1,0
BRDA:1101,191,0,0
BRDA:1101,191,1,0
BRDA:1105,192,0,0
BRDA:1105,192,1,0
BRDA:1117,193,0,0
BRDA:1117,193,1,0
BRDA:1129,194,0,0
BRDA:1129,194,1,0
BRDA:1137,195,0,0
BRDA:1137,195,1,0
BRDA:1146,196,0,0
BRDA:1146,196,1,0
BRDA:1146,197,0,0
BRDA:1146,197,1,0
BRDA:1154,198,0,0
BRDA:1154,198,1,0
BRDA:1162,199,0,15
BRDA:1162,199,1,0
BRDA:1166,200,0,0
BRDA:1166,200,1,0
BRDA:1176,201,0,15
BRDA:1176,201,1,0
BRDA:1200,202,0,4
BRDA:1200,202,1,0
BRDA:1206,203,0,0
BRDA:1206,203,1,11
BRDA:1219,204,0,5
BRDA:1219,204,1,0
BRDA:1220,205,0,5
BRDA:1220,205,1,1
BRDA:1220,205,2,0
BRDA:1231,206,0,5
BRDA:1231,206,1,0
BRDA:1231,207,0,5
BRDA:1231,207,1,4
BRDA:1231,207,2,4
BRDA:1246,208,0,1
BRDA:1246,208,1,0
BRDA:1250,209,0,1
BRDA:1250,209,1,0
BRDA:1254,210,0,0
BRDA:1254,210,1,0
BRDA:1258,211,0,1
BRDA:1258,211,1,0
BRDA:1266,212,0,1
BRDA:1266,212,1,0
BRDA:1273,213,0,0
BRDA:1273,213,1,5
BRDA:1273,214,0,5
BRDA:1273,214,1,5
BRDA:1280,215,0,5
BRDA:1280,215,1,0
BRDA:1288,216,0,5
BRDA:1288,216,1,0
BRDA:1299,217,0,5
BRDA:1299,217,1,0
BRDA:1307,218,0,5
BRDA:1307,218,1,3
BRDA:1310,219,0,5
BRDA:1310,219,1,0
BRDA:1310,220,0,5
BRDA:1310,220,1,5
BRDA:1318,221,0,5
BRDA:1318,221,1,0
BRDA:1323,222,0,0
BRDA:1323,222,1,1
BRDA:1326,223,0,0
BRDA:1326,223,1,0
BRDA:1386,224,0,0
BRDA:1386,224,1,7
BRDA:1391,225,0,0
BRDA:1391,225,1,7
BRDA:1395,226,0,6
BRDA:1395,226,1,1
BRDA:1399,227,0,1
BRDA:1399,227,1,0
BRDA:1419,228,0,4
BRDA:1419,228,1,6
BRDA:1425,229,0,3
BRDA:1425,229,1,10
BRDA:1430,230,0,3
BRDA:1430,230,1,0
BRDA:1437,231,0,3
BRDA:1437,231,1,0
BRDA:1438,232,0,3
BRDA:1438,232,1,3
BRDA:1453,233,0,2
BRDA:1453,233,1,1
BRDA:1458,234,0,3
BRDA:1458,234,1,0
BRDA:1459,235,0,3
BRDA:1459,235,1,0
BRDA:1460,236,0,3
BRDA:1460,236,1,0
BRDA:1460,237,0,3
BRDA:1460,237,1,3
BRDA:1463,238,0,0
BRDA:1463,238,1,3
BRDA:1463,239,0,3
BRDA:1463,239,1,0
BRDA:1466,240,0,0
BRDA:1466,240,1,3
BRDA:1470,241,0,0
BRDA:1470,241,1,3
BRDA:1471,242,0,3
BRDA:1471,242,1,0
BRDA:1471,242,2,0
BRDA:1485,243,0,4
BRDA:1485,243,1,2
BRDA:1485,244,0,6
BRDA:1485,244,1,6
BRDA:1497,245,0,0
BRDA:1497,245,1,2
BRDA:1497,246,0,2
BRDA:1497,246,1,2
BRDA:1504,247,0,2
BRDA:1504,247,1,0
BRDA:1504,248,0,2
BRDA:1504,248,1,2
BRDA:1508,249,0,2
BRDA:1508,249,1,0
BRDA:1519,250,0,1
BRDA:1519,250,1,0
BRDA:1523,251,0,0
BRDA:1523,251,1,0
BRDA:1524,252,0,0
BRDA:1524,252,1,0
BRDA:1543,253,0,0
BRDA:1543,253,1,6
BRDA:1555,254,0,0
BRDA:1555,254,1,6
BRDA:1587,255,0,2
BRDA:1587,255,1,4
BRDA:1599,256,0,2
BRDA:1599,256,1,4
BRDA:1604,257,0,2
BRDA:1604,257,1,4
BRDA:1617,258,0,0
BRDA:1617,258,1,6
BRDA:1619,259,0,0
BRDA:1619,259,1,0
BRDA:1635,260,0,2
BRDA:1635,260,1,6
BRDA:1635,261,0,8
BRDA:1635,261,1,8
BRDA:1642,262,0,2
BRDA:1642,262,1,6
BRDA:1642,263,0,8
BRDA:1642,263,1,8
BRDA:1646,264,0,0
BRDA:1646,264,1,8
BRDA:1656,265,0,1
BRDA:1656,265,1,6
BRDA:1665,266,0,0
BRDA:1665,266,1,6
BRDA:1671,267,0,0
BRDA:1671,267,1,6
BRDA:1675,268,0,6
BRDA:1675,268,1,0
BRDA:1679,269,0,1
BRDA:1679,269,1,5
BRDA:1687,270,0,6
BRDA:1687,270,1,0
BRDA:1688,271,0,6
BRDA:1688,271,1,0
BRDA:1699,272,0,0
BRDA:1699,272,1,0
BRDA:1713,273,0,0
BRDA:1713,273,1,7
BRDA:1718,274,0,0
BRDA:1718,274,1,7
BRDA:1725,275,0,6
BRDA:1725,275,1,0
BRDA:1743,276,0,2
BRDA:1743,276,1,4
BRDA:1751,277,0,0
BRDA:1751,277,1,6
BRDA:1791,278,0,0
BRDA:1791,278,1,0
BRDA:1801,279,0,0
BRDA:1801,279,1,6
BRDA:1823,280,0,6
BRDA:1823,280,1,0
BRDA:1824,281,0,0
BRDA:1824,281,1,6
BRDA:1829,282,0,0
BRDA:1829,282,1,1
BRDA:1840,283,0,0
BRDA:1840,283,1,1
BRDA:1840,284,0,1
BRDA:1840,284,1,0
BRDA:1853,285,0,1
BRDA:1853,285,1,0
BRDA:1858,286,0,0
BRDA:1858,286,1,1
BRDA:1858,287,0,1
BRDA:1858,287,1,0
BRDA:1866,288,0,0
BRDA:1866,288,1,1
BRDA:1871,289,0,0
BRDA:1871,289,1,1
BRDA:1879,290,0,1
BRDA:1879,290,1,1
BRDA:1888,291,0,1
BRDA:1888,291,1,0
BRDA:1889,292,0,1
BRDA:1889,292,1,0
BRDA:1890,293,0,0
BRDA:1890,293,1,1
BRDA:1896,294,0,13
BRDA:1896,294,1,13
BRDA:1912,295,0,0
BRDA:1912,295,1,0
BRDA:1918,296,0,0
BRDA:1918,296,1,1
BRDA:1928,297,0,0
BRDA:1928,297,1,0
BRDA:1934,298,0,0
BRDA:1934,298,1,0
BRDA:1965,299,0,0
BRDA:1965,299,1,0
BRDA:1973,300,0,0
BRDA:1973,300,1,0
BRDA:1976,301,0,0
BRDA:1976,301,1,0
BRDA:1977,302,0,0
BRDA:1977,302,1,0
BRDA:1977,302,2,0
BRDA:1987,303,0,0
BRDA:1987,303,1,0
BRDA:1990,304,0,0
BRDA:1990,304,1,0
BRDA:1992,305,0,0
BRDA:1992,305,1,0
BRDA:91,306,0,8
BRDA:91,306,1,8
BRF:624
BRH:285
end_of_record
TN:
SF:src/services/Picture/uploadPictureService.ts
FN:11,(anonymous_1)
FN:19,(anonymous_2)
FN:23,(anonymous_3)
FN:26,(anonymous_4)
FN:63,(anonymous_5)
FN:74,(anonymous_6)
FN:79,(anonymous_7)
FN:87,(anonymous_8)
FN:90,(anonymous_9)
FN:105,(anonymous_10)
FNF:10
FNH:2
FNDA:0,(anonymous_1)
FNDA:0,(anonymous_2)
FNDA:0,(anonymous_3)
FNDA:0,(anonymous_4)
FNDA:0,(anonymous_5)
FNDA:13,(anonymous_6)
FNDA:13,(anonymous_7)
FNDA:0,(anonymous_8)
FNDA:0,(anonymous_9)
FNDA:0,(anonymous_10)
DA:1,7
DA:2,7
DA:3,7
DA:6,7
DA:8,7
DA:9,7
DA:11,7
DA:12,0
DA:16,0
DA:19,7
DA:20,0
DA:22,7
DA:24,0
DA:27,0
DA:29,0
DA:30,0
DA:33,0
DA:35,0
DA:37,0
DA:38,0
DA:40,0
DA:42,0
DA:48,0
DA:49,0
DA:50,0
DA:52,0
DA:54,0
DA:55,0
DA:59,7
DA:61,7
DA:64,0
DA:65,0
DA:66,0
DA:68,0
DA:72,7
DA:74,7
DA:79,13
DA:80,13
DA:81,0
DA:83,13
DA:87,7
DA:88,0
DA:90,7
DA:91,0
DA:92,0
DA:93,0
DA:94,0
DA:95,0
DA:97,0
DA:101,0
DA:105,7
DA:108,0
DA:109,0
DA:110,0
DA:112,0
DA:113,0
DA:115,0
DA:116,0
DA:118,0
DA:119,0
LF:60
LH:19
BRDA:16,0,0,0
BRDA:16,0,1,0
BRDA:29,1,0,0
BRDA:29,1,1,0
BRDA:30,2,0,0
BRDA:30,2,1,0
BRDA:33,3,0,0
BRDA:33,3,1,0
BRDA:37,4,0,0
BRDA:37,4,1,0
BRDA:49,5,0,0
BRDA:49,5,1,0
BRDA:54,6,0,0
BRDA:54,6,1,0
BRDA:64,7,0,0
BRDA:64,7,1,0
BRDA:80,8,0,0
BRDA:80,8,1,13
BRDA:81,9,0,0
BRDA:81,9,1,0
BRDA:94,10,0,0
BRDA:94,10,1,0
BRDA:108,11,0,0
BRDA:108,11,1,0
BRDA:110,12,0,0
BRDA:110,12,1,0
BRDA:113,13,0,0
BRDA:113,13,1,0
BRDA:118,14,0,0
BRDA:118,14,1,0
BRF:30
BRH:1
end_of_record
TN:
SF:src/services/Transcript/transcribeMP3Service.ts
FN:15,(anonymous_1)
FN:37,(anonymous_2)
FN:50,(anonymous_3)
FN:59,(anonymous_4)
FN:69,(anonymous_5)
FN:92,(anonymous_6)
FN:130,(anonymous_7)
FNF:7
FNH:1
FNDA:2,(anonymous_1)
FNDA:0,(anonymous_2)
FNDA:0,(anonymous_3)
FNDA:0,(anonymous_4)
FNDA:0,(anonymous_5)
FNDA:0,(anonymous_6)
FNDA:0,(anonymous_7)
DA:1,7
DA:2,7
DA:3,7
DA:4,7
DA:5,7
DA:6,7
DA:7,7
DA:8,7
DA:10,7
DA:12,7
DA:16,2
DA:17,2
DA:18,2
DA:32,7
DA:39,0
DA:40,0
DA:42,0
DA:43,0
DA:46,0
DA:50,7
DA:51,0
DA:52,0
DA:53,0
DA:56,0
DA:59,7
DA:60,0
DA:61,0
DA:63,0
DA:64,0
DA:69,7
DA:70,0
DA:71,0
DA:81,0
DA:82,0
DA:84,0
DA:85,0
DA:88,0
DA:92,7
DA:93,0
DA:94,0
DA:95,0
DA:98,0
DA:99,0
DA:100,0
DA:101,0
DA:102,0
DA:104,0
DA:112,0
DA:113,0
DA:114,0
DA:120,0
DA:121,0
DA:123,0
DA:124,0
DA:127,0
DA:130,7
DA:139,0
DA:141,0
DA:142,0
DA:146,0
DA:155,0
DA:156,0
DA:157,0
DA:158,0
DA:161,0
DA:163,0
DA:167,7
LF:67
LH:20
BRDA:15,0,0,0
BRDA:39,1,0,0
BRDA:39,1,1,0
BRDA:42,2,0,0
BRDA:42,2,1,0
BRDA:42,3,0,0
BRDA:42,3,1,0
BRDA:51,4,0,0
BRDA:51,4,1,0
BRDA:52,5,0,0
BRDA:52,5,1,0
BRDA:56,6,0,0
BRDA:56,6,1,0
BRDA:63,7,0,0
BRDA:63,7,1,0
BRDA:82,8,0,0
BRDA:82,8,1,0
BRDA:84,9,0,0
BRDA:84,9,1,0
BRDA:94,10,0,0
BRDA:94,10,1,0
BRDA:112,11,0,0
BRDA:112,11,1,0
BRDA:115,12,0,0
BRDA:115,12,1,0
BRDA:121,13,0,0
BRDA:121,13,1,0
BRDA:123,14,0,0
BRDA:123,14,1,0
BRDA:155,15,0,0
BRDA:155,15,1,0
BRDA:156,16,0,0
BRDA:156,16,1,0
BRF:33
BRH:0
end_of_record
TN:
SF:src/services/Transcript/transcriptPersistenceService.ts
FN:16,(anonymous_1)
FN:30,(anonymous_2)
FN:35,(anonymous_3)
FN:45,(anonymous_4)
FN:57,(anonymous_5)
FN:64,(anonymous_6)
FN:65,(anonymous_7)
FN:67,(anonymous_8)
FN:70,(anonymous_9)
FN:71,(anonymous_10)
FNF:10
FNH:5
FNDA:4,(anonymous_1)
FNDA:2,(anonymous_2)
FNDA:3,(anonymous_3)
FNDA:4,(anonymous_4)
FNDA:0,(anonymous_5)
FNDA:0,(anonymous_6)
FNDA:0,(anonymous_7)
FNDA:0,(anonymous_8)
FNDA:0,(anonymous_9)
FNDA:2,(anonymous_10)
DA:1,7
DA:2,7
DA:3,7
DA:4,7
DA:5,7
DA:16,7
DA:17,4
DA:18,1
DA:21,3
DA:23,3
DA:24,1
DA:27,2
DA:30,7
DA:31,2
DA:32,2
DA:35,7
DA:36,3
DA:38,3
DA:39,1
DA:42,2
DA:45,7
DA:53,4
DA:54,3
DA:55,2
DA:56,2
DA:57,0
DA:59,2
DA:62,2
DA:64,0
DA:65,0
DA:67,2
DA:68,2
DA:70,0
DA:71,2
DA:73,2
DA:79,2
DA:80,2
DA:91,2
DA:92,0
DA:95,2
DA:97,2
DA:104,0
DA:105,0
DA:109,7
LF:44
LH:37
BRDA:17,0,0,1
BRDA:17,0,1,3
BRDA:21,1,0,0
BRDA:21,1,1,3
BRDA:23,2,0,1
BRDA:23,2,1,2
BRDA:31,3,0,2
BRDA:31,3,1,1
BRDA:32,4,0,2
BRDA:32,4,1,1
BRDA:36,5,0,3
BRDA:36,5,1,0
BRDA:38,6,0,1
BRDA:38,6,1,2
BRDA:51,7,0,4
BRDA:59,8,0,0
BRDA:59,8,1,2
BRDA:91,9,0,0
BRDA:91,9,1,2
BRF:19
BRH:15
end_of_record
