TN:
SF:src/index.ts
FN:17,(anonymous_1)
FN:45,(anonymous_2)
FN:49,(anonymous_3)
FN:50,(anonymous_4)
FN:64,(anonymous_5)
FN:67,(anonymous_6)
FN:78,(anonymous_7)
FN:79,(anonymous_8)
FNF:8
FNH:5
FNDA:108,(anonymous_1)
FNDA:0,(anonymous_2)
FNDA:7,(anonymous_3)
FNDA:7,(anonymous_4)
FNDA:7,(anonymous_5)
FNDA:0,(anonymous_6)
FNDA:0,(anonymous_7)
FNDA:7,(anonymous_8)
DA:1,7
DA:2,7
DA:3,7
DA:4,7
DA:5,7
DA:6,7
DA:7,7
DA:8,7
DA:10,7
DA:11,7
DA:13,7
DA:14,7
DA:15,7
DA:17,7
DA:18,108
DA:19,108
DA:20,108
DA:21,108
DA:25,7
DA:26,7
DA:27,7
DA:28,7
DA:32,7
DA:33,7
DA:35,7
DA:41,7
DA:43,7
DA:45,7
DA:46,0
DA:49,7
DA:50,7
DA:51,7
DA:52,7
DA:53,0
DA:54,0
DA:56,7
DA:59,7
DA:65,7
DA:68,0
DA:77,7
DA:78,7
DA:79,7
DA:81,7
DA:84,7
LF:44
LH:40
BRDA:52,0,0,0
BRDA:52,0,1,7
BRDA:57,1,0,7
BRDA:57,1,1,0
BRDA:72,2,0,0
BRDA:72,2,1,0
BRF:6
BRH:2
end_of_record
TN:
SF:src/swagger.ts
FN:6,(anonymous_1)
FN:391,(anonymous_2)
FN:394,(anonymous_3)
FNF:3
FNH:2
FNDA:7,(anonymous_1)
FNDA:7,(anonymous_2)
FNDA:0,(anonymous_3)
DA:2,7
DA:3,7
DA:4,7
DA:6,7
DA:7,7
DA:9,7
DA:14,7
DA:305,7
DA:380,7
DA:391,7
DA:392,7
DA:394,7
DA:395,0
DA:396,0
DA:399,7
LF:15
LH:13
BRDA:7,0,0,7
BRDA:7,0,1,7
BRF:2
BRH:2
end_of_record
TN:
SF:src/controllers/authController.ts
FN:7,(anonymous_1)
FN:16,(anonymous_2)
FN:36,(anonymous_3)
FN:86,(anonymous_4)
FN:127,(anonymous_5)
FN:141,(anonymous_6)
FN:150,(anonymous_7)
FN:174,(anonymous_8)
FN:184,(anonymous_9)
FN:270,(anonymous_10)
FN:271,(anonymous_11)
FNF:11
FNH:9
FNDA:17,(anonymous_1)
FNDA:3,(anonymous_2)
FNDA:5,(anonymous_3)
FNDA:5,(anonymous_4)
FNDA:4,(anonymous_5)
FNDA:2,(anonymous_6)
FNDA:5,(anonymous_7)
FNDA:2,(anonymous_8)
FNDA:2,(anonymous_9)
FNDA:0,(anonymous_10)
FNDA:0,(anonymous_11)
DA:2,7
DA:3,7
DA:4,7
DA:5,7
DA:7,7
DA:8,17
DA:16,7
DA:17,3
DA:18,3
DA:19,0
DA:20,0
DA:23,3
DA:24,3
DA:26,3
DA:29,3
DA:30,3
DA:33,3
DA:36,7
DA:37,5
DA:38,5
DA:39,5
DA:41,5
DA:42,1
DA:46,4
DA:47,1
DA:54,3
DA:55,3
DA:56,3
DA:57,3
DA:62,1
DA:63,1
DA:64,1
DA:65,1
DA:75,2
DA:76,2
DA:77,2
DA:78,1
DA:80,1
DA:82,0
DA:86,7
DA:87,5
DA:88,5
DA:90,5
DA:91,1
DA:94,4
DA:95,4
DA:96,4
DA:97,1
DA:101,3
DA:102,1
DA:105,2
DA:106,2
DA:107,1
DA:110,1
DA:111,1
DA:112,1
DA:113,1
DA:123,0
DA:127,7
DA:128,4
DA:130,4
DA:131,1
DA:134,3
DA:135,3
DA:136,3
DA:137,2
DA:138,1
DA:140,1
DA:141,2
DA:143,1
DA:144,1
DA:146,1
DA:150,7
DA:151,5
DA:153,5
DA:154,1
DA:157,4
DA:159,4
DA:160,4
DA:161,3
DA:162,3
DA:163,1
DA:165,2
DA:166,1
DA:167,1
DA:168,1
DA:169,1
DA:171,1
DA:173,1
DA:174,2
DA:176,1
DA:177,1
DA:178,1
DA:180,1
DA:184,7
DA:185,2
DA:187,2
DA:188,1
DA:191,1
DA:192,1
DA:193,1
DA:195,1
DA:196,1
DA:199,0
DA:200,0
DA:217,0
DA:222,0
DA:223,0
DA:226,0
DA:228,0
DA:236,0
DA:237,0
DA:240,0
DA:248,0
DA:249,0
DA:252,0
DA:254,0
DA:255,0
DA:263,0
DA:264,0
DA:269,0
DA:270,0
DA:271,0
DA:277,0
DA:278,0
DA:281,0
DA:283,0
DA:285,0
DA:286,0
DA:289,0
DA:290,0
DA:291,0
DA:292,0
DA:294,0
DA:295,0
DA:296,0
DA:299,0
DA:306,0
DA:307,0
DA:308,0
DA:309,0
DA:313,0
DA:314,0
DA:315,0
DA:317,0
DA:327,0
DA:331,7
LF:147
LH:100
BRDA:17,0,0,3
BRDA:17,0,1,0
BRDA:18,1,0,0
BRDA:18,1,1,3
BRDA:23,2,0,3
BRDA:23,2,1,0
BRDA:27,3,0,3
BRDA:27,3,1,0
BRDA:41,4,0,1
BRDA:41,4,1,4
BRDA:41,5,0,5
BRDA:41,5,1,5
BRDA:41,5,2,4
BRDA:46,6,0,1
BRDA:46,6,1,3
BRDA:75,7,0,2
BRDA:75,7,1,0
BRDA:76,8,0,2
BRDA:76,8,1,0
BRDA:77,9,0,1
BRDA:77,9,1,1
BRDA:90,10,0,1
BRDA:90,10,1,4
BRDA:90,11,0,5
BRDA:90,11,1,5
BRDA:96,12,0,1
BRDA:96,12,1,3
BRDA:101,13,0,1
BRDA:101,13,1,2
BRDA:106,14,0,1
BRDA:106,14,1,1
BRDA:130,15,0,1
BRDA:130,15,1,3
BRDA:137,16,0,1
BRDA:137,16,1,1
BRDA:153,17,0,1
BRDA:153,17,1,4
BRDA:157,18,0,4
BRDA:157,18,1,0
BRDA:162,19,0,1
BRDA:162,19,1,2
BRDA:165,20,0,1
BRDA:165,20,1,1
BRDA:187,21,0,1
BRDA:187,21,1,1
BRDA:195,22,0,1
BRDA:195,22,1,0
BRDA:195,23,0,1
BRDA:195,23,1,0
BRDA:195,23,2,0
BRDA:222,24,0,0
BRDA:222,24,1,0
BRDA:222,25,0,0
BRDA:222,25,1,0
BRDA:236,26,0,0
BRDA:236,26,1,0
BRDA:248,27,0,0
BRDA:248,27,1,0
BRDA:248,28,0,0
BRDA:248,28,1,0
BRDA:254,29,0,0
BRDA:254,29,1,0
BRDA:263,30,0,0
BRDA:263,30,1,0
BRDA:270,31,0,0
BRDA:270,31,1,0
BRDA:270,31,2,0
BRDA:270,31,3,0
BRDA:270,32,0,0
BRDA:270,32,1,0
BRDA:277,33,0,0
BRDA:277,33,1,0
BRDA:281,34,0,0
BRDA:281,34,1,0
BRDA:285,35,0,0
BRDA:285,35,1,0
BRDA:289,36,0,0
BRDA:289,36,1,0
BRDA:290,37,0,0
BRDA:290,37,1,0
BRDA:308,38,0,0
BRDA:308,38,1,0
BRF:82
BRH:40
end_of_record
TN:
SF:src/controllers/baseController.ts
FN:3,(anonymous_0)
FN:9,(anonymous_1)
FN:13,(anonymous_2)
FN:30,(anonymous_3)
FN:48,(anonymous_4)
FN:67,(anonymous_5)
FN:85,(anonymous_6)
FN:103,(anonymous_7)
FNF:8
FNH:8
FNDA:6,(anonymous_0)
FNDA:29,(anonymous_1)
FNDA:5,(anonymous_2)
FNDA:3,(anonymous_3)
FNDA:2,(anonymous_4)
FNDA:4,(anonymous_5)
FNDA:4,(anonymous_6)
FNDA:3,(anonymous_7)
DA:3,7
DA:4,6
DA:10,29
DA:14,5
DA:15,5
DA:16,5
DA:17,4
DA:19,0
DA:20,0
DA:23,1
DA:24,0
DA:26,1
DA:31,3
DA:32,3
DA:33,3
DA:34,3
DA:35,2
DA:36,1
DA:38,1
DA:41,1
DA:42,0
DA:44,1
DA:49,2
DA:50,2
DA:51,2
DA:52,2
DA:53,1
DA:54,0
DA:56,1
DA:59,1
DA:60,0
DA:62,1
DA:68,4
DA:69,4
DA:70,1
DA:72,4
DA:73,4
DA:74,4
DA:75,4
DA:76,3
DA:78,1
DA:79,0
DA:81,1
DA:86,4
DA:87,4
DA:88,4
DA:89,3
DA:90,1
DA:91,1
DA:93,2
DA:94,2
DA:96,1
DA:97,0
DA:99,1
DA:104,3
DA:105,3
DA:106,3
DA:107,3
DA:110,2
DA:112,1
DA:113,0
DA:115,1
DA:120,7
LF:63
LH:54
BRDA:4,0,0,6
BRDA:4,0,1,1
BRDA:15,1,0,5
BRDA:15,1,1,0
BRDA:23,2,0,0
BRDA:23,2,1,1
BRDA:35,3,0,1
BRDA:35,3,1,1
BRDA:41,4,0,0
BRDA:41,4,1,1
BRDA:53,5,0,0
BRDA:53,5,1,1
BRDA:59,6,0,0
BRDA:59,6,1,1
BRDA:69,7,0,1
BRDA:69,7,1,3
BRDA:78,8,0,0
BRDA:78,8,1,1
BRDA:89,9,0,1
BRDA:89,9,1,2
BRDA:96,10,0,0
BRDA:96,10,1,1
BRDA:112,11,0,0
BRDA:112,11,1,1
BRF:24
BRH:16
end_of_record
TN:
SF:src/controllers/meetingsController.ts
FN:8,(anonymous_1)
FN:12,(anonymous_2)
FN:25,(anonymous_3)
FN:53,(anonymous_4)
FN:72,(anonymous_5)
FN:94,(anonymous_6)
FN:116,(anonymous_7)
FN:145,(anonymous_8)
FNF:8
FNH:7
FNDA:7,(anonymous_1)
FNDA:9,(anonymous_2)
FNDA:4,(anonymous_3)
FNDA:0,(anonymous_4)
FNDA:2,(anonymous_5)
FNDA:1,(anonymous_6)
FNDA:1,(anonymous_7)
FNDA:2,(anonymous_8)
DA:2,7
DA:3,7
DA:5,7
DA:9,7
DA:13,9
DA:17,9
DA:26,4
DA:28,4
DA:29,0
DA:32,4
DA:33,4
DA:34,4
DA:35,1
DA:38,3
DA:42,3
DA:43,1
DA:46,2
DA:48,0
DA:49,0
DA:54,0
DA:56,0
DA:57,0
DA:60,0
DA:61,0
DA:65,0
DA:67,0
DA:68,0
DA:73,2
DA:75,2
DA:76,0
DA:79,2
DA:80,2
DA:87,2
DA:89,0
DA:90,0
DA:95,1
DA:97,1
DA:98,0
DA:101,1
DA:102,1
DA:109,1
DA:111,0
DA:112,0
DA:117,1
DA:119,1
DA:120,0
DA:123,1
DA:124,1
DA:125,1
DA:127,1
DA:128,1
DA:138,1
DA:140,0
DA:141,0
DA:146,2
DA:148,2
DA:149,0
DA:152,2
DA:153,2
DA:170,2
DA:172,2
DA:174,0
DA:175,0
DA:180,7
LF:64
LH:41
BRDA:13,0,0,9
BRDA:13,0,1,0
BRDA:28,1,0,0
BRDA:28,1,1,4
BRDA:34,2,0,1
BRDA:34,2,1,3
BRDA:42,3,0,1
BRDA:42,3,1,2
BRDA:56,4,0,0
BRDA:56,4,1,0
BRDA:75,5,0,0
BRDA:75,5,1,2
BRDA:97,6,0,0
BRDA:97,6,1,1
BRDA:119,7,0,0
BRDA:119,7,1,1
BRDA:148,8,0,0
BRDA:148,8,1,2
BRDA:170,9,0,2
BRDA:170,9,1,1
BRF:20
BRH:12
end_of_record
TN:
SF:src/controllers/mingoAgentController.ts
FN:8,(anonymous_1)
FN:12,(anonymous_2)
FN:27,(anonymous_3)
FN:56,(anonymous_4)
FN:73,(anonymous_5)
FNF:5
FNH:5
FNDA:7,(anonymous_1)
FNDA:1,(anonymous_2)
FNDA:2,(anonymous_3)
FNDA:1,(anonymous_4)
FNDA:1,(anonymous_5)
DA:2,7
DA:4,7
DA:5,7
DA:9,7
DA:13,1
DA:14,1
DA:15,0
DA:18,1
DA:19,1
DA:20,1
DA:22,0
DA:23,0
DA:28,2
DA:29,2
DA:31,2
DA:32,0
DA:35,2
DA:36,1
DA:42,1
DA:43,1
DA:48,1
DA:50,0
DA:51,0
DA:57,1
DA:59,1
DA:60,0
DA:63,1
DA:64,1
DA:65,1
DA:67,0
DA:68,0
DA:74,1
DA:76,1
DA:77,0
DA:80,1
DA:81,1
DA:82,1
DA:84,0
DA:85,0
DA:90,7
LF:40
LH:28
BRDA:14,0,0,0
BRDA:14,0,1,1
BRDA:31,1,0,0
BRDA:31,1,1,2
BRDA:35,2,0,1
BRDA:35,2,1,1
BRDA:35,3,0,2
BRDA:35,3,1,1
BRDA:59,4,0,0
BRDA:59,4,1,1
BRDA:76,5,0,0
BRDA:76,5,1,1
BRF:12
BRH:8
end_of_record
TN:
SF:src/controllers/tasksController.ts
FN:9,(anonymous_1)
FN:13,(anonymous_2)
FN:34,(anonymous_3)
FN:64,(anonymous_4)
FN:80,(anonymous_5)
FN:84,(anonymous_6)
FN:111,(anonymous_7)
FN:146,(anonymous_8)
FN:173,(anonymous_9)
FNF:9
FNH:8
FNDA:7,(anonymous_1)
FNDA:2,(anonymous_2)
FNDA:3,(anonymous_3)
FNDA:2,(anonymous_4)
FNDA:0,(anonymous_5)
FNDA:2,(anonymous_6)
FNDA:3,(anonymous_7)
FNDA:3,(anonymous_8)
FNDA:2,(anonymous_9)
DA:3,7
DA:4,7
DA:6,7
DA:10,7
DA:14,2
DA:16,2
DA:17,0
DA:20,2
DA:21,2
DA:23,2
DA:24,1
DA:27,1
DA:29,0
DA:30,0
DA:35,3
DA:37,3
DA:38,0
DA:41,3
DA:42,3
DA:47,3
DA:48,1
DA:51,2
DA:53,2
DA:54,1
DA:57,1
DA:59,0
DA:60,0
DA:65,2
DA:67,2
DA:68,0
DA:71,2
DA:72,2
DA:73,2
DA:75,0
DA:76,0
DA:81,0
DA:85,2
DA:87,2
DA:88,0
DA:89,0
DA:92,2
DA:93,2
DA:95,2
DA:96,1
DA:97,1
DA:100,1
DA:101,1
DA:102,1
DA:104,1
DA:106,0
DA:107,0
DA:112,3
DA:114,3
DA:115,0
DA:116,0
DA:119,3
DA:120,3
DA:125,3
DA:126,1
DA:127,1
DA:130,2
DA:134,2
DA:135,1
DA:136,1
DA:139,1
DA:141,0
DA:142,0
DA:147,3
DA:149,3
DA:150,0
DA:151,0
DA:154,3
DA:155,3
DA:160,3
DA:161,1
DA:162,1
DA:165,2
DA:167,2
DA:168,1
DA:169,1
DA:172,1
DA:173,2
DA:175,1
DA:177,1
DA:179,0
DA:180,0
DA:185,7
LF:87
LH:65
BRDA:16,0,0,0
BRDA:16,0,1,2
BRDA:23,1,0,1
BRDA:23,1,1,1
BRDA:27,2,0,1
BRDA:27,2,1,0
BRDA:37,3,0,0
BRDA:37,3,1,3
BRDA:37,4,0,3
BRDA:37,4,1,3
BRDA:47,5,0,1
BRDA:47,5,1,2
BRDA:53,6,0,1
BRDA:53,6,1,1
BRDA:67,7,0,0
BRDA:67,7,1,2
BRDA:87,8,0,0
BRDA:87,8,1,2
BRDA:95,9,0,1
BRDA:95,9,1,1
BRDA:114,10,0,0
BRDA:114,10,1,3
BRDA:114,11,0,3
BRDA:114,11,1,3
BRDA:125,12,0,1
BRDA:125,12,1,2
BRDA:134,13,0,1
BRDA:134,13,1,1
BRDA:149,14,0,0
BRDA:149,14,1,3
BRDA:149,15,0,3
BRDA:149,15,1,3
BRDA:160,16,0,1
BRDA:160,16,1,2
BRDA:167,17,0,1
BRDA:167,17,1,1
BRF:36
BRH:29
end_of_record
TN:
SF:src/controllers/transcriptController.ts
FN:11,(anonymous_10)
FN:15,(anonymous_11)
FN:30,(anonymous_12)
FN:58,(anonymous_13)
FNF:4
FNH:4
FNDA:7,(anonymous_10)
FNDA:2,(anonymous_11)
FNDA:1,(anonymous_12)
FNDA:4,(anonymous_13)
DA:2,7
DA:4,7
DA:5,7
DA:8,7
DA:12,7
DA:16,2
DA:17,2
DA:18,0
DA:21,2
DA:22,2
DA:23,2
DA:25,0
DA:26,0
DA:31,1
DA:32,0
DA:35,1
DA:36,1
DA:39,0
DA:40,0
DA:47,0
DA:49,0
DA:50,0
DA:53,0
DA:54,0
DA:59,4
DA:60,0
DA:63,4
DA:64,4
DA:71,2
DA:73,2
DA:74,2
DA:77,0
DA:78,0
DA:83,7
LF:34
LH:20
BRDA:17,0,0,0
BRDA:17,0,1,2
BRDA:31,1,0,0
BRDA:31,1,1,1
BRDA:35,2,0,1
BRDA:35,2,1,0
BRDA:49,3,0,0
BRDA:49,3,1,0
BRDA:59,4,0,0
BRDA:59,4,1,4
BRDA:73,5,0,2
BRDA:73,5,1,0
BRF:12
BRH:5
end_of_record
TN:
SF:src/controllers/usersController.ts
FN:16,(anonymous_1)
FN:32,(anonymous_2)
FN:33,(anonymous_3)
FN:35,(anonymous_4)
FN:46,(anonymous_5)
FN:50,(anonymous_6)
FN:60,(anonymous_7)
FN:73,(anonymous_8)
FN:110,(anonymous_9)
FN:193,(anonymous_10)
FNF:10
FNH:10
FNDA:10,(anonymous_1)
FNDA:17,(anonymous_2)
FNDA:33,(anonymous_3)
FNDA:15,(anonymous_4)
FNDA:9,(anonymous_5)
FNDA:1,(anonymous_6)
FNDA:2,(anonymous_7)
FNDA:9,(anonymous_8)
FNDA:10,(anonymous_9)
FNDA:3,(anonymous_10)
DA:2,7
DA:3,7
DA:5,7
DA:15,7
DA:16,7
DA:17,10
DA:18,10
DA:19,10
DA:20,10
DA:23,7
DA:32,7
DA:33,33
DA:35,7
DA:36,15
DA:37,15
DA:38,15
DA:39,90
DA:40,29
DA:43,15
DA:46,7
DA:47,9
DA:51,1
DA:52,1
DA:53,1
DA:55,0
DA:56,0
DA:61,2
DA:62,2
DA:63,2
DA:64,1
DA:66,1
DA:68,0
DA:69,0
DA:74,9
DA:75,9
DA:76,1
DA:78,8
DA:79,8
DA:80,1
DA:83,8
DA:84,1
DA:86,7
DA:87,1
DA:90,6
DA:91,1
DA:92,1
DA:95,6
DA:96,4
DA:98,2
DA:99,2
DA:100,2
DA:101,1
DA:103,1
DA:105,0
DA:106,0
DA:111,10
DA:112,10
DA:113,10
DA:114,10
DA:115,1
DA:117,9
DA:118,1
DA:121,8
DA:122,8
DA:123,1
DA:125,7
DA:129,7
DA:131,7
DA:133,7
DA:134,1
DA:137,6
DA:138,1
DA:141,6
DA:142,2
DA:143,4
DA:147,6
DA:148,1
DA:149,1
DA:153,6
DA:155,1
DA:161,5
DA:166,5
DA:167,0
DA:171,5
DA:176,2
DA:179,5
DA:181,1
DA:182,1
DA:183,1
DA:184,1
DA:186,0
DA:188,0
DA:189,0
DA:194,3
DA:195,3
DA:196,3
DA:197,3
DA:198,1
DA:200,2
DA:201,1
DA:204,1
DA:205,1
DA:206,0
DA:209,1
DA:210,1
DA:212,0
DA:213,0
DA:218,7
LF:108
LH:95
BRDA:17,0,0,10
BRDA:17,0,1,0
BRDA:33,1,0,17
BRDA:33,1,1,0
BRDA:39,2,0,29
BRDA:39,2,1,61
BRDA:63,3,0,1
BRDA:63,3,1,1
BRDA:75,4,0,1
BRDA:75,4,1,8
BRDA:79,5,0,1
BRDA:79,5,1,7
BRDA:83,6,0,1
BRDA:83,6,1,7
BRDA:83,7,0,8
BRDA:83,7,1,7
BRDA:86,8,0,1
BRDA:86,8,1,6
BRDA:90,9,0,1
BRDA:90,9,1,5
BRDA:98,10,0,2
BRDA:98,10,1,0
BRDA:99,11,0,2
BRDA:99,11,1,0
BRDA:100,12,0,1
BRDA:100,12,1,1
BRDA:114,13,0,1
BRDA:114,13,1,9
BRDA:117,14,0,1
BRDA:117,14,1,8
BRDA:117,15,0,9
BRDA:117,15,1,9
BRDA:122,16,0,1
BRDA:122,16,1,7
BRDA:129,17,0,7
BRDA:129,17,1,7
BRDA:133,18,0,1
BRDA:133,18,1,6
BRDA:133,19,0,7
BRDA:133,19,1,2
BRDA:137,20,0,1
BRDA:137,20,1,5
BRDA:137,21,0,6
BRDA:137,21,1,2
BRDA:141,22,0,2
BRDA:141,22,1,4
BRDA:143,23,0,1
BRDA:143,23,1,3
BRDA:147,24,0,1
BRDA:147,24,1,5
BRDA:153,25,0,1
BRDA:153,25,1,5
BRDA:153,26,0,6
BRDA:153,26,1,1
BRDA:166,27,0,0
BRDA:166,27,1,5
BRDA:171,28,0,2
BRDA:171,28,1,3
BRDA:172,29,0,5
BRDA:172,29,1,2
BRDA:172,29,2,1
BRDA:172,29,3,1
BRDA:181,30,0,1
BRDA:181,30,1,0
BRDA:182,31,0,1
BRDA:182,31,1,0
BRDA:183,32,0,1
BRDA:183,32,1,0
BRDA:197,33,0,1
BRDA:197,33,1,2
BRDA:200,34,0,1
BRDA:200,34,1,1
BRDA:200,35,0,2
BRDA:200,35,1,2
BRDA:205,36,0,0
BRDA:205,36,1,1
BRF:76
BRH:67
end_of_record
TN:
SF:src/middleware/authMiddleware.ts
FN:7,(anonymous_1)
FNF:1
FNH:1
FNDA:87,(anonymous_1)
DA:2,7
DA:7,7
DA:12,87
DA:13,87
DA:14,20
DA:20,67
DA:21,67
DA:22,0
DA:24,67
DA:25,67
DA:26,67
DA:27,67
DA:28,67
DA:30,0
LF:14
LH:12
BRDA:13,0,0,20
BRDA:13,0,1,67
BRDA:13,1,0,87
BRDA:13,1,1,67
BRDA:21,2,0,0
BRDA:21,2,1,67
BRDA:24,3,0,67
BRDA:24,3,1,0
BRF:8
BRH:6
end_of_record
TN:
SF:src/models/meetingsModel.ts
FNF:0
FNH:0
DA:1,8
DA:3,8
DA:50,8
LF:3
LH:3
BRF:0
BRH:0
end_of_record
TN:
SF:src/models/mingoAgentModel.ts
FNF:0
FNH:0
DA:1,8
DA:3,8
DA:34,8
LF:3
LH:3
BRF:0
BRH:0
end_of_record
TN:
SF:src/models/tasksModel.ts
FNF:0
FNH:0
DA:1,7
DA:3,7
DA:22,7
LF:3
LH:3
BRF:0
BRH:0
end_of_record
TN:
SF:src/models/transcriptModel.ts
FNF:0
FNH:0
DA:1,7
DA:3,7
DA:20,7
LF:3
LH:3
BRF:0
BRH:0
end_of_record
TN:
SF:src/models/usersModel.ts
FNF:0
FNH:0
DA:1,7
DA:3,7
DA:39,7
LF:3
LH:3
BRF:0
BRH:0
end_of_record
TN:
SF:src/routes/authRoute.ts
FNF:0
FNH:0
DA:1,7
DA:2,7
DA:4,7
DA:6,7
DA:8,7
DA:10,7
DA:12,7
DA:14,7
DA:16,7
LF:9
LH:9
BRF:0
BRH:0
end_of_record
TN:
SF:src/routes/meetingsRoute.ts
FNF:0
FNH:0
DA:1,7
DA:2,7
DA:3,7
DA:5,7
DA:7,7
DA:8,7
DA:9,7
DA:11,7
DA:12,7
DA:13,7
DA:14,7
DA:16,7
DA:18,7
DA:20,7
DA:23,7
LF:15
LH:15
BRF:0
BRH:0
end_of_record
TN:
SF:src/routes/mingoAgentRoute.ts
FNF:0
FNH:0
DA:1,7
DA:2,7
DA:3,7
DA:5,7
DA:7,7
DA:9,7
DA:11,7
DA:13,7
DA:15,7
LF:9
LH:9
BRF:0
BRH:0
end_of_record
TN:
SF:src/routes/tasksRoute.ts
FNF:0
FNH:0
DA:1,7
DA:2,7
DA:3,7
DA:5,7
DA:7,7
DA:8,7
DA:9,7
DA:11,7
DA:13,7
DA:15,7
DA:17,7
LF:11
LH:11
BRF:0
BRH:0
end_of_record
TN:
SF:src/routes/transcriptRoute.ts
FNF:0
FNH:0
DA:1,7
DA:2,7
DA:3,7
DA:4,7
DA:6,7
DA:8,7
DA:14,7
DA:21,7
DA:27,7
LF:9
LH:9
BRF:0
BRH:0
end_of_record
TN:
SF:src/routes/usersRoute.ts
FNF:0
FNH:0
DA:1,7
DA:2,7
DA:3,7
DA:4,7
DA:6,7
DA:8,7
DA:10,7
DA:12,7
DA:19,7
DA:26,7
DA:28,7
LF:11
LH:11
BRF:0
BRH:0
end_of_record
TN:
SF:src/services/LLM/llmService.ts
FN:7,(anonymous_1)
FN:34,(anonymous_2)
FN:48,(anonymous_3)
FN:58,(anonymous_4)
FN:73,(anonymous_5)
FN:76,(anonymous_6)
FN:79,(anonymous_7)
FN:96,(anonymous_8)
FN:100,(anonymous_9)
FN:113,(anonymous_10)
FNF:10
FNH:10
FNDA:11,(anonymous_1)
FNDA:29,(anonymous_2)
FNDA:14,(anonymous_3)
FNDA:14,(anonymous_4)
FNDA:12,(anonymous_5)
FNDA:20,(anonymous_6)
FNDA:12,(anonymous_7)
FNDA:1,(anonymous_8)
FNDA:2,(anonymous_9)
FNDA:15,(anonymous_10)
DA:1,9
DA:2,9
DA:4,9
DA:8,11
DA:9,11
DA:10,11
DA:35,29
DA:36,29
DA:37,29
DA:38,29
DA:39,29
DA:41,29
DA:42,1
DA:45,28
DA:49,14
DA:50,14
DA:53,14
DA:54,14
DA:55,14
DA:56,14
DA:58,14
DA:59,14
DA:74,12
DA:75,12
DA:76,12
DA:77,20
DA:79,12
DA:80,12
DA:81,12
DA:82,12
DA:83,8
DA:85,4
DA:96,14
DA:97,1
DA:100,14
DA:101,2
DA:102,1
DA:103,1
DA:105,1
DA:108,14
DA:109,14
DA:114,15
DA:115,14
DA:123,14
DA:128,8
DA:129,4
DA:131,4
DA:132,1
DA:134,3
DA:135,1
DA:137,2
DA:138,1
DA:142,1
DA:143,1
DA:147,9
DA:148,9
LF:56
LH:56
BRDA:38,0,0,29
BRDA:38,0,1,10
BRDA:39,1,0,29
BRDA:39,1,1,10
BRDA:41,2,0,1
BRDA:41,2,1,28
BRDA:41,3,0,29
BRDA:41,3,1,29
BRDA:41,3,2,28
BRDA:56,4,0,0
BRDA:56,4,1,14
BRDA:63,5,0,14
BRDA:63,5,1,5
BRDA:63,6,0,0
BRDA:63,6,1,5
BRDA:80,7,0,12
BRDA:80,7,1,0
BRDA:82,8,0,12
BRDA:82,8,1,0
BRDA:101,9,0,1
BRDA:101,9,1,1
BRDA:116,10,0,14
BRDA:116,10,1,14
BRDA:118,11,0,14
BRDA:118,11,1,14
BRDA:120,12,0,14
BRDA:120,12,1,8
BRDA:128,13,0,4
BRDA:128,13,1,4
BRDA:128,14,0,8
BRDA:128,14,1,8
BRDA:131,15,0,1
BRDA:131,15,1,3
BRDA:134,16,0,1
BRDA:134,16,1,2
BRDA:137,17,0,1
BRDA:137,17,1,1
BRDA:142,18,0,1
BRDA:142,18,1,0
BRF:39
BRH:34
end_of_record
TN:
SF:src/services/LLM/mingoAgentService.ts
FN:8,(anonymous_1)
FN:66,(anonymous_2)
FN:70,(anonymous_3)
FN:78,(anonymous_4)
FN:87,(anonymous_5)
FN:97,(anonymous_6)
FN:104,(anonymous_7)
FN:119,(anonymous_8)
FN:123,(anonymous_9)
FN:138,(anonymous_10)
FN:167,(anonymous_11)
FN:211,(anonymous_12)
FN:212,(anonymous_13)
FN:218,(anonymous_14)
FN:224,(anonymous_15)
FN:267,(anonymous_16)
FN:268,(anonymous_17)
FN:269,(anonymous_18)
FN:281,(anonymous_19)
FN:284,(anonymous_20)
FN:293,(anonymous_21)
FN:297,(anonymous_22)
FN:323,(anonymous_23)
FN:356,(anonymous_24)
FN:364,(anonymous_25)
FN:367,(anonymous_26)
FN:368,(anonymous_27)
FN:375,(anonymous_28)
FN:381,(anonymous_29)
FN:421,(anonymous_30)
FN:427,(anonymous_31)
FN:431,(anonymous_32)
FN:440,(anonymous_33)
FN:469,(anonymous_34)
FN:481,(anonymous_35)
FN:489,(anonymous_36)
FN:499,(anonymous_37)
FN:511,(anonymous_38)
FN:526,(anonymous_39)
FN:531,(anonymous_40)
FN:540,(anonymous_41)
FN:545,(anonymous_42)
FN:547,(anonymous_43)
FN:551,(anonymous_44)
FN:557,(anonymous_45)
FN:558,(anonymous_46)
FN:560,(anonymous_47)
FN:564,(anonymous_48)
FN:576,(anonymous_49)
FN:584,(anonymous_50)
FN:617,(anonymous_51)
FN:618,(anonymous_52)
FN:684,(anonymous_53)
FN:731,(anonymous_54)
FN:747,(anonymous_55)
FN:753,(anonymous_56)
FN:788,(anonymous_57)
FN:792,(anonymous_58)
FN:826,(anonymous_59)
FN:845,(anonymous_60)
FN:849,(anonymous_61)
FN:851,(anonymous_62)
FN:865,(anonymous_63)
FN:868,(anonymous_64)
FN:903,(anonymous_65)
FN:926,(anonymous_66)
FN:940,(anonymous_67)
FN:950,(anonymous_68)
FN:985,(anonymous_69)
FN:994,(anonymous_70)
FN:1014,(anonymous_71)
FN:1093,(anonymous_72)
FN:1153,(anonymous_73)
FNF:73
FNH:57
FNDA:1,(anonymous_1)
FNDA:12,(anonymous_2)
FNDA:5,(anonymous_3)
FNDA:8,(anonymous_4)
FNDA:745,(anonymous_5)
FNDA:46,(anonymous_6)
FNDA:671,(anonymous_7)
FNDA:12,(anonymous_8)
FNDA:91,(anonymous_9)
FNDA:40,(anonymous_10)
FNDA:4,(anonymous_11)
FNDA:0,(anonymous_12)
FNDA:0,(anonymous_13)
FNDA:0,(anonymous_14)
FNDA:0,(anonymous_15)
FNDA:0,(anonymous_16)
FNDA:0,(anonymous_17)
FNDA:0,(anonymous_18)
FNDA:1,(anonymous_19)
FNDA:2,(anonymous_20)
FNDA:0,(anonymous_21)
FNDA:0,(anonymous_22)
FNDA:8,(anonymous_23)
FNDA:34,(anonymous_24)
FNDA:11,(anonymous_25)
FNDA:11,(anonymous_26)
FNDA:0,(anonymous_27)
FNDA:7,(anonymous_28)
FNDA:8,(anonymous_29)
FNDA:1,(anonymous_30)
FNDA:2,(anonymous_31)
FNDA:0,(anonymous_32)
FNDA:0,(anonymous_33)
FNDA:0,(anonymous_34)
FNDA:1,(anonymous_35)
FNDA:2,(anonymous_36)
FNDA:11,(anonymous_37)
FNDA:11,(anonymous_38)
FNDA:6,(anonymous_39)
FNDA:0,(anonymous_40)
FNDA:12,(anonymous_41)
FNDA:4,(anonymous_42)
FNDA:22,(anonymous_43)
FNDA:7,(anonymous_44)
FNDA:8,(anonymous_45)
FNDA:8,(anonymous_46)
FNDA:8,(anonymous_47)
FNDA:3,(anonymous_48)
FNDA:3,(anonymous_49)
FNDA:1,(anonymous_50)
FNDA:4,(anonymous_51)
FNDA:3,(anonymous_52)
FNDA:4,(anonymous_53)
FNDA:5,(anonymous_54)
FNDA:1,(anonymous_55)
FNDA:3,(anonymous_56)
FNDA:3,(anonymous_57)
FNDA:3,(anonymous_58)
FNDA:4,(anonymous_59)
FNDA:3,(anonymous_60)
FNDA:3,(anonymous_61)
FNDA:1,(anonymous_62)
FNDA:3,(anonymous_63)
FNDA:4,(anonymous_64)
FNDA:3,(anonymous_65)
FNDA:7,(anonymous_66)
FNDA:5,(anonymous_67)
FNDA:4,(anonymous_68)
FNDA:0,(anonymous_69)
FNDA:5,(anonymous_70)
FNDA:0,(anonymous_71)
FNDA:1,(anonymous_72)
FNDA:1,(anonymous_73)
DA:1,8
DA:2,8
DA:3,8
DA:5,8
DA:9,1
DA:10,1
DA:11,1
DA:51,8
DA:52,8
DA:53,8
DA:54,8
DA:55,8
DA:56,8
DA:57,8
DA:58,8
DA:62,12
DA:63,12
DA:67,12
DA:71,5
DA:79,8
DA:88,745
DA:89,0
DA:92,745
DA:93,9
DA:96,736
DA:97,46
DA:100,699
DA:101,97
DA:103,97
DA:105,671
DA:106,6
DA:109,665
DA:113,97
DA:116,602
DA:120,12
DA:124,91
DA:125,0
DA:128,91
DA:129,0
DA:132,91
DA:133,39
DA:134,9
DA:137,30
DA:139,40
DA:140,0
DA:143,40
DA:144,0
DA:147,40
DA:152,26
DA:155,14
DA:160,52
DA:161,8
DA:164,44
DA:168,4
DA:169,4
DA:170,4
DA:171,0
DA:174,4
DA:180,0
DA:181,0
DA:187,0
DA:193,0
DA:194,0
DA:195,0
DA:197,0
DA:198,0
DA:201,0
DA:208,0
DA:212,0
DA:213,0
DA:214,0
DA:217,0
DA:218,0
DA:221,0
DA:224,0
DA:225,0
DA:227,0
DA:228,0
DA:229,0
DA:232,0
DA:233,0
DA:236,0
DA:237,0
DA:241,0
DA:244,0
DA:245,0
DA:246,0
DA:247,0
DA:253,0
DA:254,0
DA:255,0
DA:256,0
DA:257,0
DA:258,0
DA:265,0
DA:267,0
DA:268,0
DA:270,0
DA:274,0
DA:275,0
DA:278,0
DA:282,1
DA:284,2
DA:288,1
DA:289,1
DA:292,0
DA:293,0
DA:297,0
DA:300,0
DA:301,0
DA:305,0
DA:306,0
DA:307,0
DA:315,0
DA:324,8
DA:325,8
DA:328,0
DA:331,0
DA:332,0
DA:334,0
DA:335,0
DA:336,0
DA:337,0
DA:339,0
DA:341,0
DA:346,0
DA:349,0
DA:350,0
DA:353,0
DA:357,34
DA:358,0
DA:361,34
DA:365,11
DA:368,11
DA:369,0
DA:376,7
DA:377,0
DA:380,7
DA:382,8
DA:383,6
DA:386,2
DA:387,2
DA:393,2
DA:394,0
DA:398,2
DA:402,2
DA:407,2
DA:408,0
DA:411,2
DA:412,0
DA:416,2
DA:422,1
DA:423,0
DA:426,1
DA:427,2
DA:436,0
DA:437,0
DA:438,0
DA:439,0
DA:440,0
DA:443,0
DA:447,0
DA:452,0
DA:453,0
DA:456,0
DA:459,0
DA:460,0
DA:461,0
DA:464,0
DA:467,0
DA:468,0
DA:469,0
DA:474,0
DA:475,0
DA:478,0
DA:483,1
DA:486,1
DA:487,1
DA:488,1
DA:489,2
DA:492,1
DA:493,1
DA:496,0
DA:500,11
DA:501,11
DA:504,0
DA:505,0
DA:508,0
DA:512,11
DA:527,6
DA:532,0
DA:539,6
DA:540,12
DA:546,4
DA:547,22
DA:552,7
DA:553,0
DA:556,7
DA:557,8
DA:558,8
DA:560,8
DA:565,3
DA:570,3
DA:573,0
DA:577,3
DA:578,3
DA:581,0
DA:585,1
DA:587,1
DA:591,1
DA:618,4
DA:619,3
DA:620,0
DA:623,3
DA:624,3
DA:626,3
DA:629,3
DA:632,3
DA:634,3
DA:636,3
DA:662,4
DA:663,4
DA:664,3
DA:665,3
DA:668,1
DA:669,1
DA:670,0
DA:671,0
DA:672,0
DA:673,0
DA:681,1
DA:689,4
DA:711,4
DA:712,4
DA:722,4
DA:727,0
DA:732,5
DA:733,0
DA:736,5
DA:737,5
DA:738,0
DA:741,5
DA:742,4
DA:745,1
DA:748,1
DA:758,3
DA:759,3
DA:760,3
DA:761,3
DA:762,3
DA:764,3
DA:765,10
DA:766,4
DA:770,3
DA:771,13
DA:772,3
DA:776,3
DA:780,3
DA:783,3
DA:787,3
DA:789,3
DA:792,3
DA:793,3
DA:795,3
DA:798,3
DA:799,3
DA:800,2
DA:804,3
DA:805,3
DA:806,3
DA:807,3
DA:809,3
DA:810,0
DA:812,3
DA:813,0
DA:816,3
DA:820,0
DA:823,3
DA:831,4
DA:832,2
DA:835,2
DA:844,2
DA:845,3
DA:849,3
DA:855,1
DA:856,1
DA:859,0
DA:860,0
DA:861,0
DA:865,3
DA:875,4
DA:904,3
DA:927,7
DA:929,7
DA:933,7
DA:934,0
DA:937,7
DA:941,5
DA:943,5
DA:944,1
DA:947,4
DA:951,4
DA:952,4
DA:953,0
DA:956,4
DA:958,4
DA:959,0
DA:962,4
DA:963,4
DA:966,4
DA:967,1
DA:973,4
DA:974,4
DA:978,4
DA:979,4
DA:982,4
DA:986,0
DA:987,0
DA:990,0
DA:991,0
DA:999,5
DA:1000,0
DA:1003,5
DA:1004,5
DA:1005,0
DA:1008,5
DA:1009,4
DA:1011,4
DA:1014,4
DA:1020,4
DA:1026,4
DA:1031,4
DA:1037,4
DA:1045,4
DA:1046,4
DA:1047,4
DA:1056,4
DA:1058,0
DA:1059,0
DA:1061,0
DA:1068,4
DA:1069,0
DA:1072,4
DA:1078,4
DA:1083,4
DA:1084,4
DA:1086,4
DA:1094,1
DA:1095,0
DA:1098,1
DA:1100,1
DA:1127,1
DA:1128,1
DA:1129,1
DA:1138,0
DA:1140,1
DA:1141,0
DA:1143,1
DA:1146,1
DA:1147,0
DA:1150,1
DA:1154,1
DA:1155,0
DA:1158,1
DA:1160,1
DA:1187,1
DA:1188,1
DA:1189,1
DA:1190,1
DA:1200,0
DA:1202,1
DA:1211,0
DA:1214,1
DA:1215,0
DA:1217,1
DA:1220,0
DA:1221,0
DA:1227,0
DA:1228,0
DA:1229,0
DA:1231,0
DA:1237,8
DA:1238,8
LF:383
LH:236
BRDA:8,0,0,0
BRDA:66,1,0,8
BRDA:71,2,0,5
BRDA:71,2,1,0
BRDA:79,3,0,8
BRDA:79,3,1,0
BRDA:88,4,0,0
BRDA:88,4,1,745
BRDA:88,5,0,745
BRDA:88,5,1,745
BRDA:92,6,0,9
BRDA:92,6,1,736
BRDA:96,7,0,37
BRDA:96,7,1,699
BRDA:100,8,0,97
BRDA:100,8,1,602
BRDA:105,9,0,6
BRDA:105,9,1,665
BRDA:124,10,0,0
BRDA:124,10,1,91
BRDA:124,11,0,91
BRDA:124,11,1,91
BRDA:128,12,0,0
BRDA:128,12,1,91
BRDA:132,13,0,39
BRDA:132,13,1,52
BRDA:133,14,0,9
BRDA:133,14,1,30
BRDA:139,15,0,0
BRDA:139,15,1,40
BRDA:139,16,0,40
BRDA:139,16,1,40
BRDA:143,17,0,0
BRDA:143,17,1,40
BRDA:147,18,0,26
BRDA:147,18,1,14
BRDA:148,19,0,40
BRDA:148,19,1,14
BRDA:148,19,2,14
BRDA:160,20,0,8
BRDA:160,20,1,44
BRDA:168,21,0,4
BRDA:168,21,1,0
BRDA:170,22,0,0
BRDA:170,22,1,4
BRDA:180,23,0,0
BRDA:180,23,1,0
BRDA:180,24,0,0
BRDA:180,24,1,0
BRDA:187,25,0,0
BRDA:187,25,1,0
BRDA:189,26,0,0
BRDA:189,26,1,0
BRDA:193,27,0,0
BRDA:193,27,1,0
BRDA:197,28,0,0
BRDA:197,28,1,0
BRDA:204,29,0,0
BRDA:204,29,1,0
BRDA:213,30,0,0
BRDA:213,30,1,0
BRDA:221,31,0,0
BRDA:221,31,1,0
BRDA:228,32,0,0
BRDA:228,32,1,0
BRDA:232,33,0,0
BRDA:232,33,1,0
BRDA:232,34,0,0
BRDA:232,34,1,0
BRDA:236,35,0,0
BRDA:236,35,1,0
BRDA:246,36,0,0
BRDA:246,36,1,0
BRDA:254,37,0,0
BRDA:254,37,1,0
BRDA:257,38,0,0
BRDA:257,38,1,0
BRDA:274,39,0,0
BRDA:274,39,1,0
BRDA:282,40,0,1
BRDA:282,40,1,0
BRDA:288,41,0,1
BRDA:288,41,1,0
BRDA:300,42,0,0
BRDA:300,42,1,0
BRDA:305,43,0,0
BRDA:305,43,1,0
BRDA:306,44,0,0
BRDA:306,44,1,0
BRDA:324,45,0,8
BRDA:324,45,1,0
BRDA:336,46,0,0
BRDA:336,46,1,0
BRDA:341,47,0,0
BRDA:341,47,1,0
BRDA:342,48,0,0
BRDA:342,48,1,0
BRDA:357,49,0,0
BRDA:357,49,1,34
BRDA:357,50,0,34
BRDA:357,50,1,34
BRDA:376,51,0,0
BRDA:376,51,1,7
BRDA:382,52,0,6
BRDA:382,52,1,2
BRDA:386,53,0,2
BRDA:386,53,1,0
BRDA:386,54,0,2
BRDA:386,54,1,2
BRDA:393,55,0,0
BRDA:393,55,1,2
BRDA:393,56,0,2
BRDA:393,56,1,0
BRDA:398,57,0,0
BRDA:398,57,1,2
BRDA:402,58,0,0
BRDA:402,58,1,2
BRDA:402,59,0,2
BRDA:402,59,1,2
BRDA:407,60,0,0
BRDA:407,60,1,2
BRDA:407,61,0,2
BRDA:407,61,1,0
BRDA:411,62,0,0
BRDA:411,62,1,2
BRDA:422,63,0,0
BRDA:422,63,1,1
BRDA:427,64,0,2
BRDA:427,64,1,0
BRDA:443,65,0,0
BRDA:443,65,1,0
BRDA:443,66,0,0
BRDA:443,66,1,0
BRDA:447,67,0,0
BRDA:447,67,1,0
BRDA:452,68,0,0
BRDA:452,68,1,0
BRDA:459,69,0,0
BRDA:459,69,1,0
BRDA:460,70,0,0
BRDA:460,70,1,0
BRDA:467,71,0,0
BRDA:467,71,1,0
BRDA:474,72,0,0
BRDA:474,72,1,0
BRDA:483,73,0,1
BRDA:483,73,1,0
BRDA:483,74,0,1
BRDA:483,74,1,1
BRDA:492,75,0,1
BRDA:492,75,1,0
BRDA:500,76,0,11
BRDA:500,76,1,0
BRDA:504,77,0,0
BRDA:504,77,1,0
BRDA:514,78,0,11
BRDA:514,78,1,0
BRDA:530,79,0,6
BRDA:530,79,1,0
BRDA:532,80,0,0
BRDA:532,80,1,0
BRDA:534,81,0,0
BRDA:534,81,1,0
BRDA:546,82,0,4
BRDA:546,82,1,0
BRDA:552,83,0,0
BRDA:552,83,1,7
BRDA:565,84,0,3
BRDA:565,84,1,0
BRDA:566,85,0,3
BRDA:566,85,1,1
BRDA:566,85,2,0
BRDA:577,86,0,3
BRDA:577,86,1,0
BRDA:577,87,0,3
BRDA:577,87,1,2
BRDA:577,87,2,2
BRDA:592,88,0,1
BRDA:592,88,1,0
BRDA:596,89,0,1
BRDA:596,89,1,0
BRDA:600,90,0,0
BRDA:600,90,1,0
BRDA:604,91,0,1
BRDA:604,91,1,0
BRDA:612,92,0,1
BRDA:612,92,1,0
BRDA:619,93,0,0
BRDA:619,93,1,3
BRDA:619,94,0,3
BRDA:619,94,1,3
BRDA:626,95,0,3
BRDA:626,95,1,0
BRDA:634,96,0,3
BRDA:634,96,1,0
BRDA:645,97,0,3
BRDA:645,97,1,0
BRDA:653,98,0,3
BRDA:653,98,1,1
BRDA:656,99,0,3
BRDA:656,99,1,0
BRDA:656,100,0,3
BRDA:656,100,1,3
BRDA:664,101,0,3
BRDA:664,101,1,0
BRDA:669,102,0,0
BRDA:669,102,1,1
BRDA:672,103,0,0
BRDA:672,103,1,0
BRDA:732,104,0,0
BRDA:732,104,1,5
BRDA:737,105,0,0
BRDA:737,105,1,5
BRDA:741,106,0,4
BRDA:741,106,1,1
BRDA:745,107,0,1
BRDA:745,107,1,0
BRDA:765,108,0,4
BRDA:765,108,1,6
BRDA:771,109,0,3
BRDA:771,109,1,10
BRDA:776,110,0,3
BRDA:776,110,1,0
BRDA:783,111,0,3
BRDA:783,111,1,0
BRDA:784,112,0,3
BRDA:784,112,1,3
BRDA:799,113,0,2
BRDA:799,113,1,1
BRDA:804,114,0,3
BRDA:804,114,1,0
BRDA:805,115,0,3
BRDA:805,115,1,0
BRDA:806,116,0,3
BRDA:806,116,1,0
BRDA:806,117,0,3
BRDA:806,117,1,3
BRDA:809,118,0,0
BRDA:809,118,1,3
BRDA:809,119,0,3
BRDA:809,119,1,0
BRDA:812,120,0,0
BRDA:812,120,1,3
BRDA:816,121,0,0
BRDA:816,121,1,3
BRDA:817,122,0,3
BRDA:817,122,1,0
BRDA:817,122,2,0
BRDA:831,123,0,2
BRDA:831,123,1,2
BRDA:831,124,0,4
BRDA:831,124,1,4
BRDA:844,125,0,2
BRDA:844,125,1,0
BRDA:855,126,0,1
BRDA:855,126,1,0
BRDA:859,127,0,0
BRDA:859,127,1,0
BRDA:860,128,0,0
BRDA:860,128,1,0
BRDA:901,129,0,2
BRDA:901,129,1,2
BRDA:913,130,0,2
BRDA:913,130,1,2
BRDA:929,131,0,3
BRDA:929,131,1,4
BRDA:929,132,0,7
BRDA:929,132,1,7
BRDA:933,133,0,0
BRDA:933,133,1,7
BRDA:943,134,0,1
BRDA:943,134,1,4
BRDA:952,135,0,0
BRDA:952,135,1,4
BRDA:958,136,0,0
BRDA:958,136,1,4
BRDA:962,137,0,4
BRDA:962,137,1,0
BRDA:966,138,0,1
BRDA:966,138,1,3
BRDA:974,139,0,4
BRDA:974,139,1,0
BRDA:975,140,0,4
BRDA:975,140,1,0
BRDA:986,141,0,0
BRDA:986,141,1,0
BRDA:999,142,0,0
BRDA:999,142,1,5
BRDA:1004,143,0,0
BRDA:1004,143,1,5
BRDA:1011,144,0,4
BRDA:1011,144,1,0
BRDA:1058,145,0,0
BRDA:1058,145,1,0
BRDA:1068,146,0,0
BRDA:1068,146,1,4
BRDA:1094,147,0,0
BRDA:1094,147,1,1
BRDA:1108,148,0,1
BRDA:1108,148,1,0
BRDA:1110,149,0,0
BRDA:1110,149,1,0
BRDA:1140,150,0,0
BRDA:1140,150,1,1
BRDA:1146,151,0,0
BRDA:1146,151,1,1
BRDA:1154,152,0,0
BRDA:1154,152,1,1
BRDA:1168,153,0,1
BRDA:1168,153,1,0
BRDA:1170,154,0,0
BRDA:1170,154,1,0
BRDA:1214,155,0,0
BRDA:1214,155,1,1
BRDA:1220,156,0,0
BRDA:1220,156,1,0
BRDA:59,157,0,8
BRDA:59,157,1,8
BRF:318
BRH:153
end_of_record
TN:
SF:src/services/Picture/uploadPictureService.ts
FN:11,(anonymous_1)
FN:19,(anonymous_2)
FN:23,(anonymous_3)
FN:26,(anonymous_4)
FN:63,(anonymous_5)
FN:74,(anonymous_6)
FN:79,(anonymous_7)
FN:87,(anonymous_8)
FN:90,(anonymous_9)
FN:105,(anonymous_10)
FNF:10
FNH:10
FNDA:3,(anonymous_1)
FNDA:3,(anonymous_2)
FNDA:3,(anonymous_3)
FNDA:3,(anonymous_4)
FNDA:3,(anonymous_5)
FNDA:19,(anonymous_6)
FNDA:19,(anonymous_7)
FNDA:3,(anonymous_8)
FNDA:2,(anonymous_9)
FNDA:3,(anonymous_10)
DA:1,7
DA:2,7
DA:3,7
DA:6,7
DA:8,7
DA:9,7
DA:11,7
DA:12,3
DA:16,3
DA:19,7
DA:20,3
DA:22,7
DA:24,3
DA:27,3
DA:29,3
DA:30,3
DA:33,3
DA:35,3
DA:37,3
DA:38,3
DA:40,3
DA:42,3
DA:48,3
DA:49,3
DA:50,3
DA:52,3
DA:54,3
DA:55,3
DA:59,7
DA:61,7
DA:64,3
DA:65,3
DA:66,3
DA:68,0
DA:72,7
DA:74,7
DA:79,19
DA:80,19
DA:81,0
DA:83,19
DA:87,7
DA:88,3
DA:90,7
DA:91,2
DA:92,2
DA:93,2
DA:94,2
DA:95,0
DA:97,2
DA:101,0
DA:105,7
DA:108,3
DA:109,2
DA:110,2
DA:112,2
DA:113,2
DA:115,2
DA:116,2
DA:118,0
DA:119,0
LF:60
LH:54
BRDA:16,0,0,3
BRDA:16,0,1,0
BRDA:29,1,0,3
BRDA:29,1,1,3
BRDA:30,2,0,3
BRDA:30,2,1,0
BRDA:33,3,0,3
BRDA:33,3,1,0
BRDA:37,4,0,3
BRDA:37,4,1,0
BRDA:49,5,0,3
BRDA:49,5,1,0
BRDA:54,6,0,3
BRDA:54,6,1,0
BRDA:64,7,0,3
BRDA:64,7,1,0
BRDA:80,8,0,0
BRDA:80,8,1,19
BRDA:81,9,0,0
BRDA:81,9,1,0
BRDA:94,10,0,0
BRDA:94,10,1,2
BRDA:108,11,0,1
BRDA:108,11,1,2
BRDA:110,12,0,0
BRDA:110,12,1,2
BRDA:113,13,0,0
BRDA:113,13,1,2
BRDA:118,14,0,0
BRDA:118,14,1,0
BRF:30
BRH:15
end_of_record
TN:
SF:src/services/Transcript/transcribeMP3Service.ts
FN:15,(anonymous_1)
FN:34,(anonymous_2)
FN:47,(anonymous_3)
FN:56,(anonymous_4)
FN:66,(anonymous_5)
FN:89,(anonymous_6)
FN:127,(anonymous_7)
FNF:7
FNH:1
FNDA:2,(anonymous_1)
FNDA:0,(anonymous_2)
FNDA:0,(anonymous_3)
FNDA:0,(anonymous_4)
FNDA:0,(anonymous_5)
FNDA:0,(anonymous_6)
FNDA:0,(anonymous_7)
DA:1,7
DA:2,7
DA:3,7
DA:4,7
DA:5,7
DA:6,7
DA:7,7
DA:8,7
DA:10,7
DA:12,7
DA:16,2
DA:17,2
DA:18,2
DA:29,7
DA:36,0
DA:37,0
DA:39,0
DA:40,0
DA:43,0
DA:47,7
DA:48,0
DA:49,0
DA:50,0
DA:53,0
DA:56,7
DA:57,0
DA:58,0
DA:60,0
DA:61,0
DA:66,7
DA:67,0
DA:68,0
DA:78,0
DA:79,0
DA:81,0
DA:82,0
DA:85,0
DA:89,7
DA:90,0
DA:91,0
DA:92,0
DA:95,0
DA:96,0
DA:97,0
DA:98,0
DA:99,0
DA:101,0
DA:109,0
DA:110,0
DA:111,0
DA:117,0
DA:118,0
DA:120,0
DA:121,0
DA:124,0
DA:127,7
DA:133,0
DA:135,0
DA:136,0
DA:140,0
DA:147,0
DA:148,0
DA:150,0
DA:152,0
DA:156,7
LF:65
LH:20
BRDA:15,0,0,0
BRDA:36,1,0,0
BRDA:36,1,1,0
BRDA:39,2,0,0
BRDA:39,2,1,0
BRDA:39,3,0,0
BRDA:39,3,1,0
BRDA:48,4,0,0
BRDA:48,4,1,0
BRDA:49,5,0,0
BRDA:49,5,1,0
BRDA:53,6,0,0
BRDA:53,6,1,0
BRDA:60,7,0,0
BRDA:60,7,1,0
BRDA:79,8,0,0
BRDA:79,8,1,0
BRDA:81,9,0,0
BRDA:81,9,1,0
BRDA:91,10,0,0
BRDA:91,10,1,0
BRDA:109,11,0,0
BRDA:109,11,1,0
BRDA:112,12,0,0
BRDA:112,12,1,0
BRDA:118,13,0,0
BRDA:118,13,1,0
BRDA:120,14,0,0
BRDA:120,14,1,0
BRDA:147,15,0,0
BRDA:147,15,1,0
BRF:31
BRH:0
end_of_record
TN:
SF:src/services/Transcript/transcriptPersistenceService.ts
FN:13,(anonymous_1)
FN:27,(anonymous_2)
FN:32,(anonymous_3)
FN:42,(anonymous_4)
FNF:4
FNH:4
FNDA:4,(anonymous_1)
FNDA:2,(anonymous_2)
FNDA:3,(anonymous_3)
FNDA:4,(anonymous_4)
DA:1,7
DA:2,7
DA:3,7
DA:4,7
DA:13,7
DA:14,4
DA:15,1
DA:18,3
DA:20,3
DA:21,1
DA:24,2
DA:27,7
DA:28,2
DA:29,2
DA:32,7
DA:33,3
DA:35,3
DA:36,1
DA:39,2
DA:42,7
DA:48,4
DA:49,3
DA:50,2
DA:52,2
DA:58,2
DA:59,2
DA:68,2
DA:75,0
DA:76,0
DA:80,7
LF:30
LH:28
BRDA:14,0,0,1
BRDA:14,0,1,3
BRDA:18,1,0,0
BRDA:18,1,1,3
BRDA:20,2,0,1
BRDA:20,2,1,2
BRDA:28,3,0,2
BRDA:28,3,1,1
BRDA:29,4,0,2
BRDA:29,4,1,1
BRDA:33,5,0,3
BRDA:33,5,1,0
BRDA:35,6,0,1
BRDA:35,6,1,2
BRF:14
BRH:12
end_of_record
